[0.071s] Invoking command in '/home/k/Desktop/Zeb05/Zebulon05/ros_packages_full/build/maestro_interfaces': CMAKE_PREFIX_PATH=${CMAKE_PREFIX_PATH}:/home/k/Desktop/Zeb05/Zebulon05/ros_packages_full/install/polulu_maestro:/opt/ros/humble /usr/bin/cmake --build /home/k/Desktop/Zeb05/Zebulon05/ros_packages_full/build/maestro_interfaces -- -j4 -l4
[0.330s] [  2%] Built target maestro_interfaces__cpp
[0.342s] [ 12%] Built target maestro_interfaces__rosidl_generator_c
[0.391s] [ 12%] Built target ament_cmake_python_copy_maestro_interfaces
[0.465s] [ 23%] Built target maestro_interfaces__rosidl_typesupport_fastrtps_cpp
[0.469s] [ 33%] Built target maestro_interfaces__rosidl_typesupport_cpp
[0.480s] [ 43%] Built target maestro_interfaces__rosidl_typesupport_introspection_cpp
[0.525s] [ 53%] Built target maestro_interfaces__rosidl_typesupport_fastrtps_c
[0.588s] [ 64%] Built target maestro_interfaces__rosidl_typesupport_c
[0.594s] [ 74%] Built target maestro_interfaces__rosidl_typesupport_introspection_c
[0.697s] [ 74%] Built target maestro_interfaces
[0.804s] [ 76%] Built target maestro_interfaces__py
[0.921s] [ 84%] Built target maestro_interfaces__rosidl_generator_py
[1.050s] [ 89%] Built target maestro_interfaces__rosidl_typesupport_fastrtps_c__pyext
[1.056s] [ 94%] Built target maestro_interfaces__rosidl_typesupport_introspection_c__pyext
[1.063s] [100%] Built target maestro_interfaces__rosidl_typesupport_c__pyext
[1.874s] running egg_info
[1.877s] writing maestro_interfaces.egg-info/PKG-INFO
[1.878s] writing dependency_links to maestro_interfaces.egg-info/dependency_links.txt
[1.879s] writing top-level names to maestro_interfaces.egg-info/top_level.txt
[1.890s] reading manifest file 'maestro_interfaces.egg-info/SOURCES.txt'
[1.893s] writing manifest file 'maestro_interfaces.egg-info/SOURCES.txt'
[2.028s] [100%] Built target ament_cmake_python_build_maestro_interfaces_egg
[2.078s] Invoked command in '/home/k/Desktop/Zeb05/Zebulon05/ros_packages_full/build/maestro_interfaces' returned '0': CMAKE_PREFIX_PATH=${CMAKE_PREFIX_PATH}:/home/k/Desktop/Zeb05/Zebulon05/ros_packages_full/install/polulu_maestro:/opt/ros/humble /usr/bin/cmake --build /home/k/Desktop/Zeb05/Zebulon05/ros_packages_full/build/maestro_interfaces -- -j4 -l4
[2.672s] Invoking command in '/home/k/Desktop/Zeb05/Zebulon05/ros_packages_full/build/maestro_interfaces': CMAKE_PREFIX_PATH=${CMAKE_PREFIX_PATH}:/home/k/Desktop/Zeb05/Zebulon05/ros_packages_full/install/polulu_maestro:/opt/ros/humble /usr/bin/cmake --install /home/k/Desktop/Zeb05/Zebulon05/ros_packages_full/build/maestro_interfaces
[2.710s] -- Install configuration: ""
[2.710s] -- Up-to-date: /home/k/Desktop/Zeb05/Zebulon05/ros_packages_full/install/maestro_interfaces/share/ament_index/resource_index/rosidl_interfaces/maestro_interfaces
[2.711s] -- Up-to-date: /home/k/Desktop/Zeb05/Zebulon05/ros_packages_full/install/maestro_interfaces/include/maestro_interfaces/maestro_interfaces
[2.712s] -- Up-to-date: /home/k/Desktop/Zeb05/Zebulon05/ros_packages_full/install/maestro_interfaces/include/maestro_interfaces/maestro_interfaces/msg
[2.712s] -- Up-to-date: /home/k/Desktop/Zeb05/Zebulon05/ros_packages_full/install/maestro_interfaces/include/maestro_interfaces/maestro_interfaces/msg/maestro_target.h
[2.713s] -- Up-to-date: /home/k/Desktop/Zeb05/Zebulon05/ros_packages_full/install/maestro_interfaces/include/maestro_interfaces/maestro_interfaces/msg/rosidl_generator_c__visibility_control.h
[2.713s] -- Up-to-date: /home/k/Desktop/Zeb05/Zebulon05/ros_packages_full/install/maestro_interfaces/include/maestro_interfaces/maestro_interfaces/msg/detail
[2.714s] -- Up-to-date: /home/k/Desktop/Zeb05/Zebulon05/ros_packages_full/install/maestro_interfaces/include/maestro_interfaces/maestro_interfaces/msg/detail/current_positions__functions.c
[2.714s] -- Up-to-date: /home/k/Desktop/Zeb05/Zebulon05/ros_packages_full/install/maestro_interfaces/include/maestro_interfaces/maestro_interfaces/msg/detail/maestro_target__functions.c
[2.714s] -- Up-to-date: /home/k/Desktop/Zeb05/Zebulon05/ros_packages_full/install/maestro_interfaces/include/maestro_interfaces/maestro_interfaces/msg/detail/current_positions__type_support.h
[2.715s] -- Up-to-date: /home/k/Desktop/Zeb05/Zebulon05/ros_packages_full/install/maestro_interfaces/include/maestro_interfaces/maestro_interfaces/msg/detail/current_positions__struct.h
[2.715s] -- Up-to-date: /home/k/Desktop/Zeb05/Zebulon05/ros_packages_full/install/maestro_interfaces/include/maestro_interfaces/maestro_interfaces/msg/detail/maestro_target__type_support.h
[2.716s] -- Up-to-date: /home/k/Desktop/Zeb05/Zebulon05/ros_packages_full/install/maestro_interfaces/include/maestro_interfaces/maestro_interfaces/msg/detail/maestro_target__struct.h
[2.716s] -- Up-to-date: /home/k/Desktop/Zeb05/Zebulon05/ros_packages_full/install/maestro_interfaces/include/maestro_interfaces/maestro_interfaces/msg/detail/maestro_target__functions.h
[2.717s] -- Up-to-date: /home/k/Desktop/Zeb05/Zebulon05/ros_packages_full/install/maestro_interfaces/include/maestro_interfaces/maestro_interfaces/msg/detail/current_positions__functions.h
[2.717s] -- Up-to-date: /home/k/Desktop/Zeb05/Zebulon05/ros_packages_full/install/maestro_interfaces/include/maestro_interfaces/maestro_interfaces/msg/current_positions.h
[2.718s] -- Up-to-date: /home/k/Desktop/Zeb05/Zebulon05/ros_packages_full/install/maestro_interfaces/share/maestro_interfaces/environment/library_path.sh
[2.718s] -- Up-to-date: /home/k/Desktop/Zeb05/Zebulon05/ros_packages_full/install/maestro_interfaces/share/maestro_interfaces/environment/library_path.dsv
[2.719s] -- Up-to-date: /home/k/Desktop/Zeb05/Zebulon05/ros_packages_full/install/maestro_interfaces/lib/libmaestro_interfaces__rosidl_generator_c.so
[2.721s] -- Up-to-date: /home/k/Desktop/Zeb05/Zebulon05/ros_packages_full/install/maestro_interfaces/include/maestro_interfaces/maestro_interfaces
[2.721s] -- Up-to-date: /home/k/Desktop/Zeb05/Zebulon05/ros_packages_full/install/maestro_interfaces/include/maestro_interfaces/maestro_interfaces/msg
[2.722s] -- Up-to-date: /home/k/Desktop/Zeb05/Zebulon05/ros_packages_full/install/maestro_interfaces/include/maestro_interfaces/maestro_interfaces/msg/rosidl_typesupport_fastrtps_c__visibility_control.h
[2.723s] -- Up-to-date: /home/k/Desktop/Zeb05/Zebulon05/ros_packages_full/install/maestro_interfaces/include/maestro_interfaces/maestro_interfaces/msg/detail
[2.723s] -- Up-to-date: /home/k/Desktop/Zeb05/Zebulon05/ros_packages_full/install/maestro_interfaces/include/maestro_interfaces/maestro_interfaces/msg/detail/maestro_target__rosidl_typesupport_fastrtps_c.h
[2.724s] -- Up-to-date: /home/k/Desktop/Zeb05/Zebulon05/ros_packages_full/install/maestro_interfaces/include/maestro_interfaces/maestro_interfaces/msg/detail/current_positions__rosidl_typesupport_fastrtps_c.h
[2.725s] -- Up-to-date: /home/k/Desktop/Zeb05/Zebulon05/ros_packages_full/install/maestro_interfaces/lib/libmaestro_interfaces__rosidl_typesupport_fastrtps_c.so
[2.727s] -- Up-to-date: /home/k/Desktop/Zeb05/Zebulon05/ros_packages_full/install/maestro_interfaces/include/maestro_interfaces/maestro_interfaces
[2.727s] -- Up-to-date: /home/k/Desktop/Zeb05/Zebulon05/ros_packages_full/install/maestro_interfaces/include/maestro_interfaces/maestro_interfaces/msg
[2.728s] -- Up-to-date: /home/k/Desktop/Zeb05/Zebulon05/ros_packages_full/install/maestro_interfaces/include/maestro_interfaces/maestro_interfaces/msg/current_positions.hpp
[2.728s] -- Up-to-date: /home/k/Desktop/Zeb05/Zebulon05/ros_packages_full/install/maestro_interfaces/include/maestro_interfaces/maestro_interfaces/msg/maestro_target.hpp
[2.729s] -- Up-to-date: /home/k/Desktop/Zeb05/Zebulon05/ros_packages_full/install/maestro_interfaces/include/maestro_interfaces/maestro_interfaces/msg/detail
[2.729s] -- Up-to-date: /home/k/Desktop/Zeb05/Zebulon05/ros_packages_full/install/maestro_interfaces/include/maestro_interfaces/maestro_interfaces/msg/detail/current_positions__struct.hpp
[2.730s] -- Up-to-date: /home/k/Desktop/Zeb05/Zebulon05/ros_packages_full/install/maestro_interfaces/include/maestro_interfaces/maestro_interfaces/msg/detail/maestro_target__builder.hpp
[2.730s] -- Up-to-date: /home/k/Desktop/Zeb05/Zebulon05/ros_packages_full/install/maestro_interfaces/include/maestro_interfaces/maestro_interfaces/msg/detail/current_positions__traits.hpp
[2.731s] -- Up-to-date: /home/k/Desktop/Zeb05/Zebulon05/ros_packages_full/install/maestro_interfaces/include/maestro_interfaces/maestro_interfaces/msg/detail/maestro_target__traits.hpp
[2.731s] -- Up-to-date: /home/k/Desktop/Zeb05/Zebulon05/ros_packages_full/install/maestro_interfaces/include/maestro_interfaces/maestro_interfaces/msg/detail/current_positions__builder.hpp
[2.732s] -- Up-to-date: /home/k/Desktop/Zeb05/Zebulon05/ros_packages_full/install/maestro_interfaces/include/maestro_interfaces/maestro_interfaces/msg/detail/maestro_target__struct.hpp
[2.732s] -- Up-to-date: /home/k/Desktop/Zeb05/Zebulon05/ros_packages_full/install/maestro_interfaces/include/maestro_interfaces/maestro_interfaces
[2.732s] -- Up-to-date: /home/k/Desktop/Zeb05/Zebulon05/ros_packages_full/install/maestro_interfaces/include/maestro_interfaces/maestro_interfaces/msg
[2.733s] -- Up-to-date: /home/k/Desktop/Zeb05/Zebulon05/ros_packages_full/install/maestro_interfaces/include/maestro_interfaces/maestro_interfaces/msg/rosidl_typesupport_fastrtps_cpp__visibility_control.h
[2.733s] -- Up-to-date: /home/k/Desktop/Zeb05/Zebulon05/ros_packages_full/install/maestro_interfaces/include/maestro_interfaces/maestro_interfaces/msg/detail
[2.734s] -- Up-to-date: /home/k/Desktop/Zeb05/Zebulon05/ros_packages_full/install/maestro_interfaces/include/maestro_interfaces/maestro_interfaces/msg/detail/maestro_target__rosidl_typesupport_fastrtps_cpp.hpp
[2.734s] -- Up-to-date: /home/k/Desktop/Zeb05/Zebulon05/ros_packages_full/install/maestro_interfaces/include/maestro_interfaces/maestro_interfaces/msg/detail/current_positions__rosidl_typesupport_fastrtps_cpp.hpp
[2.735s] -- Up-to-date: /home/k/Desktop/Zeb05/Zebulon05/ros_packages_full/install/maestro_interfaces/include/maestro_interfaces/maestro_interfaces/msg/detail/dds_fastrtps
[2.737s] -- Up-to-date: /home/k/Desktop/Zeb05/Zebulon05/ros_packages_full/install/maestro_interfaces/lib/libmaestro_interfaces__rosidl_typesupport_fastrtps_cpp.so
[2.738s] -- Up-to-date: /home/k/Desktop/Zeb05/Zebulon05/ros_packages_full/install/maestro_interfaces/include/maestro_interfaces/maestro_interfaces
[2.738s] -- Up-to-date: /home/k/Desktop/Zeb05/Zebulon05/ros_packages_full/install/maestro_interfaces/include/maestro_interfaces/maestro_interfaces/msg
[2.739s] -- Up-to-date: /home/k/Desktop/Zeb05/Zebulon05/ros_packages_full/install/maestro_interfaces/include/maestro_interfaces/maestro_interfaces/msg/rosidl_typesupport_introspection_c__visibility_control.h
[2.739s] -- Up-to-date: /home/k/Desktop/Zeb05/Zebulon05/ros_packages_full/install/maestro_interfaces/include/maestro_interfaces/maestro_interfaces/msg/detail
[2.740s] -- Up-to-date: /home/k/Desktop/Zeb05/Zebulon05/ros_packages_full/install/maestro_interfaces/include/maestro_interfaces/maestro_interfaces/msg/detail/current_positions__type_support.c
[2.741s] -- Up-to-date: /home/k/Desktop/Zeb05/Zebulon05/ros_packages_full/install/maestro_interfaces/include/maestro_interfaces/maestro_interfaces/msg/detail/current_positions__rosidl_typesupport_introspection_c.h
[2.741s] -- Up-to-date: /home/k/Desktop/Zeb05/Zebulon05/ros_packages_full/install/maestro_interfaces/include/maestro_interfaces/maestro_interfaces/msg/detail/maestro_target__rosidl_typesupport_introspection_c.h
[2.741s] -- Up-to-date: /home/k/Desktop/Zeb05/Zebulon05/ros_packages_full/install/maestro_interfaces/include/maestro_interfaces/maestro_interfaces/msg/detail/maestro_target__type_support.c
[2.743s] -- Up-to-date: /home/k/Desktop/Zeb05/Zebulon05/ros_packages_full/install/maestro_interfaces/lib/libmaestro_interfaces__rosidl_typesupport_introspection_c.so
[2.745s] -- Up-to-date: /home/k/Desktop/Zeb05/Zebulon05/ros_packages_full/install/maestro_interfaces/lib/libmaestro_interfaces__rosidl_typesupport_c.so
[2.746s] -- Up-to-date: /home/k/Desktop/Zeb05/Zebulon05/ros_packages_full/install/maestro_interfaces/include/maestro_interfaces/maestro_interfaces
[2.747s] -- Up-to-date: /home/k/Desktop/Zeb05/Zebulon05/ros_packages_full/install/maestro_interfaces/include/maestro_interfaces/maestro_interfaces/msg
[2.747s] -- Up-to-date: /home/k/Desktop/Zeb05/Zebulon05/ros_packages_full/install/maestro_interfaces/include/maestro_interfaces/maestro_interfaces/msg/detail
[2.748s] -- Up-to-date: /home/k/Desktop/Zeb05/Zebulon05/ros_packages_full/install/maestro_interfaces/include/maestro_interfaces/maestro_interfaces/msg/detail/maestro_target__rosidl_typesupport_introspection_cpp.hpp
[2.748s] -- Up-to-date: /home/k/Desktop/Zeb05/Zebulon05/ros_packages_full/install/maestro_interfaces/include/maestro_interfaces/maestro_interfaces/msg/detail/maestro_target__type_support.cpp
[2.749s] -- Up-to-date: /home/k/Desktop/Zeb05/Zebulon05/ros_packages_full/install/maestro_interfaces/include/maestro_interfaces/maestro_interfaces/msg/detail/current_positions__type_support.cpp
[2.749s] -- Up-to-date: /home/k/Desktop/Zeb05/Zebulon05/ros_packages_full/install/maestro_interfaces/include/maestro_interfaces/maestro_interfaces/msg/detail/current_positions__rosidl_typesupport_introspection_cpp.hpp
[2.751s] -- Up-to-date: /home/k/Desktop/Zeb05/Zebulon05/ros_packages_full/install/maestro_interfaces/lib/libmaestro_interfaces__rosidl_typesupport_introspection_cpp.so
[2.754s] -- Up-to-date: /home/k/Desktop/Zeb05/Zebulon05/ros_packages_full/install/maestro_interfaces/lib/libmaestro_interfaces__rosidl_typesupport_cpp.so
[2.755s] -- Up-to-date: /home/k/Desktop/Zeb05/Zebulon05/ros_packages_full/install/maestro_interfaces/share/maestro_interfaces/environment/pythonpath.sh
[2.755s] -- Up-to-date: /home/k/Desktop/Zeb05/Zebulon05/ros_packages_full/install/maestro_interfaces/share/maestro_interfaces/environment/pythonpath.dsv
[2.756s] -- Up-to-date: /home/k/Desktop/Zeb05/Zebulon05/ros_packages_full/install/maestro_interfaces/local/lib/python3.10/dist-packages/maestro_interfaces-0.0.0-py3.10.egg-info
[2.756s] -- Installing: /home/k/Desktop/Zeb05/Zebulon05/ros_packages_full/install/maestro_interfaces/local/lib/python3.10/dist-packages/maestro_interfaces-0.0.0-py3.10.egg-info/PKG-INFO
[2.758s] -- Installing: /home/k/Desktop/Zeb05/Zebulon05/ros_packages_full/install/maestro_interfaces/local/lib/python3.10/dist-packages/maestro_interfaces-0.0.0-py3.10.egg-info/top_level.txt
[2.760s] -- Installing: /home/k/Desktop/Zeb05/Zebulon05/ros_packages_full/install/maestro_interfaces/local/lib/python3.10/dist-packages/maestro_interfaces-0.0.0-py3.10.egg-info/SOURCES.txt
[2.762s] -- Installing: /home/k/Desktop/Zeb05/Zebulon05/ros_packages_full/install/maestro_interfaces/local/lib/python3.10/dist-packages/maestro_interfaces-0.0.0-py3.10.egg-info/dependency_links.txt
[2.764s] -- Up-to-date: /home/k/Desktop/Zeb05/Zebulon05/ros_packages_full/install/maestro_interfaces/local/lib/python3.10/dist-packages/maestro_interfaces
[2.765s] -- Up-to-date: /home/k/Desktop/Zeb05/Zebulon05/ros_packages_full/install/maestro_interfaces/local/lib/python3.10/dist-packages/maestro_interfaces/maestro_interfaces_s__rosidl_typesupport_fastrtps_c.cpython-310-aarch64-linux-gnu.so
[2.765s] -- Up-to-date: /home/k/Desktop/Zeb05/Zebulon05/ros_packages_full/install/maestro_interfaces/local/lib/python3.10/dist-packages/maestro_interfaces/_maestro_interfaces_s.ep.rosidl_typesupport_introspection_c.c
[2.766s] -- Up-to-date: /home/k/Desktop/Zeb05/Zebulon05/ros_packages_full/install/maestro_interfaces/local/lib/python3.10/dist-packages/maestro_interfaces/_maestro_interfaces_s.ep.rosidl_typesupport_c.c
[2.766s] -- Up-to-date: /home/k/Desktop/Zeb05/Zebulon05/ros_packages_full/install/maestro_interfaces/local/lib/python3.10/dist-packages/maestro_interfaces/msg
[2.766s] -- Up-to-date: /home/k/Desktop/Zeb05/Zebulon05/ros_packages_full/install/maestro_interfaces/local/lib/python3.10/dist-packages/maestro_interfaces/msg/_current_positions_s.c
[2.767s] -- Up-to-date: /home/k/Desktop/Zeb05/Zebulon05/ros_packages_full/install/maestro_interfaces/local/lib/python3.10/dist-packages/maestro_interfaces/msg/_current_positions.py
[2.767s] -- Up-to-date: /home/k/Desktop/Zeb05/Zebulon05/ros_packages_full/install/maestro_interfaces/local/lib/python3.10/dist-packages/maestro_interfaces/msg/__init__.py
[2.768s] -- Up-to-date: /home/k/Desktop/Zeb05/Zebulon05/ros_packages_full/install/maestro_interfaces/local/lib/python3.10/dist-packages/maestro_interfaces/msg/_maestro_target_s.c
[2.768s] -- Up-to-date: /home/k/Desktop/Zeb05/Zebulon05/ros_packages_full/install/maestro_interfaces/local/lib/python3.10/dist-packages/maestro_interfaces/msg/_maestro_target.py
[2.768s] -- Up-to-date: /home/k/Desktop/Zeb05/Zebulon05/ros_packages_full/install/maestro_interfaces/local/lib/python3.10/dist-packages/maestro_interfaces/__init__.py
[2.769s] -- Up-to-date: /home/k/Desktop/Zeb05/Zebulon05/ros_packages_full/install/maestro_interfaces/local/lib/python3.10/dist-packages/maestro_interfaces/maestro_interfaces_s__rosidl_typesupport_c.cpython-310-aarch64-linux-gnu.so
[2.769s] -- Up-to-date: /home/k/Desktop/Zeb05/Zebulon05/ros_packages_full/install/maestro_interfaces/local/lib/python3.10/dist-packages/maestro_interfaces/libmaestro_interfaces__rosidl_generator_py.so
[2.770s] -- Up-to-date: /home/k/Desktop/Zeb05/Zebulon05/ros_packages_full/install/maestro_interfaces/local/lib/python3.10/dist-packages/maestro_interfaces/maestro_interfaces_s__rosidl_typesupport_introspection_c.cpython-310-aarch64-linux-gnu.so
[2.770s] -- Up-to-date: /home/k/Desktop/Zeb05/Zebulon05/ros_packages_full/install/maestro_interfaces/local/lib/python3.10/dist-packages/maestro_interfaces/_maestro_interfaces_s.ep.rosidl_typesupport_fastrtps_c.c
[2.934s] Listing '/home/k/Desktop/Zeb05/Zebulon05/ros_packages_full/install/maestro_interfaces/local/lib/python3.10/dist-packages/maestro_interfaces'...
[2.936s] Listing '/home/k/Desktop/Zeb05/Zebulon05/ros_packages_full/install/maestro_interfaces/local/lib/python3.10/dist-packages/maestro_interfaces/msg'...
[2.959s] -- Up-to-date: /home/k/Desktop/Zeb05/Zebulon05/ros_packages_full/install/maestro_interfaces/local/lib/python3.10/dist-packages/maestro_interfaces/maestro_interfaces_s__rosidl_typesupport_fastrtps_c.cpython-310-aarch64-linux-gnu.so
[2.962s] -- Up-to-date: /home/k/Desktop/Zeb05/Zebulon05/ros_packages_full/install/maestro_interfaces/local/lib/python3.10/dist-packages/maestro_interfaces/maestro_interfaces_s__rosidl_typesupport_introspection_c.cpython-310-aarch64-linux-gnu.so
[2.965s] -- Up-to-date: /home/k/Desktop/Zeb05/Zebulon05/ros_packages_full/install/maestro_interfaces/local/lib/python3.10/dist-packages/maestro_interfaces/maestro_interfaces_s__rosidl_typesupport_c.cpython-310-aarch64-linux-gnu.so
[2.968s] -- Up-to-date: /home/k/Desktop/Zeb05/Zebulon05/ros_packages_full/install/maestro_interfaces/lib/libmaestro_interfaces__rosidl_generator_py.so
[2.970s] -- Up-to-date: /home/k/Desktop/Zeb05/Zebulon05/ros_packages_full/install/maestro_interfaces/share/maestro_interfaces/msg/CurrentPositions.idl
[2.970s] -- Up-to-date: /home/k/Desktop/Zeb05/Zebulon05/ros_packages_full/install/maestro_interfaces/share/maestro_interfaces/msg/MaestroTarget.idl
[2.971s] -- Up-to-date: /home/k/Desktop/Zeb05/Zebulon05/ros_packages_full/install/maestro_interfaces/share/maestro_interfaces/msg/CurrentPositions.msg
[2.971s] -- Up-to-date: /home/k/Desktop/Zeb05/Zebulon05/ros_packages_full/install/maestro_interfaces/share/maestro_interfaces/msg/MaestroTarget.msg
[2.972s] -- Up-to-date: /home/k/Desktop/Zeb05/Zebulon05/ros_packages_full/install/maestro_interfaces/share/ament_index/resource_index/package_run_dependencies/maestro_interfaces
[2.972s] -- Up-to-date: /home/k/Desktop/Zeb05/Zebulon05/ros_packages_full/install/maestro_interfaces/share/ament_index/resource_index/parent_prefix_path/maestro_interfaces
[2.973s] -- Up-to-date: /home/k/Desktop/Zeb05/Zebulon05/ros_packages_full/install/maestro_interfaces/share/maestro_interfaces/environment/ament_prefix_path.sh
[2.974s] -- Up-to-date: /home/k/Desktop/Zeb05/Zebulon05/ros_packages_full/install/maestro_interfaces/share/maestro_interfaces/environment/ament_prefix_path.dsv
[2.974s] -- Up-to-date: /home/k/Desktop/Zeb05/Zebulon05/ros_packages_full/install/maestro_interfaces/share/maestro_interfaces/environment/path.sh
[2.975s] -- Up-to-date: /home/k/Desktop/Zeb05/Zebulon05/ros_packages_full/install/maestro_interfaces/share/maestro_interfaces/environment/path.dsv
[2.975s] -- Up-to-date: /home/k/Desktop/Zeb05/Zebulon05/ros_packages_full/install/maestro_interfaces/share/maestro_interfaces/local_setup.bash
[2.976s] -- Up-to-date: /home/k/Desktop/Zeb05/Zebulon05/ros_packages_full/install/maestro_interfaces/share/maestro_interfaces/local_setup.sh
[2.976s] -- Up-to-date: /home/k/Desktop/Zeb05/Zebulon05/ros_packages_full/install/maestro_interfaces/share/maestro_interfaces/local_setup.zsh
[2.977s] -- Up-to-date: /home/k/Desktop/Zeb05/Zebulon05/ros_packages_full/install/maestro_interfaces/share/maestro_interfaces/local_setup.dsv
[2.977s] -- Installing: /home/k/Desktop/Zeb05/Zebulon05/ros_packages_full/install/maestro_interfaces/share/maestro_interfaces/package.dsv
[2.979s] -- Up-to-date: /home/k/Desktop/Zeb05/Zebulon05/ros_packages_full/install/maestro_interfaces/share/ament_index/resource_index/packages/maestro_interfaces
[2.980s] -- Up-to-date: /home/k/Desktop/Zeb05/Zebulon05/ros_packages_full/install/maestro_interfaces/share/maestro_interfaces/cmake/export_maestro_interfaces__rosidl_generator_cExport.cmake
[2.981s] -- Up-to-date: /home/k/Desktop/Zeb05/Zebulon05/ros_packages_full/install/maestro_interfaces/share/maestro_interfaces/cmake/export_maestro_interfaces__rosidl_generator_cExport-noconfig.cmake
[2.982s] -- Up-to-date: /home/k/Desktop/Zeb05/Zebulon05/ros_packages_full/install/maestro_interfaces/share/maestro_interfaces/cmake/export_maestro_interfaces__rosidl_typesupport_fastrtps_cExport.cmake
[2.982s] -- Up-to-date: /home/k/Desktop/Zeb05/Zebulon05/ros_packages_full/install/maestro_interfaces/share/maestro_interfaces/cmake/export_maestro_interfaces__rosidl_typesupport_fastrtps_cExport-noconfig.cmake
[2.984s] -- Up-to-date: /home/k/Desktop/Zeb05/Zebulon05/ros_packages_full/install/maestro_interfaces/share/maestro_interfaces/cmake/export_maestro_interfaces__rosidl_generator_cppExport.cmake
[2.985s] -- Up-to-date: /home/k/Desktop/Zeb05/Zebulon05/ros_packages_full/install/maestro_interfaces/share/maestro_interfaces/cmake/export_maestro_interfaces__rosidl_typesupport_fastrtps_cppExport.cmake
[2.985s] -- Up-to-date: /home/k/Desktop/Zeb05/Zebulon05/ros_packages_full/install/maestro_interfaces/share/maestro_interfaces/cmake/export_maestro_interfaces__rosidl_typesupport_fastrtps_cppExport-noconfig.cmake
[2.986s] -- Up-to-date: /home/k/Desktop/Zeb05/Zebulon05/ros_packages_full/install/maestro_interfaces/share/maestro_interfaces/cmake/maestro_interfaces__rosidl_typesupport_introspection_cExport.cmake
[2.987s] -- Up-to-date: /home/k/Desktop/Zeb05/Zebulon05/ros_packages_full/install/maestro_interfaces/share/maestro_interfaces/cmake/maestro_interfaces__rosidl_typesupport_introspection_cExport-noconfig.cmake
[2.988s] -- Up-to-date: /home/k/Desktop/Zeb05/Zebulon05/ros_packages_full/install/maestro_interfaces/share/maestro_interfaces/cmake/maestro_interfaces__rosidl_typesupport_cExport.cmake
[2.989s] -- Up-to-date: /home/k/Desktop/Zeb05/Zebulon05/ros_packages_full/install/maestro_interfaces/share/maestro_interfaces/cmake/maestro_interfaces__rosidl_typesupport_cExport-noconfig.cmake
[2.990s] -- Up-to-date: /home/k/Desktop/Zeb05/Zebulon05/ros_packages_full/install/maestro_interfaces/share/maestro_interfaces/cmake/maestro_interfaces__rosidl_typesupport_introspection_cppExport.cmake
[2.991s] -- Up-to-date: /home/k/Desktop/Zeb05/Zebulon05/ros_packages_full/install/maestro_interfaces/share/maestro_interfaces/cmake/maestro_interfaces__rosidl_typesupport_introspection_cppExport-noconfig.cmake
[2.992s] -- Up-to-date: /home/k/Desktop/Zeb05/Zebulon05/ros_packages_full/install/maestro_interfaces/share/maestro_interfaces/cmake/maestro_interfaces__rosidl_typesupport_cppExport.cmake
[2.992s] -- Up-to-date: /home/k/Desktop/Zeb05/Zebulon05/ros_packages_full/install/maestro_interfaces/share/maestro_interfaces/cmake/maestro_interfaces__rosidl_typesupport_cppExport-noconfig.cmake
[2.993s] -- Up-to-date: /home/k/Desktop/Zeb05/Zebulon05/ros_packages_full/install/maestro_interfaces/share/maestro_interfaces/cmake/export_maestro_interfaces__rosidl_generator_pyExport.cmake
[2.994s] -- Up-to-date: /home/k/Desktop/Zeb05/Zebulon05/ros_packages_full/install/maestro_interfaces/share/maestro_interfaces/cmake/export_maestro_interfaces__rosidl_generator_pyExport-noconfig.cmake
[2.995s] -- Up-to-date: /home/k/Desktop/Zeb05/Zebulon05/ros_packages_full/install/maestro_interfaces/share/maestro_interfaces/cmake/rosidl_cmake-extras.cmake
[2.995s] -- Up-to-date: /home/k/Desktop/Zeb05/Zebulon05/ros_packages_full/install/maestro_interfaces/share/maestro_interfaces/cmake/ament_cmake_export_dependencies-extras.cmake
[2.996s] -- Up-to-date: /home/k/Desktop/Zeb05/Zebulon05/ros_packages_full/install/maestro_interfaces/share/maestro_interfaces/cmake/ament_cmake_export_include_directories-extras.cmake
[2.996s] -- Up-to-date: /home/k/Desktop/Zeb05/Zebulon05/ros_packages_full/install/maestro_interfaces/share/maestro_interfaces/cmake/ament_cmake_export_libraries-extras.cmake
[2.997s] -- Up-to-date: /home/k/Desktop/Zeb05/Zebulon05/ros_packages_full/install/maestro_interfaces/share/maestro_interfaces/cmake/ament_cmake_export_targets-extras.cmake
[2.998s] -- Up-to-date: /home/k/Desktop/Zeb05/Zebulon05/ros_packages_full/install/maestro_interfaces/share/maestro_interfaces/cmake/rosidl_cmake_export_typesupport_targets-extras.cmake
[2.998s] -- Up-to-date: /home/k/Desktop/Zeb05/Zebulon05/ros_packages_full/install/maestro_interfaces/share/maestro_interfaces/cmake/rosidl_cmake_export_typesupport_libraries-extras.cmake
[2.999s] -- Up-to-date: /home/k/Desktop/Zeb05/Zebulon05/ros_packages_full/install/maestro_interfaces/share/maestro_interfaces/cmake/maestro_interfacesConfig.cmake
[2.999s] -- Up-to-date: /home/k/Desktop/Zeb05/Zebulon05/ros_packages_full/install/maestro_interfaces/share/maestro_interfaces/cmake/maestro_interfacesConfig-version.cmake
[3.000s] -- Up-to-date: /home/k/Desktop/Zeb05/Zebulon05/ros_packages_full/install/maestro_interfaces/share/maestro_interfaces/package.xml
[3.008s] Invoked command in '/home/k/Desktop/Zeb05/Zebulon05/ros_packages_full/build/maestro_interfaces' returned '0': CMAKE_PREFIX_PATH=${CMAKE_PREFIX_PATH}:/home/k/Desktop/Zeb05/Zebulon05/ros_packages_full/install/polulu_maestro:/opt/ros/humble /usr/bin/cmake --install /home/k/Desktop/Zeb05/Zebulon05/ros_packages_full/build/maestro_interfaces
