[0.075s] Invoking command in '/home/k/Desktop/Zeb05/Zebulon05/ros_packages_full/build/RobotLeg': CMAKE_PREFIX_PATH=${CMAKE_PREFIX_PATH}:/home/k/Desktop/Zeb05/Zebulon05/ros_packages_full/install/polulu_maestro:/opt/ros/humble /usr/bin/cmake --build /home/k/Desktop/Zeb05/Zebulon05/ros_packages_full/build/RobotLeg -- -j4 -l4
[0.302s] [35m[1mConsolidate compiler generated dependencies of target robot_leg_wrapper[0m
[0.423s] [ 33%] [32mBuilding CXX object CMakeFiles/robot_leg_wrapper.dir/src/RobotLegRos.cpp.o[0m
[0.428s] [ 66%] [32mBuilding CXX object CMakeFiles/robot_leg_wrapper.dir/src/RobotLegRosWrapper.cpp.o[0m
[12.380s] In file included from [01m[K/home/k/Desktop/Zeb05/Zebulon05/ros_packages_full/src/RobotLeg/src/RobotLegRos.cpp:5[m[K:
[12.381s] [01m[K/home/k/Desktop/Zeb05/Zebulon05/ros_packages_full/src/RobotLeg/src/../include/RobotLeg/RobotLegRos.hpp:14:134:[m[K [01;31m[Kerror: [m[K‘[01m[Knum_of_joints[m[K’ was not declared in this scope
[12.382s]    14 |     RobotLegRos(rclcpp::Publisher<maestro_interfaces::msg::MaestroTarget>::SharedPtr pub_message_ptr, std::array<short unsigned int, [01;31m[Knum_of_joints[m[K> servo_ids) : pub_message_ptr_(pub_message_ptr), last_known_pos{0}, servo_ids_(servo_ids) {};
[12.383s]       |                                                                                                                                      [01;31m[K^~~~~~~~~~~~~[m[K
[12.383s] [01m[K/home/k/Desktop/Zeb05/Zebulon05/ros_packages_full/src/RobotLeg/src/../include/RobotLeg/RobotLegRos.hpp:14:147:[m[K [01;31m[Kerror: [m[Ktemplate argument 2 is invalid
[12.384s]    14 |     RobotLegRos(rclcpp::Publisher<maestro_interfaces::msg::MaestroTarget>::SharedPtr pub_message_ptr, std::array<short unsigned int, num_of_joints[01;31m[K>[m[K servo_ids) : pub_message_ptr_(pub_message_ptr), last_known_pos{0}, servo_ids_(servo_ids) {};
[12.385s]       |                                                                                                                                                   [01;31m[K^[m[K
[12.416s] [01m[K/home/k/Desktop/Zeb05/Zebulon05/ros_packages_full/src/RobotLeg/src/../include/RobotLeg/RobotLegRos.hpp:19:55:[m[K [01;31m[Kerror: [m[K‘[01m[Knum_of_joints[m[K’ was not declared in this scope
[12.418s]    19 |     void set_servo_ids(std::array<short unsigned int, [01;31m[Knum_of_joints[m[K> new_servo_ids){
[12.419s]       |                                                       [01;31m[K^~~~~~~~~~~~~[m[K
[12.420s] [01m[K/home/k/Desktop/Zeb05/Zebulon05/ros_packages_full/src/RobotLeg/src/../include/RobotLeg/RobotLegRos.hpp:19:68:[m[K [01;31m[Kerror: [m[Ktemplate argument 2 is invalid
[12.421s]    19 |     void set_servo_ids(std::array<short unsigned int, num_of_joints[01;31m[K>[m[K new_servo_ids){
[12.423s]       |                                                                    [01;31m[K^[m[K
[12.455s] [01m[K/home/k/Desktop/Zeb05/Zebulon05/ros_packages_full/src/RobotLeg/src/../include/RobotLeg/RobotLegRos.hpp:25:53:[m[K [01;31m[Kerror: [m[K‘[01m[Knum_of_joints[m[K’ was not declared in this scope
[12.456s]    25 |     void get_servos_to_pos(std::array<unsigned int, [01;31m[Knum_of_joints[m[K> new_servo_pos);
[12.457s]       |                                                     [01;31m[K^~~~~~~~~~~~~[m[K
[12.457s] [01m[K/home/k/Desktop/Zeb05/Zebulon05/ros_packages_full/src/RobotLeg/src/../include/RobotLeg/RobotLegRos.hpp:25:66:[m[K [01;31m[Kerror: [m[Ktemplate argument 2 is invalid
[12.458s]    25 |     void get_servos_to_pos(std::array<unsigned int, num_of_joints[01;31m[K>[m[K new_servo_pos);
[12.459s]       |                                                                  [01;31m[K^[m[K
[12.467s] [01m[K/home/k/Desktop/Zeb05/Zebulon05/ros_packages_full/src/RobotLeg/src/../include/RobotLeg/RobotLegRos.hpp:41:36:[m[K [01;31m[Kerror: [m[Kinvalid use of non-static data member ‘[01m[KRobotLegRos::num_of_joints[m[K’
[12.468s]    41 |     std::array<short unsigned int, [01;31m[Knum_of_joints[m[K> servo_ids_;
[12.469s]       |                                    [01;31m[K^~~~~~~~~~~~~[m[K
[12.470s] [01m[K/home/k/Desktop/Zeb05/Zebulon05/ros_packages_full/src/RobotLeg/src/../include/RobotLeg/RobotLegRos.hpp:35:30:[m[K [01;36m[Knote: [m[Kdeclared here
[12.471s]    35 |     const short unsigned int [01;36m[Knum_of_joints[m[K = 3;
[12.471s]       |                              [01;36m[K^~~~~~~~~~~~~[m[K
[12.472s] [01m[K/home/k/Desktop/Zeb05/Zebulon05/ros_packages_full/src/RobotLeg/src/../include/RobotLeg/RobotLegRos.hpp:41:49:[m[K [01;31m[Kerror: [m[Ktemplate argument 2 is invalid
[12.473s]    41 |     std::array<short unsigned int, num_of_joints[01;31m[K>[m[K servo_ids_;
[12.474s]       |                                                 [01;31m[K^[m[K
[12.477s] [01m[K/home/k/Desktop/Zeb05/Zebulon05/ros_packages_full/src/RobotLeg/src/../include/RobotLeg/RobotLegRos.hpp:[m[K In constructor ‘[01m[KRobotLegRos::RobotLegRos()[m[K’:
[12.477s] [01m[K/home/k/Desktop/Zeb05/Zebulon05/ros_packages_full/src/RobotLeg/src/../include/RobotLeg/RobotLegRos.hpp:15:61:[m[K [01;31m[Kerror: [m[Kmem-initializer for ‘[01m[KRobotLegRos::servo_ids_[m[K’ follows constructor delegation
[12.478s]    15 |     RobotLegRos() : RobotLegRos(nullptr), servo_ids_{0, 1, 2[01;31m[K}[m[K {};
[12.478s]       |                                                             [01;31m[K^[m[K
[12.479s] [01m[K/home/k/Desktop/Zeb05/Zebulon05/ros_packages_full/src/RobotLeg/src/../include/RobotLeg/RobotLegRos.hpp:15:61:[m[K [01;31m[Kerror: [m[Kno matching function for call to ‘[01m[KRobotLegRos::RobotLegRos(std::nullptr_t)[m[K’
[12.479s] [01m[K/home/k/Desktop/Zeb05/Zebulon05/ros_packages_full/src/RobotLeg/src/../include/RobotLeg/RobotLegRos.hpp:15:5:[m[K [01;36m[Knote: [m[Kcandidate: ‘[01m[KRobotLegRos::RobotLegRos()[m[K’
[12.480s]    15 |     [01;36m[KRobotLegRos[m[K() : RobotLegRos(nullptr), servo_ids_{0, 1, 2} {};
[12.481s]       |     [01;36m[K^~~~~~~~~~~[m[K
[12.482s] [01m[K/home/k/Desktop/Zeb05/Zebulon05/ros_packages_full/src/RobotLeg/src/../include/RobotLeg/RobotLegRos.hpp:15:5:[m[K [01;36m[Knote: [m[K  candidate expects 0 arguments, 1 provided
[12.483s] In file included from [01m[K/home/k/Desktop/Zeb05/Zebulon05/ros_packages_full/src/RobotLeg/src/RobotLegRos.cpp:5[m[K:
[12.484s] [01m[K/home/k/Desktop/Zeb05/Zebulon05/ros_packages_full/src/RobotLeg/src/../include/RobotLeg/RobotLegRos.hpp:14:5:[m[K [01;36m[Knote: [m[Kcandidate: ‘[01m[KRobotLegRos::RobotLegRos(rclcpp::Publisher<maestro_interfaces::msg::MaestroTarget_<std::allocator<void> > >::SharedPtr, int)[m[K’
[12.485s]    14 |     [01;36m[KRobotLegRos[m[K(rclcpp::Publisher<maestro_interfaces::msg::MaestroTarget>::SharedPtr pub_message_ptr, std::array<short unsigned int, num_of_joints> servo_ids) : pub_message_ptr_(pub_message_ptr), last_known_pos{0}, servo_ids_(servo_ids) {};
[12.486s]       |     [01;36m[K^~~~~~~~~~~[m[K
[12.487s] [01m[K/home/k/Desktop/Zeb05/Zebulon05/ros_packages_full/src/RobotLeg/src/../include/RobotLeg/RobotLegRos.hpp:14:5:[m[K [01;36m[Knote: [m[K  candidate expects 2 arguments, 1 provided
[12.488s] [01m[K/home/k/Desktop/Zeb05/Zebulon05/ros_packages_full/src/RobotLeg/src/../include/RobotLeg/RobotLegRos.hpp:12:7:[m[K [01;36m[Knote: [m[Kcandidate: ‘[01m[KRobotLegRos::RobotLegRos(const RobotLegRos&)[m[K’
[12.490s]    12 | class [01;36m[KRobotLegRos[m[K {
[12.490s]       |       [01;36m[K^~~~~~~~~~~[m[K
[12.491s] [01m[K/home/k/Desktop/Zeb05/Zebulon05/ros_packages_full/src/RobotLeg/src/../include/RobotLeg/RobotLegRos.hpp:12:7:[m[K [01;36m[Knote: [m[K  no known conversion for argument 1 from ‘[01m[Kstd::nullptr_t[m[K’ to ‘[01m[Kconst RobotLegRos&[m[K’
[12.492s] [01m[K/home/k/Desktop/Zeb05/Zebulon05/ros_packages_full/src/RobotLeg/src/../include/RobotLeg/RobotLegRos.hpp:12:7:[m[K [01;36m[Knote: [m[Kcandidate: ‘[01m[KRobotLegRos::RobotLegRos(RobotLegRos&&)[m[K’
[12.493s] [01m[K/home/k/Desktop/Zeb05/Zebulon05/ros_packages_full/src/RobotLeg/src/../include/RobotLeg/RobotLegRos.hpp:12:7:[m[K [01;36m[Knote: [m[K  no known conversion for argument 1 from ‘[01m[Kstd::nullptr_t[m[K’ to ‘[01m[KRobotLegRos&&[m[K’
[12.493s] In file included from [01m[K/home/k/Desktop/Zeb05/Zebulon05/ros_packages_full/src/RobotLeg/src/RobotLegRos.cpp:5[m[K:
[12.494s] [01m[K/home/k/Desktop/Zeb05/Zebulon05/ros_packages_full/src/RobotLeg/src/../include/RobotLeg/RobotLegRos.hpp:[m[K In member function ‘[01m[Kvoid RobotLegRos::set_servo_ids(int)[m[K’:
[12.495s] [01m[K/home/k/Desktop/Zeb05/Zebulon05/ros_packages_full/src/RobotLeg/src/../include/RobotLeg/RobotLegRos.hpp:20:19:[m[K [01;31m[Kerror: [m[Kinvalid types ‘[01m[Kint[int][m[K’ for array subscript
[12.496s]    20 |         servo_ids_[01;31m[K[[m[K0] = new_servo_ids[0];
[12.497s]       |                   [01;31m[K^[m[K
[12.498s] [01m[K/home/k/Desktop/Zeb05/Zebulon05/ros_packages_full/src/RobotLeg/src/../include/RobotLeg/RobotLegRos.hpp:20:38:[m[K [01;31m[Kerror: [m[Kinvalid types ‘[01m[Kint[int][m[K’ for array subscript
[12.498s]    20 |         servo_ids_[0] = new_servo_ids[01;31m[K[[m[K0];
[12.499s]       |                                      [01;31m[K^[m[K
[12.500s] [01m[K/home/k/Desktop/Zeb05/Zebulon05/ros_packages_full/src/RobotLeg/src/../include/RobotLeg/RobotLegRos.hpp:21:19:[m[K [01;31m[Kerror: [m[Kinvalid types ‘[01m[Kint[int][m[K’ for array subscript
[12.500s]    21 |         servo_ids_[01;31m[K[[m[K1] = new_servo_ids[1];
[12.501s]       |                   [01;31m[K^[m[K
[12.501s] [01m[K/home/k/Desktop/Zeb05/Zebulon05/ros_packages_full/src/RobotLeg/src/../include/RobotLeg/RobotLegRos.hpp:21:38:[m[K [01;31m[Kerror: [m[Kinvalid types ‘[01m[Kint[int][m[K’ for array subscript
[12.502s]    21 |         servo_ids_[1] = new_servo_ids[01;31m[K[[m[K1];
[12.502s]       |                                      [01;31m[K^[m[K
[12.503s] [01m[K/home/k/Desktop/Zeb05/Zebulon05/ros_packages_full/src/RobotLeg/src/../include/RobotLeg/RobotLegRos.hpp:22:19:[m[K [01;31m[Kerror: [m[Kinvalid types ‘[01m[Kint[int][m[K’ for array subscript
[12.503s]    22 |         servo_ids_[01;31m[K[[m[K2] = new_servo_ids[2];
[12.503s]       |                   [01;31m[K^[m[K
[12.504s] [01m[K/home/k/Desktop/Zeb05/Zebulon05/ros_packages_full/src/RobotLeg/src/../include/RobotLeg/RobotLegRos.hpp:22:38:[m[K [01;31m[Kerror: [m[Kinvalid types ‘[01m[Kint[int][m[K’ for array subscript
[12.504s]    22 |         servo_ids_[2] = new_servo_ids[01;31m[K[[m[K2];
[12.505s]       |                                      [01;31m[K^[m[K
[12.506s] [01m[K/home/k/Desktop/Zeb05/Zebulon05/ros_packages_full/src/RobotLeg/src/RobotLegRos.cpp:[m[K In member function ‘[01m[Kvoid RobotLegRos::do_step(int, int)[m[K’:
[12.506s] [01m[K/home/k/Desktop/Zeb05/Zebulon05/ros_packages_full/src/RobotLeg/src/RobotLegRos.cpp:10:32:[m[K [01;31m[Kerror: [m[Kcannot convert ‘[01m[K<brace-enclosed initializer list>[m[K’ to ‘[01m[Kint[m[K’
[12.507s]    10 |         [01;31m[Kthis->get_servos_to_pos({2496 * 4, 2496 * 4, 2496 * 4 * step_length * step_height})[m[K;
[12.509s]       |         [01;31m[K~~~~~~~~~~~~~~~~~~~~~~~^~~~~~~~~~~~~~~~~~~~~~~~~~~~~~~~~~~~~~~~~~~~~~~~~~~~~~~~~~~~[m[K
[12.510s] In file included from [01m[K/home/k/Desktop/Zeb05/Zebulon05/ros_packages_full/src/RobotLeg/src/RobotLegRos.cpp:5[m[K:
[12.511s] [01m[K/home/k/Desktop/Zeb05/Zebulon05/ros_packages_full/src/RobotLeg/src/../include/RobotLeg/RobotLegRos.hpp:25:68:[m[K [01;36m[Knote: [m[K  initializing argument 1 of ‘[01m[Kvoid RobotLegRos::get_servos_to_pos(int)[m[K’
[12.511s]    25 |     void get_servos_to_pos([01;36m[Kstd::array<unsigned int, num_of_joints> new_servo_pos[m[K);
[12.512s]       |                            [01;36m[K~~~~~~~~~~~~~~~~~~~~~~~~~~~~~~~~~~~~~~~~^~~~~~~~~~~~~[m[K
[12.513s] [01m[K/home/k/Desktop/Zeb05/Zebulon05/ros_packages_full/src/RobotLeg/src/RobotLegRos.cpp:14:32:[m[K [01;31m[Kerror: [m[Kcannot convert ‘[01m[K<brace-enclosed initializer list>[m[K’ to ‘[01m[Kint[m[K’
[12.514s]    14 |         [01;31m[Kthis->get_servos_to_pos({496 * 4, 496 * 4, 496 * 4 * step_length * step_height})[m[K;
[12.514s]       |         [01;31m[K~~~~~~~~~~~~~~~~~~~~~~~^~~~~~~~~~~~~~~~~~~~~~~~~~~~~~~~~~~~~~~~~~~~~~~~~~~~~~~~~[m[K
[12.515s] In file included from [01m[K/home/k/Desktop/Zeb05/Zebulon05/ros_packages_full/src/RobotLeg/src/RobotLegRos.cpp:5[m[K:
[12.516s] [01m[K/home/k/Desktop/Zeb05/Zebulon05/ros_packages_full/src/RobotLeg/src/../include/RobotLeg/RobotLegRos.hpp:25:68:[m[K [01;36m[Knote: [m[K  initializing argument 1 of ‘[01m[Kvoid RobotLegRos::get_servos_to_pos(int)[m[K’
[12.517s]    25 |     void get_servos_to_pos([01;36m[Kstd::array<unsigned int, num_of_joints> new_servo_pos[m[K);
[12.517s]       |                            [01;36m[K~~~~~~~~~~~~~~~~~~~~~~~~~~~~~~~~~~~~~~~~^~~~~~~~~~~~~[m[K
[12.518s] [01m[K/home/k/Desktop/Zeb05/Zebulon05/ros_packages_full/src/RobotLeg/src/RobotLegRos.cpp:[m[K At global scope:
[12.518s] [01m[K/home/k/Desktop/Zeb05/Zebulon05/ros_packages_full/src/RobotLeg/src/RobotLegRos.cpp:19:62:[m[K [01;31m[Kerror: [m[Kinvalid use of non-static data member ‘[01m[KRobotLegRos::num_of_joints[m[K’
[12.519s]    19 | void RobotLegRos::get_servos_to_pos(std::array<unsigned int, [01;31m[Knum_of_joints[m[K> new_servo_pos){
[12.519s]       |                                                              [01;31m[K^~~~~~~~~~~~~[m[K
[12.519s] In file included from [01m[K/home/k/Desktop/Zeb05/Zebulon05/ros_packages_full/src/RobotLeg/src/RobotLegRos.cpp:5[m[K:
[12.520s] [01m[K/home/k/Desktop/Zeb05/Zebulon05/ros_packages_full/src/RobotLeg/src/../include/RobotLeg/RobotLegRos.hpp:35:30:[m[K [01;36m[Knote: [m[Kdeclared here
[12.520s]    35 |     const short unsigned int [01;36m[Knum_of_joints[m[K = 3;
[12.521s]       |                              [01;36m[K^~~~~~~~~~~~~[m[K
[12.522s] [01m[K/home/k/Desktop/Zeb05/Zebulon05/ros_packages_full/src/RobotLeg/src/RobotLegRos.cpp:19:75:[m[K [01;31m[Kerror: [m[Ktemplate argument 2 is invalid
[12.522s]    19 | void RobotLegRos::get_servos_to_pos(std::array<unsigned int, num_of_joints[01;31m[K>[m[K new_servo_pos){
[12.523s]       |                                                                           [01;31m[K^[m[K
[12.523s] [01m[K/home/k/Desktop/Zeb05/Zebulon05/ros_packages_full/src/RobotLeg/src/RobotLegRos.cpp:[m[K In member function ‘[01m[Kvoid RobotLegRos::get_servos_to_pos(int)[m[K’:
[12.524s] [01m[K/home/k/Desktop/Zeb05/Zebulon05/ros_packages_full/src/RobotLeg/src/RobotLegRos.cpp:28:37:[m[K [01;31m[Kerror: [m[Kinvalid types ‘[01m[Kint[int][m[K’ for array subscript
[12.525s]    28 |         message.channel = servo_ids_[01;31m[K[[m[K0];
[12.525s]       |                                     [01;31m[K^[m[K
[12.526s] [01m[K/home/k/Desktop/Zeb05/Zebulon05/ros_packages_full/src/RobotLeg/src/RobotLegRos.cpp:29:43:[m[K [01;31m[Kerror: [m[Kinvalid types ‘[01m[Kint[int][m[K’ for array subscript
[12.526s]    29 |         message.target_ang = new_servo_pos[01;31m[K[[m[K0];
[12.527s]       |                                           [01;31m[K^[m[K
[12.528s] [01m[K/home/k/Desktop/Zeb05/Zebulon05/ros_packages_full/src/RobotLeg/src/RobotLegRos.cpp:32:37:[m[K [01;31m[Kerror: [m[Kinvalid types ‘[01m[Kint[int][m[K’ for array subscript
[12.529s]    32 |         message.channel = servo_ids_[01;31m[K[[m[K1];
[12.530s]       |                                     [01;31m[K^[m[K
[12.530s] [01m[K/home/k/Desktop/Zeb05/Zebulon05/ros_packages_full/src/RobotLeg/src/RobotLegRos.cpp:33:43:[m[K [01;31m[Kerror: [m[Kinvalid types ‘[01m[Kint[int][m[K’ for array subscript
[12.531s]    33 |         message.target_ang = new_servo_pos[01;31m[K[[m[K1];
[12.532s]       |                                           [01;31m[K^[m[K
[12.533s] In file included from [01m[K/home/k/Desktop/Zeb05/Zebulon05/ros_packages_full/src/RobotLeg/src/../include/RobotLeg/RobotLegRosWrapper.hpp:19[m[K,
[12.533s]                  from [01m[K/home/k/Desktop/Zeb05/Zebulon05/ros_packages_full/src/RobotLeg/src/RobotLegRosWrapper.cpp:5[m[K:
[12.534s] [01m[K/home/k/Desktop/Zeb05/Zebulon05/ros_packages_full/src/RobotLeg/src/../include/RobotLeg/RobotLegRos.hpp:14:134:[m[K [01;31m[Kerror: [m[K‘[01m[Knum_of_joints[m[K’ was not declared in this scope
[12.535s]    14 |     RobotLegRos(rclcpp::Publisher<maestro_interfaces::msg::MaestroTarget>::SharedPtr pub_message_ptr, std::array<short unsigned int, [01;31m[Knum_of_joints[m[K> servo_ids) : pub_message_ptr_(pub_message_ptr), last_known_pos{0}, servo_ids_(servo_ids) {};
[12.535s]       |                                                                                                                                      [01;31m[K^~~~~~~~~~~~~[m[K
[12.536s] [01m[K/home/k/Desktop/Zeb05/Zebulon05/ros_packages_full/src/RobotLeg/src/../include/RobotLeg/RobotLegRos.hpp:14:147:[m[K [01;31m[Kerror: [m[Ktemplate argument 2 is invalid
[12.537s]    14 |     RobotLegRos(rclcpp::Publisher<maestro_interfaces::msg::MaestroTarget>::SharedPtr pub_message_ptr, std::array<short unsigned int, num_of_joints[01;31m[K>[m[K servo_ids) : pub_message_ptr_(pub_message_ptr), last_known_pos{0}, servo_ids_(servo_ids) {};
[12.538s]       |                                                                                                                                                   [01;31m[K^[m[K
[12.539s] [01m[K/home/k/Desktop/Zeb05/Zebulon05/ros_packages_full/src/RobotLeg/src/RobotLegRos.cpp:36:37:[m[K [01;31m[Kerror: [m[Kinvalid types ‘[01m[Kint[int][m[K’ for array subscript
[12.539s]    36 |         message.channel = servo_ids_[01;31m[K[[m[K2];
[12.540s]       |                                     [01;31m[K^[m[K
[12.540s] [01m[K/home/k/Desktop/Zeb05/Zebulon05/ros_packages_full/src/RobotLeg/src/RobotLegRos.cpp:37:43:[m[K [01;31m[Kerror: [m[Kinvalid types ‘[01m[Kint[int][m[K’ for array subscript
[12.541s]    37 |         message.target_ang = new_servo_pos[01;31m[K[[m[K2];
[12.541s]       |                                           [01;31m[K^[m[K
[12.542s] [01m[K/home/k/Desktop/Zeb05/Zebulon05/ros_packages_full/src/RobotLeg/src/../include/RobotLeg/RobotLegRos.hpp:19:55:[m[K [01;31m[Kerror: [m[K‘[01m[Knum_of_joints[m[K’ was not declared in this scope
[12.542s]    19 |     void set_servo_ids(std::array<short unsigned int, [01;31m[Knum_of_joints[m[K> new_servo_ids){
[12.543s]       |                                                       [01;31m[K^~~~~~~~~~~~~[m[K
[12.543s] [01m[K/home/k/Desktop/Zeb05/Zebulon05/ros_packages_full/src/RobotLeg/src/../include/RobotLeg/RobotLegRos.hpp:19:68:[m[K [01;31m[Kerror: [m[Ktemplate argument 2 is invalid
[12.543s]    19 |     void set_servo_ids(std::array<short unsigned int, num_of_joints[01;31m[K>[m[K new_servo_ids){
[12.544s]       |                                                                    [01;31m[K^[m[K
[12.565s] [01m[K/home/k/Desktop/Zeb05/Zebulon05/ros_packages_full/src/RobotLeg/src/../include/RobotLeg/RobotLegRos.hpp:25:53:[m[K [01;31m[Kerror: [m[K‘[01m[Knum_of_joints[m[K’ was not declared in this scope
[12.565s]    25 |     void get_servos_to_pos(std::array<unsigned int, [01;31m[Knum_of_joints[m[K> new_servo_pos);
[12.566s]       |                                                     [01;31m[K^~~~~~~~~~~~~[m[K
[12.566s] [01m[K/home/k/Desktop/Zeb05/Zebulon05/ros_packages_full/src/RobotLeg/src/../include/RobotLeg/RobotLegRos.hpp:25:66:[m[K [01;31m[Kerror: [m[Ktemplate argument 2 is invalid
[12.567s]    25 |     void get_servos_to_pos(std::array<unsigned int, num_of_joints[01;31m[K>[m[K new_servo_pos);
[12.568s]       |                                                                  [01;31m[K^[m[K
[12.575s] [01m[K/home/k/Desktop/Zeb05/Zebulon05/ros_packages_full/src/RobotLeg/src/../include/RobotLeg/RobotLegRos.hpp:41:36:[m[K [01;31m[Kerror: [m[Kinvalid use of non-static data member ‘[01m[KRobotLegRos::num_of_joints[m[K’
[12.576s]    41 |     std::array<short unsigned int, [01;31m[Knum_of_joints[m[K> servo_ids_;
[12.577s]       |                                    [01;31m[K^~~~~~~~~~~~~[m[K
[12.577s] [01m[K/home/k/Desktop/Zeb05/Zebulon05/ros_packages_full/src/RobotLeg/src/../include/RobotLeg/RobotLegRos.hpp:35:30:[m[K [01;36m[Knote: [m[Kdeclared here
[12.578s]    35 |     const short unsigned int [01;36m[Knum_of_joints[m[K = 3;
[12.578s]       |                              [01;36m[K^~~~~~~~~~~~~[m[K
[12.579s] [01m[K/home/k/Desktop/Zeb05/Zebulon05/ros_packages_full/src/RobotLeg/src/../include/RobotLeg/RobotLegRos.hpp:41:49:[m[K [01;31m[Kerror: [m[Ktemplate argument 2 is invalid
[12.580s]    41 |     std::array<short unsigned int, num_of_joints[01;31m[K>[m[K servo_ids_;
[12.580s]       |                                                 [01;31m[K^[m[K
[12.583s] [01m[K/home/k/Desktop/Zeb05/Zebulon05/ros_packages_full/src/RobotLeg/src/../include/RobotLeg/RobotLegRos.hpp:[m[K In constructor ‘[01m[KRobotLegRos::RobotLegRos()[m[K’:
[12.584s] [01m[K/home/k/Desktop/Zeb05/Zebulon05/ros_packages_full/src/RobotLeg/src/../include/RobotLeg/RobotLegRos.hpp:15:61:[m[K [01;31m[Kerror: [m[Kmem-initializer for ‘[01m[KRobotLegRos::servo_ids_[m[K’ follows constructor delegation
[12.584s]    15 |     RobotLegRos() : RobotLegRos(nullptr), servo_ids_{0, 1, 2[01;31m[K}[m[K {};
[12.585s]       |                                                             [01;31m[K^[m[K
[12.586s] [01m[K/home/k/Desktop/Zeb05/Zebulon05/ros_packages_full/src/RobotLeg/src/../include/RobotLeg/RobotLegRos.hpp:15:61:[m[K [01;31m[Kerror: [m[Kno matching function for call to ‘[01m[KRobotLegRos::RobotLegRos(std::nullptr_t)[m[K’
[12.587s] [01m[K/home/k/Desktop/Zeb05/Zebulon05/ros_packages_full/src/RobotLeg/src/../include/RobotLeg/RobotLegRos.hpp:15:5:[m[K [01;36m[Knote: [m[Kcandidate: ‘[01m[KRobotLegRos::RobotLegRos()[m[K’
[12.588s]    15 |     [01;36m[KRobotLegRos[m[K() : RobotLegRos(nullptr), servo_ids_{0, 1, 2} {};
[12.589s]       |     [01;36m[K^~~~~~~~~~~[m[K
[12.589s] [01m[K/home/k/Desktop/Zeb05/Zebulon05/ros_packages_full/src/RobotLeg/src/../include/RobotLeg/RobotLegRos.hpp:15:5:[m[K [01;36m[Knote: [m[K  candidate expects 0 arguments, 1 provided
[12.590s] In file included from [01m[K/home/k/Desktop/Zeb05/Zebulon05/ros_packages_full/src/RobotLeg/src/../include/RobotLeg/RobotLegRosWrapper.hpp:19[m[K,
[12.591s]                  from [01m[K/home/k/Desktop/Zeb05/Zebulon05/ros_packages_full/src/RobotLeg/src/RobotLegRosWrapper.cpp:5[m[K:
[12.591s] [01m[K/home/k/Desktop/Zeb05/Zebulon05/ros_packages_full/src/RobotLeg/src/../include/RobotLeg/RobotLegRos.hpp:14:5:[m[K [01;36m[Knote: [m[Kcandidate: ‘[01m[KRobotLegRos::RobotLegRos(rclcpp::Publisher<maestro_interfaces::msg::MaestroTarget_<std::allocator<void> > >::SharedPtr, int)[m[K’
[12.592s]    14 |     [01;36m[KRobotLegRos[m[K(rclcpp::Publisher<maestro_interfaces::msg::MaestroTarget>::SharedPtr pub_message_ptr, std::array<short unsigned int, num_of_joints> servo_ids) : pub_message_ptr_(pub_message_ptr), last_known_pos{0}, servo_ids_(servo_ids) {};
[12.593s]       |     [01;36m[K^~~~~~~~~~~[m[K
[12.593s] [01m[K/home/k/Desktop/Zeb05/Zebulon05/ros_packages_full/src/RobotLeg/src/../include/RobotLeg/RobotLegRos.hpp:14:5:[m[K [01;36m[Knote: [m[K  candidate expects 2 arguments, 1 provided
[12.594s] [01m[K/home/k/Desktop/Zeb05/Zebulon05/ros_packages_full/src/RobotLeg/src/../include/RobotLeg/RobotLegRos.hpp:12:7:[m[K [01;36m[Knote: [m[Kcandidate: ‘[01m[KRobotLegRos::RobotLegRos(const RobotLegRos&)[m[K’
[12.594s]    12 | class [01;36m[KRobotLegRos[m[K {
[12.595s]       |       [01;36m[K^~~~~~~~~~~[m[K
[12.596s] [01m[K/home/k/Desktop/Zeb05/Zebulon05/ros_packages_full/src/RobotLeg/src/../include/RobotLeg/RobotLegRos.hpp:12:7:[m[K [01;36m[Knote: [m[K  no known conversion for argument 1 from ‘[01m[Kstd::nullptr_t[m[K’ to ‘[01m[Kconst RobotLegRos&[m[K’
[12.596s] [01m[K/home/k/Desktop/Zeb05/Zebulon05/ros_packages_full/src/RobotLeg/src/../include/RobotLeg/RobotLegRos.hpp:12:7:[m[K [01;36m[Knote: [m[Kcandidate: ‘[01m[KRobotLegRos::RobotLegRos(RobotLegRos&&)[m[K’
[12.597s] [01m[K/home/k/Desktop/Zeb05/Zebulon05/ros_packages_full/src/RobotLeg/src/../include/RobotLeg/RobotLegRos.hpp:12:7:[m[K [01;36m[Knote: [m[K  no known conversion for argument 1 from ‘[01m[Kstd::nullptr_t[m[K’ to ‘[01m[KRobotLegRos&&[m[K’
[12.598s] In file included from [01m[K/home/k/Desktop/Zeb05/Zebulon05/ros_packages_full/src/RobotLeg/src/../include/RobotLeg/RobotLegRosWrapper.hpp:19[m[K,
[12.598s]                  from [01m[K/home/k/Desktop/Zeb05/Zebulon05/ros_packages_full/src/RobotLeg/src/RobotLegRosWrapper.cpp:5[m[K:
[12.599s] [01m[K/home/k/Desktop/Zeb05/Zebulon05/ros_packages_full/src/RobotLeg/src/../include/RobotLeg/RobotLegRos.hpp:[m[K In member function ‘[01m[Kvoid RobotLegRos::set_servo_ids(int)[m[K’:
[12.600s] [01m[K/home/k/Desktop/Zeb05/Zebulon05/ros_packages_full/src/RobotLeg/src/../include/RobotLeg/RobotLegRos.hpp:20:19:[m[K [01;31m[Kerror: [m[Kinvalid types ‘[01m[Kint[int][m[K’ for array subscript
[12.600s]    20 |         servo_ids_[01;31m[K[[m[K0] = new_servo_ids[0];
[12.601s]       |                   [01;31m[K^[m[K
[12.602s] [01m[K/home/k/Desktop/Zeb05/Zebulon05/ros_packages_full/src/RobotLeg/src/../include/RobotLeg/RobotLegRos.hpp:20:38:[m[K [01;31m[Kerror: [m[Kinvalid types ‘[01m[Kint[int][m[K’ for array subscript
[12.602s]    20 |         servo_ids_[0] = new_servo_ids[01;31m[K[[m[K0];
[12.603s]       |                                      [01;31m[K^[m[K
[12.603s] [01m[K/home/k/Desktop/Zeb05/Zebulon05/ros_packages_full/src/RobotLeg/src/../include/RobotLeg/RobotLegRos.hpp:21:19:[m[K [01;31m[Kerror: [m[Kinvalid types ‘[01m[Kint[int][m[K’ for array subscript
[12.604s]    21 |         servo_ids_[01;31m[K[[m[K1] = new_servo_ids[1];
[12.605s]       |                   [01;31m[K^[m[K
[12.606s] [01m[K/home/k/Desktop/Zeb05/Zebulon05/ros_packages_full/src/RobotLeg/src/../include/RobotLeg/RobotLegRos.hpp:21:38:[m[K [01;31m[Kerror: [m[Kinvalid types ‘[01m[Kint[int][m[K’ for array subscript
[12.606s]    21 |         servo_ids_[1] = new_servo_ids[01;31m[K[[m[K1];
[12.607s]       |                                      [01;31m[K^[m[K
[12.607s] [01m[K/home/k/Desktop/Zeb05/Zebulon05/ros_packages_full/src/RobotLeg/src/../include/RobotLeg/RobotLegRos.hpp:22:19:[m[K [01;31m[Kerror: [m[Kinvalid types ‘[01m[Kint[int][m[K’ for array subscript
[12.609s]    22 |         servo_ids_[01;31m[K[[m[K2] = new_servo_ids[2];
[12.609s]       |                   [01;31m[K^[m[K
[12.610s] [01m[K/home/k/Desktop/Zeb05/Zebulon05/ros_packages_full/src/RobotLeg/src/../include/RobotLeg/RobotLegRos.hpp:22:38:[m[K [01;31m[Kerror: [m[Kinvalid types ‘[01m[Kint[int][m[K’ for array subscript
[12.611s]    22 |         servo_ids_[2] = new_servo_ids[01;31m[K[[m[K2];
[12.611s]       |                                      [01;31m[K^[m[K
[14.825s] gmake[2]: *** [CMakeFiles/robot_leg_wrapper.dir/build.make:76: CMakeFiles/robot_leg_wrapper.dir/src/RobotLegRos.cpp.o] Error 1
[14.826s] gmake[2]: *** Waiting for unfinished jobs....
[22.601s] gmake[2]: *** [CMakeFiles/robot_leg_wrapper.dir/build.make:90: CMakeFiles/robot_leg_wrapper.dir/src/RobotLegRosWrapper.cpp.o] Error 1
[22.603s] gmake[1]: *** [CMakeFiles/Makefile2:137: CMakeFiles/robot_leg_wrapper.dir/all] Error 2
[22.604s] gmake: *** [Makefile:146: all] Error 2
[22.615s] Invoked command in '/home/k/Desktop/Zeb05/Zebulon05/ros_packages_full/build/RobotLeg' returned '2': CMAKE_PREFIX_PATH=${CMAKE_PREFIX_PATH}:/home/k/Desktop/Zeb05/Zebulon05/ros_packages_full/install/polulu_maestro:/opt/ros/humble /usr/bin/cmake --build /home/k/Desktop/Zeb05/Zebulon05/ros_packages_full/build/RobotLeg -- -j4 -l4
