[0.094s] Invoking command in '/home/k/Desktop/Zeb05/Zebulon05/ros_packages_full/build/RobotLeg': CMAKE_PREFIX_PATH=${CMAKE_PREFIX_PATH}:/home/k/Desktop/Zeb05/Zebulon05/ros_packages_full/install/polulu_maestro:/opt/ros/humble /usr/bin/cmake --build /home/k/Desktop/Zeb05/Zebulon05/ros_packages_full/build/RobotLeg -- -j4 -l4
[0.374s] [35m[1mConsolidate compiler generated dependencies of target robot_leg_wrapper[0m
[0.539s] [ 33%] [32mBuilding CXX object CMakeFiles/robot_leg_wrapper.dir/src/RobotLegRos.cpp.o[0m
[0.544s] [ 66%] [32mBuilding CXX object CMakeFiles/robot_leg_wrapper.dir/src/RobotLegRosWrapper.cpp.o[0m
[20.384s] [100%] [32m[1mLinking CXX executable robot_leg_wrapper[0m
[21.707s] [100%] Built target robot_leg_wrapper
[21.758s] Invoked command in '/home/k/Desktop/Zeb05/Zebulon05/ros_packages_full/build/RobotLeg' returned '0': CMAKE_PREFIX_PATH=${CMAKE_PREFIX_PATH}:/home/k/Desktop/Zeb05/Zebulon05/ros_packages_full/install/polulu_maestro:/opt/ros/humble /usr/bin/cmake --build /home/k/Desktop/Zeb05/Zebulon05/ros_packages_full/build/RobotLeg -- -j4 -l4
[21.975s] Invoking command in '/home/k/Desktop/Zeb05/Zebulon05/ros_packages_full/build/RobotLeg': CMAKE_PREFIX_PATH=${CMAKE_PREFIX_PATH}:/home/k/Desktop/Zeb05/Zebulon05/ros_packages_full/install/polulu_maestro:/opt/ros/humble /usr/bin/cmake --install /home/k/Desktop/Zeb05/Zebulon05/ros_packages_full/build/RobotLeg
[22.010s] -- Install configuration: ""
[22.012s] -- Installing: /home/k/Desktop/Zeb05/Zebulon05/ros_packages_full/install/RobotLeg/lib/RobotLeg/robot_leg_wrapper
[22.028s] -- Set runtime path of "/home/k/Desktop/Zeb05/Zebulon05/ros_packages_full/install/RobotLeg/lib/RobotLeg/robot_leg_wrapper" to ""
[22.028s] -- Up-to-date: /home/k/Desktop/Zeb05/Zebulon05/ros_packages_full/install/RobotLeg/share/ament_index/resource_index/package_run_dependencies/RobotLeg
[22.029s] -- Up-to-date: /home/k/Desktop/Zeb05/Zebulon05/ros_packages_full/install/RobotLeg/share/ament_index/resource_index/parent_prefix_path/RobotLeg
[22.030s] -- Up-to-date: /home/k/Desktop/Zeb05/Zebulon05/ros_packages_full/install/RobotLeg/share/RobotLeg/environment/ament_prefix_path.sh
[22.030s] -- Up-to-date: /home/k/Desktop/Zeb05/Zebulon05/ros_packages_full/install/RobotLeg/share/RobotLeg/environment/ament_prefix_path.dsv
[22.031s] -- Up-to-date: /home/k/Desktop/Zeb05/Zebulon05/ros_packages_full/install/RobotLeg/share/RobotLeg/environment/path.sh
[22.031s] -- Up-to-date: /home/k/Desktop/Zeb05/Zebulon05/ros_packages_full/install/RobotLeg/share/RobotLeg/environment/path.dsv
[22.031s] -- Up-to-date: /home/k/Desktop/Zeb05/Zebulon05/ros_packages_full/install/RobotLeg/share/RobotLeg/local_setup.bash
[22.032s] -- Up-to-date: /home/k/Desktop/Zeb05/Zebulon05/ros_packages_full/install/RobotLeg/share/RobotLeg/local_setup.sh
[22.032s] -- Up-to-date: /home/k/Desktop/Zeb05/Zebulon05/ros_packages_full/install/RobotLeg/share/RobotLeg/local_setup.zsh
[22.033s] -- Up-to-date: /home/k/Desktop/Zeb05/Zebulon05/ros_packages_full/install/RobotLeg/share/RobotLeg/local_setup.dsv
[22.033s] -- Installing: /home/k/Desktop/Zeb05/Zebulon05/ros_packages_full/install/RobotLeg/share/RobotLeg/package.dsv
[22.036s] -- Up-to-date: /home/k/Desktop/Zeb05/Zebulon05/ros_packages_full/install/RobotLeg/share/ament_index/resource_index/packages/RobotLeg
[22.037s] -- Up-to-date: /home/k/Desktop/Zeb05/Zebulon05/ros_packages_full/install/RobotLeg/share/RobotLeg/cmake/RobotLegConfig.cmake
[22.037s] -- Up-to-date: /home/k/Desktop/Zeb05/Zebulon05/ros_packages_full/install/RobotLeg/share/RobotLeg/cmake/RobotLegConfig-version.cmake
[22.038s] -- Up-to-date: /home/k/Desktop/Zeb05/Zebulon05/ros_packages_full/install/RobotLeg/share/RobotLeg/package.xml
[22.047s] Invoked command in '/home/k/Desktop/Zeb05/Zebulon05/ros_packages_full/build/RobotLeg' returned '0': CMAKE_PREFIX_PATH=${CMAKE_PREFIX_PATH}:/home/k/Desktop/Zeb05/Zebulon05/ros_packages_full/install/polulu_maestro:/opt/ros/humble /usr/bin/cmake --install /home/k/Desktop/Zeb05/Zebulon05/ros_packages_full/build/RobotLeg
