[0.861s] DEBUG:colcon:Command line arguments: ['/usr/bin/colcon', 'build', '--packages-select', 'RobotLeg']
[0.862s] DEBUG:colcon:Parsed command line arguments: Namespace(log_base=None, log_level=None, verb_name='build', build_base='build', install_base='install', merge_install=False, symlink_install=False, test_result_base=None, continue_on_error=False, executor='parallel', parallel_workers=4, event_handlers=None, ignore_user_meta=False, metas=['./colcon.meta'], base_paths=['.'], packages_ignore=None, packages_ignore_regex=None, paths=None, packages_up_to=None, packages_up_to_regex=None, packages_above=None, packages_above_and_dependencies=None, packages_above_depth=None, packages_select_by_dep=None, packages_skip_by_dep=None, packages_skip_up_to=None, packages_select_build_failed=False, packages_skip_build_finished=False, packages_select_test_failures=False, packages_skip_test_passed=False, packages_select=['RobotLeg'], packages_skip=None, packages_select_regex=None, packages_skip_regex=None, packages_start=None, packages_end=None, allow_overriding=[], cmake_args=None, cmake_target=None, cmake_target_skip_unavailable=False, cmake_clean_cache=False, cmake_clean_first=False, cmake_force_configure=False, ament_cmake_args=None, catkin_cmake_args=None, catkin_skip_building_tests=False, verb_parser=<colcon_defaults.argument_parser.defaults.DefaultArgumentsDecorator object at 0xffffa4143b50>, verb_extension=<colcon_core.verb.build.BuildVerb object at 0xffffa41435e0>, main=<bound method BuildVerb.main of <colcon_core.verb.build.BuildVerb object at 0xffffa41435e0>>)
[1.026s] Level 1:colcon.colcon_core.package_discovery:discover_packages(colcon_meta) check parameters
[1.027s] Level 1:colcon.colcon_core.package_discovery:discover_packages(recursive) check parameters
[1.027s] Level 1:colcon.colcon_core.package_discovery:discover_packages(ignore) check parameters
[1.027s] Level 1:colcon.colcon_core.package_discovery:discover_packages(path) check parameters
[1.028s] Level 1:colcon.colcon_core.package_discovery:discover_packages(colcon_meta) discover
[1.028s] Level 1:colcon.colcon_core.package_discovery:discover_packages(recursive) discover
[1.028s] INFO:colcon.colcon_core.package_discovery:Crawling recursively for packages in '/home/k/Desktop/Zeb05/Zebulon05/ros_packages_full'
[1.029s] Level 1:colcon.colcon_core.package_identification:_identify(.) by extensions ['ignore', 'ignore_ament_install']
[1.029s] Level 1:colcon.colcon_core.package_identification:_identify(.) by extension 'ignore'
[1.030s] Level 1:colcon.colcon_core.package_identification:_identify(.) by extension 'ignore_ament_install'
[1.030s] Level 1:colcon.colcon_core.package_identification:_identify(.) by extensions ['colcon_pkg']
[1.030s] Level 1:colcon.colcon_core.package_identification:_identify(.) by extension 'colcon_pkg'
[1.030s] Level 1:colcon.colcon_core.package_identification:_identify(.) by extensions ['colcon_meta']
[1.031s] Level 1:colcon.colcon_core.package_identification:_identify(.) by extension 'colcon_meta'
[1.031s] Level 1:colcon.colcon_core.package_identification:_identify(.) by extensions ['ros']
[1.031s] Level 1:colcon.colcon_core.package_identification:_identify(.) by extension 'ros'
[1.092s] Level 1:colcon.colcon_core.package_identification:_identify(.) by extensions ['cmake', 'python']
[1.093s] Level 1:colcon.colcon_core.package_identification:_identify(.) by extension 'cmake'
[1.093s] Level 1:colcon.colcon_core.package_identification:_identify(.) by extension 'python'
[1.093s] Level 1:colcon.colcon_core.package_identification:_identify(.) by extensions ['python_setup_py']
[1.093s] Level 1:colcon.colcon_core.package_identification:_identify(.) by extension 'python_setup_py'
[1.094s] Level 1:colcon.colcon_core.package_identification:_identify(build) by extensions ['ignore', 'ignore_ament_install']
[1.095s] Level 1:colcon.colcon_core.package_identification:_identify(build) by extension 'ignore'
[1.095s] Level 1:colcon.colcon_core.package_identification:_identify(build) ignored
[1.096s] Level 1:colcon.colcon_core.package_identification:_identify(install) by extensions ['ignore', 'ignore_ament_install']
[1.097s] Level 1:colcon.colcon_core.package_identification:_identify(install) by extension 'ignore'
[1.097s] Level 1:colcon.colcon_core.package_identification:_identify(install) ignored
[1.099s] Level 1:colcon.colcon_core.package_identification:_identify(log) by extensions ['ignore', 'ignore_ament_install']
[1.100s] Level 1:colcon.colcon_core.package_identification:_identify(log) by extension 'ignore'
[1.100s] Level 1:colcon.colcon_core.package_identification:_identify(log) ignored
[1.101s] Level 1:colcon.colcon_core.package_identification:_identify(src) by extensions ['ignore', 'ignore_ament_install']
[1.101s] Level 1:colcon.colcon_core.package_identification:_identify(src) by extension 'ignore'
[1.101s] Level 1:colcon.colcon_core.package_identification:_identify(src) by extension 'ignore_ament_install'
[1.102s] Level 1:colcon.colcon_core.package_identification:_identify(src) by extensions ['colcon_pkg']
[1.102s] Level 1:colcon.colcon_core.package_identification:_identify(src) by extension 'colcon_pkg'
[1.102s] Level 1:colcon.colcon_core.package_identification:_identify(src) by extensions ['colcon_meta']
[1.103s] Level 1:colcon.colcon_core.package_identification:_identify(src) by extension 'colcon_meta'
[1.103s] Level 1:colcon.colcon_core.package_identification:_identify(src) by extensions ['ros']
[1.103s] Level 1:colcon.colcon_core.package_identification:_identify(src) by extension 'ros'
[1.103s] Level 1:colcon.colcon_core.package_identification:_identify(src) by extensions ['cmake', 'python']
[1.104s] Level 1:colcon.colcon_core.package_identification:_identify(src) by extension 'cmake'
[1.104s] Level 1:colcon.colcon_core.package_identification:_identify(src) by extension 'python'
[1.104s] Level 1:colcon.colcon_core.package_identification:_identify(src) by extensions ['python_setup_py']
[1.104s] Level 1:colcon.colcon_core.package_identification:_identify(src) by extension 'python_setup_py'
[1.105s] Level 1:colcon.colcon_core.package_identification:_identify(src/RobotLeg) by extensions ['ignore', 'ignore_ament_install']
[1.105s] Level 1:colcon.colcon_core.package_identification:_identify(src/RobotLeg) by extension 'ignore'
[1.106s] Level 1:colcon.colcon_core.package_identification:_identify(src/RobotLeg) by extension 'ignore_ament_install'
[1.106s] Level 1:colcon.colcon_core.package_identification:_identify(src/RobotLeg) by extensions ['colcon_pkg']
[1.106s] Level 1:colcon.colcon_core.package_identification:_identify(src/RobotLeg) by extension 'colcon_pkg'
[1.107s] Level 1:colcon.colcon_core.package_identification:_identify(src/RobotLeg) by extensions ['colcon_meta']
[1.107s] Level 1:colcon.colcon_core.package_identification:_identify(src/RobotLeg) by extension 'colcon_meta'
[1.107s] Level 1:colcon.colcon_core.package_identification:_identify(src/RobotLeg) by extensions ['ros']
[1.107s] Level 1:colcon.colcon_core.package_identification:_identify(src/RobotLeg) by extension 'ros'
[1.119s] DEBUG:colcon.colcon_core.package_identification:Package 'src/RobotLeg' with type 'ros.ament_cmake' and name 'RobotLeg'
[1.120s] Level 1:colcon.colcon_core.package_identification:_identify(src/maestro_interfaces) by extensions ['ignore', 'ignore_ament_install']
[1.120s] Level 1:colcon.colcon_core.package_identification:_identify(src/maestro_interfaces) by extension 'ignore'
[1.121s] Level 1:colcon.colcon_core.package_identification:_identify(src/maestro_interfaces) by extension 'ignore_ament_install'
[1.121s] Level 1:colcon.colcon_core.package_identification:_identify(src/maestro_interfaces) by extensions ['colcon_pkg']
[1.121s] Level 1:colcon.colcon_core.package_identification:_identify(src/maestro_interfaces) by extension 'colcon_pkg'
[1.121s] Level 1:colcon.colcon_core.package_identification:_identify(src/maestro_interfaces) by extensions ['colcon_meta']
[1.122s] Level 1:colcon.colcon_core.package_identification:_identify(src/maestro_interfaces) by extension 'colcon_meta'
[1.122s] Level 1:colcon.colcon_core.package_identification:_identify(src/maestro_interfaces) by extensions ['ros']
[1.122s] Level 1:colcon.colcon_core.package_identification:_identify(src/maestro_interfaces) by extension 'ros'
[1.125s] DEBUG:colcon.colcon_core.package_identification:Package 'src/maestro_interfaces' with type 'ros.ament_cmake' and name 'maestro_interfaces'
[1.126s] Level 1:colcon.colcon_core.package_identification:_identify(src/polulu_maestro) by extensions ['ignore', 'ignore_ament_install']
[1.127s] Level 1:colcon.colcon_core.package_identification:_identify(src/polulu_maestro) by extension 'ignore'
[1.127s] Level 1:colcon.colcon_core.package_identification:_identify(src/polulu_maestro) by extension 'ignore_ament_install'
[1.128s] Level 1:colcon.colcon_core.package_identification:_identify(src/polulu_maestro) by extensions ['colcon_pkg']
[1.128s] Level 1:colcon.colcon_core.package_identification:_identify(src/polulu_maestro) by extension 'colcon_pkg'
[1.128s] Level 1:colcon.colcon_core.package_identification:_identify(src/polulu_maestro) by extensions ['colcon_meta']
[1.128s] Level 1:colcon.colcon_core.package_identification:_identify(src/polulu_maestro) by extension 'colcon_meta'
[1.129s] Level 1:colcon.colcon_core.package_identification:_identify(src/polulu_maestro) by extensions ['ros']
[1.129s] Level 1:colcon.colcon_core.package_identification:_identify(src/polulu_maestro) by extension 'ros'
[1.131s] DEBUG:colcon.colcon_core.package_identification:Package 'src/polulu_maestro' with type 'ros.ament_python' and name 'polulu_maestro'
[1.132s] Level 1:colcon.colcon_core.package_discovery:discover_packages(recursive) using defaults
[1.132s] Level 1:colcon.colcon_core.package_discovery:discover_packages(ignore) discover
[1.132s] Level 1:colcon.colcon_core.package_discovery:discover_packages(ignore) using defaults
[1.132s] Level 1:colcon.colcon_core.package_discovery:discover_packages(path) discover
[1.132s] Level 1:colcon.colcon_core.package_discovery:discover_packages(path) using defaults
[1.251s] INFO:colcon.colcon_core.package_selection:Skipping not selected package 'maestro_interfaces' in 'src/maestro_interfaces'
[1.251s] INFO:colcon.colcon_core.package_selection:Skipping not selected package 'polulu_maestro' in 'src/polulu_maestro'
[1.255s] Level 1:colcon.colcon_core.package_discovery:discover_packages(prefix_path) check parameters
[1.255s] Level 1:colcon.colcon_core.package_discovery:discover_packages(prefix_path) discover
[1.273s] DEBUG:colcon.colcon_installed_package_information.package_discovery:Found 4 installed packages in /home/k/Desktop/Zeb05/Zebulon05/ros_packages_full/install
[1.287s] DEBUG:colcon.colcon_installed_package_information.package_discovery:Found 270 installed packages in /opt/ros/humble
[1.299s] Level 1:colcon.colcon_core.package_discovery:discover_packages(prefix_path) using defaults
[1.644s] Level 5:colcon.colcon_core.verb:set package 'RobotLeg' build argument 'cmake_args' from command line to 'None'
[1.644s] Level 5:colcon.colcon_core.verb:set package 'RobotLeg' build argument 'cmake_target' from command line to 'None'
[1.644s] Level 5:colcon.colcon_core.verb:set package 'RobotLeg' build argument 'cmake_target_skip_unavailable' from command line to 'False'
[1.645s] Level 5:colcon.colcon_core.verb:set package 'RobotLeg' build argument 'cmake_clean_cache' from command line to 'False'
[1.645s] Level 5:colcon.colcon_core.verb:set package 'RobotLeg' build argument 'cmake_clean_first' from command line to 'False'
[1.645s] Level 5:colcon.colcon_core.verb:set package 'RobotLeg' build argument 'cmake_force_configure' from command line to 'False'
[1.645s] Level 5:colcon.colcon_core.verb:set package 'RobotLeg' build argument 'ament_cmake_args' from command line to 'None'
[1.645s] Level 5:colcon.colcon_core.verb:set package 'RobotLeg' build argument 'catkin_cmake_args' from command line to 'None'
[1.645s] Level 5:colcon.colcon_core.verb:set package 'RobotLeg' build argument 'catkin_skip_building_tests' from command line to 'False'
[1.645s] DEBUG:colcon.colcon_core.verb:Building package 'RobotLeg' with the following arguments: {'ament_cmake_args': None, 'build_base': '/home/k/Desktop/Zeb05/Zebulon05/ros_packages_full/build/RobotLeg', 'catkin_cmake_args': None, 'catkin_skip_building_tests': False, 'cmake_args': None, 'cmake_clean_cache': False, 'cmake_clean_first': False, 'cmake_force_configure': False, 'cmake_target': None, 'cmake_target_skip_unavailable': False, 'install_base': '/home/k/Desktop/Zeb05/Zebulon05/ros_packages_full/install/RobotLeg', 'merge_install': False, 'path': '/home/k/Desktop/Zeb05/Zebulon05/ros_packages_full/src/RobotLeg', 'symlink_install': False, 'test_result_base': None}
[1.649s] INFO:colcon.colcon_core.executor:Executing jobs using 'parallel' executor
[1.667s] DEBUG:colcon.colcon_parallel_executor.executor.parallel:run_until_complete
[1.668s] INFO:colcon.colcon_ros.task.ament_cmake.build:Building ROS package in '/home/k/Desktop/Zeb05/Zebulon05/ros_packages_full/src/RobotLeg' with build type 'ament_cmake'
[1.669s] INFO:colcon.colcon_cmake.task.cmake.build:Building CMake package in '/home/k/Desktop/Zeb05/Zebulon05/ros_packages_full/src/RobotLeg'
[1.695s] INFO:colcon.colcon_core.plugin_system:Skipping extension 'colcon_core.shell.bat': Not used on non-Windows systems
[1.696s] INFO:colcon.colcon_core.shell:Skip shell extension 'powershell' for command environment: Not usable outside of PowerShell
[1.696s] DEBUG:colcon.colcon_core.shell:Skip shell extension 'dsv' for command environment
[1.755s] DEBUG:colcon.colcon_core.event_handler.log_command:Invoking command in '/home/k/Desktop/Zeb05/Zebulon05/ros_packages_full/build/RobotLeg': CMAKE_PREFIX_PATH=${CMAKE_PREFIX_PATH}:/home/k/Desktop/Zeb05/Zebulon05/ros_packages_full/install/polulu_maestro:/opt/ros/humble /usr/bin/cmake --build /home/k/Desktop/Zeb05/Zebulon05/ros_packages_full/build/RobotLeg -- -j4 -l4
[51.033s] DEBUG:colcon.colcon_core.event_handler.log_command:Invoked command in '/home/k/Desktop/Zeb05/Zebulon05/ros_packages_full/build/RobotLeg' returned '0': CMAKE_PREFIX_PATH=${CMAKE_PREFIX_PATH}:/home/k/Desktop/Zeb05/Zebulon05/ros_packages_full/install/polulu_maestro:/opt/ros/humble /usr/bin/cmake --build /home/k/Desktop/Zeb05/Zebulon05/ros_packages_full/build/RobotLeg -- -j4 -l4
[51.341s] DEBUG:colcon.colcon_core.event_handler.log_command:Invoking command in '/home/k/Desktop/Zeb05/Zebulon05/ros_packages_full/build/RobotLeg': CMAKE_PREFIX_PATH=${CMAKE_PREFIX_PATH}:/home/k/Desktop/Zeb05/Zebulon05/ros_packages_full/install/polulu_maestro:/opt/ros/humble /usr/bin/cmake --install /home/k/Desktop/Zeb05/Zebulon05/ros_packages_full/build/RobotLeg
[51.562s] Level 1:colcon.colcon_core.environment:create_environment_scripts_only(RobotLeg)
[51.569s] DEBUG:colcon.colcon_core.event_handler.log_command:Invoked command in '/home/k/Desktop/Zeb05/Zebulon05/ros_packages_full/build/RobotLeg' returned '0': CMAKE_PREFIX_PATH=${CMAKE_PREFIX_PATH}:/home/k/Desktop/Zeb05/Zebulon05/ros_packages_full/install/polulu_maestro:/opt/ros/humble /usr/bin/cmake --install /home/k/Desktop/Zeb05/Zebulon05/ros_packages_full/build/RobotLeg
[51.679s] Level 1:colcon.colcon_core.environment:checking '/home/k/Desktop/Zeb05/Zebulon05/ros_packages_full/install/RobotLeg' for CMake module files
[51.686s] Level 1:colcon.colcon_core.environment:checking '/home/k/Desktop/Zeb05/Zebulon05/ros_packages_full/install/RobotLeg' for CMake config files
[51.694s] Level 1:colcon.colcon_core.shell:create_environment_hook('RobotLeg', 'cmake_prefix_path')
[51.703s] INFO:colcon.colcon_core.shell:Creating environment hook '/home/k/Desktop/Zeb05/Zebulon05/ros_packages_full/install/RobotLeg/share/RobotLeg/hook/cmake_prefix_path.ps1'
[51.719s] INFO:colcon.colcon_core.shell:Creating environment descriptor '/home/k/Desktop/Zeb05/Zebulon05/ros_packages_full/install/RobotLeg/share/RobotLeg/hook/cmake_prefix_path.dsv'
[51.728s] INFO:colcon.colcon_core.shell:Creating environment hook '/home/k/Desktop/Zeb05/Zebulon05/ros_packages_full/install/RobotLeg/share/RobotLeg/hook/cmake_prefix_path.sh'
[51.736s] Level 1:colcon.colcon_core.environment:checking '/home/k/Desktop/Zeb05/Zebulon05/ros_packages_full/install/RobotLeg/lib'
[51.740s] Level 1:colcon.colcon_core.environment:checking '/home/k/Desktop/Zeb05/Zebulon05/ros_packages_full/install/RobotLeg/bin'
[51.741s] Level 1:colcon.colcon_core.environment:checking '/home/k/Desktop/Zeb05/Zebulon05/ros_packages_full/install/RobotLeg/lib/pkgconfig/RobotLeg.pc'
[51.743s] Level 1:colcon.colcon_core.environment:checking '/home/k/Desktop/Zeb05/Zebulon05/ros_packages_full/install/RobotLeg/lib/python3.10/site-packages'
[51.744s] Level 1:colcon.colcon_core.environment:checking '/home/k/Desktop/Zeb05/Zebulon05/ros_packages_full/install/RobotLeg/bin'
[51.751s] INFO:colcon.colcon_core.shell:Creating package script '/home/k/Desktop/Zeb05/Zebulon05/ros_packages_full/install/RobotLeg/share/RobotLeg/package.ps1'
[51.756s] INFO:colcon.colcon_core.shell:Creating package descriptor '/home/k/Desktop/Zeb05/Zebulon05/ros_packages_full/install/RobotLeg/share/RobotLeg/package.dsv'
[51.760s] INFO:colcon.colcon_core.shell:Creating package script '/home/k/Desktop/Zeb05/Zebulon05/ros_packages_full/install/RobotLeg/share/RobotLeg/package.sh'
[51.766s] INFO:colcon.colcon_core.shell:Creating package script '/home/k/Desktop/Zeb05/Zebulon05/ros_packages_full/install/RobotLeg/share/RobotLeg/package.bash'
[51.773s] INFO:colcon.colcon_core.shell:Creating package script '/home/k/Desktop/Zeb05/Zebulon05/ros_packages_full/install/RobotLeg/share/RobotLeg/package.zsh'
[51.781s] Level 1:colcon.colcon_core.environment:create_file_with_runtime_dependencies(/home/k/Desktop/Zeb05/Zebulon05/ros_packages_full/install/RobotLeg/share/colcon-core/packages/RobotLeg)
[51.966s] Level 1:colcon.colcon_core.environment:create_environment_scripts_only(RobotLeg)
[51.979s] Level 1:colcon.colcon_core.environment:checking '/home/k/Desktop/Zeb05/Zebulon05/ros_packages_full/install/RobotLeg' for CMake module files
[51.984s] Level 1:colcon.colcon_core.environment:checking '/home/k/Desktop/Zeb05/Zebulon05/ros_packages_full/install/RobotLeg' for CMake config files
[51.988s] Level 1:colcon.colcon_core.shell:create_environment_hook('RobotLeg', 'cmake_prefix_path')
[51.996s] INFO:colcon.colcon_core.shell:Creating environment hook '/home/k/Desktop/Zeb05/Zebulon05/ros_packages_full/install/RobotLeg/share/RobotLeg/hook/cmake_prefix_path.ps1'
[51.998s] INFO:colcon.colcon_core.shell:Creating environment descriptor '/home/k/Desktop/Zeb05/Zebulon05/ros_packages_full/install/RobotLeg/share/RobotLeg/hook/cmake_prefix_path.dsv'
[52.002s] INFO:colcon.colcon_core.shell:Creating environment hook '/home/k/Desktop/Zeb05/Zebulon05/ros_packages_full/install/RobotLeg/share/RobotLeg/hook/cmake_prefix_path.sh'
[52.006s] Level 1:colcon.colcon_core.environment:checking '/home/k/Desktop/Zeb05/Zebulon05/ros_packages_full/install/RobotLeg/lib'
[52.006s] Level 1:colcon.colcon_core.environment:checking '/home/k/Desktop/Zeb05/Zebulon05/ros_packages_full/install/RobotLeg/bin'
[52.007s] Level 1:colcon.colcon_core.environment:checking '/home/k/Desktop/Zeb05/Zebulon05/ros_packages_full/install/RobotLeg/lib/pkgconfig/RobotLeg.pc'
[52.008s] Level 1:colcon.colcon_core.environment:checking '/home/k/Desktop/Zeb05/Zebulon05/ros_packages_full/install/RobotLeg/lib/python3.10/site-packages'
[52.010s] Level 1:colcon.colcon_core.environment:checking '/home/k/Desktop/Zeb05/Zebulon05/ros_packages_full/install/RobotLeg/bin'
[52.025s] INFO:colcon.colcon_core.shell:Creating package script '/home/k/Desktop/Zeb05/Zebulon05/ros_packages_full/install/RobotLeg/share/RobotLeg/package.ps1'
[52.029s] INFO:colcon.colcon_core.shell:Creating package descriptor '/home/k/Desktop/Zeb05/Zebulon05/ros_packages_full/install/RobotLeg/share/RobotLeg/package.dsv'
[52.032s] INFO:colcon.colcon_core.shell:Creating package script '/home/k/Desktop/Zeb05/Zebulon05/ros_packages_full/install/RobotLeg/share/RobotLeg/package.sh'
[52.035s] INFO:colcon.colcon_core.shell:Creating package script '/home/k/Desktop/Zeb05/Zebulon05/ros_packages_full/install/RobotLeg/share/RobotLeg/package.bash'
[52.038s] INFO:colcon.colcon_core.shell:Creating package script '/home/k/Desktop/Zeb05/Zebulon05/ros_packages_full/install/RobotLeg/share/RobotLeg/package.zsh'
[52.040s] Level 1:colcon.colcon_core.environment:create_file_with_runtime_dependencies(/home/k/Desktop/Zeb05/Zebulon05/ros_packages_full/install/RobotLeg/share/colcon-core/packages/RobotLeg)
[52.042s] DEBUG:colcon.colcon_parallel_executor.executor.parallel:closing loop
[52.044s] DEBUG:colcon.colcon_parallel_executor.executor.parallel:loop closed
[52.045s] DEBUG:colcon.colcon_parallel_executor.executor.parallel:run_until_complete finished with '0'
[52.045s] DEBUG:colcon.colcon_core.event_reactor:joining thread
[52.160s] INFO:colcon.colcon_core.plugin_system:Skipping extension 'colcon_notification.desktop_notification.terminal_notifier': Not used on non-Darwin systems
[52.160s] INFO:colcon.colcon_core.plugin_system:Skipping extension 'colcon_notification.desktop_notification.win32': Not used on non-Windows systems
[52.161s] INFO:colcon.colcon_notification.desktop_notification:Sending desktop notification using 'notify2'
[52.169s] DEBUG:colcon.colcon_notification.desktop_notification.notify2:Failed to initialize notify2: org.freedesktop.DBus.Error.ServiceUnknown: The name org.freedesktop.Notifications was not provided by any .service files
[52.170s] DEBUG:colcon.colcon_core.event_reactor:joined thread
[52.179s] INFO:colcon.colcon_core.shell:Creating prefix script '/home/k/Desktop/Zeb05/Zebulon05/ros_packages_full/install/local_setup.ps1'
[52.186s] INFO:colcon.colcon_core.shell:Creating prefix util module '/home/k/Desktop/Zeb05/Zebulon05/ros_packages_full/install/_local_setup_util_ps1.py'
[52.196s] INFO:colcon.colcon_core.shell:Creating prefix chain script '/home/k/Desktop/Zeb05/Zebulon05/ros_packages_full/install/setup.ps1'
[52.211s] INFO:colcon.colcon_core.shell:Creating prefix script '/home/k/Desktop/Zeb05/Zebulon05/ros_packages_full/install/local_setup.sh'
[52.216s] INFO:colcon.colcon_core.shell:Creating prefix util module '/home/k/Desktop/Zeb05/Zebulon05/ros_packages_full/install/_local_setup_util_sh.py'
[52.219s] INFO:colcon.colcon_core.shell:Creating prefix chain script '/home/k/Desktop/Zeb05/Zebulon05/ros_packages_full/install/setup.sh'
[52.230s] INFO:colcon.colcon_core.shell:Creating prefix script '/home/k/Desktop/Zeb05/Zebulon05/ros_packages_full/install/local_setup.bash'
[52.236s] INFO:colcon.colcon_core.shell:Creating prefix chain script '/home/k/Desktop/Zeb05/Zebulon05/ros_packages_full/install/setup.bash'
[52.246s] INFO:colcon.colcon_core.shell:Creating prefix script '/home/k/Desktop/Zeb05/Zebulon05/ros_packages_full/install/local_setup.zsh'
[52.251s] INFO:colcon.colcon_core.shell:Creating prefix chain script '/home/k/Desktop/Zeb05/Zebulon05/ros_packages_full/install/setup.zsh'
