[0.089s] Invoking command in '/home/k/Desktop/Zeb05/Zebulon05/ros_packages_full/build/turtlesim': CMAKE_PREFIX_PATH=/opt/ros/humble /usr/bin/cmake --build /home/k/Desktop/Zeb05/Zebulon05/ros_packages_full/build/turtlesim -- -j4 -l4
[0.797s] [  1%] Built target turtlesim__cpp
[0.929s] [ 11%] Built target turtlesim__rosidl_generator_c
[0.972s] [ 11%] Built target ament_cmake_python_copy_turtlesim
[1.062s] [ 21%] Built target turtlesim__rosidl_typesupport_cpp
[1.070s] [ 31%] Built target turtlesim__rosidl_typesupport_fastrtps_cpp
[1.111s] [ 41%] Built target turtlesim__rosidl_typesupport_introspection_cpp
[1.171s] [ 51%] Built target turtlesim__rosidl_typesupport_fastrtps_c
[1.218s] [ 63%] Built target turtlesim__rosidl_typesupport_introspection_c
[1.221s] [ 71%] Built target turtlesim__rosidl_typesupport_c
[1.447s] [ 73%] Built target turtle_teleop_key
[1.451s] [ 79%] Built target turtlesim_node
[1.456s] [ 81%] Built target draw_square
[1.567s] [ 81%] Built target turtlesim
[1.598s] [ 83%] Built target mimic
[1.674s] [ 84%] Built target turtlesim__py
[1.823s] [ 93%] Built target turtlesim__rosidl_generator_py
[1.956s] [ 95%] Built target turtlesim__rosidl_typesupport_fastrtps_c__pyext
[1.959s] [ 97%] Built target turtlesim__rosidl_typesupport_introspection_c__pyext
[1.973s] [100%] Built target turtlesim__rosidl_typesupport_c__pyext
[2.517s] running egg_info
[2.522s] writing turtlesim.egg-info/PKG-INFO
[2.523s] writing dependency_links to turtlesim.egg-info/dependency_links.txt
[2.524s] writing top-level names to turtlesim.egg-info/top_level.txt
[2.543s] reading manifest file 'turtlesim.egg-info/SOURCES.txt'
[2.548s] writing manifest file 'turtlesim.egg-info/SOURCES.txt'
[2.681s] [100%] Built target ament_cmake_python_build_turtlesim_egg
[2.734s] Invoked command in '/home/k/Desktop/Zeb05/Zebulon05/ros_packages_full/build/turtlesim' returned '0': CMAKE_PREFIX_PATH=/opt/ros/humble /usr/bin/cmake --build /home/k/Desktop/Zeb05/Zebulon05/ros_packages_full/build/turtlesim -- -j4 -l4
[4.086s] Invoking command in '/home/k/Desktop/Zeb05/Zebulon05/ros_packages_full/build/turtlesim': CMAKE_PREFIX_PATH=/opt/ros/humble /usr/bin/cmake --install /home/k/Desktop/Zeb05/Zebulon05/ros_packages_full/build/turtlesim
[4.213s] -- Install configuration: ""
[4.256s] -- Up-to-date: /home/k/Desktop/Zeb05/Zebulon05/ros_packages_full/install/turtlesim/share/ament_index/resource_index/rosidl_interfaces/turtlesim
[4.269s] -- Up-to-date: /home/k/Desktop/Zeb05/Zebulon05/ros_packages_full/install/turtlesim/include/turtlesim/turtlesim
[4.277s] -- Up-to-date: /home/k/Desktop/Zeb05/Zebulon05/ros_packages_full/install/turtlesim/include/turtlesim/turtlesim/srv
[4.284s] -- Up-to-date: /home/k/Desktop/Zeb05/Zebulon05/ros_packages_full/install/turtlesim/include/turtlesim/turtlesim/srv/kill.h
[4.285s] -- Up-to-date: /home/k/Desktop/Zeb05/Zebulon05/ros_packages_full/install/turtlesim/include/turtlesim/turtlesim/srv/teleport_relative.h
[4.286s] -- Up-to-date: /home/k/Desktop/Zeb05/Zebulon05/ros_packages_full/install/turtlesim/include/turtlesim/turtlesim/srv/detail
[4.292s] -- Up-to-date: /home/k/Desktop/Zeb05/Zebulon05/ros_packages_full/install/turtlesim/include/turtlesim/turtlesim/srv/detail/teleport_absolute__type_support.h
[4.293s] -- Up-to-date: /home/k/Desktop/Zeb05/Zebulon05/ros_packages_full/install/turtlesim/include/turtlesim/turtlesim/srv/detail/set_pen__type_support.h
[4.294s] -- Up-to-date: /home/k/Desktop/Zeb05/Zebulon05/ros_packages_full/install/turtlesim/include/turtlesim/turtlesim/srv/detail/spawn__struct.h
[4.294s] -- Up-to-date: /home/k/Desktop/Zeb05/Zebulon05/ros_packages_full/install/turtlesim/include/turtlesim/turtlesim/srv/detail/spawn__functions.c
[4.295s] -- Up-to-date: /home/k/Desktop/Zeb05/Zebulon05/ros_packages_full/install/turtlesim/include/turtlesim/turtlesim/srv/detail/set_pen__struct.h
[4.296s] -- Up-to-date: /home/k/Desktop/Zeb05/Zebulon05/ros_packages_full/install/turtlesim/include/turtlesim/turtlesim/srv/detail/kill__functions.c
[4.297s] -- Up-to-date: /home/k/Desktop/Zeb05/Zebulon05/ros_packages_full/install/turtlesim/include/turtlesim/turtlesim/srv/detail/kill__type_support.h
[4.297s] -- Up-to-date: /home/k/Desktop/Zeb05/Zebulon05/ros_packages_full/install/turtlesim/include/turtlesim/turtlesim/srv/detail/teleport_relative__functions.c
[4.298s] -- Up-to-date: /home/k/Desktop/Zeb05/Zebulon05/ros_packages_full/install/turtlesim/include/turtlesim/turtlesim/srv/detail/spawn__type_support.h
[4.299s] -- Up-to-date: /home/k/Desktop/Zeb05/Zebulon05/ros_packages_full/install/turtlesim/include/turtlesim/turtlesim/srv/detail/teleport_relative__functions.h
[4.300s] -- Up-to-date: /home/k/Desktop/Zeb05/Zebulon05/ros_packages_full/install/turtlesim/include/turtlesim/turtlesim/srv/detail/teleport_absolute__struct.h
[4.300s] -- Up-to-date: /home/k/Desktop/Zeb05/Zebulon05/ros_packages_full/install/turtlesim/include/turtlesim/turtlesim/srv/detail/set_pen__functions.c
[4.301s] -- Up-to-date: /home/k/Desktop/Zeb05/Zebulon05/ros_packages_full/install/turtlesim/include/turtlesim/turtlesim/srv/detail/kill__struct.h
[4.302s] -- Up-to-date: /home/k/Desktop/Zeb05/Zebulon05/ros_packages_full/install/turtlesim/include/turtlesim/turtlesim/srv/detail/teleport_relative__type_support.h
[4.302s] -- Up-to-date: /home/k/Desktop/Zeb05/Zebulon05/ros_packages_full/install/turtlesim/include/turtlesim/turtlesim/srv/detail/teleport_absolute__functions.c
[4.303s] -- Up-to-date: /home/k/Desktop/Zeb05/Zebulon05/ros_packages_full/install/turtlesim/include/turtlesim/turtlesim/srv/detail/teleport_relative__struct.h
[4.303s] -- Up-to-date: /home/k/Desktop/Zeb05/Zebulon05/ros_packages_full/install/turtlesim/include/turtlesim/turtlesim/srv/detail/spawn__functions.h
[4.304s] -- Up-to-date: /home/k/Desktop/Zeb05/Zebulon05/ros_packages_full/install/turtlesim/include/turtlesim/turtlesim/srv/detail/set_pen__functions.h
[4.304s] -- Up-to-date: /home/k/Desktop/Zeb05/Zebulon05/ros_packages_full/install/turtlesim/include/turtlesim/turtlesim/srv/detail/kill__functions.h
[4.305s] -- Up-to-date: /home/k/Desktop/Zeb05/Zebulon05/ros_packages_full/install/turtlesim/include/turtlesim/turtlesim/srv/detail/teleport_absolute__functions.h
[4.305s] -- Up-to-date: /home/k/Desktop/Zeb05/Zebulon05/ros_packages_full/install/turtlesim/include/turtlesim/turtlesim/srv/set_pen.h
[4.306s] -- Up-to-date: /home/k/Desktop/Zeb05/Zebulon05/ros_packages_full/install/turtlesim/include/turtlesim/turtlesim/srv/spawn.h
[4.306s] -- Up-to-date: /home/k/Desktop/Zeb05/Zebulon05/ros_packages_full/install/turtlesim/include/turtlesim/turtlesim/srv/teleport_absolute.h
[4.306s] -- Up-to-date: /home/k/Desktop/Zeb05/Zebulon05/ros_packages_full/install/turtlesim/include/turtlesim/turtlesim/action
[4.307s] -- Up-to-date: /home/k/Desktop/Zeb05/Zebulon05/ros_packages_full/install/turtlesim/include/turtlesim/turtlesim/action/rotate_absolute.h
[4.308s] -- Up-to-date: /home/k/Desktop/Zeb05/Zebulon05/ros_packages_full/install/turtlesim/include/turtlesim/turtlesim/action/detail
[4.315s] -- Up-to-date: /home/k/Desktop/Zeb05/Zebulon05/ros_packages_full/install/turtlesim/include/turtlesim/turtlesim/action/detail/rotate_absolute__functions.h
[4.316s] -- Up-to-date: /home/k/Desktop/Zeb05/Zebulon05/ros_packages_full/install/turtlesim/include/turtlesim/turtlesim/action/detail/rotate_absolute__struct.h
[4.316s] -- Up-to-date: /home/k/Desktop/Zeb05/Zebulon05/ros_packages_full/install/turtlesim/include/turtlesim/turtlesim/action/detail/rotate_absolute__functions.c
[4.317s] -- Up-to-date: /home/k/Desktop/Zeb05/Zebulon05/ros_packages_full/install/turtlesim/include/turtlesim/turtlesim/action/detail/rotate_absolute__type_support.h
[4.317s] -- Up-to-date: /home/k/Desktop/Zeb05/Zebulon05/ros_packages_full/install/turtlesim/include/turtlesim/turtlesim/msg
[4.324s] -- Up-to-date: /home/k/Desktop/Zeb05/Zebulon05/ros_packages_full/install/turtlesim/include/turtlesim/turtlesim/msg/rosidl_generator_c__visibility_control.h
[4.325s] -- Up-to-date: /home/k/Desktop/Zeb05/Zebulon05/ros_packages_full/install/turtlesim/include/turtlesim/turtlesim/msg/color.h
[4.325s] -- Up-to-date: /home/k/Desktop/Zeb05/Zebulon05/ros_packages_full/install/turtlesim/include/turtlesim/turtlesim/msg/detail
[4.332s] -- Up-to-date: /home/k/Desktop/Zeb05/Zebulon05/ros_packages_full/install/turtlesim/include/turtlesim/turtlesim/msg/detail/pose__type_support.h
[4.334s] -- Up-to-date: /home/k/Desktop/Zeb05/Zebulon05/ros_packages_full/install/turtlesim/include/turtlesim/turtlesim/msg/detail/color__type_support.h
[4.335s] -- Up-to-date: /home/k/Desktop/Zeb05/Zebulon05/ros_packages_full/install/turtlesim/include/turtlesim/turtlesim/msg/detail/color__struct.h
[4.335s] -- Up-to-date: /home/k/Desktop/Zeb05/Zebulon05/ros_packages_full/install/turtlesim/include/turtlesim/turtlesim/msg/detail/color__functions.h
[4.336s] -- Up-to-date: /home/k/Desktop/Zeb05/Zebulon05/ros_packages_full/install/turtlesim/include/turtlesim/turtlesim/msg/detail/pose__functions.c
[4.337s] -- Up-to-date: /home/k/Desktop/Zeb05/Zebulon05/ros_packages_full/install/turtlesim/include/turtlesim/turtlesim/msg/detail/pose__functions.h
[4.338s] -- Up-to-date: /home/k/Desktop/Zeb05/Zebulon05/ros_packages_full/install/turtlesim/include/turtlesim/turtlesim/msg/detail/pose__struct.h
[4.339s] -- Up-to-date: /home/k/Desktop/Zeb05/Zebulon05/ros_packages_full/install/turtlesim/include/turtlesim/turtlesim/msg/detail/color__functions.c
[4.340s] -- Up-to-date: /home/k/Desktop/Zeb05/Zebulon05/ros_packages_full/install/turtlesim/include/turtlesim/turtlesim/msg/pose.h
[4.347s] -- Up-to-date: /home/k/Desktop/Zeb05/Zebulon05/ros_packages_full/install/turtlesim/share/turtlesim/environment/library_path.sh
[4.348s] -- Up-to-date: /home/k/Desktop/Zeb05/Zebulon05/ros_packages_full/install/turtlesim/share/turtlesim/environment/library_path.dsv
[4.382s] -- Up-to-date: /home/k/Desktop/Zeb05/Zebulon05/ros_packages_full/install/turtlesim/lib/libturtlesim__rosidl_generator_c.so
[4.385s] -- Up-to-date: /home/k/Desktop/Zeb05/Zebulon05/ros_packages_full/install/turtlesim/include/turtlesim/turtlesim
[4.387s] -- Up-to-date: /home/k/Desktop/Zeb05/Zebulon05/ros_packages_full/install/turtlesim/include/turtlesim/turtlesim/srv
[4.388s] -- Up-to-date: /home/k/Desktop/Zeb05/Zebulon05/ros_packages_full/install/turtlesim/include/turtlesim/turtlesim/srv/detail
[4.389s] -- Up-to-date: /home/k/Desktop/Zeb05/Zebulon05/ros_packages_full/install/turtlesim/include/turtlesim/turtlesim/srv/detail/spawn__rosidl_typesupport_fastrtps_c.h
[4.391s] -- Up-to-date: /home/k/Desktop/Zeb05/Zebulon05/ros_packages_full/install/turtlesim/include/turtlesim/turtlesim/srv/detail/teleport_absolute__rosidl_typesupport_fastrtps_c.h
[4.391s] -- Up-to-date: /home/k/Desktop/Zeb05/Zebulon05/ros_packages_full/install/turtlesim/include/turtlesim/turtlesim/srv/detail/kill__rosidl_typesupport_fastrtps_c.h
[4.392s] -- Up-to-date: /home/k/Desktop/Zeb05/Zebulon05/ros_packages_full/install/turtlesim/include/turtlesim/turtlesim/srv/detail/teleport_relative__rosidl_typesupport_fastrtps_c.h
[4.392s] -- Up-to-date: /home/k/Desktop/Zeb05/Zebulon05/ros_packages_full/install/turtlesim/include/turtlesim/turtlesim/srv/detail/set_pen__rosidl_typesupport_fastrtps_c.h
[4.393s] -- Up-to-date: /home/k/Desktop/Zeb05/Zebulon05/ros_packages_full/install/turtlesim/include/turtlesim/turtlesim/action
[4.393s] -- Up-to-date: /home/k/Desktop/Zeb05/Zebulon05/ros_packages_full/install/turtlesim/include/turtlesim/turtlesim/action/detail
[4.394s] -- Up-to-date: /home/k/Desktop/Zeb05/Zebulon05/ros_packages_full/install/turtlesim/include/turtlesim/turtlesim/action/detail/rotate_absolute__rosidl_typesupport_fastrtps_c.h
[4.394s] -- Up-to-date: /home/k/Desktop/Zeb05/Zebulon05/ros_packages_full/install/turtlesim/include/turtlesim/turtlesim/msg
[4.395s] -- Up-to-date: /home/k/Desktop/Zeb05/Zebulon05/ros_packages_full/install/turtlesim/include/turtlesim/turtlesim/msg/rosidl_typesupport_fastrtps_c__visibility_control.h
[4.395s] -- Up-to-date: /home/k/Desktop/Zeb05/Zebulon05/ros_packages_full/install/turtlesim/include/turtlesim/turtlesim/msg/detail
[4.395s] -- Up-to-date: /home/k/Desktop/Zeb05/Zebulon05/ros_packages_full/install/turtlesim/include/turtlesim/turtlesim/msg/detail/pose__rosidl_typesupport_fastrtps_c.h
[4.396s] -- Up-to-date: /home/k/Desktop/Zeb05/Zebulon05/ros_packages_full/install/turtlesim/include/turtlesim/turtlesim/msg/detail/color__rosidl_typesupport_fastrtps_c.h
[4.402s] -- Up-to-date: /home/k/Desktop/Zeb05/Zebulon05/ros_packages_full/install/turtlesim/lib/libturtlesim__rosidl_typesupport_fastrtps_c.so
[4.404s] -- Up-to-date: /home/k/Desktop/Zeb05/Zebulon05/ros_packages_full/install/turtlesim/include/turtlesim/turtlesim
[4.404s] -- Up-to-date: /home/k/Desktop/Zeb05/Zebulon05/ros_packages_full/install/turtlesim/include/turtlesim/turtlesim/srv
[4.405s] -- Up-to-date: /home/k/Desktop/Zeb05/Zebulon05/ros_packages_full/install/turtlesim/include/turtlesim/turtlesim/srv/kill.hpp
[4.405s] -- Up-to-date: /home/k/Desktop/Zeb05/Zebulon05/ros_packages_full/install/turtlesim/include/turtlesim/turtlesim/srv/spawn.hpp
[4.406s] -- Up-to-date: /home/k/Desktop/Zeb05/Zebulon05/ros_packages_full/install/turtlesim/include/turtlesim/turtlesim/srv/teleport_absolute.hpp
[4.406s] -- Up-to-date: /home/k/Desktop/Zeb05/Zebulon05/ros_packages_full/install/turtlesim/include/turtlesim/turtlesim/srv/set_pen.hpp
[4.407s] -- Up-to-date: /home/k/Desktop/Zeb05/Zebulon05/ros_packages_full/install/turtlesim/include/turtlesim/turtlesim/srv/detail
[4.407s] -- Up-to-date: /home/k/Desktop/Zeb05/Zebulon05/ros_packages_full/install/turtlesim/include/turtlesim/turtlesim/srv/detail/kill__struct.hpp
[4.408s] -- Up-to-date: /home/k/Desktop/Zeb05/Zebulon05/ros_packages_full/install/turtlesim/include/turtlesim/turtlesim/srv/detail/teleport_relative__struct.hpp
[4.408s] -- Up-to-date: /home/k/Desktop/Zeb05/Zebulon05/ros_packages_full/install/turtlesim/include/turtlesim/turtlesim/srv/detail/set_pen__traits.hpp
[4.409s] -- Up-to-date: /home/k/Desktop/Zeb05/Zebulon05/ros_packages_full/install/turtlesim/include/turtlesim/turtlesim/srv/detail/teleport_relative__builder.hpp
[4.409s] -- Up-to-date: /home/k/Desktop/Zeb05/Zebulon05/ros_packages_full/install/turtlesim/include/turtlesim/turtlesim/srv/detail/teleport_relative__traits.hpp
[4.410s] -- Up-to-date: /home/k/Desktop/Zeb05/Zebulon05/ros_packages_full/install/turtlesim/include/turtlesim/turtlesim/srv/detail/spawn__builder.hpp
[4.410s] -- Up-to-date: /home/k/Desktop/Zeb05/Zebulon05/ros_packages_full/install/turtlesim/include/turtlesim/turtlesim/srv/detail/teleport_absolute__struct.hpp
[4.411s] -- Up-to-date: /home/k/Desktop/Zeb05/Zebulon05/ros_packages_full/install/turtlesim/include/turtlesim/turtlesim/srv/detail/kill__builder.hpp
[4.411s] -- Up-to-date: /home/k/Desktop/Zeb05/Zebulon05/ros_packages_full/install/turtlesim/include/turtlesim/turtlesim/srv/detail/set_pen__builder.hpp
[4.412s] -- Up-to-date: /home/k/Desktop/Zeb05/Zebulon05/ros_packages_full/install/turtlesim/include/turtlesim/turtlesim/srv/detail/teleport_absolute__traits.hpp
[4.412s] -- Up-to-date: /home/k/Desktop/Zeb05/Zebulon05/ros_packages_full/install/turtlesim/include/turtlesim/turtlesim/srv/detail/set_pen__struct.hpp
[4.413s] -- Up-to-date: /home/k/Desktop/Zeb05/Zebulon05/ros_packages_full/install/turtlesim/include/turtlesim/turtlesim/srv/detail/spawn__traits.hpp
[4.413s] -- Up-to-date: /home/k/Desktop/Zeb05/Zebulon05/ros_packages_full/install/turtlesim/include/turtlesim/turtlesim/srv/detail/spawn__struct.hpp
[4.414s] -- Up-to-date: /home/k/Desktop/Zeb05/Zebulon05/ros_packages_full/install/turtlesim/include/turtlesim/turtlesim/srv/detail/teleport_absolute__builder.hpp
[4.414s] -- Up-to-date: /home/k/Desktop/Zeb05/Zebulon05/ros_packages_full/install/turtlesim/include/turtlesim/turtlesim/srv/detail/kill__traits.hpp
[4.415s] -- Up-to-date: /home/k/Desktop/Zeb05/Zebulon05/ros_packages_full/install/turtlesim/include/turtlesim/turtlesim/srv/teleport_relative.hpp
[4.415s] -- Up-to-date: /home/k/Desktop/Zeb05/Zebulon05/ros_packages_full/install/turtlesim/include/turtlesim/turtlesim/action
[4.416s] -- Up-to-date: /home/k/Desktop/Zeb05/Zebulon05/ros_packages_full/install/turtlesim/include/turtlesim/turtlesim/action/rotate_absolute.hpp
[4.416s] -- Up-to-date: /home/k/Desktop/Zeb05/Zebulon05/ros_packages_full/install/turtlesim/include/turtlesim/turtlesim/action/detail
[4.417s] -- Up-to-date: /home/k/Desktop/Zeb05/Zebulon05/ros_packages_full/install/turtlesim/include/turtlesim/turtlesim/action/detail/rotate_absolute__builder.hpp
[4.417s] -- Up-to-date: /home/k/Desktop/Zeb05/Zebulon05/ros_packages_full/install/turtlesim/include/turtlesim/turtlesim/action/detail/rotate_absolute__struct.hpp
[4.418s] -- Up-to-date: /home/k/Desktop/Zeb05/Zebulon05/ros_packages_full/install/turtlesim/include/turtlesim/turtlesim/action/detail/rotate_absolute__traits.hpp
[4.418s] -- Up-to-date: /home/k/Desktop/Zeb05/Zebulon05/ros_packages_full/install/turtlesim/include/turtlesim/turtlesim/msg
[4.419s] -- Up-to-date: /home/k/Desktop/Zeb05/Zebulon05/ros_packages_full/install/turtlesim/include/turtlesim/turtlesim/msg/pose.hpp
[4.419s] -- Up-to-date: /home/k/Desktop/Zeb05/Zebulon05/ros_packages_full/install/turtlesim/include/turtlesim/turtlesim/msg/color.hpp
[4.420s] -- Up-to-date: /home/k/Desktop/Zeb05/Zebulon05/ros_packages_full/install/turtlesim/include/turtlesim/turtlesim/msg/detail
[4.420s] -- Up-to-date: /home/k/Desktop/Zeb05/Zebulon05/ros_packages_full/install/turtlesim/include/turtlesim/turtlesim/msg/detail/pose__struct.hpp
[4.421s] -- Up-to-date: /home/k/Desktop/Zeb05/Zebulon05/ros_packages_full/install/turtlesim/include/turtlesim/turtlesim/msg/detail/pose__traits.hpp
[4.421s] -- Up-to-date: /home/k/Desktop/Zeb05/Zebulon05/ros_packages_full/install/turtlesim/include/turtlesim/turtlesim/msg/detail/color__traits.hpp
[4.422s] -- Up-to-date: /home/k/Desktop/Zeb05/Zebulon05/ros_packages_full/install/turtlesim/include/turtlesim/turtlesim/msg/detail/pose__builder.hpp
[4.422s] -- Up-to-date: /home/k/Desktop/Zeb05/Zebulon05/ros_packages_full/install/turtlesim/include/turtlesim/turtlesim/msg/detail/color__builder.hpp
[4.422s] -- Up-to-date: /home/k/Desktop/Zeb05/Zebulon05/ros_packages_full/install/turtlesim/include/turtlesim/turtlesim/msg/detail/color__struct.hpp
[4.423s] -- Up-to-date: /home/k/Desktop/Zeb05/Zebulon05/ros_packages_full/install/turtlesim/include/turtlesim/turtlesim
[4.423s] -- Up-to-date: /home/k/Desktop/Zeb05/Zebulon05/ros_packages_full/install/turtlesim/include/turtlesim/turtlesim/srv
[4.424s] -- Up-to-date: /home/k/Desktop/Zeb05/Zebulon05/ros_packages_full/install/turtlesim/include/turtlesim/turtlesim/srv/detail
[4.424s] -- Up-to-date: /home/k/Desktop/Zeb05/Zebulon05/ros_packages_full/install/turtlesim/include/turtlesim/turtlesim/srv/detail/teleport_absolute__rosidl_typesupport_fastrtps_cpp.hpp
[4.425s] -- Up-to-date: /home/k/Desktop/Zeb05/Zebulon05/ros_packages_full/install/turtlesim/include/turtlesim/turtlesim/srv/detail/teleport_relative__rosidl_typesupport_fastrtps_cpp.hpp
[4.425s] -- Up-to-date: /home/k/Desktop/Zeb05/Zebulon05/ros_packages_full/install/turtlesim/include/turtlesim/turtlesim/srv/detail/spawn__rosidl_typesupport_fastrtps_cpp.hpp
[4.425s] -- Up-to-date: /home/k/Desktop/Zeb05/Zebulon05/ros_packages_full/install/turtlesim/include/turtlesim/turtlesim/srv/detail/set_pen__rosidl_typesupport_fastrtps_cpp.hpp
[4.426s] -- Up-to-date: /home/k/Desktop/Zeb05/Zebulon05/ros_packages_full/install/turtlesim/include/turtlesim/turtlesim/srv/detail/kill__rosidl_typesupport_fastrtps_cpp.hpp
[4.426s] -- Up-to-date: /home/k/Desktop/Zeb05/Zebulon05/ros_packages_full/install/turtlesim/include/turtlesim/turtlesim/srv/detail/dds_fastrtps
[4.426s] -- Up-to-date: /home/k/Desktop/Zeb05/Zebulon05/ros_packages_full/install/turtlesim/include/turtlesim/turtlesim/action
[4.427s] -- Up-to-date: /home/k/Desktop/Zeb05/Zebulon05/ros_packages_full/install/turtlesim/include/turtlesim/turtlesim/action/detail
[4.427s] -- Up-to-date: /home/k/Desktop/Zeb05/Zebulon05/ros_packages_full/install/turtlesim/include/turtlesim/turtlesim/action/detail/rotate_absolute__rosidl_typesupport_fastrtps_cpp.hpp
[4.428s] -- Up-to-date: /home/k/Desktop/Zeb05/Zebulon05/ros_packages_full/install/turtlesim/include/turtlesim/turtlesim/action/detail/dds_fastrtps
[4.428s] -- Up-to-date: /home/k/Desktop/Zeb05/Zebulon05/ros_packages_full/install/turtlesim/include/turtlesim/turtlesim/msg
[4.429s] -- Up-to-date: /home/k/Desktop/Zeb05/Zebulon05/ros_packages_full/install/turtlesim/include/turtlesim/turtlesim/msg/rosidl_typesupport_fastrtps_cpp__visibility_control.h
[4.429s] -- Up-to-date: /home/k/Desktop/Zeb05/Zebulon05/ros_packages_full/install/turtlesim/include/turtlesim/turtlesim/msg/detail
[4.429s] -- Up-to-date: /home/k/Desktop/Zeb05/Zebulon05/ros_packages_full/install/turtlesim/include/turtlesim/turtlesim/msg/detail/pose__rosidl_typesupport_fastrtps_cpp.hpp
[4.430s] -- Up-to-date: /home/k/Desktop/Zeb05/Zebulon05/ros_packages_full/install/turtlesim/include/turtlesim/turtlesim/msg/detail/color__rosidl_typesupport_fastrtps_cpp.hpp
[4.430s] -- Up-to-date: /home/k/Desktop/Zeb05/Zebulon05/ros_packages_full/install/turtlesim/include/turtlesim/turtlesim/msg/detail/dds_fastrtps
[4.436s] -- Up-to-date: /home/k/Desktop/Zeb05/Zebulon05/ros_packages_full/install/turtlesim/lib/libturtlesim__rosidl_typesupport_fastrtps_cpp.so
[4.437s] -- Up-to-date: /home/k/Desktop/Zeb05/Zebulon05/ros_packages_full/install/turtlesim/include/turtlesim/turtlesim
[4.438s] -- Up-to-date: /home/k/Desktop/Zeb05/Zebulon05/ros_packages_full/install/turtlesim/include/turtlesim/turtlesim/srv
[4.438s] -- Up-to-date: /home/k/Desktop/Zeb05/Zebulon05/ros_packages_full/install/turtlesim/include/turtlesim/turtlesim/srv/detail
[4.439s] -- Up-to-date: /home/k/Desktop/Zeb05/Zebulon05/ros_packages_full/install/turtlesim/include/turtlesim/turtlesim/srv/detail/set_pen__rosidl_typesupport_introspection_c.h
[4.439s] -- Up-to-date: /home/k/Desktop/Zeb05/Zebulon05/ros_packages_full/install/turtlesim/include/turtlesim/turtlesim/srv/detail/teleport_absolute__type_support.c
[4.440s] -- Up-to-date: /home/k/Desktop/Zeb05/Zebulon05/ros_packages_full/install/turtlesim/include/turtlesim/turtlesim/srv/detail/teleport_absolute__rosidl_typesupport_introspection_c.h
[4.440s] -- Up-to-date: /home/k/Desktop/Zeb05/Zebulon05/ros_packages_full/install/turtlesim/include/turtlesim/turtlesim/srv/detail/teleport_relative__rosidl_typesupport_introspection_c.h
[4.441s] -- Up-to-date: /home/k/Desktop/Zeb05/Zebulon05/ros_packages_full/install/turtlesim/include/turtlesim/turtlesim/srv/detail/kill__type_support.c
[4.441s] -- Up-to-date: /home/k/Desktop/Zeb05/Zebulon05/ros_packages_full/install/turtlesim/include/turtlesim/turtlesim/srv/detail/spawn__rosidl_typesupport_introspection_c.h
[4.442s] -- Up-to-date: /home/k/Desktop/Zeb05/Zebulon05/ros_packages_full/install/turtlesim/include/turtlesim/turtlesim/srv/detail/set_pen__type_support.c
[4.443s] -- Up-to-date: /home/k/Desktop/Zeb05/Zebulon05/ros_packages_full/install/turtlesim/include/turtlesim/turtlesim/srv/detail/teleport_relative__type_support.c
[4.443s] -- Up-to-date: /home/k/Desktop/Zeb05/Zebulon05/ros_packages_full/install/turtlesim/include/turtlesim/turtlesim/srv/detail/kill__rosidl_typesupport_introspection_c.h
[4.444s] -- Up-to-date: /home/k/Desktop/Zeb05/Zebulon05/ros_packages_full/install/turtlesim/include/turtlesim/turtlesim/srv/detail/spawn__type_support.c
[4.444s] -- Up-to-date: /home/k/Desktop/Zeb05/Zebulon05/ros_packages_full/install/turtlesim/include/turtlesim/turtlesim/action
[4.445s] -- Up-to-date: /home/k/Desktop/Zeb05/Zebulon05/ros_packages_full/install/turtlesim/include/turtlesim/turtlesim/action/detail
[4.445s] -- Up-to-date: /home/k/Desktop/Zeb05/Zebulon05/ros_packages_full/install/turtlesim/include/turtlesim/turtlesim/action/detail/rotate_absolute__rosidl_typesupport_introspection_c.h
[4.446s] -- Up-to-date: /home/k/Desktop/Zeb05/Zebulon05/ros_packages_full/install/turtlesim/include/turtlesim/turtlesim/action/detail/rotate_absolute__type_support.c
[4.446s] -- Up-to-date: /home/k/Desktop/Zeb05/Zebulon05/ros_packages_full/install/turtlesim/include/turtlesim/turtlesim/msg
[4.447s] -- Up-to-date: /home/k/Desktop/Zeb05/Zebulon05/ros_packages_full/install/turtlesim/include/turtlesim/turtlesim/msg/rosidl_typesupport_introspection_c__visibility_control.h
[4.447s] -- Up-to-date: /home/k/Desktop/Zeb05/Zebulon05/ros_packages_full/install/turtlesim/include/turtlesim/turtlesim/msg/detail
[4.448s] -- Up-to-date: /home/k/Desktop/Zeb05/Zebulon05/ros_packages_full/install/turtlesim/include/turtlesim/turtlesim/msg/detail/color__type_support.c
[4.448s] -- Up-to-date: /home/k/Desktop/Zeb05/Zebulon05/ros_packages_full/install/turtlesim/include/turtlesim/turtlesim/msg/detail/color__rosidl_typesupport_introspection_c.h
[4.449s] -- Up-to-date: /home/k/Desktop/Zeb05/Zebulon05/ros_packages_full/install/turtlesim/include/turtlesim/turtlesim/msg/detail/pose__rosidl_typesupport_introspection_c.h
[4.450s] -- Up-to-date: /home/k/Desktop/Zeb05/Zebulon05/ros_packages_full/install/turtlesim/include/turtlesim/turtlesim/msg/detail/pose__type_support.c
[4.454s] -- Up-to-date: /home/k/Desktop/Zeb05/Zebulon05/ros_packages_full/install/turtlesim/lib/libturtlesim__rosidl_typesupport_introspection_c.so
[4.459s] -- Up-to-date: /home/k/Desktop/Zeb05/Zebulon05/ros_packages_full/install/turtlesim/lib/libturtlesim__rosidl_typesupport_c.so
[4.461s] -- Up-to-date: /home/k/Desktop/Zeb05/Zebulon05/ros_packages_full/install/turtlesim/include/turtlesim/turtlesim
[4.461s] -- Up-to-date: /home/k/Desktop/Zeb05/Zebulon05/ros_packages_full/install/turtlesim/include/turtlesim/turtlesim/srv
[4.462s] -- Up-to-date: /home/k/Desktop/Zeb05/Zebulon05/ros_packages_full/install/turtlesim/include/turtlesim/turtlesim/srv/detail
[4.463s] -- Up-to-date: /home/k/Desktop/Zeb05/Zebulon05/ros_packages_full/install/turtlesim/include/turtlesim/turtlesim/srv/detail/teleport_relative__type_support.cpp
[4.463s] -- Up-to-date: /home/k/Desktop/Zeb05/Zebulon05/ros_packages_full/install/turtlesim/include/turtlesim/turtlesim/srv/detail/kill__rosidl_typesupport_introspection_cpp.hpp
[4.464s] -- Up-to-date: /home/k/Desktop/Zeb05/Zebulon05/ros_packages_full/install/turtlesim/include/turtlesim/turtlesim/srv/detail/teleport_relative__rosidl_typesupport_introspection_cpp.hpp
[4.465s] -- Up-to-date: /home/k/Desktop/Zeb05/Zebulon05/ros_packages_full/install/turtlesim/include/turtlesim/turtlesim/srv/detail/spawn__rosidl_typesupport_introspection_cpp.hpp
[4.465s] -- Up-to-date: /home/k/Desktop/Zeb05/Zebulon05/ros_packages_full/install/turtlesim/include/turtlesim/turtlesim/srv/detail/teleport_absolute__rosidl_typesupport_introspection_cpp.hpp
[4.466s] -- Up-to-date: /home/k/Desktop/Zeb05/Zebulon05/ros_packages_full/install/turtlesim/include/turtlesim/turtlesim/srv/detail/spawn__type_support.cpp
[4.466s] -- Up-to-date: /home/k/Desktop/Zeb05/Zebulon05/ros_packages_full/install/turtlesim/include/turtlesim/turtlesim/srv/detail/kill__type_support.cpp
[4.467s] -- Up-to-date: /home/k/Desktop/Zeb05/Zebulon05/ros_packages_full/install/turtlesim/include/turtlesim/turtlesim/srv/detail/teleport_absolute__type_support.cpp
[4.468s] -- Up-to-date: /home/k/Desktop/Zeb05/Zebulon05/ros_packages_full/install/turtlesim/include/turtlesim/turtlesim/srv/detail/set_pen__rosidl_typesupport_introspection_cpp.hpp
[4.468s] -- Up-to-date: /home/k/Desktop/Zeb05/Zebulon05/ros_packages_full/install/turtlesim/include/turtlesim/turtlesim/srv/detail/set_pen__type_support.cpp
[4.469s] -- Up-to-date: /home/k/Desktop/Zeb05/Zebulon05/ros_packages_full/install/turtlesim/include/turtlesim/turtlesim/action
[4.469s] -- Up-to-date: /home/k/Desktop/Zeb05/Zebulon05/ros_packages_full/install/turtlesim/include/turtlesim/turtlesim/action/detail
[4.470s] -- Up-to-date: /home/k/Desktop/Zeb05/Zebulon05/ros_packages_full/install/turtlesim/include/turtlesim/turtlesim/action/detail/rotate_absolute__rosidl_typesupport_introspection_cpp.hpp
[4.471s] -- Up-to-date: /home/k/Desktop/Zeb05/Zebulon05/ros_packages_full/install/turtlesim/include/turtlesim/turtlesim/action/detail/rotate_absolute__type_support.cpp
[4.471s] -- Up-to-date: /home/k/Desktop/Zeb05/Zebulon05/ros_packages_full/install/turtlesim/include/turtlesim/turtlesim/msg
[4.472s] -- Up-to-date: /home/k/Desktop/Zeb05/Zebulon05/ros_packages_full/install/turtlesim/include/turtlesim/turtlesim/msg/detail
[4.472s] -- Up-to-date: /home/k/Desktop/Zeb05/Zebulon05/ros_packages_full/install/turtlesim/include/turtlesim/turtlesim/msg/detail/pose__rosidl_typesupport_introspection_cpp.hpp
[4.473s] -- Up-to-date: /home/k/Desktop/Zeb05/Zebulon05/ros_packages_full/install/turtlesim/include/turtlesim/turtlesim/msg/detail/color__type_support.cpp
[4.473s] -- Up-to-date: /home/k/Desktop/Zeb05/Zebulon05/ros_packages_full/install/turtlesim/include/turtlesim/turtlesim/msg/detail/pose__type_support.cpp
[4.474s] -- Up-to-date: /home/k/Desktop/Zeb05/Zebulon05/ros_packages_full/install/turtlesim/include/turtlesim/turtlesim/msg/detail/color__rosidl_typesupport_introspection_cpp.hpp
[4.480s] -- Up-to-date: /home/k/Desktop/Zeb05/Zebulon05/ros_packages_full/install/turtlesim/lib/libturtlesim__rosidl_typesupport_introspection_cpp.so
[4.485s] -- Up-to-date: /home/k/Desktop/Zeb05/Zebulon05/ros_packages_full/install/turtlesim/lib/libturtlesim__rosidl_typesupport_cpp.so
[4.487s] -- Up-to-date: /home/k/Desktop/Zeb05/Zebulon05/ros_packages_full/install/turtlesim/share/turtlesim/environment/pythonpath.sh
[4.488s] -- Up-to-date: /home/k/Desktop/Zeb05/Zebulon05/ros_packages_full/install/turtlesim/share/turtlesim/environment/pythonpath.dsv
[4.491s] -- Up-to-date: /home/k/Desktop/Zeb05/Zebulon05/ros_packages_full/install/turtlesim/local/lib/python3.10/dist-packages/turtlesim-1.4.1-py3.10.egg-info
[4.493s] -- Installing: /home/k/Desktop/Zeb05/Zebulon05/ros_packages_full/install/turtlesim/local/lib/python3.10/dist-packages/turtlesim-1.4.1-py3.10.egg-info/PKG-INFO
[4.495s] -- Installing: /home/k/Desktop/Zeb05/Zebulon05/ros_packages_full/install/turtlesim/local/lib/python3.10/dist-packages/turtlesim-1.4.1-py3.10.egg-info/top_level.txt
[4.497s] -- Installing: /home/k/Desktop/Zeb05/Zebulon05/ros_packages_full/install/turtlesim/local/lib/python3.10/dist-packages/turtlesim-1.4.1-py3.10.egg-info/SOURCES.txt
[4.499s] -- Installing: /home/k/Desktop/Zeb05/Zebulon05/ros_packages_full/install/turtlesim/local/lib/python3.10/dist-packages/turtlesim-1.4.1-py3.10.egg-info/dependency_links.txt
[4.501s] -- Up-to-date: /home/k/Desktop/Zeb05/Zebulon05/ros_packages_full/install/turtlesim/local/lib/python3.10/dist-packages/turtlesim
[4.502s] -- Up-to-date: /home/k/Desktop/Zeb05/Zebulon05/ros_packages_full/install/turtlesim/local/lib/python3.10/dist-packages/turtlesim/srv
[4.504s] -- Up-to-date: /home/k/Desktop/Zeb05/Zebulon05/ros_packages_full/install/turtlesim/local/lib/python3.10/dist-packages/turtlesim/srv/_teleport_absolute.py
[4.505s] -- Up-to-date: /home/k/Desktop/Zeb05/Zebulon05/ros_packages_full/install/turtlesim/local/lib/python3.10/dist-packages/turtlesim/srv/_set_pen_s.c
[4.505s] -- Up-to-date: /home/k/Desktop/Zeb05/Zebulon05/ros_packages_full/install/turtlesim/local/lib/python3.10/dist-packages/turtlesim/srv/_teleport_relative.py
[4.506s] -- Up-to-date: /home/k/Desktop/Zeb05/Zebulon05/ros_packages_full/install/turtlesim/local/lib/python3.10/dist-packages/turtlesim/srv/_kill.py
[4.506s] -- Up-to-date: /home/k/Desktop/Zeb05/Zebulon05/ros_packages_full/install/turtlesim/local/lib/python3.10/dist-packages/turtlesim/srv/__init__.py
[4.507s] -- Up-to-date: /home/k/Desktop/Zeb05/Zebulon05/ros_packages_full/install/turtlesim/local/lib/python3.10/dist-packages/turtlesim/srv/_spawn.py
[4.507s] -- Up-to-date: /home/k/Desktop/Zeb05/Zebulon05/ros_packages_full/install/turtlesim/local/lib/python3.10/dist-packages/turtlesim/srv/_teleport_relative_s.c
[4.507s] -- Up-to-date: /home/k/Desktop/Zeb05/Zebulon05/ros_packages_full/install/turtlesim/local/lib/python3.10/dist-packages/turtlesim/srv/_teleport_absolute_s.c
[4.508s] -- Up-to-date: /home/k/Desktop/Zeb05/Zebulon05/ros_packages_full/install/turtlesim/local/lib/python3.10/dist-packages/turtlesim/srv/_set_pen.py
[4.508s] -- Up-to-date: /home/k/Desktop/Zeb05/Zebulon05/ros_packages_full/install/turtlesim/local/lib/python3.10/dist-packages/turtlesim/srv/_kill_s.c
[4.509s] -- Up-to-date: /home/k/Desktop/Zeb05/Zebulon05/ros_packages_full/install/turtlesim/local/lib/python3.10/dist-packages/turtlesim/srv/_spawn_s.c
[4.509s] -- Up-to-date: /home/k/Desktop/Zeb05/Zebulon05/ros_packages_full/install/turtlesim/local/lib/python3.10/dist-packages/turtlesim/turtlesim_s__rosidl_typesupport_fastrtps_c.cpython-310-aarch64-linux-gnu.so
[4.510s] -- Up-to-date: /home/k/Desktop/Zeb05/Zebulon05/ros_packages_full/install/turtlesim/local/lib/python3.10/dist-packages/turtlesim/action
[4.510s] -- Up-to-date: /home/k/Desktop/Zeb05/Zebulon05/ros_packages_full/install/turtlesim/local/lib/python3.10/dist-packages/turtlesim/action/_rotate_absolute.py
[4.511s] -- Up-to-date: /home/k/Desktop/Zeb05/Zebulon05/ros_packages_full/install/turtlesim/local/lib/python3.10/dist-packages/turtlesim/action/__init__.py
[4.511s] -- Up-to-date: /home/k/Desktop/Zeb05/Zebulon05/ros_packages_full/install/turtlesim/local/lib/python3.10/dist-packages/turtlesim/action/_rotate_absolute_s.c
[4.512s] -- Up-to-date: /home/k/Desktop/Zeb05/Zebulon05/ros_packages_full/install/turtlesim/local/lib/python3.10/dist-packages/turtlesim/_turtlesim_s.ep.rosidl_typesupport_introspection_c.c
[4.512s] -- Up-to-date: /home/k/Desktop/Zeb05/Zebulon05/ros_packages_full/install/turtlesim/local/lib/python3.10/dist-packages/turtlesim/msg
[4.513s] -- Up-to-date: /home/k/Desktop/Zeb05/Zebulon05/ros_packages_full/install/turtlesim/local/lib/python3.10/dist-packages/turtlesim/msg/_color_s.c
[4.514s] -- Up-to-date: /home/k/Desktop/Zeb05/Zebulon05/ros_packages_full/install/turtlesim/local/lib/python3.10/dist-packages/turtlesim/msg/_color.py
[4.514s] -- Up-to-date: /home/k/Desktop/Zeb05/Zebulon05/ros_packages_full/install/turtlesim/local/lib/python3.10/dist-packages/turtlesim/msg/__init__.py
[4.515s] -- Up-to-date: /home/k/Desktop/Zeb05/Zebulon05/ros_packages_full/install/turtlesim/local/lib/python3.10/dist-packages/turtlesim/msg/_pose.py
[4.515s] -- Up-to-date: /home/k/Desktop/Zeb05/Zebulon05/ros_packages_full/install/turtlesim/local/lib/python3.10/dist-packages/turtlesim/msg/_pose_s.c
[4.516s] -- Up-to-date: /home/k/Desktop/Zeb05/Zebulon05/ros_packages_full/install/turtlesim/local/lib/python3.10/dist-packages/turtlesim/__init__.py
[4.516s] -- Up-to-date: /home/k/Desktop/Zeb05/Zebulon05/ros_packages_full/install/turtlesim/local/lib/python3.10/dist-packages/turtlesim/_turtlesim_s.ep.rosidl_typesupport_fastrtps_c.c
[4.517s] -- Up-to-date: /home/k/Desktop/Zeb05/Zebulon05/ros_packages_full/install/turtlesim/local/lib/python3.10/dist-packages/turtlesim/turtlesim_s__rosidl_typesupport_c.cpython-310-aarch64-linux-gnu.so
[4.517s] -- Up-to-date: /home/k/Desktop/Zeb05/Zebulon05/ros_packages_full/install/turtlesim/local/lib/python3.10/dist-packages/turtlesim/libturtlesim__rosidl_generator_py.so
[4.518s] -- Up-to-date: /home/k/Desktop/Zeb05/Zebulon05/ros_packages_full/install/turtlesim/local/lib/python3.10/dist-packages/turtlesim/_turtlesim_s.ep.rosidl_typesupport_c.c
[4.518s] -- Up-to-date: /home/k/Desktop/Zeb05/Zebulon05/ros_packages_full/install/turtlesim/local/lib/python3.10/dist-packages/turtlesim/turtlesim_s__rosidl_typesupport_introspection_c.cpython-310-aarch64-linux-gnu.so
[4.693s] Listing '/home/k/Desktop/Zeb05/Zebulon05/ros_packages_full/install/turtlesim/local/lib/python3.10/dist-packages/turtlesim'...
[4.694s] Listing '/home/k/Desktop/Zeb05/Zebulon05/ros_packages_full/install/turtlesim/local/lib/python3.10/dist-packages/turtlesim/action'...
[4.695s] Listing '/home/k/Desktop/Zeb05/Zebulon05/ros_packages_full/install/turtlesim/local/lib/python3.10/dist-packages/turtlesim/msg'...
[4.696s] Listing '/home/k/Desktop/Zeb05/Zebulon05/ros_packages_full/install/turtlesim/local/lib/python3.10/dist-packages/turtlesim/srv'...
[4.723s] -- Up-to-date: /home/k/Desktop/Zeb05/Zebulon05/ros_packages_full/install/turtlesim/local/lib/python3.10/dist-packages/turtlesim/turtlesim_s__rosidl_typesupport_fastrtps_c.cpython-310-aarch64-linux-gnu.so
[4.730s] -- Up-to-date: /home/k/Desktop/Zeb05/Zebulon05/ros_packages_full/install/turtlesim/local/lib/python3.10/dist-packages/turtlesim/turtlesim_s__rosidl_typesupport_introspection_c.cpython-310-aarch64-linux-gnu.so
[4.737s] -- Up-to-date: /home/k/Desktop/Zeb05/Zebulon05/ros_packages_full/install/turtlesim/local/lib/python3.10/dist-packages/turtlesim/turtlesim_s__rosidl_typesupport_c.cpython-310-aarch64-linux-gnu.so
[4.745s] -- Up-to-date: /home/k/Desktop/Zeb05/Zebulon05/ros_packages_full/install/turtlesim/lib/libturtlesim__rosidl_generator_py.so
[4.748s] -- Up-to-date: /home/k/Desktop/Zeb05/Zebulon05/ros_packages_full/install/turtlesim/share/turtlesim/action/RotateAbsolute.idl
[4.749s] -- Up-to-date: /home/k/Desktop/Zeb05/Zebulon05/ros_packages_full/install/turtlesim/share/turtlesim/msg/Color.idl
[4.750s] -- Up-to-date: /home/k/Desktop/Zeb05/Zebulon05/ros_packages_full/install/turtlesim/share/turtlesim/msg/Pose.idl
[4.751s] -- Up-to-date: /home/k/Desktop/Zeb05/Zebulon05/ros_packages_full/install/turtlesim/share/turtlesim/srv/Kill.idl
[4.752s] -- Up-to-date: /home/k/Desktop/Zeb05/Zebulon05/ros_packages_full/install/turtlesim/share/turtlesim/srv/SetPen.idl
[4.753s] -- Up-to-date: /home/k/Desktop/Zeb05/Zebulon05/ros_packages_full/install/turtlesim/share/turtlesim/srv/Spawn.idl
[4.753s] -- Up-to-date: /home/k/Desktop/Zeb05/Zebulon05/ros_packages_full/install/turtlesim/share/turtlesim/srv/TeleportAbsolute.idl
[4.754s] -- Up-to-date: /home/k/Desktop/Zeb05/Zebulon05/ros_packages_full/install/turtlesim/share/turtlesim/srv/TeleportRelative.idl
[4.755s] -- Up-to-date: /home/k/Desktop/Zeb05/Zebulon05/ros_packages_full/install/turtlesim/share/turtlesim/action/RotateAbsolute.action
[4.756s] -- Up-to-date: /home/k/Desktop/Zeb05/Zebulon05/ros_packages_full/install/turtlesim/share/turtlesim/msg/Color.msg
[4.756s] -- Up-to-date: /home/k/Desktop/Zeb05/Zebulon05/ros_packages_full/install/turtlesim/share/turtlesim/msg/Pose.msg
[4.757s] -- Up-to-date: /home/k/Desktop/Zeb05/Zebulon05/ros_packages_full/install/turtlesim/share/turtlesim/srv/Kill.srv
[4.758s] -- Up-to-date: /home/k/Desktop/Zeb05/Zebulon05/ros_packages_full/install/turtlesim/share/turtlesim/srv/Kill_Request.msg
[4.758s] -- Up-to-date: /home/k/Desktop/Zeb05/Zebulon05/ros_packages_full/install/turtlesim/share/turtlesim/srv/Kill_Response.msg
[4.759s] -- Up-to-date: /home/k/Desktop/Zeb05/Zebulon05/ros_packages_full/install/turtlesim/share/turtlesim/srv/SetPen.srv
[4.760s] -- Up-to-date: /home/k/Desktop/Zeb05/Zebulon05/ros_packages_full/install/turtlesim/share/turtlesim/srv/SetPen_Request.msg
[4.761s] -- Up-to-date: /home/k/Desktop/Zeb05/Zebulon05/ros_packages_full/install/turtlesim/share/turtlesim/srv/SetPen_Response.msg
[4.761s] -- Up-to-date: /home/k/Desktop/Zeb05/Zebulon05/ros_packages_full/install/turtlesim/share/turtlesim/srv/Spawn.srv
[4.762s] -- Up-to-date: /home/k/Desktop/Zeb05/Zebulon05/ros_packages_full/install/turtlesim/share/turtlesim/srv/Spawn_Request.msg
[4.763s] -- Up-to-date: /home/k/Desktop/Zeb05/Zebulon05/ros_packages_full/install/turtlesim/share/turtlesim/srv/Spawn_Response.msg
[4.763s] -- Up-to-date: /home/k/Desktop/Zeb05/Zebulon05/ros_packages_full/install/turtlesim/share/turtlesim/srv/TeleportAbsolute.srv
[4.764s] -- Up-to-date: /home/k/Desktop/Zeb05/Zebulon05/ros_packages_full/install/turtlesim/share/turtlesim/srv/TeleportAbsolute_Request.msg
[4.764s] -- Up-to-date: /home/k/Desktop/Zeb05/Zebulon05/ros_packages_full/install/turtlesim/share/turtlesim/srv/TeleportAbsolute_Response.msg
[4.765s] -- Up-to-date: /home/k/Desktop/Zeb05/Zebulon05/ros_packages_full/install/turtlesim/share/turtlesim/srv/TeleportRelative.srv
[4.766s] -- Up-to-date: /home/k/Desktop/Zeb05/Zebulon05/ros_packages_full/install/turtlesim/share/turtlesim/srv/TeleportRelative_Request.msg
[4.766s] -- Up-to-date: /home/k/Desktop/Zeb05/Zebulon05/ros_packages_full/install/turtlesim/share/turtlesim/srv/TeleportRelative_Response.msg
[4.774s] -- Up-to-date: /home/k/Desktop/Zeb05/Zebulon05/ros_packages_full/install/turtlesim/lib/turtlesim/turtlesim_node
[4.781s] -- Up-to-date: /home/k/Desktop/Zeb05/Zebulon05/ros_packages_full/install/turtlesim/lib/turtlesim/turtle_teleop_key
[4.789s] -- Up-to-date: /home/k/Desktop/Zeb05/Zebulon05/ros_packages_full/install/turtlesim/lib/turtlesim/draw_square
[4.796s] -- Up-to-date: /home/k/Desktop/Zeb05/Zebulon05/ros_packages_full/install/turtlesim/lib/turtlesim/mimic
[4.798s] -- Up-to-date: /home/k/Desktop/Zeb05/Zebulon05/ros_packages_full/install/turtlesim/share/turtlesim/images
[4.800s] -- Up-to-date: /home/k/Desktop/Zeb05/Zebulon05/ros_packages_full/install/turtlesim/share/turtlesim/images/eloquent.png
[4.801s] -- Up-to-date: /home/k/Desktop/Zeb05/Zebulon05/ros_packages_full/install/turtlesim/share/turtlesim/images/ardent.png
[4.802s] -- Up-to-date: /home/k/Desktop/Zeb05/Zebulon05/ros_packages_full/install/turtlesim/share/turtlesim/images/dashing.png
[4.802s] -- Up-to-date: /home/k/Desktop/Zeb05/Zebulon05/ros_packages_full/install/turtlesim/share/turtlesim/images/humble.png
[4.803s] -- Up-to-date: /home/k/Desktop/Zeb05/Zebulon05/ros_packages_full/install/turtlesim/share/turtlesim/images/foxy.png
[4.803s] -- Up-to-date: /home/k/Desktop/Zeb05/Zebulon05/ros_packages_full/install/turtlesim/share/turtlesim/images/rolling.png
[4.804s] -- Up-to-date: /home/k/Desktop/Zeb05/Zebulon05/ros_packages_full/install/turtlesim/share/turtlesim/images/galactic.png
[4.805s] -- Up-to-date: /home/k/Desktop/Zeb05/Zebulon05/ros_packages_full/install/turtlesim/share/turtlesim/images/bouncy.png
[4.805s] -- Up-to-date: /home/k/Desktop/Zeb05/Zebulon05/ros_packages_full/install/turtlesim/share/turtlesim/images/crystal.png
[4.806s] -- Up-to-date: /home/k/Desktop/Zeb05/Zebulon05/ros_packages_full/install/turtlesim/share/turtlesim/launch
[4.807s] -- Up-to-date: /home/k/Desktop/Zeb05/Zebulon05/ros_packages_full/install/turtlesim/share/turtlesim/launch/multisim.launch.py
[4.808s] -- Up-to-date: /home/k/Desktop/Zeb05/Zebulon05/ros_packages_full/install/turtlesim/share/ament_index/resource_index/package_run_dependencies/turtlesim
[4.810s] -- Up-to-date: /home/k/Desktop/Zeb05/Zebulon05/ros_packages_full/install/turtlesim/share/ament_index/resource_index/parent_prefix_path/turtlesim
[4.811s] -- Up-to-date: /home/k/Desktop/Zeb05/Zebulon05/ros_packages_full/install/turtlesim/share/turtlesim/environment/ament_prefix_path.sh
[4.811s] -- Up-to-date: /home/k/Desktop/Zeb05/Zebulon05/ros_packages_full/install/turtlesim/share/turtlesim/environment/ament_prefix_path.dsv
[4.812s] -- Up-to-date: /home/k/Desktop/Zeb05/Zebulon05/ros_packages_full/install/turtlesim/share/turtlesim/environment/path.sh
[4.813s] -- Up-to-date: /home/k/Desktop/Zeb05/Zebulon05/ros_packages_full/install/turtlesim/share/turtlesim/environment/path.dsv
[4.814s] -- Up-to-date: /home/k/Desktop/Zeb05/Zebulon05/ros_packages_full/install/turtlesim/share/turtlesim/local_setup.bash
[4.815s] -- Up-to-date: /home/k/Desktop/Zeb05/Zebulon05/ros_packages_full/install/turtlesim/share/turtlesim/local_setup.sh
[4.815s] -- Up-to-date: /home/k/Desktop/Zeb05/Zebulon05/ros_packages_full/install/turtlesim/share/turtlesim/local_setup.zsh
[4.816s] -- Up-to-date: /home/k/Desktop/Zeb05/Zebulon05/ros_packages_full/install/turtlesim/share/turtlesim/local_setup.dsv
[4.817s] -- Installing: /home/k/Desktop/Zeb05/Zebulon05/ros_packages_full/install/turtlesim/share/turtlesim/package.dsv
[4.820s] -- Up-to-date: /home/k/Desktop/Zeb05/Zebulon05/ros_packages_full/install/turtlesim/share/ament_index/resource_index/packages/turtlesim
[4.827s] -- Up-to-date: /home/k/Desktop/Zeb05/Zebulon05/ros_packages_full/install/turtlesim/share/turtlesim/cmake/export_turtlesim__rosidl_generator_cExport.cmake
[4.827s] -- Up-to-date: /home/k/Desktop/Zeb05/Zebulon05/ros_packages_full/install/turtlesim/share/turtlesim/cmake/export_turtlesim__rosidl_generator_cExport-noconfig.cmake
[4.830s] -- Up-to-date: /home/k/Desktop/Zeb05/Zebulon05/ros_packages_full/install/turtlesim/share/turtlesim/cmake/export_turtlesim__rosidl_typesupport_fastrtps_cExport.cmake
[4.831s] -- Up-to-date: /home/k/Desktop/Zeb05/Zebulon05/ros_packages_full/install/turtlesim/share/turtlesim/cmake/export_turtlesim__rosidl_typesupport_fastrtps_cExport-noconfig.cmake
[4.834s] -- Up-to-date: /home/k/Desktop/Zeb05/Zebulon05/ros_packages_full/install/turtlesim/share/turtlesim/cmake/export_turtlesim__rosidl_generator_cppExport.cmake
[4.838s] -- Up-to-date: /home/k/Desktop/Zeb05/Zebulon05/ros_packages_full/install/turtlesim/share/turtlesim/cmake/export_turtlesim__rosidl_typesupport_fastrtps_cppExport.cmake
[4.838s] -- Up-to-date: /home/k/Desktop/Zeb05/Zebulon05/ros_packages_full/install/turtlesim/share/turtlesim/cmake/export_turtlesim__rosidl_typesupport_fastrtps_cppExport-noconfig.cmake
[4.842s] -- Up-to-date: /home/k/Desktop/Zeb05/Zebulon05/ros_packages_full/install/turtlesim/share/turtlesim/cmake/turtlesim__rosidl_typesupport_introspection_cExport.cmake
[4.843s] -- Up-to-date: /home/k/Desktop/Zeb05/Zebulon05/ros_packages_full/install/turtlesim/share/turtlesim/cmake/turtlesim__rosidl_typesupport_introspection_cExport-noconfig.cmake
[4.846s] -- Up-to-date: /home/k/Desktop/Zeb05/Zebulon05/ros_packages_full/install/turtlesim/share/turtlesim/cmake/turtlesim__rosidl_typesupport_cExport.cmake
[4.847s] -- Up-to-date: /home/k/Desktop/Zeb05/Zebulon05/ros_packages_full/install/turtlesim/share/turtlesim/cmake/turtlesim__rosidl_typesupport_cExport-noconfig.cmake
[4.850s] -- Up-to-date: /home/k/Desktop/Zeb05/Zebulon05/ros_packages_full/install/turtlesim/share/turtlesim/cmake/turtlesim__rosidl_typesupport_introspection_cppExport.cmake
[4.851s] -- Up-to-date: /home/k/Desktop/Zeb05/Zebulon05/ros_packages_full/install/turtlesim/share/turtlesim/cmake/turtlesim__rosidl_typesupport_introspection_cppExport-noconfig.cmake
[4.854s] -- Up-to-date: /home/k/Desktop/Zeb05/Zebulon05/ros_packages_full/install/turtlesim/share/turtlesim/cmake/turtlesim__rosidl_typesupport_cppExport.cmake
[4.855s] -- Up-to-date: /home/k/Desktop/Zeb05/Zebulon05/ros_packages_full/install/turtlesim/share/turtlesim/cmake/turtlesim__rosidl_typesupport_cppExport-noconfig.cmake
[4.858s] -- Up-to-date: /home/k/Desktop/Zeb05/Zebulon05/ros_packages_full/install/turtlesim/share/turtlesim/cmake/export_turtlesim__rosidl_generator_pyExport.cmake
[4.859s] -- Up-to-date: /home/k/Desktop/Zeb05/Zebulon05/ros_packages_full/install/turtlesim/share/turtlesim/cmake/export_turtlesim__rosidl_generator_pyExport-noconfig.cmake
[4.860s] -- Up-to-date: /home/k/Desktop/Zeb05/Zebulon05/ros_packages_full/install/turtlesim/share/turtlesim/cmake/rosidl_cmake-extras.cmake
[4.861s] -- Up-to-date: /home/k/Desktop/Zeb05/Zebulon05/ros_packages_full/install/turtlesim/share/turtlesim/cmake/ament_cmake_export_dependencies-extras.cmake
[4.862s] -- Up-to-date: /home/k/Desktop/Zeb05/Zebulon05/ros_packages_full/install/turtlesim/share/turtlesim/cmake/ament_cmake_export_include_directories-extras.cmake
[4.862s] -- Up-to-date: /home/k/Desktop/Zeb05/Zebulon05/ros_packages_full/install/turtlesim/share/turtlesim/cmake/ament_cmake_export_libraries-extras.cmake
[4.863s] -- Up-to-date: /home/k/Desktop/Zeb05/Zebulon05/ros_packages_full/install/turtlesim/share/turtlesim/cmake/ament_cmake_export_targets-extras.cmake
[4.864s] -- Up-to-date: /home/k/Desktop/Zeb05/Zebulon05/ros_packages_full/install/turtlesim/share/turtlesim/cmake/rosidl_cmake_export_typesupport_targets-extras.cmake
[4.865s] -- Up-to-date: /home/k/Desktop/Zeb05/Zebulon05/ros_packages_full/install/turtlesim/share/turtlesim/cmake/rosidl_cmake_export_typesupport_libraries-extras.cmake
[4.866s] -- Up-to-date: /home/k/Desktop/Zeb05/Zebulon05/ros_packages_full/install/turtlesim/share/turtlesim/cmake/turtlesimConfig.cmake
[4.866s] -- Up-to-date: /home/k/Desktop/Zeb05/Zebulon05/ros_packages_full/install/turtlesim/share/turtlesim/cmake/turtlesimConfig-version.cmake
[4.867s] -- Up-to-date: /home/k/Desktop/Zeb05/Zebulon05/ros_packages_full/install/turtlesim/share/turtlesim/package.xml
[4.879s] Invoked command in '/home/k/Desktop/Zeb05/Zebulon05/ros_packages_full/build/turtlesim' returned '0': CMAKE_PREFIX_PATH=/opt/ros/humble /usr/bin/cmake --install /home/k/Desktop/Zeb05/Zebulon05/ros_packages_full/build/turtlesim
