WARNING: Package name "RobotLeg" does not follow the naming conventions. It should start with a lower case letter and only contain lower case letters, digits, underscores, and dashes.
In file included from [01m[K/home/k/Desktop/Zeb05/Zebulon05/ros_packages_full/src/RobotLeg/src/RobotLegRosWrapper.cpp:5[m[K:
[01m[K/home/k/Desktop/Zeb05/Zebulon05/ros_packages_full/src/RobotLeg/src/../include/RobotLeg/RobotLegRosWrapper.hpp:19:10:[m[K [01;31m[Kfatal error: [m[K../include/RobotLeg/RobotLegRos.hpp: No such file or directory
   19 | #include [01;31m[K"../include/RobotLeg/RobotLegRos.hpp"[m[K
      |          [01;31m[K^~~~~~~~~~~~~~~~~~~~~~~~~~~~~~~~~~~~~[m[K
compilation terminated.
gmake[2]: *** [CMakeFiles/robot_leg_wrapper.dir/build.make:76: CMakeFiles/robot_leg_wrapper.dir/src/RobotLegRosWrapper.cpp.o] Error 1
gmake[2]: *** Waiting for unfinished jobs....
In file included from [01m[K/home/k/Desktop/Zeb05/Zebulon05/ros_packages_full/src/RobotLeg/src/RobotLegRos.cpp:5[m[K:
[01m[K/home/k/Desktop/Zeb05/Zebulon05/ros_packages_full/src/RobotLeg/src/../include/RobotLeg/RobotLegRos.hpp:[m[K In constructor ‘[01m[KRobotLegRos::RobotLegRos(rclcpp::Publisher<maestro_interfaces::msg::MaestroTarget_<std::allocator<void> > >::SharedPtr)[m[K’:
[01m[K/home/k/Desktop/Zeb05/Zebulon05/ros_packages_full/src/RobotLeg/src/../include/RobotLeg/RobotLegRos.hpp:14:138:[m[K [01;31m[Kerror: [m[Kexpected ‘[01m[K{[m[K’ at end of input
   14 |     RobotLegRos(rclcpp::Publisher<maestro_interfaces::msg::MaestroTarget>::SharedPtr pub_message_ptr) : pub_message_ptr_(pub_message_ptr)[01;31m[K;[m[K
      |                                                                                                                                          [01;31m[K^[m[K
[01m[K/home/k/Desktop/Zeb05/Zebulon05/ros_packages_full/src/RobotLeg/src/RobotLegRos.cpp:[m[K In member function ‘[01m[Kvoid RobotLegRos::do_step(int, int)[m[K’:
[01m[K/home/k/Desktop/Zeb05/Zebulon05/ros_packages_full/src/RobotLeg/src/RobotLegRos.cpp:8:31:[m[K [01;35m[Kwarning: [m[Kunused parameter ‘[01m[Kstep_length[m[K’ [[01;35m[K-Wunused-parameter[m[K]
    8 | void RobotLegRos::do_step([01;35m[Kint step_length[m[K, int step_height){
      |                           [01;35m[K~~~~^~~~~~~~~~~[m[K
[01m[K/home/k/Desktop/Zeb05/Zebulon05/ros_packages_full/src/RobotLeg/src/RobotLegRos.cpp:8:48:[m[K [01;35m[Kwarning: [m[Kunused parameter ‘[01m[Kstep_height[m[K’ [[01;35m[K-Wunused-parameter[m[K]
    8 | void RobotLegRos::do_step(int step_length, [01;35m[Kint step_height[m[K){
      |                                            [01;35m[K~~~~^~~~~~~~~~~[m[K
gmake[2]: *** [CMakeFiles/robot_leg_wrapper.dir/build.make:90: CMakeFiles/robot_leg_wrapper.dir/src/RobotLegRos.cpp.o] Error 1
gmake[1]: *** [CMakeFiles/Makefile2:137: CMakeFiles/robot_leg_wrapper.dir/all] Error 2
gmake: *** [Makefile:146: all] Error 2
