[0.073s] Invoking command in '/home/k/Desktop/Zeb05/Zebulon05/ros_packages_full/build/RobotLeg': CMAKE_PREFIX_PATH=${CMAKE_PREFIX_PATH}:/home/k/Desktop/Zeb05/Zebulon05/ros_packages_full/install/polulu_maestro:/opt/ros/humble /usr/bin/cmake --build /home/k/Desktop/Zeb05/Zebulon05/ros_packages_full/build/RobotLeg -- -j4 -l4
[0.206s] -- Found ament_cmake: 1.3.2 (/opt/ros/humble/share/ament_cmake/cmake)
[0.964s] -- Found rclcpp: 16.0.1 (/opt/ros/humble/share/rclcpp/cmake)
[1.231s] -- Found rosidl_generator_c: 3.1.3 (/opt/ros/humble/share/rosidl_generator_c/cmake)
[1.244s] -- Found rosidl_adapter: 3.1.3 (/opt/ros/humble/share/rosidl_adapter/cmake)
[1.273s] -- Found rosidl_generator_cpp: 3.1.3 (/opt/ros/humble/share/rosidl_generator_cpp/cmake)
[1.325s] -- Using all available rosidl_typesupport_c: rosidl_typesupport_fastrtps_c;rosidl_typesupport_introspection_c
[1.399s] -- Using all available rosidl_typesupport_cpp: rosidl_typesupport_fastrtps_cpp;rosidl_typesupport_introspection_cpp
[1.718s] -- Found rmw_implementation_cmake: 6.1.0 (/opt/ros/humble/share/rmw_implementation_cmake/cmake)
[1.732s] -- Found rmw_fastrtps_cpp: 6.2.1 (/opt/ros/humble/share/rmw_fastrtps_cpp/cmake)
[2.989s] -- Using RMW implementation 'rmw_fastrtps_cpp' as default
[3.739s] -- Found maestro_interfaces: 0.0.0 (/home/k/Desktop/Zeb05/Zebulon05/ros_packages_full/install/maestro_interfaces/share/maestro_interfaces/cmake)
[4.477s] [31mCMake Error at CMakeLists.txt:13 (find_package):
[4.477s]   By not providing "Findwalking_robot_interfaces.cmake" in CMAKE_MODULE_PATH
[4.478s]   this project has asked CMake to find a package configuration file provided
[4.478s]   by "walking_robot_interfaces", but CMake did not find one.
[4.478s] 
[4.479s]   Could not find a package configuration file provided by
[4.479s]   "walking_robot_interfaces" with any of the following names:
[4.480s] 
[4.480s]     walking_robot_interfacesConfig.cmake
[4.481s]     walking_robot_interfaces-config.cmake
[4.481s] 
[4.482s]   Add the installation prefix of "walking_robot_interfaces" to
[4.482s]   CMAKE_PREFIX_PATH or set "walking_robot_interfaces_DIR" to a directory
[4.483s]   containing one of the above files.  If "walking_robot_interfaces" provides
[4.484s]   a separate development package or SDK, be sure it has been installed.
[4.485s] 
[4.487s] [0m
[4.487s] -- Configuring incomplete, errors occurred!
[4.488s] See also "/home/k/Desktop/Zeb05/Zebulon05/ros_packages_full/build/RobotLeg/CMakeFiles/CMakeOutput.log".
[4.506s] gmake: *** [Makefile:294: cmake_check_build_system] Error 1
[4.513s] Invoked command in '/home/k/Desktop/Zeb05/Zebulon05/ros_packages_full/build/RobotLeg' returned '2': CMAKE_PREFIX_PATH=${CMAKE_PREFIX_PATH}:/home/k/Desktop/Zeb05/Zebulon05/ros_packages_full/install/polulu_maestro:/opt/ros/humble /usr/bin/cmake --build /home/k/Desktop/Zeb05/Zebulon05/ros_packages_full/build/RobotLeg -- -j4 -l4
