[0.071s] Invoking command in '/home/k/Desktop/Zeb05/Zebulon05/ros_packages_full/build/RobotLeg': CMAKE_PREFIX_PATH=${CMAKE_PREFIX_PATH}:/home/k/Desktop/Zeb05/Zebulon05/ros_packages_full/install/polulu_maestro:/opt/ros/humble /usr/bin/cmake --build /home/k/Desktop/Zeb05/Zebulon05/ros_packages_full/build/RobotLeg -- -j4 -l4
[0.293s] [35m[1mConsolidate compiler generated dependencies of target robot_leg_wrapper[0m
[0.414s] [ 33%] [32mBuilding CXX object CMakeFiles/robot_leg_wrapper.dir/src/RobotLegRosWrapper.cpp.o[0m
[18.157s] [ 66%] [32m[1mLinking CXX executable robot_leg_wrapper[0m
[19.216s] [100%] Built target robot_leg_wrapper
[19.262s] Invoked command in '/home/k/Desktop/Zeb05/Zebulon05/ros_packages_full/build/RobotLeg' returned '0': CMAKE_PREFIX_PATH=${CMAKE_PREFIX_PATH}:/home/k/Desktop/Zeb05/Zebulon05/ros_packages_full/install/polulu_maestro:/opt/ros/humble /usr/bin/cmake --build /home/k/Desktop/Zeb05/Zebulon05/ros_packages_full/build/RobotLeg -- -j4 -l4
[19.478s] Invoking command in '/home/k/Desktop/Zeb05/Zebulon05/ros_packages_full/build/RobotLeg': CMAKE_PREFIX_PATH=${CMAKE_PREFIX_PATH}:/home/k/Desktop/Zeb05/Zebulon05/ros_packages_full/install/polulu_maestro:/opt/ros/humble /usr/bin/cmake --install /home/k/Desktop/Zeb05/Zebulon05/ros_packages_full/build/RobotLeg
[19.513s] -- Install configuration: ""
[19.514s] -- Installing: /home/k/Desktop/Zeb05/Zebulon05/ros_packages_full/install/RobotLeg/lib/RobotLeg/robot_leg_wrapper
[19.527s] -- Set runtime path of "/home/k/Desktop/Zeb05/Zebulon05/ros_packages_full/install/RobotLeg/lib/RobotLeg/robot_leg_wrapper" to ""
[19.527s] -- Up-to-date: /home/k/Desktop/Zeb05/Zebulon05/ros_packages_full/install/RobotLeg/share/ament_index/resource_index/package_run_dependencies/RobotLeg
[19.528s] -- Up-to-date: /home/k/Desktop/Zeb05/Zebulon05/ros_packages_full/install/RobotLeg/share/ament_index/resource_index/parent_prefix_path/RobotLeg
[19.528s] -- Up-to-date: /home/k/Desktop/Zeb05/Zebulon05/ros_packages_full/install/RobotLeg/share/RobotLeg/environment/ament_prefix_path.sh
[19.529s] -- Up-to-date: /home/k/Desktop/Zeb05/Zebulon05/ros_packages_full/install/RobotLeg/share/RobotLeg/environment/ament_prefix_path.dsv
[19.529s] -- Up-to-date: /home/k/Desktop/Zeb05/Zebulon05/ros_packages_full/install/RobotLeg/share/RobotLeg/environment/path.sh
[19.530s] -- Up-to-date: /home/k/Desktop/Zeb05/Zebulon05/ros_packages_full/install/RobotLeg/share/RobotLeg/environment/path.dsv
[19.530s] -- Up-to-date: /home/k/Desktop/Zeb05/Zebulon05/ros_packages_full/install/RobotLeg/share/RobotLeg/local_setup.bash
[19.531s] -- Up-to-date: /home/k/Desktop/Zeb05/Zebulon05/ros_packages_full/install/RobotLeg/share/RobotLeg/local_setup.sh
[19.531s] -- Up-to-date: /home/k/Desktop/Zeb05/Zebulon05/ros_packages_full/install/RobotLeg/share/RobotLeg/local_setup.zsh
[19.532s] -- Up-to-date: /home/k/Desktop/Zeb05/Zebulon05/ros_packages_full/install/RobotLeg/share/RobotLeg/local_setup.dsv
[19.532s] -- Installing: /home/k/Desktop/Zeb05/Zebulon05/ros_packages_full/install/RobotLeg/share/RobotLeg/package.dsv
[19.534s] -- Up-to-date: /home/k/Desktop/Zeb05/Zebulon05/ros_packages_full/install/RobotLeg/share/ament_index/resource_index/packages/RobotLeg
[19.534s] -- Up-to-date: /home/k/Desktop/Zeb05/Zebulon05/ros_packages_full/install/RobotLeg/share/RobotLeg/cmake/RobotLegConfig.cmake
[19.535s] -- Up-to-date: /home/k/Desktop/Zeb05/Zebulon05/ros_packages_full/install/RobotLeg/share/RobotLeg/cmake/RobotLegConfig-version.cmake
[19.535s] -- Up-to-date: /home/k/Desktop/Zeb05/Zebulon05/ros_packages_full/install/RobotLeg/share/RobotLeg/package.xml
[19.542s] Invoked command in '/home/k/Desktop/Zeb05/Zebulon05/ros_packages_full/build/RobotLeg' returned '0': CMAKE_PREFIX_PATH=${CMAKE_PREFIX_PATH}:/home/k/Desktop/Zeb05/Zebulon05/ros_packages_full/install/polulu_maestro:/opt/ros/humble /usr/bin/cmake --install /home/k/Desktop/Zeb05/Zebulon05/ros_packages_full/build/RobotLeg
