[0.074s] Invoking command in '/home/k/Desktop/Zeb05/Zebulon05/ros_packages_full/build/RobotLeg': CMAKE_PREFIX_PATH=${CMAKE_PREFIX_PATH}:/home/k/Desktop/Zeb05/Zebulon05/ros_packages_full/install/polulu_maestro:/opt/ros/humble /usr/bin/cmake --build /home/k/Desktop/Zeb05/Zebulon05/ros_packages_full/build/RobotLeg -- -j4 -l4
[0.301s] [35m[1mConsolidate compiler generated dependencies of target robot_leg_wrapper[0m
[0.424s] [ 33%] [32mBuilding CXX object CMakeFiles/robot_leg_wrapper.dir/src/RobotLegRos.cpp.o[0m
[0.428s] [ 66%] [32mBuilding CXX object CMakeFiles/robot_leg_wrapper.dir/src/RobotLegRosWrapper.cpp.o[0m
[12.453s] In file included from [01m[K/home/k/Desktop/Zeb05/Zebulon05/ros_packages_full/src/RobotLeg/src/RobotLegRos.cpp:5[m[K:
[12.454s] [01m[K/home/k/Desktop/Zeb05/Zebulon05/ros_packages_full/src/RobotLeg/src/../include/RobotLeg/RobotLegRos.hpp:14:134:[m[K [01;31m[Kerror: [m[K‘[01m[Knum_of_joints[m[K’ was not declared in this scope
[12.455s]    14 |     RobotLegRos(rclcpp::Publisher<maestro_interfaces::msg::MaestroTarget>::SharedPtr pub_message_ptr, std::array<short unsigned int, [01;31m[Knum_of_joints[m[K> servo_ids) : pub_message_ptr_(pub_message_ptr), last_known_pos{0}, servo_ids_(servo_ids), num_of_joints(3) {};
[12.455s]       |                                                                                                                                      [01;31m[K^~~~~~~~~~~~~[m[K
[12.456s] [01m[K/home/k/Desktop/Zeb05/Zebulon05/ros_packages_full/src/RobotLeg/src/../include/RobotLeg/RobotLegRos.hpp:14:147:[m[K [01;31m[Kerror: [m[Ktemplate argument 2 is invalid
[12.457s]    14 |     RobotLegRos(rclcpp::Publisher<maestro_interfaces::msg::MaestroTarget>::SharedPtr pub_message_ptr, std::array<short unsigned int, num_of_joints[01;31m[K>[m[K servo_ids) : pub_message_ptr_(pub_message_ptr), last_known_pos{0}, servo_ids_(servo_ids), num_of_joints(3) {};
[12.458s]       |                                                                                                                                                   [01;31m[K^[m[K
[12.489s] [01m[K/home/k/Desktop/Zeb05/Zebulon05/ros_packages_full/src/RobotLeg/src/../include/RobotLeg/RobotLegRos.hpp:25:53:[m[K [01;31m[Kerror: [m[K‘[01m[Knum_of_joints[m[K’ was not declared in this scope
[12.489s]    25 |     void get_servos_to_pos(std::array<unsigned int, [01;31m[Knum_of_joints[m[K> new_servo_pos);
[12.490s]       |                                                     [01;31m[K^~~~~~~~~~~~~[m[K
[12.491s] [01m[K/home/k/Desktop/Zeb05/Zebulon05/ros_packages_full/src/RobotLeg/src/../include/RobotLeg/RobotLegRos.hpp:25:66:[m[K [01;31m[Kerror: [m[Ktemplate argument 2 is invalid
[12.492s]    25 |     void get_servos_to_pos(std::array<unsigned int, num_of_joints[01;31m[K>[m[K new_servo_pos);
[12.492s]       |                                                                  [01;31m[K^[m[K
[12.502s] [01m[K/home/k/Desktop/Zeb05/Zebulon05/ros_packages_full/src/RobotLeg/src/../include/RobotLeg/RobotLegRos.hpp:41:36:[m[K [01;31m[Kerror: [m[Kinvalid use of non-static data member ‘[01m[KRobotLegRos::num_of_joints[m[K’
[12.503s]    41 |     std::array<short unsigned int, [01;31m[Knum_of_joints[m[K> servo_ids_;
[12.503s]       |                                    [01;31m[K^~~~~~~~~~~~~[m[K
[12.504s] [01m[K/home/k/Desktop/Zeb05/Zebulon05/ros_packages_full/src/RobotLeg/src/../include/RobotLeg/RobotLegRos.hpp:35:30:[m[K [01;36m[Knote: [m[Kdeclared here
[12.504s]    35 |     const short unsigned int [01;36m[Knum_of_joints[m[K = 3;
[12.505s]       |                              [01;36m[K^~~~~~~~~~~~~[m[K
[12.506s] [01m[K/home/k/Desktop/Zeb05/Zebulon05/ros_packages_full/src/RobotLeg/src/../include/RobotLeg/RobotLegRos.hpp:41:49:[m[K [01;31m[Kerror: [m[Ktemplate argument 2 is invalid
[12.507s]    41 |     std::array<short unsigned int, num_of_joints[01;31m[K>[m[K servo_ids_;
[12.507s]       |                                                 [01;31m[K^[m[K
[12.508s] [01m[K/home/k/Desktop/Zeb05/Zebulon05/ros_packages_full/src/RobotLeg/src/../include/RobotLeg/RobotLegRos.hpp:[m[K In constructor ‘[01m[KRobotLegRos::RobotLegRos(rclcpp::Publisher<maestro_interfaces::msg::MaestroTarget_<std::allocator<void> > >::SharedPtr, int)[m[K’:
[12.509s] [01m[K/home/k/Desktop/Zeb05/Zebulon05/ros_packages_full/src/RobotLeg/src/../include/RobotLeg/RobotLegRos.hpp:41:51:[m[K [01;35m[Kwarning: [m[K‘[01m[KRobotLegRos::servo_ids_[m[K’ will be initialized after [[01;35m[K-Wreorder[m[K]
[12.510s]    41 |     std::array<short unsigned int, num_of_joints> [01;35m[Kservo_ids_[m[K;
[12.512s]       |                                                   [01;35m[K^~~~~~~~~~[m[K
[12.513s] [01m[K/home/k/Desktop/Zeb05/Zebulon05/ros_packages_full/src/RobotLeg/src/../include/RobotLeg/RobotLegRos.hpp:35:30:[m[K [01;35m[Kwarning: [m[K  ‘[01m[Kconst short unsigned int RobotLegRos::num_of_joints[m[K’ [[01;35m[K-Wreorder[m[K]
[12.514s]    35 |     const short unsigned int [01;35m[Knum_of_joints[m[K = 3;
[12.514s]       |                              [01;35m[K^~~~~~~~~~~~~[m[K
[12.515s] In file included from [01m[K/home/k/Desktop/Zeb05/Zebulon05/ros_packages_full/src/RobotLeg/src/RobotLegRos.cpp:5[m[K:
[12.516s] [01m[K/home/k/Desktop/Zeb05/Zebulon05/ros_packages_full/src/RobotLeg/src/../include/RobotLeg/RobotLegRos.hpp:14:5:[m[K [01;35m[Kwarning: [m[K  when initialized here [[01;35m[K-Wreorder[m[K]
[12.516s]    14 |     [01;35m[KRobotLegRos[m[K(rclcpp::Publisher<maestro_interfaces::msg::MaestroTarget>::SharedPtr pub_message_ptr, std::array<short unsigned int, num_of_joints> servo_ids) : pub_message_ptr_(pub_message_ptr), last_known_pos{0}, servo_ids_(servo_ids), num_of_joints(3) {};
[12.517s]       |     [01;35m[K^~~~~~~~~~~[m[K
[12.518s] In file included from [01m[K/home/k/Desktop/Zeb05/Zebulon05/ros_packages_full/src/RobotLeg/src/RobotLegRos.cpp:5[m[K:
[12.519s] [01m[K/home/k/Desktop/Zeb05/Zebulon05/ros_packages_full/src/RobotLeg/src/../include/RobotLeg/RobotLegRos.hpp:[m[K In constructor ‘[01m[KRobotLegRos::RobotLegRos()[m[K’:
[12.520s] [01m[K/home/k/Desktop/Zeb05/Zebulon05/ros_packages_full/src/RobotLeg/src/../include/RobotLeg/RobotLegRos.hpp:15:61:[m[K [01;31m[Kerror: [m[Kmem-initializer for ‘[01m[KRobotLegRos::servo_ids_[m[K’ follows constructor delegation
[12.521s]    15 |     RobotLegRos() : RobotLegRos(nullptr), servo_ids_{0, 1, 2[01;31m[K}[m[K {};
[12.522s]       |                                                             [01;31m[K^[m[K
[12.523s] [01m[K/home/k/Desktop/Zeb05/Zebulon05/ros_packages_full/src/RobotLeg/src/../include/RobotLeg/RobotLegRos.hpp:15:61:[m[K [01;31m[Kerror: [m[Kno matching function for call to ‘[01m[KRobotLegRos::RobotLegRos(std::nullptr_t)[m[K’
[12.523s] [01m[K/home/k/Desktop/Zeb05/Zebulon05/ros_packages_full/src/RobotLeg/src/../include/RobotLeg/RobotLegRos.hpp:15:5:[m[K [01;36m[Knote: [m[Kcandidate: ‘[01m[KRobotLegRos::RobotLegRos()[m[K’
[12.525s]    15 |     [01;36m[KRobotLegRos[m[K() : RobotLegRos(nullptr), servo_ids_{0, 1, 2} {};
[12.526s]       |     [01;36m[K^~~~~~~~~~~[m[K
[12.527s] [01m[K/home/k/Desktop/Zeb05/Zebulon05/ros_packages_full/src/RobotLeg/src/../include/RobotLeg/RobotLegRos.hpp:15:5:[m[K [01;36m[Knote: [m[K  candidate expects 0 arguments, 1 provided
[12.528s] In file included from [01m[K/home/k/Desktop/Zeb05/Zebulon05/ros_packages_full/src/RobotLeg/src/RobotLegRos.cpp:5[m[K:
[12.528s] [01m[K/home/k/Desktop/Zeb05/Zebulon05/ros_packages_full/src/RobotLeg/src/../include/RobotLeg/RobotLegRos.hpp:14:5:[m[K [01;36m[Knote: [m[Kcandidate: ‘[01m[KRobotLegRos::RobotLegRos(rclcpp::Publisher<maestro_interfaces::msg::MaestroTarget_<std::allocator<void> > >::SharedPtr, int)[m[K’
[12.529s]    14 |     [01;36m[KRobotLegRos[m[K(rclcpp::Publisher<maestro_interfaces::msg::MaestroTarget>::SharedPtr pub_message_ptr, std::array<short unsigned int, num_of_joints> servo_ids) : pub_message_ptr_(pub_message_ptr), last_known_pos{0}, servo_ids_(servo_ids), num_of_joints(3) {};
[12.530s]       |     [01;36m[K^~~~~~~~~~~[m[K
[12.531s] [01m[K/home/k/Desktop/Zeb05/Zebulon05/ros_packages_full/src/RobotLeg/src/../include/RobotLeg/RobotLegRos.hpp:14:5:[m[K [01;36m[Knote: [m[K  candidate expects 2 arguments, 1 provided
[12.531s] [01m[K/home/k/Desktop/Zeb05/Zebulon05/ros_packages_full/src/RobotLeg/src/../include/RobotLeg/RobotLegRos.hpp:12:7:[m[K [01;36m[Knote: [m[Kcandidate: ‘[01m[KRobotLegRos::RobotLegRos(const RobotLegRos&)[m[K’
[12.532s]    12 | class [01;36m[KRobotLegRos[m[K {
[12.533s]       |       [01;36m[K^~~~~~~~~~~[m[K
[12.534s] [01m[K/home/k/Desktop/Zeb05/Zebulon05/ros_packages_full/src/RobotLeg/src/../include/RobotLeg/RobotLegRos.hpp:12:7:[m[K [01;36m[Knote: [m[K  no known conversion for argument 1 from ‘[01m[Kstd::nullptr_t[m[K’ to ‘[01m[Kconst RobotLegRos&[m[K’
[12.534s] [01m[K/home/k/Desktop/Zeb05/Zebulon05/ros_packages_full/src/RobotLeg/src/../include/RobotLeg/RobotLegRos.hpp:12:7:[m[K [01;36m[Knote: [m[Kcandidate: ‘[01m[KRobotLegRos::RobotLegRos(RobotLegRos&&)[m[K’
[12.535s] [01m[K/home/k/Desktop/Zeb05/Zebulon05/ros_packages_full/src/RobotLeg/src/../include/RobotLeg/RobotLegRos.hpp:12:7:[m[K [01;36m[Knote: [m[K  no known conversion for argument 1 from ‘[01m[Kstd::nullptr_t[m[K’ to ‘[01m[KRobotLegRos&&[m[K’
[12.536s] In file included from [01m[K/home/k/Desktop/Zeb05/Zebulon05/ros_packages_full/src/RobotLeg/src/RobotLegRos.cpp:5[m[K:
[12.537s] [01m[K/home/k/Desktop/Zeb05/Zebulon05/ros_packages_full/src/RobotLeg/src/../include/RobotLeg/RobotLegRos.hpp:[m[K In member function ‘[01m[Kvoid RobotLegRos::set_servo_ids(std::array<short unsigned int, 3>)[m[K’:
[12.537s] [01m[K/home/k/Desktop/Zeb05/Zebulon05/ros_packages_full/src/RobotLeg/src/../include/RobotLeg/RobotLegRos.hpp:20:19:[m[K [01;31m[Kerror: [m[Kinvalid types ‘[01m[Kint[int][m[K’ for array subscript
[12.538s]    20 |         servo_ids_[01;31m[K[[m[K0] = new_servo_ids[0];
[12.538s]       |                   [01;31m[K^[m[K
[12.539s] [01m[K/home/k/Desktop/Zeb05/Zebulon05/ros_packages_full/src/RobotLeg/src/../include/RobotLeg/RobotLegRos.hpp:21:19:[m[K [01;31m[Kerror: [m[Kinvalid types ‘[01m[Kint[int][m[K’ for array subscript
[12.539s]    21 |         servo_ids_[01;31m[K[[m[K1] = new_servo_ids[1];
[12.539s]       |                   [01;31m[K^[m[K
[12.540s] [01m[K/home/k/Desktop/Zeb05/Zebulon05/ros_packages_full/src/RobotLeg/src/../include/RobotLeg/RobotLegRos.hpp:22:19:[m[K [01;31m[Kerror: [m[Kinvalid types ‘[01m[Kint[int][m[K’ for array subscript
[12.540s]    22 |         servo_ids_[01;31m[K[[m[K2] = new_servo_ids[2];
[12.541s]       |                   [01;31m[K^[m[K
[12.541s] [01m[K/home/k/Desktop/Zeb05/Zebulon05/ros_packages_full/src/RobotLeg/src/RobotLegRos.cpp:[m[K In member function ‘[01m[Kvoid RobotLegRos::do_step(int, int)[m[K’:
[12.542s] [01m[K/home/k/Desktop/Zeb05/Zebulon05/ros_packages_full/src/RobotLeg/src/RobotLegRos.cpp:10:32:[m[K [01;31m[Kerror: [m[Kcannot convert ‘[01m[K<brace-enclosed initializer list>[m[K’ to ‘[01m[Kint[m[K’
[12.543s]    10 |         [01;31m[Kthis->get_servos_to_pos({2496 * 4, 2496 * 4, 2496 * 4 * step_length * step_height})[m[K;
[12.543s]       |         [01;31m[K~~~~~~~~~~~~~~~~~~~~~~~^~~~~~~~~~~~~~~~~~~~~~~~~~~~~~~~~~~~~~~~~~~~~~~~~~~~~~~~~~~~[m[K
[12.544s] In file included from [01m[K/home/k/Desktop/Zeb05/Zebulon05/ros_packages_full/src/RobotLeg/src/RobotLegRos.cpp:5[m[K:
[12.544s] [01m[K/home/k/Desktop/Zeb05/Zebulon05/ros_packages_full/src/RobotLeg/src/../include/RobotLeg/RobotLegRos.hpp:25:68:[m[K [01;36m[Knote: [m[K  initializing argument 1 of ‘[01m[Kvoid RobotLegRos::get_servos_to_pos(int)[m[K’
[12.545s]    25 |     void get_servos_to_pos([01;36m[Kstd::array<unsigned int, num_of_joints> new_servo_pos[m[K);
[12.546s]       |                            [01;36m[K~~~~~~~~~~~~~~~~~~~~~~~~~~~~~~~~~~~~~~~~^~~~~~~~~~~~~[m[K
[12.547s] [01m[K/home/k/Desktop/Zeb05/Zebulon05/ros_packages_full/src/RobotLeg/src/RobotLegRos.cpp:14:32:[m[K [01;31m[Kerror: [m[Kcannot convert ‘[01m[K<brace-enclosed initializer list>[m[K’ to ‘[01m[Kint[m[K’
[12.547s]    14 |         [01;31m[Kthis->get_servos_to_pos({496 * 4, 496 * 4, 496 * 4 * step_length * step_height})[m[K;
[12.548s]       |         [01;31m[K~~~~~~~~~~~~~~~~~~~~~~~^~~~~~~~~~~~~~~~~~~~~~~~~~~~~~~~~~~~~~~~~~~~~~~~~~~~~~~~~[m[K
[12.549s] In file included from [01m[K/home/k/Desktop/Zeb05/Zebulon05/ros_packages_full/src/RobotLeg/src/RobotLegRos.cpp:5[m[K:
[12.550s] [01m[K/home/k/Desktop/Zeb05/Zebulon05/ros_packages_full/src/RobotLeg/src/../include/RobotLeg/RobotLegRos.hpp:25:68:[m[K [01;36m[Knote: [m[K  initializing argument 1 of ‘[01m[Kvoid RobotLegRos::get_servos_to_pos(int)[m[K’
[12.550s]    25 |     void get_servos_to_pos([01;36m[Kstd::array<unsigned int, num_of_joints> new_servo_pos[m[K);
[12.551s]       |                            [01;36m[K~~~~~~~~~~~~~~~~~~~~~~~~~~~~~~~~~~~~~~~~^~~~~~~~~~~~~[m[K
[12.552s] [01m[K/home/k/Desktop/Zeb05/Zebulon05/ros_packages_full/src/RobotLeg/src/RobotLegRos.cpp:[m[K At global scope:
[12.553s] [01m[K/home/k/Desktop/Zeb05/Zebulon05/ros_packages_full/src/RobotLeg/src/RobotLegRos.cpp:19:62:[m[K [01;31m[Kerror: [m[Kinvalid use of non-static data member ‘[01m[KRobotLegRos::num_of_joints[m[K’
[12.553s]    19 | void RobotLegRos::get_servos_to_pos(std::array<unsigned int, [01;31m[Knum_of_joints[m[K> new_servo_pos){
[12.554s]       |                                                              [01;31m[K^~~~~~~~~~~~~[m[K
[12.554s] In file included from [01m[K/home/k/Desktop/Zeb05/Zebulon05/ros_packages_full/src/RobotLeg/src/RobotLegRos.cpp:5[m[K:
[12.555s] [01m[K/home/k/Desktop/Zeb05/Zebulon05/ros_packages_full/src/RobotLeg/src/../include/RobotLeg/RobotLegRos.hpp:35:30:[m[K [01;36m[Knote: [m[Kdeclared here
[12.555s]    35 |     const short unsigned int [01;36m[Knum_of_joints[m[K = 3;
[12.555s]       |                              [01;36m[K^~~~~~~~~~~~~[m[K
[12.556s] [01m[K/home/k/Desktop/Zeb05/Zebulon05/ros_packages_full/src/RobotLeg/src/RobotLegRos.cpp:19:75:[m[K [01;31m[Kerror: [m[Ktemplate argument 2 is invalid
[12.556s]    19 | void RobotLegRos::get_servos_to_pos(std::array<unsigned int, num_of_joints[01;31m[K>[m[K new_servo_pos){
[12.557s]       |                                                                           [01;31m[K^[m[K
[12.557s] [01m[K/home/k/Desktop/Zeb05/Zebulon05/ros_packages_full/src/RobotLeg/src/RobotLegRos.cpp:[m[K In member function ‘[01m[Kvoid RobotLegRos::get_servos_to_pos(int)[m[K’:
[12.558s] [01m[K/home/k/Desktop/Zeb05/Zebulon05/ros_packages_full/src/RobotLeg/src/RobotLegRos.cpp:28:37:[m[K [01;31m[Kerror: [m[Kinvalid types ‘[01m[Kint[int][m[K’ for array subscript
[12.558s]    28 |         message.channel = servo_ids_[01;31m[K[[m[K0];
[12.559s]       |                                     [01;31m[K^[m[K
[12.560s] [01m[K/home/k/Desktop/Zeb05/Zebulon05/ros_packages_full/src/RobotLeg/src/RobotLegRos.cpp:29:43:[m[K [01;31m[Kerror: [m[Kinvalid types ‘[01m[Kint[int][m[K’ for array subscript
[12.560s]    29 |         message.target_ang = new_servo_pos[01;31m[K[[m[K0];
[12.561s]       |                                           [01;31m[K^[m[K
[12.562s] [01m[K/home/k/Desktop/Zeb05/Zebulon05/ros_packages_full/src/RobotLeg/src/RobotLegRos.cpp:32:37:[m[K [01;31m[Kerror: [m[Kinvalid types ‘[01m[Kint[int][m[K’ for array subscript
[12.562s]    32 |         message.channel = servo_ids_[01;31m[K[[m[K1];
[12.563s]       |                                     [01;31m[K^[m[K
[12.563s] [01m[K/home/k/Desktop/Zeb05/Zebulon05/ros_packages_full/src/RobotLeg/src/RobotLegRos.cpp:33:43:[m[K [01;31m[Kerror: [m[Kinvalid types ‘[01m[Kint[int][m[K’ for array subscript
[12.564s]    33 |         message.target_ang = new_servo_pos[01;31m[K[[m[K1];
[12.565s]       |                                           [01;31m[K^[m[K
[12.566s] In file included from [01m[K/home/k/Desktop/Zeb05/Zebulon05/ros_packages_full/src/RobotLeg/src/../include/RobotLeg/RobotLegRosWrapper.hpp:19[m[K,
[12.566s]                  from [01m[K/home/k/Desktop/Zeb05/Zebulon05/ros_packages_full/src/RobotLeg/src/RobotLegRosWrapper.cpp:5[m[K:
[12.567s] [01m[K/home/k/Desktop/Zeb05/Zebulon05/ros_packages_full/src/RobotLeg/src/../include/RobotLeg/RobotLegRos.hpp:14:134:[m[K [01;31m[Kerror: [m[K‘[01m[Knum_of_joints[m[K’ was not declared in this scope
[12.567s]    14 |     RobotLegRos(rclcpp::Publisher<maestro_interfaces::msg::MaestroTarget>::SharedPtr pub_message_ptr, std::array<short unsigned int, [01;31m[Knum_of_joints[m[K> servo_ids) : pub_message_ptr_(pub_message_ptr), last_known_pos{0}, servo_ids_(servo_ids), num_of_joints(3) {};
[12.568s]       |                                                                                                                                      [01;31m[K^~~~~~~~~~~~~[m[K
[12.569s] [01m[K/home/k/Desktop/Zeb05/Zebulon05/ros_packages_full/src/RobotLeg/src/RobotLegRos.cpp:36:37:[m[K [01;31m[Kerror: [m[Kinvalid types ‘[01m[Kint[int][m[K’ for array subscript
[12.570s]    36 |         message.channel = servo_ids_[01;31m[K[[m[K2];
[12.570s]       |                                     [01;31m[K^[m[K
[12.571s] [01m[K/home/k/Desktop/Zeb05/Zebulon05/ros_packages_full/src/RobotLeg/src/../include/RobotLeg/RobotLegRos.hpp:14:147:[m[K [01;31m[Kerror: [m[Ktemplate argument 2 is invalid
[12.571s]    14 |     RobotLegRos(rclcpp::Publisher<maestro_interfaces::msg::MaestroTarget>::SharedPtr pub_message_ptr, std::array<short unsigned int, num_of_joints[01;31m[K>[m[K servo_ids) : pub_message_ptr_(pub_message_ptr), last_known_pos{0}, servo_ids_(servo_ids), num_of_joints(3) {};
[12.572s]       |                                                                                                                                                   [01;31m[K^[m[K
[12.573s] [01m[K/home/k/Desktop/Zeb05/Zebulon05/ros_packages_full/src/RobotLeg/src/RobotLegRos.cpp:37:43:[m[K [01;31m[Kerror: [m[Kinvalid types ‘[01m[Kint[int][m[K’ for array subscript
[12.573s]    37 |         message.target_ang = new_servo_pos[01;31m[K[[m[K2];
[12.574s]       |                                           [01;31m[K^[m[K
[12.575s] [01m[K/home/k/Desktop/Zeb05/Zebulon05/ros_packages_full/src/RobotLeg/src/../include/RobotLeg/RobotLegRos.hpp:25:53:[m[K [01;31m[Kerror: [m[K‘[01m[Knum_of_joints[m[K’ was not declared in this scope
[12.576s]    25 |     void get_servos_to_pos(std::array<unsigned int, [01;31m[Knum_of_joints[m[K> new_servo_pos);
[12.577s]       |                                                     [01;31m[K^~~~~~~~~~~~~[m[K
[12.577s] [01m[K/home/k/Desktop/Zeb05/Zebulon05/ros_packages_full/src/RobotLeg/src/../include/RobotLeg/RobotLegRos.hpp:25:66:[m[K [01;31m[Kerror: [m[Ktemplate argument 2 is invalid
[12.578s]    25 |     void get_servos_to_pos(std::array<unsigned int, num_of_joints[01;31m[K>[m[K new_servo_pos);
[12.579s]       |                                                                  [01;31m[K^[m[K
[12.579s] [01m[K/home/k/Desktop/Zeb05/Zebulon05/ros_packages_full/src/RobotLeg/src/../include/RobotLeg/RobotLegRos.hpp:41:36:[m[K [01;31m[Kerror: [m[Kinvalid use of non-static data member ‘[01m[KRobotLegRos::num_of_joints[m[K’
[12.580s]    41 |     std::array<short unsigned int, [01;31m[Knum_of_joints[m[K> servo_ids_;
[12.581s]       |                                    [01;31m[K^~~~~~~~~~~~~[m[K
[12.581s] [01m[K/home/k/Desktop/Zeb05/Zebulon05/ros_packages_full/src/RobotLeg/src/../include/RobotLeg/RobotLegRos.hpp:35:30:[m[K [01;36m[Knote: [m[Kdeclared here
[12.582s]    35 |     const short unsigned int [01;36m[Knum_of_joints[m[K = 3;
[12.583s]       |                              [01;36m[K^~~~~~~~~~~~~[m[K
[12.584s] [01m[K/home/k/Desktop/Zeb05/Zebulon05/ros_packages_full/src/RobotLeg/src/../include/RobotLeg/RobotLegRos.hpp:41:49:[m[K [01;31m[Kerror: [m[Ktemplate argument 2 is invalid
[12.585s]    41 |     std::array<short unsigned int, num_of_joints[01;31m[K>[m[K servo_ids_;
[12.586s]       |                                                 [01;31m[K^[m[K
[12.586s] [01m[K/home/k/Desktop/Zeb05/Zebulon05/ros_packages_full/src/RobotLeg/src/../include/RobotLeg/RobotLegRos.hpp:[m[K In constructor ‘[01m[KRobotLegRos::RobotLegRos(rclcpp::Publisher<maestro_interfaces::msg::MaestroTarget_<std::allocator<void> > >::SharedPtr, int)[m[K’:
[12.587s] [01m[K/home/k/Desktop/Zeb05/Zebulon05/ros_packages_full/src/RobotLeg/src/../include/RobotLeg/RobotLegRos.hpp:41:51:[m[K [01;35m[Kwarning: [m[K‘[01m[KRobotLegRos::servo_ids_[m[K’ will be initialized after [[01;35m[K-Wreorder[m[K]
[12.587s]    41 |     std::array<short unsigned int, num_of_joints> [01;35m[Kservo_ids_[m[K;
[12.588s]       |                                                   [01;35m[K^~~~~~~~~~[m[K
[12.589s] [01m[K/home/k/Desktop/Zeb05/Zebulon05/ros_packages_full/src/RobotLeg/src/../include/RobotLeg/RobotLegRos.hpp:35:30:[m[K [01;35m[Kwarning: [m[K  ‘[01m[Kconst short unsigned int RobotLegRos::num_of_joints[m[K’ [[01;35m[K-Wreorder[m[K]
[12.590s]    35 |     const short unsigned int [01;35m[Knum_of_joints[m[K = 3;
[12.591s]       |                              [01;35m[K^~~~~~~~~~~~~[m[K
[12.591s] In file included from [01m[K/home/k/Desktop/Zeb05/Zebulon05/ros_packages_full/src/RobotLeg/src/../include/RobotLeg/RobotLegRosWrapper.hpp:19[m[K,
[12.592s]                  from [01m[K/home/k/Desktop/Zeb05/Zebulon05/ros_packages_full/src/RobotLeg/src/RobotLegRosWrapper.cpp:5[m[K:
[12.593s] [01m[K/home/k/Desktop/Zeb05/Zebulon05/ros_packages_full/src/RobotLeg/src/../include/RobotLeg/RobotLegRos.hpp:14:5:[m[K [01;35m[Kwarning: [m[K  when initialized here [[01;35m[K-Wreorder[m[K]
[12.593s]    14 |     [01;35m[KRobotLegRos[m[K(rclcpp::Publisher<maestro_interfaces::msg::MaestroTarget>::SharedPtr pub_message_ptr, std::array<short unsigned int, num_of_joints> servo_ids) : pub_message_ptr_(pub_message_ptr), last_known_pos{0}, servo_ids_(servo_ids), num_of_joints(3) {};
[12.594s]       |     [01;35m[K^~~~~~~~~~~[m[K
[12.595s] In file included from [01m[K/home/k/Desktop/Zeb05/Zebulon05/ros_packages_full/src/RobotLeg/src/../include/RobotLeg/RobotLegRosWrapper.hpp:19[m[K,
[12.595s]                  from [01m[K/home/k/Desktop/Zeb05/Zebulon05/ros_packages_full/src/RobotLeg/src/RobotLegRosWrapper.cpp:5[m[K:
[12.596s] [01m[K/home/k/Desktop/Zeb05/Zebulon05/ros_packages_full/src/RobotLeg/src/../include/RobotLeg/RobotLegRos.hpp:[m[K In constructor ‘[01m[KRobotLegRos::RobotLegRos()[m[K’:
[12.597s] [01m[K/home/k/Desktop/Zeb05/Zebulon05/ros_packages_full/src/RobotLeg/src/../include/RobotLeg/RobotLegRos.hpp:15:61:[m[K [01;31m[Kerror: [m[Kmem-initializer for ‘[01m[KRobotLegRos::servo_ids_[m[K’ follows constructor delegation
[12.597s]    15 |     RobotLegRos() : RobotLegRos(nullptr), servo_ids_{0, 1, 2[01;31m[K}[m[K {};
[12.598s]       |                                                             [01;31m[K^[m[K
[12.598s] [01m[K/home/k/Desktop/Zeb05/Zebulon05/ros_packages_full/src/RobotLeg/src/../include/RobotLeg/RobotLegRos.hpp:15:61:[m[K [01;31m[Kerror: [m[Kno matching function for call to ‘[01m[KRobotLegRos::RobotLegRos(std::nullptr_t)[m[K’
[12.599s] [01m[K/home/k/Desktop/Zeb05/Zebulon05/ros_packages_full/src/RobotLeg/src/../include/RobotLeg/RobotLegRos.hpp:15:5:[m[K [01;36m[Knote: [m[Kcandidate: ‘[01m[KRobotLegRos::RobotLegRos()[m[K’
[12.600s]    15 |     [01;36m[KRobotLegRos[m[K() : RobotLegRos(nullptr), servo_ids_{0, 1, 2} {};
[12.600s]       |     [01;36m[K^~~~~~~~~~~[m[K
[12.601s] [01m[K/home/k/Desktop/Zeb05/Zebulon05/ros_packages_full/src/RobotLeg/src/../include/RobotLeg/RobotLegRos.hpp:15:5:[m[K [01;36m[Knote: [m[K  candidate expects 0 arguments, 1 provided
[12.602s] In file included from [01m[K/home/k/Desktop/Zeb05/Zebulon05/ros_packages_full/src/RobotLeg/src/../include/RobotLeg/RobotLegRosWrapper.hpp:19[m[K,
[12.602s]                  from [01m[K/home/k/Desktop/Zeb05/Zebulon05/ros_packages_full/src/RobotLeg/src/RobotLegRosWrapper.cpp:5[m[K:
[12.603s] [01m[K/home/k/Desktop/Zeb05/Zebulon05/ros_packages_full/src/RobotLeg/src/../include/RobotLeg/RobotLegRos.hpp:14:5:[m[K [01;36m[Knote: [m[Kcandidate: ‘[01m[KRobotLegRos::RobotLegRos(rclcpp::Publisher<maestro_interfaces::msg::MaestroTarget_<std::allocator<void> > >::SharedPtr, int)[m[K’
[12.604s]    14 |     [01;36m[KRobotLegRos[m[K(rclcpp::Publisher<maestro_interfaces::msg::MaestroTarget>::SharedPtr pub_message_ptr, std::array<short unsigned int, num_of_joints> servo_ids) : pub_message_ptr_(pub_message_ptr), last_known_pos{0}, servo_ids_(servo_ids), num_of_joints(3) {};
[12.604s]       |     [01;36m[K^~~~~~~~~~~[m[K
[12.605s] [01m[K/home/k/Desktop/Zeb05/Zebulon05/ros_packages_full/src/RobotLeg/src/../include/RobotLeg/RobotLegRos.hpp:14:5:[m[K [01;36m[Knote: [m[K  candidate expects 2 arguments, 1 provided
[12.606s] [01m[K/home/k/Desktop/Zeb05/Zebulon05/ros_packages_full/src/RobotLeg/src/../include/RobotLeg/RobotLegRos.hpp:12:7:[m[K [01;36m[Knote: [m[Kcandidate: ‘[01m[KRobotLegRos::RobotLegRos(const RobotLegRos&)[m[K’
[12.606s]    12 | class [01;36m[KRobotLegRos[m[K {
[12.607s]       |       [01;36m[K^~~~~~~~~~~[m[K
[12.608s] [01m[K/home/k/Desktop/Zeb05/Zebulon05/ros_packages_full/src/RobotLeg/src/../include/RobotLeg/RobotLegRos.hpp:12:7:[m[K [01;36m[Knote: [m[K  no known conversion for argument 1 from ‘[01m[Kstd::nullptr_t[m[K’ to ‘[01m[Kconst RobotLegRos&[m[K’
[12.608s] [01m[K/home/k/Desktop/Zeb05/Zebulon05/ros_packages_full/src/RobotLeg/src/../include/RobotLeg/RobotLegRos.hpp:12:7:[m[K [01;36m[Knote: [m[Kcandidate: ‘[01m[KRobotLegRos::RobotLegRos(RobotLegRos&&)[m[K’
[12.609s] [01m[K/home/k/Desktop/Zeb05/Zebulon05/ros_packages_full/src/RobotLeg/src/../include/RobotLeg/RobotLegRos.hpp:12:7:[m[K [01;36m[Knote: [m[K  no known conversion for argument 1 from ‘[01m[Kstd::nullptr_t[m[K’ to ‘[01m[KRobotLegRos&&[m[K’
[12.610s] In file included from [01m[K/home/k/Desktop/Zeb05/Zebulon05/ros_packages_full/src/RobotLeg/src/../include/RobotLeg/RobotLegRosWrapper.hpp:19[m[K,
[12.611s]                  from [01m[K/home/k/Desktop/Zeb05/Zebulon05/ros_packages_full/src/RobotLeg/src/RobotLegRosWrapper.cpp:5[m[K:
[12.611s] [01m[K/home/k/Desktop/Zeb05/Zebulon05/ros_packages_full/src/RobotLeg/src/../include/RobotLeg/RobotLegRos.hpp:[m[K In member function ‘[01m[Kvoid RobotLegRos::set_servo_ids(std::array<short unsigned int, 3>)[m[K’:
[12.612s] [01m[K/home/k/Desktop/Zeb05/Zebulon05/ros_packages_full/src/RobotLeg/src/../include/RobotLeg/RobotLegRos.hpp:20:19:[m[K [01;31m[Kerror: [m[Kinvalid types ‘[01m[Kint[int][m[K’ for array subscript
[12.612s]    20 |         servo_ids_[01;31m[K[[m[K0] = new_servo_ids[0];
[12.613s]       |                   [01;31m[K^[m[K
[12.614s] [01m[K/home/k/Desktop/Zeb05/Zebulon05/ros_packages_full/src/RobotLeg/src/../include/RobotLeg/RobotLegRos.hpp:21:19:[m[K [01;31m[Kerror: [m[Kinvalid types ‘[01m[Kint[int][m[K’ for array subscript
[12.614s]    21 |         servo_ids_[01;31m[K[[m[K1] = new_servo_ids[1];
[12.615s]       |                   [01;31m[K^[m[K
[12.616s] [01m[K/home/k/Desktop/Zeb05/Zebulon05/ros_packages_full/src/RobotLeg/src/../include/RobotLeg/RobotLegRos.hpp:22:19:[m[K [01;31m[Kerror: [m[Kinvalid types ‘[01m[Kint[int][m[K’ for array subscript
[12.617s]    22 |         servo_ids_[01;31m[K[[m[K2] = new_servo_ids[2];
[12.618s]       |                   [01;31m[K^[m[K
[14.799s] gmake[2]: *** [CMakeFiles/robot_leg_wrapper.dir/build.make:76: CMakeFiles/robot_leg_wrapper.dir/src/RobotLegRos.cpp.o] Error 1
[14.800s] gmake[2]: *** Waiting for unfinished jobs....
[22.589s] gmake[2]: *** [CMakeFiles/robot_leg_wrapper.dir/build.make:90: CMakeFiles/robot_leg_wrapper.dir/src/RobotLegRosWrapper.cpp.o] Error 1
[22.590s] gmake[1]: *** [CMakeFiles/Makefile2:137: CMakeFiles/robot_leg_wrapper.dir/all] Error 2
[22.591s] gmake: *** [Makefile:146: all] Error 2
[22.598s] Invoked command in '/home/k/Desktop/Zeb05/Zebulon05/ros_packages_full/build/RobotLeg' returned '2': CMAKE_PREFIX_PATH=${CMAKE_PREFIX_PATH}:/home/k/Desktop/Zeb05/Zebulon05/ros_packages_full/install/polulu_maestro:/opt/ros/humble /usr/bin/cmake --build /home/k/Desktop/Zeb05/Zebulon05/ros_packages_full/build/RobotLeg -- -j4 -l4
