[0.089s] Invoking command in '/home/k/Desktop/Zeb05/Zebulon05/ros_packages_full/build/turtlesim': CMAKE_PREFIX_PATH=/opt/ros/humble /usr/bin/cmake --build /home/k/Desktop/Zeb05/Zebulon05/ros_packages_full/build/turtlesim -- -j4 -l4
[0.958s] [  1%] Built target turtlesim__cpp
[1.189s] [  1%] Built target ament_cmake_python_copy_turtlesim
[1.452s] [ 11%] Built target turtlesim__rosidl_typesupport_fastrtps_cpp
[1.620s] [ 21%] Built target turtlesim__rosidl_typesupport_introspection_cpp
[2.844s] running egg_info
[2.849s] writing turtlesim.egg-info/PKG-INFO
[2.850s] writing dependency_links to turtlesim.egg-info/dependency_links.txt
[2.851s] writing top-level names to turtlesim.egg-info/top_level.txt
[2.868s] reading manifest file 'turtlesim.egg-info/SOURCES.txt'
[2.872s] writing manifest file 'turtlesim.egg-info/SOURCES.txt'
[3.005s] [ 21%] Built target ament_cmake_python_build_turtlesim_egg
[3.156s] [ 31%] Built target turtlesim__rosidl_typesupport_cpp
[3.298s] [ 41%] Built target turtlesim__rosidl_generator_c
[3.359s] [35m[1mConsolidate compiler generated dependencies of target draw_square[0m
[3.526s] [ 43%] Built target draw_square
[3.585s] [35m[1mConsolidate compiler generated dependencies of target mimic[0m
[3.689s] [ 45%] Built target mimic
[3.855s] [ 55%] Built target turtlesim__rosidl_typesupport_fastrtps_c
[4.170s] [ 65%] Built target turtlesim__rosidl_typesupport_introspection_c
[4.443s] [ 75%] Built target turtlesim__rosidl_typesupport_c
[4.502s] [35m[1mConsolidate compiler generated dependencies of target turtle_teleop_key[0m
[4.618s] [ 77%] Built target turtle_teleop_key
[4.720s] [ 77%] Built target turtlesim
[4.785s] [35m[1mConsolidate compiler generated dependencies of target turtlesim_node[0m
[4.958s] [ 78%] [32mBuilding CXX object CMakeFiles/turtlesim_node.dir/src/turtle.cpp.o[0m
[60.623s] [ 80%] [32mBuilding CXX object CMakeFiles/turtlesim_node.dir/src/turtle_frame.cpp.o[0m
[60.628s] [ 80%] [32mBuilding CXX object CMakeFiles/turtlesim_node.dir/include/turtlesim/moc_turtle_frame.cpp.o[0m
[113.610s] [ 81%] [32m[1mLinking CXX executable turtlesim_node[0m
[123.734s] [ 83%] Built target turtlesim_node
[123.862s] [ 84%] Built target turtlesim__py
[123.936s] [35m[1mConsolidate compiler generated dependencies of target turtlesim__rosidl_generator_py[0m
[124.097s] [ 93%] Built target turtlesim__rosidl_generator_py
[124.161s] [35m[1mConsolidate compiler generated dependencies of target turtlesim__rosidl_typesupport_fastrtps_c__pyext[0m
[124.165s] [35m[1mConsolidate compiler generated dependencies of target turtlesim__rosidl_typesupport_introspection_c__pyext[0m
[124.167s] [35m[1mConsolidate compiler generated dependencies of target turtlesim__rosidl_typesupport_c__pyext[0m
[124.240s] [ 95%] Built target turtlesim__rosidl_typesupport_introspection_c__pyext
[124.242s] [ 97%] Built target turtlesim__rosidl_typesupport_fastrtps_c__pyext
[124.250s] [100%] Built target turtlesim__rosidl_typesupport_c__pyext
[124.317s] Invoked command in '/home/k/Desktop/Zeb05/Zebulon05/ros_packages_full/build/turtlesim' returned '0': CMAKE_PREFIX_PATH=/opt/ros/humble /usr/bin/cmake --build /home/k/Desktop/Zeb05/Zebulon05/ros_packages_full/build/turtlesim -- -j4 -l4
[125.706s] Invoking command in '/home/k/Desktop/Zeb05/Zebulon05/ros_packages_full/build/turtlesim': CMAKE_PREFIX_PATH=/opt/ros/humble /usr/bin/cmake --install /home/k/Desktop/Zeb05/Zebulon05/ros_packages_full/build/turtlesim
[125.747s] -- Install configuration: ""
[125.755s] -- Installing: /home/k/Desktop/Zeb05/Zebulon05/ros_packages_full/install/turtlesim/share/ament_index/resource_index/rosidl_interfaces/turtlesim
[125.758s] -- Installing: /home/k/Desktop/Zeb05/Zebulon05/ros_packages_full/install/turtlesim/include/turtlesim/turtlesim
[125.760s] -- Installing: /home/k/Desktop/Zeb05/Zebulon05/ros_packages_full/install/turtlesim/include/turtlesim/turtlesim/srv
[125.761s] -- Installing: /home/k/Desktop/Zeb05/Zebulon05/ros_packages_full/install/turtlesim/include/turtlesim/turtlesim/srv/kill.h
[125.764s] -- Installing: /home/k/Desktop/Zeb05/Zebulon05/ros_packages_full/install/turtlesim/include/turtlesim/turtlesim/srv/teleport_relative.h
[125.766s] -- Installing: /home/k/Desktop/Zeb05/Zebulon05/ros_packages_full/install/turtlesim/include/turtlesim/turtlesim/srv/detail
[125.772s] -- Installing: /home/k/Desktop/Zeb05/Zebulon05/ros_packages_full/install/turtlesim/include/turtlesim/turtlesim/srv/detail/teleport_absolute__type_support.h
[125.775s] -- Installing: /home/k/Desktop/Zeb05/Zebulon05/ros_packages_full/install/turtlesim/include/turtlesim/turtlesim/srv/detail/set_pen__type_support.h
[125.777s] -- Installing: /home/k/Desktop/Zeb05/Zebulon05/ros_packages_full/install/turtlesim/include/turtlesim/turtlesim/srv/detail/spawn__struct.h
[125.779s] -- Installing: /home/k/Desktop/Zeb05/Zebulon05/ros_packages_full/install/turtlesim/include/turtlesim/turtlesim/srv/detail/spawn__functions.c
[125.782s] -- Installing: /home/k/Desktop/Zeb05/Zebulon05/ros_packages_full/install/turtlesim/include/turtlesim/turtlesim/srv/detail/set_pen__struct.h
[125.785s] -- Installing: /home/k/Desktop/Zeb05/Zebulon05/ros_packages_full/install/turtlesim/include/turtlesim/turtlesim/srv/detail/kill__functions.c
[125.788s] -- Installing: /home/k/Desktop/Zeb05/Zebulon05/ros_packages_full/install/turtlesim/include/turtlesim/turtlesim/srv/detail/kill__type_support.h
[125.790s] -- Installing: /home/k/Desktop/Zeb05/Zebulon05/ros_packages_full/install/turtlesim/include/turtlesim/turtlesim/srv/detail/teleport_relative__functions.c
[125.794s] -- Installing: /home/k/Desktop/Zeb05/Zebulon05/ros_packages_full/install/turtlesim/include/turtlesim/turtlesim/srv/detail/spawn__type_support.h
[125.796s] -- Installing: /home/k/Desktop/Zeb05/Zebulon05/ros_packages_full/install/turtlesim/include/turtlesim/turtlesim/srv/detail/teleport_relative__functions.h
[125.799s] -- Installing: /home/k/Desktop/Zeb05/Zebulon05/ros_packages_full/install/turtlesim/include/turtlesim/turtlesim/srv/detail/teleport_absolute__struct.h
[125.801s] -- Installing: /home/k/Desktop/Zeb05/Zebulon05/ros_packages_full/install/turtlesim/include/turtlesim/turtlesim/srv/detail/set_pen__functions.c
[125.804s] -- Installing: /home/k/Desktop/Zeb05/Zebulon05/ros_packages_full/install/turtlesim/include/turtlesim/turtlesim/srv/detail/kill__struct.h
[125.807s] -- Installing: /home/k/Desktop/Zeb05/Zebulon05/ros_packages_full/install/turtlesim/include/turtlesim/turtlesim/srv/detail/teleport_relative__type_support.h
[125.809s] -- Installing: /home/k/Desktop/Zeb05/Zebulon05/ros_packages_full/install/turtlesim/include/turtlesim/turtlesim/srv/detail/teleport_absolute__functions.c
[125.812s] -- Installing: /home/k/Desktop/Zeb05/Zebulon05/ros_packages_full/install/turtlesim/include/turtlesim/turtlesim/srv/detail/teleport_relative__struct.h
[125.815s] -- Installing: /home/k/Desktop/Zeb05/Zebulon05/ros_packages_full/install/turtlesim/include/turtlesim/turtlesim/srv/detail/spawn__functions.h
[125.817s] -- Installing: /home/k/Desktop/Zeb05/Zebulon05/ros_packages_full/install/turtlesim/include/turtlesim/turtlesim/srv/detail/set_pen__functions.h
[125.820s] -- Installing: /home/k/Desktop/Zeb05/Zebulon05/ros_packages_full/install/turtlesim/include/turtlesim/turtlesim/srv/detail/kill__functions.h
[125.823s] -- Installing: /home/k/Desktop/Zeb05/Zebulon05/ros_packages_full/install/turtlesim/include/turtlesim/turtlesim/srv/detail/teleport_absolute__functions.h
[125.826s] -- Installing: /home/k/Desktop/Zeb05/Zebulon05/ros_packages_full/install/turtlesim/include/turtlesim/turtlesim/srv/set_pen.h
[125.828s] -- Installing: /home/k/Desktop/Zeb05/Zebulon05/ros_packages_full/install/turtlesim/include/turtlesim/turtlesim/srv/spawn.h
[125.831s] -- Installing: /home/k/Desktop/Zeb05/Zebulon05/ros_packages_full/install/turtlesim/include/turtlesim/turtlesim/srv/teleport_absolute.h
[125.833s] -- Installing: /home/k/Desktop/Zeb05/Zebulon05/ros_packages_full/install/turtlesim/include/turtlesim/turtlesim/action
[125.834s] -- Installing: /home/k/Desktop/Zeb05/Zebulon05/ros_packages_full/install/turtlesim/include/turtlesim/turtlesim/action/rotate_absolute.h
[125.836s] -- Installing: /home/k/Desktop/Zeb05/Zebulon05/ros_packages_full/install/turtlesim/include/turtlesim/turtlesim/action/detail
[125.838s] -- Installing: /home/k/Desktop/Zeb05/Zebulon05/ros_packages_full/install/turtlesim/include/turtlesim/turtlesim/action/detail/rotate_absolute__functions.h
[125.842s] -- Installing: /home/k/Desktop/Zeb05/Zebulon05/ros_packages_full/install/turtlesim/include/turtlesim/turtlesim/action/detail/rotate_absolute__struct.h
[125.845s] -- Installing: /home/k/Desktop/Zeb05/Zebulon05/ros_packages_full/install/turtlesim/include/turtlesim/turtlesim/action/detail/rotate_absolute__functions.c
[125.850s] -- Installing: /home/k/Desktop/Zeb05/Zebulon05/ros_packages_full/install/turtlesim/include/turtlesim/turtlesim/action/detail/rotate_absolute__type_support.h
[125.853s] -- Installing: /home/k/Desktop/Zeb05/Zebulon05/ros_packages_full/install/turtlesim/include/turtlesim/turtlesim/msg
[125.854s] -- Installing: /home/k/Desktop/Zeb05/Zebulon05/ros_packages_full/install/turtlesim/include/turtlesim/turtlesim/msg/rosidl_generator_c__visibility_control.h
[125.857s] -- Installing: /home/k/Desktop/Zeb05/Zebulon05/ros_packages_full/install/turtlesim/include/turtlesim/turtlesim/msg/color.h
[125.860s] -- Installing: /home/k/Desktop/Zeb05/Zebulon05/ros_packages_full/install/turtlesim/include/turtlesim/turtlesim/msg/detail
[125.861s] -- Installing: /home/k/Desktop/Zeb05/Zebulon05/ros_packages_full/install/turtlesim/include/turtlesim/turtlesim/msg/detail/pose__type_support.h
[125.864s] -- Installing: /home/k/Desktop/Zeb05/Zebulon05/ros_packages_full/install/turtlesim/include/turtlesim/turtlesim/msg/detail/color__type_support.h
[125.866s] -- Installing: /home/k/Desktop/Zeb05/Zebulon05/ros_packages_full/install/turtlesim/include/turtlesim/turtlesim/msg/detail/color__struct.h
[125.869s] -- Installing: /home/k/Desktop/Zeb05/Zebulon05/ros_packages_full/install/turtlesim/include/turtlesim/turtlesim/msg/detail/color__functions.h
[125.871s] -- Installing: /home/k/Desktop/Zeb05/Zebulon05/ros_packages_full/install/turtlesim/include/turtlesim/turtlesim/msg/detail/pose__functions.c
[125.874s] -- Installing: /home/k/Desktop/Zeb05/Zebulon05/ros_packages_full/install/turtlesim/include/turtlesim/turtlesim/msg/detail/pose__functions.h
[125.876s] -- Installing: /home/k/Desktop/Zeb05/Zebulon05/ros_packages_full/install/turtlesim/include/turtlesim/turtlesim/msg/detail/pose__struct.h
[125.879s] -- Installing: /home/k/Desktop/Zeb05/Zebulon05/ros_packages_full/install/turtlesim/include/turtlesim/turtlesim/msg/detail/color__functions.c
[125.881s] -- Installing: /home/k/Desktop/Zeb05/Zebulon05/ros_packages_full/install/turtlesim/include/turtlesim/turtlesim/msg/pose.h
[125.885s] -- Installing: /home/k/Desktop/Zeb05/Zebulon05/ros_packages_full/install/turtlesim/share/turtlesim/environment/library_path.sh
[125.887s] -- Installing: /home/k/Desktop/Zeb05/Zebulon05/ros_packages_full/install/turtlesim/share/turtlesim/environment/library_path.dsv
[125.890s] -- Installing: /home/k/Desktop/Zeb05/Zebulon05/ros_packages_full/install/turtlesim/lib/libturtlesim__rosidl_generator_c.so
[125.900s] -- Set runtime path of "/home/k/Desktop/Zeb05/Zebulon05/ros_packages_full/install/turtlesim/lib/libturtlesim__rosidl_generator_c.so" to ""
[125.900s] -- Up-to-date: /home/k/Desktop/Zeb05/Zebulon05/ros_packages_full/install/turtlesim/include/turtlesim/turtlesim
[125.901s] -- Up-to-date: /home/k/Desktop/Zeb05/Zebulon05/ros_packages_full/install/turtlesim/include/turtlesim/turtlesim/srv
[125.902s] -- Up-to-date: /home/k/Desktop/Zeb05/Zebulon05/ros_packages_full/install/turtlesim/include/turtlesim/turtlesim/srv/detail
[125.902s] -- Installing: /home/k/Desktop/Zeb05/Zebulon05/ros_packages_full/install/turtlesim/include/turtlesim/turtlesim/srv/detail/spawn__rosidl_typesupport_fastrtps_c.h
[125.905s] -- Installing: /home/k/Desktop/Zeb05/Zebulon05/ros_packages_full/install/turtlesim/include/turtlesim/turtlesim/srv/detail/teleport_absolute__rosidl_typesupport_fastrtps_c.h
[125.907s] -- Installing: /home/k/Desktop/Zeb05/Zebulon05/ros_packages_full/install/turtlesim/include/turtlesim/turtlesim/srv/detail/kill__rosidl_typesupport_fastrtps_c.h
[125.910s] -- Installing: /home/k/Desktop/Zeb05/Zebulon05/ros_packages_full/install/turtlesim/include/turtlesim/turtlesim/srv/detail/teleport_relative__rosidl_typesupport_fastrtps_c.h
[125.912s] -- Installing: /home/k/Desktop/Zeb05/Zebulon05/ros_packages_full/install/turtlesim/include/turtlesim/turtlesim/srv/detail/set_pen__rosidl_typesupport_fastrtps_c.h
[125.915s] -- Up-to-date: /home/k/Desktop/Zeb05/Zebulon05/ros_packages_full/install/turtlesim/include/turtlesim/turtlesim/action
[125.915s] -- Up-to-date: /home/k/Desktop/Zeb05/Zebulon05/ros_packages_full/install/turtlesim/include/turtlesim/turtlesim/action/detail
[125.916s] -- Installing: /home/k/Desktop/Zeb05/Zebulon05/ros_packages_full/install/turtlesim/include/turtlesim/turtlesim/action/detail/rotate_absolute__rosidl_typesupport_fastrtps_c.h
[125.919s] -- Up-to-date: /home/k/Desktop/Zeb05/Zebulon05/ros_packages_full/install/turtlesim/include/turtlesim/turtlesim/msg
[125.919s] -- Installing: /home/k/Desktop/Zeb05/Zebulon05/ros_packages_full/install/turtlesim/include/turtlesim/turtlesim/msg/rosidl_typesupport_fastrtps_c__visibility_control.h
[125.922s] -- Up-to-date: /home/k/Desktop/Zeb05/Zebulon05/ros_packages_full/install/turtlesim/include/turtlesim/turtlesim/msg/detail
[125.923s] -- Installing: /home/k/Desktop/Zeb05/Zebulon05/ros_packages_full/install/turtlesim/include/turtlesim/turtlesim/msg/detail/pose__rosidl_typesupport_fastrtps_c.h
[125.925s] -- Installing: /home/k/Desktop/Zeb05/Zebulon05/ros_packages_full/install/turtlesim/include/turtlesim/turtlesim/msg/detail/color__rosidl_typesupport_fastrtps_c.h
[125.928s] -- Installing: /home/k/Desktop/Zeb05/Zebulon05/ros_packages_full/install/turtlesim/lib/libturtlesim__rosidl_typesupport_fastrtps_c.so
[125.936s] -- Set runtime path of "/home/k/Desktop/Zeb05/Zebulon05/ros_packages_full/install/turtlesim/lib/libturtlesim__rosidl_typesupport_fastrtps_c.so" to ""
[125.937s] -- Up-to-date: /home/k/Desktop/Zeb05/Zebulon05/ros_packages_full/install/turtlesim/include/turtlesim/turtlesim
[125.937s] -- Up-to-date: /home/k/Desktop/Zeb05/Zebulon05/ros_packages_full/install/turtlesim/include/turtlesim/turtlesim/srv
[125.938s] -- Installing: /home/k/Desktop/Zeb05/Zebulon05/ros_packages_full/install/turtlesim/include/turtlesim/turtlesim/srv/kill.hpp
[125.940s] -- Installing: /home/k/Desktop/Zeb05/Zebulon05/ros_packages_full/install/turtlesim/include/turtlesim/turtlesim/srv/spawn.hpp
[125.942s] -- Installing: /home/k/Desktop/Zeb05/Zebulon05/ros_packages_full/install/turtlesim/include/turtlesim/turtlesim/srv/teleport_absolute.hpp
[125.943s] -- Installing: /home/k/Desktop/Zeb05/Zebulon05/ros_packages_full/install/turtlesim/include/turtlesim/turtlesim/srv/set_pen.hpp
[125.945s] -- Up-to-date: /home/k/Desktop/Zeb05/Zebulon05/ros_packages_full/install/turtlesim/include/turtlesim/turtlesim/srv/detail
[125.946s] -- Installing: /home/k/Desktop/Zeb05/Zebulon05/ros_packages_full/install/turtlesim/include/turtlesim/turtlesim/srv/detail/kill__struct.hpp
[125.948s] -- Installing: /home/k/Desktop/Zeb05/Zebulon05/ros_packages_full/install/turtlesim/include/turtlesim/turtlesim/srv/detail/teleport_relative__struct.hpp
[125.950s] -- Installing: /home/k/Desktop/Zeb05/Zebulon05/ros_packages_full/install/turtlesim/include/turtlesim/turtlesim/srv/detail/set_pen__traits.hpp
[125.951s] -- Installing: /home/k/Desktop/Zeb05/Zebulon05/ros_packages_full/install/turtlesim/include/turtlesim/turtlesim/srv/detail/teleport_relative__builder.hpp
[125.953s] -- Installing: /home/k/Desktop/Zeb05/Zebulon05/ros_packages_full/install/turtlesim/include/turtlesim/turtlesim/srv/detail/teleport_relative__traits.hpp
[125.954s] -- Installing: /home/k/Desktop/Zeb05/Zebulon05/ros_packages_full/install/turtlesim/include/turtlesim/turtlesim/srv/detail/spawn__builder.hpp
[125.955s] -- Installing: /home/k/Desktop/Zeb05/Zebulon05/ros_packages_full/install/turtlesim/include/turtlesim/turtlesim/srv/detail/teleport_absolute__struct.hpp
[125.957s] -- Installing: /home/k/Desktop/Zeb05/Zebulon05/ros_packages_full/install/turtlesim/include/turtlesim/turtlesim/srv/detail/kill__builder.hpp
[125.958s] -- Installing: /home/k/Desktop/Zeb05/Zebulon05/ros_packages_full/install/turtlesim/include/turtlesim/turtlesim/srv/detail/set_pen__builder.hpp
[125.960s] -- Installing: /home/k/Desktop/Zeb05/Zebulon05/ros_packages_full/install/turtlesim/include/turtlesim/turtlesim/srv/detail/teleport_absolute__traits.hpp
[125.961s] -- Installing: /home/k/Desktop/Zeb05/Zebulon05/ros_packages_full/install/turtlesim/include/turtlesim/turtlesim/srv/detail/set_pen__struct.hpp
[125.962s] -- Installing: /home/k/Desktop/Zeb05/Zebulon05/ros_packages_full/install/turtlesim/include/turtlesim/turtlesim/srv/detail/spawn__traits.hpp
[125.964s] -- Installing: /home/k/Desktop/Zeb05/Zebulon05/ros_packages_full/install/turtlesim/include/turtlesim/turtlesim/srv/detail/spawn__struct.hpp
[125.965s] -- Installing: /home/k/Desktop/Zeb05/Zebulon05/ros_packages_full/install/turtlesim/include/turtlesim/turtlesim/srv/detail/teleport_absolute__builder.hpp
[125.967s] -- Installing: /home/k/Desktop/Zeb05/Zebulon05/ros_packages_full/install/turtlesim/include/turtlesim/turtlesim/srv/detail/kill__traits.hpp
[125.968s] -- Installing: /home/k/Desktop/Zeb05/Zebulon05/ros_packages_full/install/turtlesim/include/turtlesim/turtlesim/srv/teleport_relative.hpp
[125.970s] -- Up-to-date: /home/k/Desktop/Zeb05/Zebulon05/ros_packages_full/install/turtlesim/include/turtlesim/turtlesim/action
[125.970s] -- Installing: /home/k/Desktop/Zeb05/Zebulon05/ros_packages_full/install/turtlesim/include/turtlesim/turtlesim/action/rotate_absolute.hpp
[125.971s] -- Up-to-date: /home/k/Desktop/Zeb05/Zebulon05/ros_packages_full/install/turtlesim/include/turtlesim/turtlesim/action/detail
[125.972s] -- Installing: /home/k/Desktop/Zeb05/Zebulon05/ros_packages_full/install/turtlesim/include/turtlesim/turtlesim/action/detail/rotate_absolute__builder.hpp
[125.974s] -- Installing: /home/k/Desktop/Zeb05/Zebulon05/ros_packages_full/install/turtlesim/include/turtlesim/turtlesim/action/detail/rotate_absolute__struct.hpp
[125.975s] -- Installing: /home/k/Desktop/Zeb05/Zebulon05/ros_packages_full/install/turtlesim/include/turtlesim/turtlesim/action/detail/rotate_absolute__traits.hpp
[125.977s] -- Up-to-date: /home/k/Desktop/Zeb05/Zebulon05/ros_packages_full/install/turtlesim/include/turtlesim/turtlesim/msg
[125.977s] -- Installing: /home/k/Desktop/Zeb05/Zebulon05/ros_packages_full/install/turtlesim/include/turtlesim/turtlesim/msg/pose.hpp
[125.979s] -- Installing: /home/k/Desktop/Zeb05/Zebulon05/ros_packages_full/install/turtlesim/include/turtlesim/turtlesim/msg/color.hpp
[125.980s] -- Up-to-date: /home/k/Desktop/Zeb05/Zebulon05/ros_packages_full/install/turtlesim/include/turtlesim/turtlesim/msg/detail
[125.980s] -- Installing: /home/k/Desktop/Zeb05/Zebulon05/ros_packages_full/install/turtlesim/include/turtlesim/turtlesim/msg/detail/pose__struct.hpp
[125.982s] -- Installing: /home/k/Desktop/Zeb05/Zebulon05/ros_packages_full/install/turtlesim/include/turtlesim/turtlesim/msg/detail/pose__traits.hpp
[125.983s] -- Installing: /home/k/Desktop/Zeb05/Zebulon05/ros_packages_full/install/turtlesim/include/turtlesim/turtlesim/msg/detail/color__traits.hpp
[125.984s] -- Installing: /home/k/Desktop/Zeb05/Zebulon05/ros_packages_full/install/turtlesim/include/turtlesim/turtlesim/msg/detail/pose__builder.hpp
[125.986s] -- Installing: /home/k/Desktop/Zeb05/Zebulon05/ros_packages_full/install/turtlesim/include/turtlesim/turtlesim/msg/detail/color__builder.hpp
[125.987s] -- Installing: /home/k/Desktop/Zeb05/Zebulon05/ros_packages_full/install/turtlesim/include/turtlesim/turtlesim/msg/detail/color__struct.hpp
[125.989s] -- Up-to-date: /home/k/Desktop/Zeb05/Zebulon05/ros_packages_full/install/turtlesim/include/turtlesim/turtlesim
[125.989s] -- Up-to-date: /home/k/Desktop/Zeb05/Zebulon05/ros_packages_full/install/turtlesim/include/turtlesim/turtlesim/srv
[125.990s] -- Up-to-date: /home/k/Desktop/Zeb05/Zebulon05/ros_packages_full/install/turtlesim/include/turtlesim/turtlesim/srv/detail
[125.990s] -- Installing: /home/k/Desktop/Zeb05/Zebulon05/ros_packages_full/install/turtlesim/include/turtlesim/turtlesim/srv/detail/teleport_absolute__rosidl_typesupport_fastrtps_cpp.hpp
[125.993s] -- Installing: /home/k/Desktop/Zeb05/Zebulon05/ros_packages_full/install/turtlesim/include/turtlesim/turtlesim/srv/detail/teleport_relative__rosidl_typesupport_fastrtps_cpp.hpp
[125.995s] -- Installing: /home/k/Desktop/Zeb05/Zebulon05/ros_packages_full/install/turtlesim/include/turtlesim/turtlesim/srv/detail/spawn__rosidl_typesupport_fastrtps_cpp.hpp
[125.998s] -- Installing: /home/k/Desktop/Zeb05/Zebulon05/ros_packages_full/install/turtlesim/include/turtlesim/turtlesim/srv/detail/set_pen__rosidl_typesupport_fastrtps_cpp.hpp
[126.001s] -- Installing: /home/k/Desktop/Zeb05/Zebulon05/ros_packages_full/install/turtlesim/include/turtlesim/turtlesim/srv/detail/kill__rosidl_typesupport_fastrtps_cpp.hpp
[126.003s] -- Installing: /home/k/Desktop/Zeb05/Zebulon05/ros_packages_full/install/turtlesim/include/turtlesim/turtlesim/srv/detail/dds_fastrtps
[126.004s] -- Up-to-date: /home/k/Desktop/Zeb05/Zebulon05/ros_packages_full/install/turtlesim/include/turtlesim/turtlesim/action
[126.005s] -- Up-to-date: /home/k/Desktop/Zeb05/Zebulon05/ros_packages_full/install/turtlesim/include/turtlesim/turtlesim/action/detail
[126.005s] -- Installing: /home/k/Desktop/Zeb05/Zebulon05/ros_packages_full/install/turtlesim/include/turtlesim/turtlesim/action/detail/rotate_absolute__rosidl_typesupport_fastrtps_cpp.hpp
[126.009s] -- Installing: /home/k/Desktop/Zeb05/Zebulon05/ros_packages_full/install/turtlesim/include/turtlesim/turtlesim/action/detail/dds_fastrtps
[126.010s] -- Up-to-date: /home/k/Desktop/Zeb05/Zebulon05/ros_packages_full/install/turtlesim/include/turtlesim/turtlesim/msg
[126.010s] -- Installing: /home/k/Desktop/Zeb05/Zebulon05/ros_packages_full/install/turtlesim/include/turtlesim/turtlesim/msg/rosidl_typesupport_fastrtps_cpp__visibility_control.h
[126.013s] -- Up-to-date: /home/k/Desktop/Zeb05/Zebulon05/ros_packages_full/install/turtlesim/include/turtlesim/turtlesim/msg/detail
[126.014s] -- Installing: /home/k/Desktop/Zeb05/Zebulon05/ros_packages_full/install/turtlesim/include/turtlesim/turtlesim/msg/detail/pose__rosidl_typesupport_fastrtps_cpp.hpp
[126.016s] -- Installing: /home/k/Desktop/Zeb05/Zebulon05/ros_packages_full/install/turtlesim/include/turtlesim/turtlesim/msg/detail/color__rosidl_typesupport_fastrtps_cpp.hpp
[126.019s] -- Installing: /home/k/Desktop/Zeb05/Zebulon05/ros_packages_full/install/turtlesim/include/turtlesim/turtlesim/msg/detail/dds_fastrtps
[126.021s] -- Installing: /home/k/Desktop/Zeb05/Zebulon05/ros_packages_full/install/turtlesim/lib/libturtlesim__rosidl_typesupport_fastrtps_cpp.so
[126.030s] -- Set runtime path of "/home/k/Desktop/Zeb05/Zebulon05/ros_packages_full/install/turtlesim/lib/libturtlesim__rosidl_typesupport_fastrtps_cpp.so" to ""
[126.030s] -- Up-to-date: /home/k/Desktop/Zeb05/Zebulon05/ros_packages_full/install/turtlesim/include/turtlesim/turtlesim
[126.030s] -- Up-to-date: /home/k/Desktop/Zeb05/Zebulon05/ros_packages_full/install/turtlesim/include/turtlesim/turtlesim/srv
[126.031s] -- Up-to-date: /home/k/Desktop/Zeb05/Zebulon05/ros_packages_full/install/turtlesim/include/turtlesim/turtlesim/srv/detail
[126.032s] -- Installing: /home/k/Desktop/Zeb05/Zebulon05/ros_packages_full/install/turtlesim/include/turtlesim/turtlesim/srv/detail/set_pen__rosidl_typesupport_introspection_c.h
[126.035s] -- Installing: /home/k/Desktop/Zeb05/Zebulon05/ros_packages_full/install/turtlesim/include/turtlesim/turtlesim/srv/detail/teleport_absolute__type_support.c
[126.038s] -- Installing: /home/k/Desktop/Zeb05/Zebulon05/ros_packages_full/install/turtlesim/include/turtlesim/turtlesim/srv/detail/teleport_absolute__rosidl_typesupport_introspection_c.h
[126.041s] -- Installing: /home/k/Desktop/Zeb05/Zebulon05/ros_packages_full/install/turtlesim/include/turtlesim/turtlesim/srv/detail/teleport_relative__rosidl_typesupport_introspection_c.h
[126.043s] -- Installing: /home/k/Desktop/Zeb05/Zebulon05/ros_packages_full/install/turtlesim/include/turtlesim/turtlesim/srv/detail/kill__type_support.c
[126.046s] -- Installing: /home/k/Desktop/Zeb05/Zebulon05/ros_packages_full/install/turtlesim/include/turtlesim/turtlesim/srv/detail/spawn__rosidl_typesupport_introspection_c.h
[126.048s] -- Installing: /home/k/Desktop/Zeb05/Zebulon05/ros_packages_full/install/turtlesim/include/turtlesim/turtlesim/srv/detail/set_pen__type_support.c
[126.051s] -- Installing: /home/k/Desktop/Zeb05/Zebulon05/ros_packages_full/install/turtlesim/include/turtlesim/turtlesim/srv/detail/teleport_relative__type_support.c
[126.054s] -- Installing: /home/k/Desktop/Zeb05/Zebulon05/ros_packages_full/install/turtlesim/include/turtlesim/turtlesim/srv/detail/kill__rosidl_typesupport_introspection_c.h
[126.057s] -- Installing: /home/k/Desktop/Zeb05/Zebulon05/ros_packages_full/install/turtlesim/include/turtlesim/turtlesim/srv/detail/spawn__type_support.c
[126.060s] -- Up-to-date: /home/k/Desktop/Zeb05/Zebulon05/ros_packages_full/install/turtlesim/include/turtlesim/turtlesim/action
[126.060s] -- Up-to-date: /home/k/Desktop/Zeb05/Zebulon05/ros_packages_full/install/turtlesim/include/turtlesim/turtlesim/action/detail
[126.061s] -- Installing: /home/k/Desktop/Zeb05/Zebulon05/ros_packages_full/install/turtlesim/include/turtlesim/turtlesim/action/detail/rotate_absolute__rosidl_typesupport_introspection_c.h
[126.064s] -- Installing: /home/k/Desktop/Zeb05/Zebulon05/ros_packages_full/install/turtlesim/include/turtlesim/turtlesim/action/detail/rotate_absolute__type_support.c
[126.069s] -- Up-to-date: /home/k/Desktop/Zeb05/Zebulon05/ros_packages_full/install/turtlesim/include/turtlesim/turtlesim/msg
[126.070s] -- Installing: /home/k/Desktop/Zeb05/Zebulon05/ros_packages_full/install/turtlesim/include/turtlesim/turtlesim/msg/rosidl_typesupport_introspection_c__visibility_control.h
[126.072s] -- Up-to-date: /home/k/Desktop/Zeb05/Zebulon05/ros_packages_full/install/turtlesim/include/turtlesim/turtlesim/msg/detail
[126.073s] -- Installing: /home/k/Desktop/Zeb05/Zebulon05/ros_packages_full/install/turtlesim/include/turtlesim/turtlesim/msg/detail/color__type_support.c
[126.076s] -- Installing: /home/k/Desktop/Zeb05/Zebulon05/ros_packages_full/install/turtlesim/include/turtlesim/turtlesim/msg/detail/color__rosidl_typesupport_introspection_c.h
[126.079s] -- Installing: /home/k/Desktop/Zeb05/Zebulon05/ros_packages_full/install/turtlesim/include/turtlesim/turtlesim/msg/detail/pose__rosidl_typesupport_introspection_c.h
[126.082s] -- Installing: /home/k/Desktop/Zeb05/Zebulon05/ros_packages_full/install/turtlesim/include/turtlesim/turtlesim/msg/detail/pose__type_support.c
[126.085s] -- Installing: /home/k/Desktop/Zeb05/Zebulon05/ros_packages_full/install/turtlesim/lib/libturtlesim__rosidl_typesupport_introspection_c.so
[126.092s] -- Set runtime path of "/home/k/Desktop/Zeb05/Zebulon05/ros_packages_full/install/turtlesim/lib/libturtlesim__rosidl_typesupport_introspection_c.so" to ""
[126.093s] -- Installing: /home/k/Desktop/Zeb05/Zebulon05/ros_packages_full/install/turtlesim/lib/libturtlesim__rosidl_typesupport_c.so
[126.100s] -- Set runtime path of "/home/k/Desktop/Zeb05/Zebulon05/ros_packages_full/install/turtlesim/lib/libturtlesim__rosidl_typesupport_c.so" to ""
[126.101s] -- Up-to-date: /home/k/Desktop/Zeb05/Zebulon05/ros_packages_full/install/turtlesim/include/turtlesim/turtlesim
[126.101s] -- Up-to-date: /home/k/Desktop/Zeb05/Zebulon05/ros_packages_full/install/turtlesim/include/turtlesim/turtlesim/srv
[126.102s] -- Up-to-date: /home/k/Desktop/Zeb05/Zebulon05/ros_packages_full/install/turtlesim/include/turtlesim/turtlesim/srv/detail
[126.103s] -- Installing: /home/k/Desktop/Zeb05/Zebulon05/ros_packages_full/install/turtlesim/include/turtlesim/turtlesim/srv/detail/teleport_relative__type_support.cpp
[126.106s] -- Installing: /home/k/Desktop/Zeb05/Zebulon05/ros_packages_full/install/turtlesim/include/turtlesim/turtlesim/srv/detail/kill__rosidl_typesupport_introspection_cpp.hpp
[126.109s] -- Installing: /home/k/Desktop/Zeb05/Zebulon05/ros_packages_full/install/turtlesim/include/turtlesim/turtlesim/srv/detail/teleport_relative__rosidl_typesupport_introspection_cpp.hpp
[126.111s] -- Installing: /home/k/Desktop/Zeb05/Zebulon05/ros_packages_full/install/turtlesim/include/turtlesim/turtlesim/srv/detail/spawn__rosidl_typesupport_introspection_cpp.hpp
[126.114s] -- Installing: /home/k/Desktop/Zeb05/Zebulon05/ros_packages_full/install/turtlesim/include/turtlesim/turtlesim/srv/detail/teleport_absolute__rosidl_typesupport_introspection_cpp.hpp
[126.117s] -- Installing: /home/k/Desktop/Zeb05/Zebulon05/ros_packages_full/install/turtlesim/include/turtlesim/turtlesim/srv/detail/spawn__type_support.cpp
[126.120s] -- Installing: /home/k/Desktop/Zeb05/Zebulon05/ros_packages_full/install/turtlesim/include/turtlesim/turtlesim/srv/detail/kill__type_support.cpp
[126.122s] -- Installing: /home/k/Desktop/Zeb05/Zebulon05/ros_packages_full/install/turtlesim/include/turtlesim/turtlesim/srv/detail/teleport_absolute__type_support.cpp
[126.125s] -- Installing: /home/k/Desktop/Zeb05/Zebulon05/ros_packages_full/install/turtlesim/include/turtlesim/turtlesim/srv/detail/set_pen__rosidl_typesupport_introspection_cpp.hpp
[126.128s] -- Installing: /home/k/Desktop/Zeb05/Zebulon05/ros_packages_full/install/turtlesim/include/turtlesim/turtlesim/srv/detail/set_pen__type_support.cpp
[126.131s] -- Up-to-date: /home/k/Desktop/Zeb05/Zebulon05/ros_packages_full/install/turtlesim/include/turtlesim/turtlesim/action
[126.131s] -- Up-to-date: /home/k/Desktop/Zeb05/Zebulon05/ros_packages_full/install/turtlesim/include/turtlesim/turtlesim/action/detail
[126.132s] -- Installing: /home/k/Desktop/Zeb05/Zebulon05/ros_packages_full/install/turtlesim/include/turtlesim/turtlesim/action/detail/rotate_absolute__rosidl_typesupport_introspection_cpp.hpp
[126.135s] -- Installing: /home/k/Desktop/Zeb05/Zebulon05/ros_packages_full/install/turtlesim/include/turtlesim/turtlesim/action/detail/rotate_absolute__type_support.cpp
[126.139s] -- Up-to-date: /home/k/Desktop/Zeb05/Zebulon05/ros_packages_full/install/turtlesim/include/turtlesim/turtlesim/msg
[126.140s] -- Up-to-date: /home/k/Desktop/Zeb05/Zebulon05/ros_packages_full/install/turtlesim/include/turtlesim/turtlesim/msg/detail
[126.141s] -- Installing: /home/k/Desktop/Zeb05/Zebulon05/ros_packages_full/install/turtlesim/include/turtlesim/turtlesim/msg/detail/pose__rosidl_typesupport_introspection_cpp.hpp
[126.143s] -- Installing: /home/k/Desktop/Zeb05/Zebulon05/ros_packages_full/install/turtlesim/include/turtlesim/turtlesim/msg/detail/color__type_support.cpp
[126.146s] -- Installing: /home/k/Desktop/Zeb05/Zebulon05/ros_packages_full/install/turtlesim/include/turtlesim/turtlesim/msg/detail/pose__type_support.cpp
[126.149s] -- Installing: /home/k/Desktop/Zeb05/Zebulon05/ros_packages_full/install/turtlesim/include/turtlesim/turtlesim/msg/detail/color__rosidl_typesupport_introspection_cpp.hpp
[126.152s] -- Installing: /home/k/Desktop/Zeb05/Zebulon05/ros_packages_full/install/turtlesim/lib/libturtlesim__rosidl_typesupport_introspection_cpp.so
[126.160s] -- Set runtime path of "/home/k/Desktop/Zeb05/Zebulon05/ros_packages_full/install/turtlesim/lib/libturtlesim__rosidl_typesupport_introspection_cpp.so" to ""
[126.161s] -- Installing: /home/k/Desktop/Zeb05/Zebulon05/ros_packages_full/install/turtlesim/lib/libturtlesim__rosidl_typesupport_cpp.so
[126.166s] -- Set runtime path of "/home/k/Desktop/Zeb05/Zebulon05/ros_packages_full/install/turtlesim/lib/libturtlesim__rosidl_typesupport_cpp.so" to ""
[126.167s] -- Installing: /home/k/Desktop/Zeb05/Zebulon05/ros_packages_full/install/turtlesim/share/turtlesim/environment/pythonpath.sh
[126.169s] -- Installing: /home/k/Desktop/Zeb05/Zebulon05/ros_packages_full/install/turtlesim/share/turtlesim/environment/pythonpath.dsv
[126.172s] -- Installing: /home/k/Desktop/Zeb05/Zebulon05/ros_packages_full/install/turtlesim/local/lib/python3.10/dist-packages/turtlesim-1.4.1-py3.10.egg-info
[126.173s] -- Installing: /home/k/Desktop/Zeb05/Zebulon05/ros_packages_full/install/turtlesim/local/lib/python3.10/dist-packages/turtlesim-1.4.1-py3.10.egg-info/PKG-INFO
[126.175s] -- Installing: /home/k/Desktop/Zeb05/Zebulon05/ros_packages_full/install/turtlesim/local/lib/python3.10/dist-packages/turtlesim-1.4.1-py3.10.egg-info/top_level.txt
[126.177s] -- Installing: /home/k/Desktop/Zeb05/Zebulon05/ros_packages_full/install/turtlesim/local/lib/python3.10/dist-packages/turtlesim-1.4.1-py3.10.egg-info/SOURCES.txt
[126.180s] -- Installing: /home/k/Desktop/Zeb05/Zebulon05/ros_packages_full/install/turtlesim/local/lib/python3.10/dist-packages/turtlesim-1.4.1-py3.10.egg-info/dependency_links.txt
[126.182s] -- Installing: /home/k/Desktop/Zeb05/Zebulon05/ros_packages_full/install/turtlesim/local/lib/python3.10/dist-packages/turtlesim
[126.183s] -- Installing: /home/k/Desktop/Zeb05/Zebulon05/ros_packages_full/install/turtlesim/local/lib/python3.10/dist-packages/turtlesim/srv
[126.184s] -- Installing: /home/k/Desktop/Zeb05/Zebulon05/ros_packages_full/install/turtlesim/local/lib/python3.10/dist-packages/turtlesim/srv/_teleport_absolute.py
[126.187s] -- Installing: /home/k/Desktop/Zeb05/Zebulon05/ros_packages_full/install/turtlesim/local/lib/python3.10/dist-packages/turtlesim/srv/_set_pen_s.c
[126.190s] -- Installing: /home/k/Desktop/Zeb05/Zebulon05/ros_packages_full/install/turtlesim/local/lib/python3.10/dist-packages/turtlesim/srv/_teleport_relative.py
[126.192s] -- Installing: /home/k/Desktop/Zeb05/Zebulon05/ros_packages_full/install/turtlesim/local/lib/python3.10/dist-packages/turtlesim/srv/_kill.py
[126.195s] -- Installing: /home/k/Desktop/Zeb05/Zebulon05/ros_packages_full/install/turtlesim/local/lib/python3.10/dist-packages/turtlesim/srv/__init__.py
[126.197s] -- Installing: /home/k/Desktop/Zeb05/Zebulon05/ros_packages_full/install/turtlesim/local/lib/python3.10/dist-packages/turtlesim/srv/_spawn.py
[126.200s] -- Installing: /home/k/Desktop/Zeb05/Zebulon05/ros_packages_full/install/turtlesim/local/lib/python3.10/dist-packages/turtlesim/srv/_teleport_relative_s.c
[126.202s] -- Installing: /home/k/Desktop/Zeb05/Zebulon05/ros_packages_full/install/turtlesim/local/lib/python3.10/dist-packages/turtlesim/srv/_teleport_absolute_s.c
[126.205s] -- Installing: /home/k/Desktop/Zeb05/Zebulon05/ros_packages_full/install/turtlesim/local/lib/python3.10/dist-packages/turtlesim/srv/_set_pen.py
[126.207s] -- Installing: /home/k/Desktop/Zeb05/Zebulon05/ros_packages_full/install/turtlesim/local/lib/python3.10/dist-packages/turtlesim/srv/_kill_s.c
[126.210s] -- Installing: /home/k/Desktop/Zeb05/Zebulon05/ros_packages_full/install/turtlesim/local/lib/python3.10/dist-packages/turtlesim/srv/_spawn_s.c
[126.213s] -- Installing: /home/k/Desktop/Zeb05/Zebulon05/ros_packages_full/install/turtlesim/local/lib/python3.10/dist-packages/turtlesim/turtlesim_s__rosidl_typesupport_fastrtps_c.cpython-310-aarch64-linux-gnu.so
[126.218s] -- Installing: /home/k/Desktop/Zeb05/Zebulon05/ros_packages_full/install/turtlesim/local/lib/python3.10/dist-packages/turtlesim/action
[126.219s] -- Installing: /home/k/Desktop/Zeb05/Zebulon05/ros_packages_full/install/turtlesim/local/lib/python3.10/dist-packages/turtlesim/action/_rotate_absolute.py
[126.224s] -- Installing: /home/k/Desktop/Zeb05/Zebulon05/ros_packages_full/install/turtlesim/local/lib/python3.10/dist-packages/turtlesim/action/__init__.py
[126.227s] -- Installing: /home/k/Desktop/Zeb05/Zebulon05/ros_packages_full/install/turtlesim/local/lib/python3.10/dist-packages/turtlesim/action/_rotate_absolute_s.c
[126.231s] -- Installing: /home/k/Desktop/Zeb05/Zebulon05/ros_packages_full/install/turtlesim/local/lib/python3.10/dist-packages/turtlesim/_turtlesim_s.ep.rosidl_typesupport_introspection_c.c
[126.238s] -- Installing: /home/k/Desktop/Zeb05/Zebulon05/ros_packages_full/install/turtlesim/local/lib/python3.10/dist-packages/turtlesim/msg
[126.239s] -- Installing: /home/k/Desktop/Zeb05/Zebulon05/ros_packages_full/install/turtlesim/local/lib/python3.10/dist-packages/turtlesim/msg/_color_s.c
[126.242s] -- Installing: /home/k/Desktop/Zeb05/Zebulon05/ros_packages_full/install/turtlesim/local/lib/python3.10/dist-packages/turtlesim/msg/_color.py
[126.245s] -- Installing: /home/k/Desktop/Zeb05/Zebulon05/ros_packages_full/install/turtlesim/local/lib/python3.10/dist-packages/turtlesim/msg/__init__.py
[126.248s] -- Installing: /home/k/Desktop/Zeb05/Zebulon05/ros_packages_full/install/turtlesim/local/lib/python3.10/dist-packages/turtlesim/msg/_pose.py
[126.251s] -- Installing: /home/k/Desktop/Zeb05/Zebulon05/ros_packages_full/install/turtlesim/local/lib/python3.10/dist-packages/turtlesim/msg/_pose_s.c
[126.254s] -- Installing: /home/k/Desktop/Zeb05/Zebulon05/ros_packages_full/install/turtlesim/local/lib/python3.10/dist-packages/turtlesim/__init__.py
[126.255s] -- Installing: /home/k/Desktop/Zeb05/Zebulon05/ros_packages_full/install/turtlesim/local/lib/python3.10/dist-packages/turtlesim/_turtlesim_s.ep.rosidl_typesupport_fastrtps_c.c
[126.262s] -- Installing: /home/k/Desktop/Zeb05/Zebulon05/ros_packages_full/install/turtlesim/local/lib/python3.10/dist-packages/turtlesim/turtlesim_s__rosidl_typesupport_c.cpython-310-aarch64-linux-gnu.so
[126.268s] -- Installing: /home/k/Desktop/Zeb05/Zebulon05/ros_packages_full/install/turtlesim/local/lib/python3.10/dist-packages/turtlesim/libturtlesim__rosidl_generator_py.so
[126.274s] -- Installing: /home/k/Desktop/Zeb05/Zebulon05/ros_packages_full/install/turtlesim/local/lib/python3.10/dist-packages/turtlesim/_turtlesim_s.ep.rosidl_typesupport_c.c
[126.282s] -- Installing: /home/k/Desktop/Zeb05/Zebulon05/ros_packages_full/install/turtlesim/local/lib/python3.10/dist-packages/turtlesim/turtlesim_s__rosidl_typesupport_introspection_c.cpython-310-aarch64-linux-gnu.so
[126.554s] Listing '/home/k/Desktop/Zeb05/Zebulon05/ros_packages_full/install/turtlesim/local/lib/python3.10/dist-packages/turtlesim'...
[126.555s] Compiling '/home/k/Desktop/Zeb05/Zebulon05/ros_packages_full/install/turtlesim/local/lib/python3.10/dist-packages/turtlesim/__init__.py'...
[126.556s] Listing '/home/k/Desktop/Zeb05/Zebulon05/ros_packages_full/install/turtlesim/local/lib/python3.10/dist-packages/turtlesim/action'...
[126.557s] Compiling '/home/k/Desktop/Zeb05/Zebulon05/ros_packages_full/install/turtlesim/local/lib/python3.10/dist-packages/turtlesim/action/__init__.py'...
[126.558s] Compiling '/home/k/Desktop/Zeb05/Zebulon05/ros_packages_full/install/turtlesim/local/lib/python3.10/dist-packages/turtlesim/action/_rotate_absolute.py'...
[126.559s] Listing '/home/k/Desktop/Zeb05/Zebulon05/ros_packages_full/install/turtlesim/local/lib/python3.10/dist-packages/turtlesim/msg'...
[126.560s] Compiling '/home/k/Desktop/Zeb05/Zebulon05/ros_packages_full/install/turtlesim/local/lib/python3.10/dist-packages/turtlesim/msg/__init__.py'...
[126.561s] Compiling '/home/k/Desktop/Zeb05/Zebulon05/ros_packages_full/install/turtlesim/local/lib/python3.10/dist-packages/turtlesim/msg/_color.py'...
[126.562s] Compiling '/home/k/Desktop/Zeb05/Zebulon05/ros_packages_full/install/turtlesim/local/lib/python3.10/dist-packages/turtlesim/msg/_pose.py'...
[126.563s] Listing '/home/k/Desktop/Zeb05/Zebulon05/ros_packages_full/install/turtlesim/local/lib/python3.10/dist-packages/turtlesim/srv'...
[126.564s] Compiling '/home/k/Desktop/Zeb05/Zebulon05/ros_packages_full/install/turtlesim/local/lib/python3.10/dist-packages/turtlesim/srv/__init__.py'...
[126.565s] Compiling '/home/k/Desktop/Zeb05/Zebulon05/ros_packages_full/install/turtlesim/local/lib/python3.10/dist-packages/turtlesim/srv/_kill.py'...
[126.565s] Compiling '/home/k/Desktop/Zeb05/Zebulon05/ros_packages_full/install/turtlesim/local/lib/python3.10/dist-packages/turtlesim/srv/_set_pen.py'...
[126.566s] Compiling '/home/k/Desktop/Zeb05/Zebulon05/ros_packages_full/install/turtlesim/local/lib/python3.10/dist-packages/turtlesim/srv/_spawn.py'...
[126.567s] Compiling '/home/k/Desktop/Zeb05/Zebulon05/ros_packages_full/install/turtlesim/local/lib/python3.10/dist-packages/turtlesim/srv/_teleport_absolute.py'...
[126.568s] Compiling '/home/k/Desktop/Zeb05/Zebulon05/ros_packages_full/install/turtlesim/local/lib/python3.10/dist-packages/turtlesim/srv/_teleport_relative.py'...
[126.584s] -- Installing: /home/k/Desktop/Zeb05/Zebulon05/ros_packages_full/install/turtlesim/local/lib/python3.10/dist-packages/turtlesim/turtlesim_s__rosidl_typesupport_fastrtps_c.cpython-310-aarch64-linux-gnu.so
[126.588s] -- Set runtime path of "/home/k/Desktop/Zeb05/Zebulon05/ros_packages_full/install/turtlesim/local/lib/python3.10/dist-packages/turtlesim/turtlesim_s__rosidl_typesupport_fastrtps_c.cpython-310-aarch64-linux-gnu.so" to ""
[126.590s] -- Installing: /home/k/Desktop/Zeb05/Zebulon05/ros_packages_full/install/turtlesim/local/lib/python3.10/dist-packages/turtlesim/turtlesim_s__rosidl_typesupport_introspection_c.cpython-310-aarch64-linux-gnu.so
[126.595s] -- Set runtime path of "/home/k/Desktop/Zeb05/Zebulon05/ros_packages_full/install/turtlesim/local/lib/python3.10/dist-packages/turtlesim/turtlesim_s__rosidl_typesupport_introspection_c.cpython-310-aarch64-linux-gnu.so" to ""
[126.597s] -- Installing: /home/k/Desktop/Zeb05/Zebulon05/ros_packages_full/install/turtlesim/local/lib/python3.10/dist-packages/turtlesim/turtlesim_s__rosidl_typesupport_c.cpython-310-aarch64-linux-gnu.so
[126.602s] -- Set runtime path of "/home/k/Desktop/Zeb05/Zebulon05/ros_packages_full/install/turtlesim/local/lib/python3.10/dist-packages/turtlesim/turtlesim_s__rosidl_typesupport_c.cpython-310-aarch64-linux-gnu.so" to ""
[126.602s] -- Installing: /home/k/Desktop/Zeb05/Zebulon05/ros_packages_full/install/turtlesim/lib/libturtlesim__rosidl_generator_py.so
[126.606s] -- Set runtime path of "/home/k/Desktop/Zeb05/Zebulon05/ros_packages_full/install/turtlesim/lib/libturtlesim__rosidl_generator_py.so" to ""
[126.607s] -- Installing: /home/k/Desktop/Zeb05/Zebulon05/ros_packages_full/install/turtlesim/share/turtlesim/action/RotateAbsolute.idl
[126.611s] -- Installing: /home/k/Desktop/Zeb05/Zebulon05/ros_packages_full/install/turtlesim/share/turtlesim/msg/Color.idl
[126.613s] -- Installing: /home/k/Desktop/Zeb05/Zebulon05/ros_packages_full/install/turtlesim/share/turtlesim/msg/Pose.idl
[126.616s] -- Installing: /home/k/Desktop/Zeb05/Zebulon05/ros_packages_full/install/turtlesim/share/turtlesim/srv/Kill.idl
[126.619s] -- Installing: /home/k/Desktop/Zeb05/Zebulon05/ros_packages_full/install/turtlesim/share/turtlesim/srv/SetPen.idl
[126.622s] -- Installing: /home/k/Desktop/Zeb05/Zebulon05/ros_packages_full/install/turtlesim/share/turtlesim/srv/Spawn.idl
[126.624s] -- Installing: /home/k/Desktop/Zeb05/Zebulon05/ros_packages_full/install/turtlesim/share/turtlesim/srv/TeleportAbsolute.idl
[126.627s] -- Installing: /home/k/Desktop/Zeb05/Zebulon05/ros_packages_full/install/turtlesim/share/turtlesim/srv/TeleportRelative.idl
[126.629s] -- Installing: /home/k/Desktop/Zeb05/Zebulon05/ros_packages_full/install/turtlesim/share/turtlesim/action/RotateAbsolute.action
[126.632s] -- Installing: /home/k/Desktop/Zeb05/Zebulon05/ros_packages_full/install/turtlesim/share/turtlesim/msg/Color.msg
[126.634s] -- Installing: /home/k/Desktop/Zeb05/Zebulon05/ros_packages_full/install/turtlesim/share/turtlesim/msg/Pose.msg
[126.637s] -- Installing: /home/k/Desktop/Zeb05/Zebulon05/ros_packages_full/install/turtlesim/share/turtlesim/srv/Kill.srv
[126.639s] -- Installing: /home/k/Desktop/Zeb05/Zebulon05/ros_packages_full/install/turtlesim/share/turtlesim/srv/Kill_Request.msg
[126.642s] -- Installing: /home/k/Desktop/Zeb05/Zebulon05/ros_packages_full/install/turtlesim/share/turtlesim/srv/Kill_Response.msg
[126.643s] -- Installing: /home/k/Desktop/Zeb05/Zebulon05/ros_packages_full/install/turtlesim/share/turtlesim/srv/SetPen.srv
[126.646s] -- Installing: /home/k/Desktop/Zeb05/Zebulon05/ros_packages_full/install/turtlesim/share/turtlesim/srv/SetPen_Request.msg
[126.648s] -- Installing: /home/k/Desktop/Zeb05/Zebulon05/ros_packages_full/install/turtlesim/share/turtlesim/srv/SetPen_Response.msg
[126.651s] -- Installing: /home/k/Desktop/Zeb05/Zebulon05/ros_packages_full/install/turtlesim/share/turtlesim/srv/Spawn.srv
[126.653s] -- Installing: /home/k/Desktop/Zeb05/Zebulon05/ros_packages_full/install/turtlesim/share/turtlesim/srv/Spawn_Request.msg
[126.656s] -- Installing: /home/k/Desktop/Zeb05/Zebulon05/ros_packages_full/install/turtlesim/share/turtlesim/srv/Spawn_Response.msg
[126.658s] -- Installing: /home/k/Desktop/Zeb05/Zebulon05/ros_packages_full/install/turtlesim/share/turtlesim/srv/TeleportAbsolute.srv
[126.661s] -- Installing: /home/k/Desktop/Zeb05/Zebulon05/ros_packages_full/install/turtlesim/share/turtlesim/srv/TeleportAbsolute_Request.msg
[126.663s] -- Installing: /home/k/Desktop/Zeb05/Zebulon05/ros_packages_full/install/turtlesim/share/turtlesim/srv/TeleportAbsolute_Response.msg
[126.666s] -- Installing: /home/k/Desktop/Zeb05/Zebulon05/ros_packages_full/install/turtlesim/share/turtlesim/srv/TeleportRelative.srv
[126.668s] -- Installing: /home/k/Desktop/Zeb05/Zebulon05/ros_packages_full/install/turtlesim/share/turtlesim/srv/TeleportRelative_Request.msg
[126.671s] -- Installing: /home/k/Desktop/Zeb05/Zebulon05/ros_packages_full/install/turtlesim/share/turtlesim/srv/TeleportRelative_Response.msg
[126.674s] -- Installing: /home/k/Desktop/Zeb05/Zebulon05/ros_packages_full/install/turtlesim/lib/turtlesim/turtlesim_node
[126.750s] -- Set runtime path of "/home/k/Desktop/Zeb05/Zebulon05/ros_packages_full/install/turtlesim/lib/turtlesim/turtlesim_node" to ""
[126.751s] -- Installing: /home/k/Desktop/Zeb05/Zebulon05/ros_packages_full/install/turtlesim/lib/turtlesim/turtle_teleop_key
[126.795s] -- Set runtime path of "/home/k/Desktop/Zeb05/Zebulon05/ros_packages_full/install/turtlesim/lib/turtlesim/turtle_teleop_key" to ""
[126.796s] -- Installing: /home/k/Desktop/Zeb05/Zebulon05/ros_packages_full/install/turtlesim/lib/turtlesim/draw_square
[126.897s] -- Set runtime path of "/home/k/Desktop/Zeb05/Zebulon05/ros_packages_full/install/turtlesim/lib/turtlesim/draw_square" to ""
[126.898s] -- Installing: /home/k/Desktop/Zeb05/Zebulon05/ros_packages_full/install/turtlesim/lib/turtlesim/mimic
[126.989s] -- Set runtime path of "/home/k/Desktop/Zeb05/Zebulon05/ros_packages_full/install/turtlesim/lib/turtlesim/mimic" to ""
[126.989s] -- Installing: /home/k/Desktop/Zeb05/Zebulon05/ros_packages_full/install/turtlesim/share/turtlesim/images
[126.992s] -- Installing: /home/k/Desktop/Zeb05/Zebulon05/ros_packages_full/install/turtlesim/share/turtlesim/images/eloquent.png
[126.994s] -- Installing: /home/k/Desktop/Zeb05/Zebulon05/ros_packages_full/install/turtlesim/share/turtlesim/images/ardent.png
[126.996s] -- Installing: /home/k/Desktop/Zeb05/Zebulon05/ros_packages_full/install/turtlesim/share/turtlesim/images/dashing.png
[126.999s] -- Installing: /home/k/Desktop/Zeb05/Zebulon05/ros_packages_full/install/turtlesim/share/turtlesim/images/humble.png
[127.001s] -- Installing: /home/k/Desktop/Zeb05/Zebulon05/ros_packages_full/install/turtlesim/share/turtlesim/images/foxy.png
[127.003s] -- Installing: /home/k/Desktop/Zeb05/Zebulon05/ros_packages_full/install/turtlesim/share/turtlesim/images/rolling.png
[127.005s] -- Installing: /home/k/Desktop/Zeb05/Zebulon05/ros_packages_full/install/turtlesim/share/turtlesim/images/galactic.png
[127.008s] -- Installing: /home/k/Desktop/Zeb05/Zebulon05/ros_packages_full/install/turtlesim/share/turtlesim/images/bouncy.png
[127.010s] -- Installing: /home/k/Desktop/Zeb05/Zebulon05/ros_packages_full/install/turtlesim/share/turtlesim/images/crystal.png
[127.013s] -- Installing: /home/k/Desktop/Zeb05/Zebulon05/ros_packages_full/install/turtlesim/share/turtlesim/launch
[127.014s] -- Installing: /home/k/Desktop/Zeb05/Zebulon05/ros_packages_full/install/turtlesim/share/turtlesim/launch/multisim.launch.py
[127.018s] -- Installing: /home/k/Desktop/Zeb05/Zebulon05/ros_packages_full/install/turtlesim/share/ament_index/resource_index/package_run_dependencies/turtlesim
[127.021s] -- Installing: /home/k/Desktop/Zeb05/Zebulon05/ros_packages_full/install/turtlesim/share/ament_index/resource_index/parent_prefix_path/turtlesim
[127.024s] -- Installing: /home/k/Desktop/Zeb05/Zebulon05/ros_packages_full/install/turtlesim/share/turtlesim/environment/ament_prefix_path.sh
[127.026s] -- Installing: /home/k/Desktop/Zeb05/Zebulon05/ros_packages_full/install/turtlesim/share/turtlesim/environment/ament_prefix_path.dsv
[127.029s] -- Installing: /home/k/Desktop/Zeb05/Zebulon05/ros_packages_full/install/turtlesim/share/turtlesim/environment/path.sh
[127.031s] -- Installing: /home/k/Desktop/Zeb05/Zebulon05/ros_packages_full/install/turtlesim/share/turtlesim/environment/path.dsv
[127.034s] -- Installing: /home/k/Desktop/Zeb05/Zebulon05/ros_packages_full/install/turtlesim/share/turtlesim/local_setup.bash
[127.036s] -- Installing: /home/k/Desktop/Zeb05/Zebulon05/ros_packages_full/install/turtlesim/share/turtlesim/local_setup.sh
[127.039s] -- Installing: /home/k/Desktop/Zeb05/Zebulon05/ros_packages_full/install/turtlesim/share/turtlesim/local_setup.zsh
[127.042s] -- Installing: /home/k/Desktop/Zeb05/Zebulon05/ros_packages_full/install/turtlesim/share/turtlesim/local_setup.dsv
[127.045s] -- Installing: /home/k/Desktop/Zeb05/Zebulon05/ros_packages_full/install/turtlesim/share/turtlesim/package.dsv
[127.048s] -- Installing: /home/k/Desktop/Zeb05/Zebulon05/ros_packages_full/install/turtlesim/share/ament_index/resource_index/packages/turtlesim
[127.053s] -- Installing: /home/k/Desktop/Zeb05/Zebulon05/ros_packages_full/install/turtlesim/share/turtlesim/cmake/export_turtlesim__rosidl_generator_cExport.cmake
[127.056s] -- Installing: /home/k/Desktop/Zeb05/Zebulon05/ros_packages_full/install/turtlesim/share/turtlesim/cmake/export_turtlesim__rosidl_generator_cExport-noconfig.cmake
[127.059s] -- Installing: /home/k/Desktop/Zeb05/Zebulon05/ros_packages_full/install/turtlesim/share/turtlesim/cmake/export_turtlesim__rosidl_typesupport_fastrtps_cExport.cmake
[127.063s] -- Installing: /home/k/Desktop/Zeb05/Zebulon05/ros_packages_full/install/turtlesim/share/turtlesim/cmake/export_turtlesim__rosidl_typesupport_fastrtps_cExport-noconfig.cmake
[127.066s] -- Installing: /home/k/Desktop/Zeb05/Zebulon05/ros_packages_full/install/turtlesim/share/turtlesim/cmake/export_turtlesim__rosidl_generator_cppExport.cmake
[127.069s] -- Installing: /home/k/Desktop/Zeb05/Zebulon05/ros_packages_full/install/turtlesim/share/turtlesim/cmake/export_turtlesim__rosidl_typesupport_fastrtps_cppExport.cmake
[127.072s] -- Installing: /home/k/Desktop/Zeb05/Zebulon05/ros_packages_full/install/turtlesim/share/turtlesim/cmake/export_turtlesim__rosidl_typesupport_fastrtps_cppExport-noconfig.cmake
[127.075s] -- Installing: /home/k/Desktop/Zeb05/Zebulon05/ros_packages_full/install/turtlesim/share/turtlesim/cmake/turtlesim__rosidl_typesupport_introspection_cExport.cmake
[127.078s] -- Installing: /home/k/Desktop/Zeb05/Zebulon05/ros_packages_full/install/turtlesim/share/turtlesim/cmake/turtlesim__rosidl_typesupport_introspection_cExport-noconfig.cmake
[127.081s] -- Installing: /home/k/Desktop/Zeb05/Zebulon05/ros_packages_full/install/turtlesim/share/turtlesim/cmake/turtlesim__rosidl_typesupport_cExport.cmake
[127.085s] -- Installing: /home/k/Desktop/Zeb05/Zebulon05/ros_packages_full/install/turtlesim/share/turtlesim/cmake/turtlesim__rosidl_typesupport_cExport-noconfig.cmake
[127.087s] -- Installing: /home/k/Desktop/Zeb05/Zebulon05/ros_packages_full/install/turtlesim/share/turtlesim/cmake/turtlesim__rosidl_typesupport_introspection_cppExport.cmake
[127.090s] -- Installing: /home/k/Desktop/Zeb05/Zebulon05/ros_packages_full/install/turtlesim/share/turtlesim/cmake/turtlesim__rosidl_typesupport_introspection_cppExport-noconfig.cmake
[127.093s] -- Installing: /home/k/Desktop/Zeb05/Zebulon05/ros_packages_full/install/turtlesim/share/turtlesim/cmake/turtlesim__rosidl_typesupport_cppExport.cmake
[127.096s] -- Installing: /home/k/Desktop/Zeb05/Zebulon05/ros_packages_full/install/turtlesim/share/turtlesim/cmake/turtlesim__rosidl_typesupport_cppExport-noconfig.cmake
[127.099s] -- Installing: /home/k/Desktop/Zeb05/Zebulon05/ros_packages_full/install/turtlesim/share/turtlesim/cmake/export_turtlesim__rosidl_generator_pyExport.cmake
[127.102s] -- Installing: /home/k/Desktop/Zeb05/Zebulon05/ros_packages_full/install/turtlesim/share/turtlesim/cmake/export_turtlesim__rosidl_generator_pyExport-noconfig.cmake
[127.105s] -- Installing: /home/k/Desktop/Zeb05/Zebulon05/ros_packages_full/install/turtlesim/share/turtlesim/cmake/rosidl_cmake-extras.cmake
[127.108s] -- Installing: /home/k/Desktop/Zeb05/Zebulon05/ros_packages_full/install/turtlesim/share/turtlesim/cmake/ament_cmake_export_dependencies-extras.cmake
[127.111s] -- Installing: /home/k/Desktop/Zeb05/Zebulon05/ros_packages_full/install/turtlesim/share/turtlesim/cmake/ament_cmake_export_include_directories-extras.cmake
[127.114s] -- Installing: /home/k/Desktop/Zeb05/Zebulon05/ros_packages_full/install/turtlesim/share/turtlesim/cmake/ament_cmake_export_libraries-extras.cmake
[127.117s] -- Installing: /home/k/Desktop/Zeb05/Zebulon05/ros_packages_full/install/turtlesim/share/turtlesim/cmake/ament_cmake_export_targets-extras.cmake
[127.119s] -- Installing: /home/k/Desktop/Zeb05/Zebulon05/ros_packages_full/install/turtlesim/share/turtlesim/cmake/rosidl_cmake_export_typesupport_targets-extras.cmake
[127.122s] -- Installing: /home/k/Desktop/Zeb05/Zebulon05/ros_packages_full/install/turtlesim/share/turtlesim/cmake/rosidl_cmake_export_typesupport_libraries-extras.cmake
[127.125s] -- Installing: /home/k/Desktop/Zeb05/Zebulon05/ros_packages_full/install/turtlesim/share/turtlesim/cmake/turtlesimConfig.cmake
[127.127s] -- Installing: /home/k/Desktop/Zeb05/Zebulon05/ros_packages_full/install/turtlesim/share/turtlesim/cmake/turtlesimConfig-version.cmake
[127.130s] -- Installing: /home/k/Desktop/Zeb05/Zebulon05/ros_packages_full/install/turtlesim/share/turtlesim/package.xml
[127.149s] Invoked command in '/home/k/Desktop/Zeb05/Zebulon05/ros_packages_full/build/turtlesim' returned '0': CMAKE_PREFIX_PATH=/opt/ros/humble /usr/bin/cmake --install /home/k/Desktop/Zeb05/Zebulon05/ros_packages_full/build/turtlesim
