[0.087s] Invoking command in '/home/k/Desktop/Zeb05/Zebulon05/ros_packages_full/build/turtlesim': CMAKE_PREFIX_PATH=/opt/ros/humble /usr/bin/cmake --build /home/k/Desktop/Zeb05/Zebulon05/ros_packages_full/build/turtlesim -- -j4 -l4
[0.640s] [  1%] Built target turtlesim__cpp
[0.782s] [  1%] Built target ament_cmake_python_copy_turtlesim
[0.886s] [35m[1mConsolidate compiler generated dependencies of target turtlesim__rosidl_typesupport_fastrtps_cpp[0m
[1.113s] [ 11%] Built target turtlesim__rosidl_typesupport_fastrtps_cpp
[1.206s] [35m[1mConsolidate compiler generated dependencies of target turtlesim__rosidl_typesupport_introspection_cpp[0m
[1.318s] [ 21%] Built target turtlesim__rosidl_typesupport_introspection_cpp
[2.520s] running egg_info
[2.525s] writing turtlesim.egg-info/PKG-INFO
[2.526s] writing dependency_links to turtlesim.egg-info/dependency_links.txt
[2.527s] writing top-level names to turtlesim.egg-info/top_level.txt
[2.545s] reading manifest file 'turtlesim.egg-info/SOURCES.txt'
[2.549s] writing manifest file 'turtlesim.egg-info/SOURCES.txt'
[2.682s] [ 21%] Built target ament_cmake_python_build_turtlesim_egg
[2.767s] [35m[1mConsolidate compiler generated dependencies of target turtlesim__rosidl_typesupport_cpp[0m
[2.892s] [ 31%] Built target turtlesim__rosidl_typesupport_cpp
[2.978s] [35m[1mConsolidate compiler generated dependencies of target turtlesim__rosidl_generator_c[0m
[3.065s] [ 41%] Built target turtlesim__rosidl_generator_c
[3.167s] [ 42%] [32mBuilding CXX object CMakeFiles/draw_square.dir/tutorials/draw_square.cpp.o[0m
[45.310s] [ 43%] [32m[1mLinking CXX executable draw_square[0m
[48.080s] [ 43%] Built target draw_square
[48.186s] [ 44%] [32mBuilding CXX object CMakeFiles/mimic.dir/tutorials/mimic.cpp.o[0m
[84.335s] [ 45%] [32m[1mLinking CXX executable mimic[0m
[86.519s] [ 45%] Built target mimic
[86.611s] [35m[1mConsolidate compiler generated dependencies of target turtlesim__rosidl_typesupport_fastrtps_c[0m
[86.729s] [ 55%] Built target turtlesim__rosidl_typesupport_fastrtps_c
[86.813s] [35m[1mConsolidate compiler generated dependencies of target turtlesim__rosidl_typesupport_introspection_c[0m
[86.898s] [ 65%] Built target turtlesim__rosidl_typesupport_introspection_c
[86.976s] [35m[1mConsolidate compiler generated dependencies of target turtlesim__rosidl_typesupport_c[0m
[87.052s] [ 75%] Built target turtlesim__rosidl_typesupport_c
[87.158s] [ 76%] [32mBuilding CXX object CMakeFiles/turtle_teleop_key.dir/tutorials/teleop_turtle_key.cpp.o[0m
[112.426s] [ 77%] [32m[1mLinking CXX executable turtle_teleop_key[0m
[113.925s] [ 77%] Built target turtle_teleop_key
[114.033s] [ 77%] Built target turtlesim
[114.043s] [ 78%] [32mBuilding CXX object CMakeFiles/turtlesim_node.dir/src/turtlesim.cpp.o[0m
[114.045s] [ 79%] [32mBuilding CXX object CMakeFiles/turtlesim_node.dir/src/turtle.cpp.o[0m
[114.051s] [ 80%] [32mBuilding CXX object CMakeFiles/turtlesim_node.dir/src/turtle_frame.cpp.o[0m
[114.150s] [ 81%] [34m[1mGenerating Python code for ROS interfaces[0m
[127.106s] [ 81%] Built target turtlesim__py
[127.263s] [ 82%] [32mBuilding C object CMakeFiles/turtlesim__rosidl_generator_py.dir/rosidl_generator_py/turtlesim/action/_rotate_absolute_s.c.o[0m
[129.054s] [ 83%] [32mBuilding C object CMakeFiles/turtlesim__rosidl_generator_py.dir/rosidl_generator_py/turtlesim/msg/_color_s.c.o[0m
[129.834s] [ 84%] [32mBuilding C object CMakeFiles/turtlesim__rosidl_generator_py.dir/rosidl_generator_py/turtlesim/msg/_pose_s.c.o[0m
[130.619s] [ 85%] [32mBuilding C object CMakeFiles/turtlesim__rosidl_generator_py.dir/rosidl_generator_py/turtlesim/srv/_kill_s.c.o[0m
[131.423s] [ 86%] [32mBuilding C object CMakeFiles/turtlesim__rosidl_generator_py.dir/rosidl_generator_py/turtlesim/srv/_set_pen_s.c.o[0m
[132.236s] [ 87%] [32mBuilding C object CMakeFiles/turtlesim__rosidl_generator_py.dir/rosidl_generator_py/turtlesim/srv/_spawn_s.c.o[0m
[133.376s] [ 88%] [32mBuilding C object CMakeFiles/turtlesim__rosidl_generator_py.dir/rosidl_generator_py/turtlesim/srv/_teleport_absolute_s.c.o[0m
[134.221s] [ 89%] [32mBuilding C object CMakeFiles/turtlesim__rosidl_generator_py.dir/rosidl_generator_py/turtlesim/srv/_teleport_relative_s.c.o[0m
[135.321s] [ 90%] [32m[1mLinking C shared library rosidl_generator_py/turtlesim/libturtlesim__rosidl_generator_py.so[0m
[135.822s] [ 90%] Built target turtlesim__rosidl_generator_py
[145.891s] [ 91%] [32mBuilding C object CMakeFiles/turtlesim__rosidl_typesupport_introspection_c__pyext.dir/rosidl_generator_py/turtlesim/_turtlesim_s.ep.rosidl_typesupport_introspection_c.c.o[0m
[145.949s] [ 92%] [32mBuilding C object CMakeFiles/turtlesim__rosidl_typesupport_fastrtps_c__pyext.dir/rosidl_generator_py/turtlesim/_turtlesim_s.ep.rosidl_typesupport_fastrtps_c.c.o[0m
[148.095s] [ 93%] [32m[1mLinking C shared library rosidl_generator_py/turtlesim/turtlesim_s__rosidl_typesupport_introspection_c.cpython-310-aarch64-linux-gnu.so[0m
[148.102s] [ 94%] [32m[1mLinking C shared library rosidl_generator_py/turtlesim/turtlesim_s__rosidl_typesupport_fastrtps_c.cpython-310-aarch64-linux-gnu.so[0m
[148.581s] [ 94%] Built target turtlesim__rosidl_typesupport_introspection_c__pyext
[148.586s] [ 94%] Built target turtlesim__rosidl_typesupport_fastrtps_c__pyext
[148.635s] [ 95%] [32mBuilding CXX object CMakeFiles/turtlesim_node.dir/include/turtlesim/moc_turtle_frame.cpp.o[0m
[148.717s] [ 96%] [32mBuilding C object CMakeFiles/turtlesim__rosidl_typesupport_c__pyext.dir/rosidl_generator_py/turtlesim/_turtlesim_s.ep.rosidl_typesupport_c.c.o[0m
[150.195s] [ 97%] [32m[1mLinking C shared library rosidl_generator_py/turtlesim/turtlesim_s__rosidl_typesupport_c.cpython-310-aarch64-linux-gnu.so[0m
[150.627s] [ 97%] Built target turtlesim__rosidl_typesupport_c__pyext
[904.840s] gmake[2]: *** [CMakeFiles/turtlesim_node.dir/build.make:94: CMakeFiles/turtlesim_node.dir/src/turtle.cpp.o] Interrupt
[904.890s] gmake[2]: *** [CMakeFiles/turtlesim_node.dir/build.make:108: CMakeFiles/turtlesim_node.dir/src/turtle_frame.cpp.o] Interrupt
[904.891s] gmake[2]: *** [CMakeFiles/turtlesim_node.dir/build.make:122: CMakeFiles/turtlesim_node.dir/include/turtlesim/moc_turtle_frame.cpp.o] Interrupt
[904.892s] gmake[1]: *** [CMakeFiles/Makefile2:599: CMakeFiles/turtlesim_node.dir/all] Interrupt
[904.893s] gmake: *** [Makefile:146: all] Interrupt
