[0.757s] DEBUG:colcon:Command line arguments: ['/usr/bin/colcon', 'build', '--packages-select', 'RobotLeg']
[0.758s] DEBUG:colcon:Parsed command line arguments: Namespace(log_base=None, log_level=None, verb_name='build', build_base='build', install_base='install', merge_install=False, symlink_install=False, test_result_base=None, continue_on_error=False, executor='parallel', parallel_workers=4, event_handlers=None, ignore_user_meta=False, metas=['./colcon.meta'], base_paths=['.'], packages_ignore=None, packages_ignore_regex=None, paths=None, packages_up_to=None, packages_up_to_regex=None, packages_above=None, packages_above_and_dependencies=None, packages_above_depth=None, packages_select_by_dep=None, packages_skip_by_dep=None, packages_skip_up_to=None, packages_select_build_failed=False, packages_skip_build_finished=False, packages_select_test_failures=False, packages_skip_test_passed=False, packages_select=['RobotLeg'], packages_skip=None, packages_select_regex=None, packages_skip_regex=None, packages_start=None, packages_end=None, allow_overriding=[], cmake_args=None, cmake_target=None, cmake_target_skip_unavailable=False, cmake_clean_cache=False, cmake_clean_first=False, cmake_force_configure=False, ament_cmake_args=None, catkin_cmake_args=None, catkin_skip_building_tests=False, verb_parser=<colcon_defaults.argument_parser.defaults.DefaultArgumentsDecorator object at 0xffff88ac7af0>, verb_extension=<colcon_core.verb.build.BuildVerb object at 0xffff88ac7580>, main=<bound method BuildVerb.main of <colcon_core.verb.build.BuildVerb object at 0xffff88ac7580>>)
[0.899s] Level 1:colcon.colcon_core.package_discovery:discover_packages(colcon_meta) check parameters
[0.900s] Level 1:colcon.colcon_core.package_discovery:discover_packages(recursive) check parameters
[0.900s] Level 1:colcon.colcon_core.package_discovery:discover_packages(ignore) check parameters
[0.900s] Level 1:colcon.colcon_core.package_discovery:discover_packages(path) check parameters
[0.900s] Level 1:colcon.colcon_core.package_discovery:discover_packages(colcon_meta) discover
[0.901s] Level 1:colcon.colcon_core.package_discovery:discover_packages(recursive) discover
[0.901s] INFO:colcon.colcon_core.package_discovery:Crawling recursively for packages in '/home/k/Desktop/Zeb05/Zebulon05/ros_packages_full'
[0.901s] Level 1:colcon.colcon_core.package_identification:_identify(.) by extensions ['ignore', 'ignore_ament_install']
[0.902s] Level 1:colcon.colcon_core.package_identification:_identify(.) by extension 'ignore'
[0.902s] Level 1:colcon.colcon_core.package_identification:_identify(.) by extension 'ignore_ament_install'
[0.902s] Level 1:colcon.colcon_core.package_identification:_identify(.) by extensions ['colcon_pkg']
[0.902s] Level 1:colcon.colcon_core.package_identification:_identify(.) by extension 'colcon_pkg'
[0.903s] Level 1:colcon.colcon_core.package_identification:_identify(.) by extensions ['colcon_meta']
[0.903s] Level 1:colcon.colcon_core.package_identification:_identify(.) by extension 'colcon_meta'
[0.903s] Level 1:colcon.colcon_core.package_identification:_identify(.) by extensions ['ros']
[0.903s] Level 1:colcon.colcon_core.package_identification:_identify(.) by extension 'ros'
[0.958s] Level 1:colcon.colcon_core.package_identification:_identify(.) by extensions ['cmake', 'python']
[0.958s] Level 1:colcon.colcon_core.package_identification:_identify(.) by extension 'cmake'
[0.959s] Level 1:colcon.colcon_core.package_identification:_identify(.) by extension 'python'
[0.959s] Level 1:colcon.colcon_core.package_identification:_identify(.) by extensions ['python_setup_py']
[0.959s] Level 1:colcon.colcon_core.package_identification:_identify(.) by extension 'python_setup_py'
[0.960s] Level 1:colcon.colcon_core.package_identification:_identify(build) by extensions ['ignore', 'ignore_ament_install']
[0.960s] Level 1:colcon.colcon_core.package_identification:_identify(build) by extension 'ignore'
[0.960s] Level 1:colcon.colcon_core.package_identification:_identify(build) ignored
[0.961s] Level 1:colcon.colcon_core.package_identification:_identify(install) by extensions ['ignore', 'ignore_ament_install']
[0.961s] Level 1:colcon.colcon_core.package_identification:_identify(install) by extension 'ignore'
[0.962s] Level 1:colcon.colcon_core.package_identification:_identify(install) ignored
[0.964s] Level 1:colcon.colcon_core.package_identification:_identify(log) by extensions ['ignore', 'ignore_ament_install']
[0.964s] Level 1:colcon.colcon_core.package_identification:_identify(log) by extension 'ignore'
[0.965s] Level 1:colcon.colcon_core.package_identification:_identify(log) ignored
[0.965s] Level 1:colcon.colcon_core.package_identification:_identify(src) by extensions ['ignore', 'ignore_ament_install']
[0.965s] Level 1:colcon.colcon_core.package_identification:_identify(src) by extension 'ignore'
[0.966s] Level 1:colcon.colcon_core.package_identification:_identify(src) by extension 'ignore_ament_install'
[0.966s] Level 1:colcon.colcon_core.package_identification:_identify(src) by extensions ['colcon_pkg']
[0.966s] Level 1:colcon.colcon_core.package_identification:_identify(src) by extension 'colcon_pkg'
[0.966s] Level 1:colcon.colcon_core.package_identification:_identify(src) by extensions ['colcon_meta']
[0.966s] Level 1:colcon.colcon_core.package_identification:_identify(src) by extension 'colcon_meta'
[0.967s] Level 1:colcon.colcon_core.package_identification:_identify(src) by extensions ['ros']
[0.967s] Level 1:colcon.colcon_core.package_identification:_identify(src) by extension 'ros'
[0.967s] Level 1:colcon.colcon_core.package_identification:_identify(src) by extensions ['cmake', 'python']
[0.967s] Level 1:colcon.colcon_core.package_identification:_identify(src) by extension 'cmake'
[0.967s] Level 1:colcon.colcon_core.package_identification:_identify(src) by extension 'python'
[0.968s] Level 1:colcon.colcon_core.package_identification:_identify(src) by extensions ['python_setup_py']
[0.968s] Level 1:colcon.colcon_core.package_identification:_identify(src) by extension 'python_setup_py'
[0.968s] Level 1:colcon.colcon_core.package_identification:_identify(src/RobotLeg) by extensions ['ignore', 'ignore_ament_install']
[0.969s] Level 1:colcon.colcon_core.package_identification:_identify(src/RobotLeg) by extension 'ignore'
[0.969s] Level 1:colcon.colcon_core.package_identification:_identify(src/RobotLeg) by extension 'ignore_ament_install'
[0.969s] Level 1:colcon.colcon_core.package_identification:_identify(src/RobotLeg) by extensions ['colcon_pkg']
[0.969s] Level 1:colcon.colcon_core.package_identification:_identify(src/RobotLeg) by extension 'colcon_pkg'
[0.970s] Level 1:colcon.colcon_core.package_identification:_identify(src/RobotLeg) by extensions ['colcon_meta']
[0.970s] Level 1:colcon.colcon_core.package_identification:_identify(src/RobotLeg) by extension 'colcon_meta'
[0.970s] Level 1:colcon.colcon_core.package_identification:_identify(src/RobotLeg) by extensions ['ros']
[0.970s] Level 1:colcon.colcon_core.package_identification:_identify(src/RobotLeg) by extension 'ros'
[0.980s] DEBUG:colcon.colcon_core.package_identification:Package 'src/RobotLeg' with type 'ros.ament_cmake' and name 'RobotLeg'
[0.981s] Level 1:colcon.colcon_core.package_identification:_identify(src/maestro_interfaces) by extensions ['ignore', 'ignore_ament_install']
[0.981s] Level 1:colcon.colcon_core.package_identification:_identify(src/maestro_interfaces) by extension 'ignore'
[0.982s] Level 1:colcon.colcon_core.package_identification:_identify(src/maestro_interfaces) by extension 'ignore_ament_install'
[0.982s] Level 1:colcon.colcon_core.package_identification:_identify(src/maestro_interfaces) by extensions ['colcon_pkg']
[0.982s] Level 1:colcon.colcon_core.package_identification:_identify(src/maestro_interfaces) by extension 'colcon_pkg'
[0.982s] Level 1:colcon.colcon_core.package_identification:_identify(src/maestro_interfaces) by extensions ['colcon_meta']
[0.982s] Level 1:colcon.colcon_core.package_identification:_identify(src/maestro_interfaces) by extension 'colcon_meta'
[0.983s] Level 1:colcon.colcon_core.package_identification:_identify(src/maestro_interfaces) by extensions ['ros']
[0.983s] Level 1:colcon.colcon_core.package_identification:_identify(src/maestro_interfaces) by extension 'ros'
[0.986s] DEBUG:colcon.colcon_core.package_identification:Package 'src/maestro_interfaces' with type 'ros.ament_cmake' and name 'maestro_interfaces'
[0.986s] Level 1:colcon.colcon_core.package_identification:_identify(src/polulu_maestro) by extensions ['ignore', 'ignore_ament_install']
[0.987s] Level 1:colcon.colcon_core.package_identification:_identify(src/polulu_maestro) by extension 'ignore'
[0.987s] Level 1:colcon.colcon_core.package_identification:_identify(src/polulu_maestro) by extension 'ignore_ament_install'
[0.987s] Level 1:colcon.colcon_core.package_identification:_identify(src/polulu_maestro) by extensions ['colcon_pkg']
[0.987s] Level 1:colcon.colcon_core.package_identification:_identify(src/polulu_maestro) by extension 'colcon_pkg'
[0.988s] Level 1:colcon.colcon_core.package_identification:_identify(src/polulu_maestro) by extensions ['colcon_meta']
[0.988s] Level 1:colcon.colcon_core.package_identification:_identify(src/polulu_maestro) by extension 'colcon_meta'
[0.988s] Level 1:colcon.colcon_core.package_identification:_identify(src/polulu_maestro) by extensions ['ros']
[0.988s] Level 1:colcon.colcon_core.package_identification:_identify(src/polulu_maestro) by extension 'ros'
[0.990s] DEBUG:colcon.colcon_core.package_identification:Package 'src/polulu_maestro' with type 'ros.ament_python' and name 'polulu_maestro'
[0.991s] Level 1:colcon.colcon_core.package_identification:_identify(src/walking_robot_interfaces) by extensions ['ignore', 'ignore_ament_install']
[0.991s] Level 1:colcon.colcon_core.package_identification:_identify(src/walking_robot_interfaces) by extension 'ignore'
[0.992s] Level 1:colcon.colcon_core.package_identification:_identify(src/walking_robot_interfaces) by extension 'ignore_ament_install'
[0.992s] Level 1:colcon.colcon_core.package_identification:_identify(src/walking_robot_interfaces) by extensions ['colcon_pkg']
[0.992s] Level 1:colcon.colcon_core.package_identification:_identify(src/walking_robot_interfaces) by extension 'colcon_pkg'
[0.992s] Level 1:colcon.colcon_core.package_identification:_identify(src/walking_robot_interfaces) by extensions ['colcon_meta']
[0.992s] Level 1:colcon.colcon_core.package_identification:_identify(src/walking_robot_interfaces) by extension 'colcon_meta'
[0.993s] Level 1:colcon.colcon_core.package_identification:_identify(src/walking_robot_interfaces) by extensions ['ros']
[0.993s] Level 1:colcon.colcon_core.package_identification:_identify(src/walking_robot_interfaces) by extension 'ros'
[0.995s] DEBUG:colcon.colcon_core.package_identification:Package 'src/walking_robot_interfaces' with type 'ros.ament_cmake' and name 'walking_robot_interfaces'
[0.995s] Level 1:colcon.colcon_core.package_discovery:discover_packages(recursive) using defaults
[0.996s] Level 1:colcon.colcon_core.package_discovery:discover_packages(ignore) discover
[0.996s] Level 1:colcon.colcon_core.package_discovery:discover_packages(ignore) using defaults
[0.996s] Level 1:colcon.colcon_core.package_discovery:discover_packages(path) discover
[0.996s] Level 1:colcon.colcon_core.package_discovery:discover_packages(path) using defaults
[1.105s] INFO:colcon.colcon_core.package_selection:Skipping not selected package 'maestro_interfaces' in 'src/maestro_interfaces'
[1.106s] INFO:colcon.colcon_core.package_selection:Skipping not selected package 'walking_robot_interfaces' in 'src/walking_robot_interfaces'
[1.106s] INFO:colcon.colcon_core.package_selection:Skipping not selected package 'polulu_maestro' in 'src/polulu_maestro'
[1.109s] Level 1:colcon.colcon_core.package_discovery:discover_packages(prefix_path) check parameters
[1.110s] Level 1:colcon.colcon_core.package_discovery:discover_packages(prefix_path) discover
[1.126s] DEBUG:colcon.colcon_installed_package_information.package_discovery:Found 6 installed packages in /home/k/Desktop/Zeb05/Zebulon05/ros_packages_full/install
[1.139s] DEBUG:colcon.colcon_installed_package_information.package_discovery:Found 270 installed packages in /opt/ros/humble
[1.151s] Level 1:colcon.colcon_core.package_discovery:discover_packages(prefix_path) using defaults
[1.446s] Level 5:colcon.colcon_core.verb:set package 'RobotLeg' build argument 'cmake_args' from command line to 'None'
[1.447s] Level 5:colcon.colcon_core.verb:set package 'RobotLeg' build argument 'cmake_target' from command line to 'None'
[1.447s] Level 5:colcon.colcon_core.verb:set package 'RobotLeg' build argument 'cmake_target_skip_unavailable' from command line to 'False'
[1.447s] Level 5:colcon.colcon_core.verb:set package 'RobotLeg' build argument 'cmake_clean_cache' from command line to 'False'
[1.447s] Level 5:colcon.colcon_core.verb:set package 'RobotLeg' build argument 'cmake_clean_first' from command line to 'False'
[1.447s] Level 5:colcon.colcon_core.verb:set package 'RobotLeg' build argument 'cmake_force_configure' from command line to 'False'
[1.447s] Level 5:colcon.colcon_core.verb:set package 'RobotLeg' build argument 'ament_cmake_args' from command line to 'None'
[1.447s] Level 5:colcon.colcon_core.verb:set package 'RobotLeg' build argument 'catkin_cmake_args' from command line to 'None'
[1.448s] Level 5:colcon.colcon_core.verb:set package 'RobotLeg' build argument 'catkin_skip_building_tests' from command line to 'False'
[1.448s] DEBUG:colcon.colcon_core.verb:Building package 'RobotLeg' with the following arguments: {'ament_cmake_args': None, 'build_base': '/home/k/Desktop/Zeb05/Zebulon05/ros_packages_full/build/RobotLeg', 'catkin_cmake_args': None, 'catkin_skip_building_tests': False, 'cmake_args': None, 'cmake_clean_cache': False, 'cmake_clean_first': False, 'cmake_force_configure': False, 'cmake_target': None, 'cmake_target_skip_unavailable': False, 'install_base': '/home/k/Desktop/Zeb05/Zebulon05/ros_packages_full/install/RobotLeg', 'merge_install': False, 'path': '/home/k/Desktop/Zeb05/Zebulon05/ros_packages_full/src/RobotLeg', 'symlink_install': False, 'test_result_base': None}
[1.451s] INFO:colcon.colcon_core.executor:Executing jobs using 'parallel' executor
[1.468s] DEBUG:colcon.colcon_parallel_executor.executor.parallel:run_until_complete
[1.469s] INFO:colcon.colcon_ros.task.ament_cmake.build:Building ROS package in '/home/k/Desktop/Zeb05/Zebulon05/ros_packages_full/src/RobotLeg' with build type 'ament_cmake'
[1.470s] INFO:colcon.colcon_cmake.task.cmake.build:Building CMake package in '/home/k/Desktop/Zeb05/Zebulon05/ros_packages_full/src/RobotLeg'
[1.492s] INFO:colcon.colcon_core.plugin_system:Skipping extension 'colcon_core.shell.bat': Not used on non-Windows systems
[1.492s] INFO:colcon.colcon_core.shell:Skip shell extension 'powershell' for command environment: Not usable outside of PowerShell
[1.492s] DEBUG:colcon.colcon_core.shell:Skip shell extension 'dsv' for command environment
[1.551s] DEBUG:colcon.colcon_core.event_handler.log_command:Invoking command in '/home/k/Desktop/Zeb05/Zebulon05/ros_packages_full/build/RobotLeg': CMAKE_PREFIX_PATH=${CMAKE_PREFIX_PATH}:/home/k/Desktop/Zeb05/Zebulon05/ros_packages_full/install/polulu_maestro:/opt/ros/humble /usr/bin/cmake --build /home/k/Desktop/Zeb05/Zebulon05/ros_packages_full/build/RobotLeg -- -j4 -l4
[1.965s] DEBUG:colcon.colcon_core.event_handler.log_command:Invoked command in '/home/k/Desktop/Zeb05/Zebulon05/ros_packages_full/build/RobotLeg' returned '0': CMAKE_PREFIX_PATH=${CMAKE_PREFIX_PATH}:/home/k/Desktop/Zeb05/Zebulon05/ros_packages_full/install/polulu_maestro:/opt/ros/humble /usr/bin/cmake --build /home/k/Desktop/Zeb05/Zebulon05/ros_packages_full/build/RobotLeg -- -j4 -l4
[2.191s] DEBUG:colcon.colcon_core.event_handler.log_command:Invoking command in '/home/k/Desktop/Zeb05/Zebulon05/ros_packages_full/build/RobotLeg': CMAKE_PREFIX_PATH=${CMAKE_PREFIX_PATH}:/home/k/Desktop/Zeb05/Zebulon05/ros_packages_full/install/polulu_maestro:/opt/ros/humble /usr/bin/cmake --install /home/k/Desktop/Zeb05/Zebulon05/ros_packages_full/build/RobotLeg
[2.243s] Level 1:colcon.colcon_core.environment:create_environment_scripts_only(RobotLeg)
[2.246s] DEBUG:colcon.colcon_core.event_handler.log_command:Invoked command in '/home/k/Desktop/Zeb05/Zebulon05/ros_packages_full/build/RobotLeg' returned '0': CMAKE_PREFIX_PATH=${CMAKE_PREFIX_PATH}:/home/k/Desktop/Zeb05/Zebulon05/ros_packages_full/install/polulu_maestro:/opt/ros/humble /usr/bin/cmake --install /home/k/Desktop/Zeb05/Zebulon05/ros_packages_full/build/RobotLeg
[2.268s] Level 1:colcon.colcon_core.environment:checking '/home/k/Desktop/Zeb05/Zebulon05/ros_packages_full/install/RobotLeg' for CMake module files
[2.272s] Level 1:colcon.colcon_core.environment:checking '/home/k/Desktop/Zeb05/Zebulon05/ros_packages_full/install/RobotLeg' for CMake config files
[2.275s] Level 1:colcon.colcon_core.shell:create_environment_hook('RobotLeg', 'cmake_prefix_path')
[2.281s] INFO:colcon.colcon_core.shell:Creating environment hook '/home/k/Desktop/Zeb05/Zebulon05/ros_packages_full/install/RobotLeg/share/RobotLeg/hook/cmake_prefix_path.ps1'
[2.284s] INFO:colcon.colcon_core.shell:Creating environment descriptor '/home/k/Desktop/Zeb05/Zebulon05/ros_packages_full/install/RobotLeg/share/RobotLeg/hook/cmake_prefix_path.dsv'
[2.286s] INFO:colcon.colcon_core.shell:Creating environment hook '/home/k/Desktop/Zeb05/Zebulon05/ros_packages_full/install/RobotLeg/share/RobotLeg/hook/cmake_prefix_path.sh'
[2.290s] Level 1:colcon.colcon_core.environment:checking '/home/k/Desktop/Zeb05/Zebulon05/ros_packages_full/install/RobotLeg/lib'
[2.291s] Level 1:colcon.colcon_core.environment:checking '/home/k/Desktop/Zeb05/Zebulon05/ros_packages_full/install/RobotLeg/bin'
[2.292s] Level 1:colcon.colcon_core.environment:checking '/home/k/Desktop/Zeb05/Zebulon05/ros_packages_full/install/RobotLeg/lib/pkgconfig/RobotLeg.pc'
[2.293s] Level 1:colcon.colcon_core.environment:checking '/home/k/Desktop/Zeb05/Zebulon05/ros_packages_full/install/RobotLeg/lib/python3.10/site-packages'
[2.294s] Level 1:colcon.colcon_core.environment:checking '/home/k/Desktop/Zeb05/Zebulon05/ros_packages_full/install/RobotLeg/bin'
[2.300s] INFO:colcon.colcon_core.shell:Creating package script '/home/k/Desktop/Zeb05/Zebulon05/ros_packages_full/install/RobotLeg/share/RobotLeg/package.ps1'
[2.303s] INFO:colcon.colcon_core.shell:Creating package descriptor '/home/k/Desktop/Zeb05/Zebulon05/ros_packages_full/install/RobotLeg/share/RobotLeg/package.dsv'
[2.306s] INFO:colcon.colcon_core.shell:Creating package script '/home/k/Desktop/Zeb05/Zebulon05/ros_packages_full/install/RobotLeg/share/RobotLeg/package.sh'
[2.309s] INFO:colcon.colcon_core.shell:Creating package script '/home/k/Desktop/Zeb05/Zebulon05/ros_packages_full/install/RobotLeg/share/RobotLeg/package.bash'
[2.313s] INFO:colcon.colcon_core.shell:Creating package script '/home/k/Desktop/Zeb05/Zebulon05/ros_packages_full/install/RobotLeg/share/RobotLeg/package.zsh'
[2.316s] Level 1:colcon.colcon_core.environment:create_file_with_runtime_dependencies(/home/k/Desktop/Zeb05/Zebulon05/ros_packages_full/install/RobotLeg/share/colcon-core/packages/RobotLeg)
[2.504s] Level 1:colcon.colcon_core.environment:create_environment_scripts_only(RobotLeg)
[2.513s] Level 1:colcon.colcon_core.environment:checking '/home/k/Desktop/Zeb05/Zebulon05/ros_packages_full/install/RobotLeg' for CMake module files
[2.517s] Level 1:colcon.colcon_core.environment:checking '/home/k/Desktop/Zeb05/Zebulon05/ros_packages_full/install/RobotLeg' for CMake config files
[2.521s] Level 1:colcon.colcon_core.shell:create_environment_hook('RobotLeg', 'cmake_prefix_path')
[2.527s] INFO:colcon.colcon_core.shell:Creating environment hook '/home/k/Desktop/Zeb05/Zebulon05/ros_packages_full/install/RobotLeg/share/RobotLeg/hook/cmake_prefix_path.ps1'
[2.529s] INFO:colcon.colcon_core.shell:Creating environment descriptor '/home/k/Desktop/Zeb05/Zebulon05/ros_packages_full/install/RobotLeg/share/RobotLeg/hook/cmake_prefix_path.dsv'
[2.531s] INFO:colcon.colcon_core.shell:Creating environment hook '/home/k/Desktop/Zeb05/Zebulon05/ros_packages_full/install/RobotLeg/share/RobotLeg/hook/cmake_prefix_path.sh'
[2.534s] Level 1:colcon.colcon_core.environment:checking '/home/k/Desktop/Zeb05/Zebulon05/ros_packages_full/install/RobotLeg/lib'
[2.534s] Level 1:colcon.colcon_core.environment:checking '/home/k/Desktop/Zeb05/Zebulon05/ros_packages_full/install/RobotLeg/bin'
[2.535s] Level 1:colcon.colcon_core.environment:checking '/home/k/Desktop/Zeb05/Zebulon05/ros_packages_full/install/RobotLeg/lib/pkgconfig/RobotLeg.pc'
[2.536s] Level 1:colcon.colcon_core.environment:checking '/home/k/Desktop/Zeb05/Zebulon05/ros_packages_full/install/RobotLeg/lib/python3.10/site-packages'
[2.537s] Level 1:colcon.colcon_core.environment:checking '/home/k/Desktop/Zeb05/Zebulon05/ros_packages_full/install/RobotLeg/bin'
[2.545s] INFO:colcon.colcon_core.shell:Creating package script '/home/k/Desktop/Zeb05/Zebulon05/ros_packages_full/install/RobotLeg/share/RobotLeg/package.ps1'
[2.548s] INFO:colcon.colcon_core.shell:Creating package descriptor '/home/k/Desktop/Zeb05/Zebulon05/ros_packages_full/install/RobotLeg/share/RobotLeg/package.dsv'
[2.551s] INFO:colcon.colcon_core.shell:Creating package script '/home/k/Desktop/Zeb05/Zebulon05/ros_packages_full/install/RobotLeg/share/RobotLeg/package.sh'
[2.553s] INFO:colcon.colcon_core.shell:Creating package script '/home/k/Desktop/Zeb05/Zebulon05/ros_packages_full/install/RobotLeg/share/RobotLeg/package.bash'
[2.555s] INFO:colcon.colcon_core.shell:Creating package script '/home/k/Desktop/Zeb05/Zebulon05/ros_packages_full/install/RobotLeg/share/RobotLeg/package.zsh'
[2.558s] Level 1:colcon.colcon_core.environment:create_file_with_runtime_dependencies(/home/k/Desktop/Zeb05/Zebulon05/ros_packages_full/install/RobotLeg/share/colcon-core/packages/RobotLeg)
[2.559s] DEBUG:colcon.colcon_parallel_executor.executor.parallel:closing loop
[2.560s] DEBUG:colcon.colcon_parallel_executor.executor.parallel:loop closed
[2.560s] DEBUG:colcon.colcon_parallel_executor.executor.parallel:run_until_complete finished with '0'
[2.560s] DEBUG:colcon.colcon_core.event_reactor:joining thread
[2.594s] INFO:colcon.colcon_core.plugin_system:Skipping extension 'colcon_notification.desktop_notification.terminal_notifier': Not used on non-Darwin systems
[2.595s] INFO:colcon.colcon_core.plugin_system:Skipping extension 'colcon_notification.desktop_notification.win32': Not used on non-Windows systems
[2.595s] INFO:colcon.colcon_notification.desktop_notification:Sending desktop notification using 'notify2'
[2.601s] DEBUG:colcon.colcon_notification.desktop_notification.notify2:Failed to initialize notify2: org.freedesktop.DBus.Error.ServiceUnknown: The name org.freedesktop.Notifications was not provided by any .service files
[2.601s] DEBUG:colcon.colcon_core.event_reactor:joined thread
[2.607s] INFO:colcon.colcon_core.shell:Creating prefix script '/home/k/Desktop/Zeb05/Zebulon05/ros_packages_full/install/local_setup.ps1'
[2.612s] INFO:colcon.colcon_core.shell:Creating prefix util module '/home/k/Desktop/Zeb05/Zebulon05/ros_packages_full/install/_local_setup_util_ps1.py'
[2.619s] INFO:colcon.colcon_core.shell:Creating prefix chain script '/home/k/Desktop/Zeb05/Zebulon05/ros_packages_full/install/setup.ps1'
[2.627s] INFO:colcon.colcon_core.shell:Creating prefix script '/home/k/Desktop/Zeb05/Zebulon05/ros_packages_full/install/local_setup.sh'
[2.630s] INFO:colcon.colcon_core.shell:Creating prefix util module '/home/k/Desktop/Zeb05/Zebulon05/ros_packages_full/install/_local_setup_util_sh.py'
[2.632s] INFO:colcon.colcon_core.shell:Creating prefix chain script '/home/k/Desktop/Zeb05/Zebulon05/ros_packages_full/install/setup.sh'
[2.643s] INFO:colcon.colcon_core.shell:Creating prefix script '/home/k/Desktop/Zeb05/Zebulon05/ros_packages_full/install/local_setup.bash'
[2.646s] INFO:colcon.colcon_core.shell:Creating prefix chain script '/home/k/Desktop/Zeb05/Zebulon05/ros_packages_full/install/setup.bash'
[2.655s] INFO:colcon.colcon_core.shell:Creating prefix script '/home/k/Desktop/Zeb05/Zebulon05/ros_packages_full/install/local_setup.zsh'
[2.657s] INFO:colcon.colcon_core.shell:Creating prefix chain script '/home/k/Desktop/Zeb05/Zebulon05/ros_packages_full/install/setup.zsh'
