[35m[1mConsolidate compiler generated dependencies of target robot_leg_wrapper[0m
[ 33%] [32mBuilding CXX object CMakeFiles/robot_leg_wrapper.dir/src/RobotLegRos.cpp.o[0m
[ 66%] [32mBuilding CXX object CMakeFiles/robot_leg_wrapper.dir/src/RobotLegRosWrapper.cpp.o[0m
In file included from [01m[K/home/k/Desktop/Zeb05/Zebulon05/ros_packages_full/src/RobotLeg/src/../include/RobotLeg/RobotLegRosWrapper.hpp:19[m[K,
                 from [01m[K/home/k/Desktop/Zeb05/Zebulon05/ros_packages_full/src/RobotLeg/src/RobotLegRosWrapper.cpp:5[m[K:
[01m[K/home/k/Desktop/Zeb05/Zebulon05/ros_packages_full/src/RobotLeg/src/../include/RobotLeg/RobotLegRos.hpp:14:134:[m[K [01;31m[Kerror: [m[K‘[01m[Knum_of_joints[m[K’ was not declared in this scope
   14 |     RobotLegRos(rclcpp::Publisher<maestro_interfaces::msg::MaestroTarget>::SharedPtr pub_message_ptr, std::array<short unsigned int, [01;31m[Knum_of_joints[m[K> servo_ids) : pub_message_ptr_(pub_message_ptr), last_known_pos{0}, servo_ids_(servo_ids) {};
      |                                                                                                                                      [01;31m[K^~~~~~~~~~~~~[m[K
[01m[K/home/k/Desktop/Zeb05/Zebulon05/ros_packages_full/src/RobotLeg/src/../include/RobotLeg/RobotLegRos.hpp:14:147:[m[K [01;31m[Kerror: [m[Ktemplate argument 2 is invalid
   14 |     RobotLegRos(rclcpp::Publisher<maestro_interfaces::msg::MaestroTarget>::SharedPtr pub_message_ptr, std::array<short unsigned int, num_of_joints[01;31m[K>[m[K servo_ids) : pub_message_ptr_(pub_message_ptr), last_known_pos{0}, servo_ids_(servo_ids) {};
      |                                                                                                                                                   [01;31m[K^[m[K
[01m[K/home/k/Desktop/Zeb05/Zebulon05/ros_packages_full/src/RobotLeg/src/../include/RobotLeg/RobotLegRos.hpp:19:55:[m[K [01;31m[Kerror: [m[K‘[01m[Knum_of_joints[m[K’ was not declared in this scope
   19 |     void set_servo_ids(std::array<short unsigned int, [01;31m[Knum_of_joints[m[K> new_servo_ids){
      |                                                       [01;31m[K^~~~~~~~~~~~~[m[K
[01m[K/home/k/Desktop/Zeb05/Zebulon05/ros_packages_full/src/RobotLeg/src/../include/RobotLeg/RobotLegRos.hpp:19:68:[m[K [01;31m[Kerror: [m[Ktemplate argument 2 is invalid
   19 |     void set_servo_ids(std::array<short unsigned int, num_of_joints[01;31m[K>[m[K new_servo_ids){
      |                                                                    [01;31m[K^[m[K
[01m[K/home/k/Desktop/Zeb05/Zebulon05/ros_packages_full/src/RobotLeg/src/../include/RobotLeg/RobotLegRos.hpp:25:28:[m[K [01;31m[Kerror: [m[Kexpected identifier before ‘[01m[K<[m[K’ token
   25 |     void get_servos_to_pos([01;31m[K<[m[Kunsigned int, num_of_joints> new_servo_pos);
      |                            [01;31m[K^[m[K
[01m[K/home/k/Desktop/Zeb05/Zebulon05/ros_packages_full/src/RobotLeg/src/../include/RobotLeg/RobotLegRos.hpp:25:28:[m[K [01;31m[Kerror: [m[Kexpected ‘[01m[K,[m[K’ or ‘[01m[K...[m[K’ before ‘[01m[K<[m[K’ token
[01m[K/home/k/Desktop/Zeb05/Zebulon05/ros_packages_full/src/RobotLeg/src/../include/RobotLeg/RobotLegRos.hpp:41:36:[m[K [01;31m[Kerror: [m[Kinvalid use of non-static data member ‘[01m[KRobotLegRos::num_of_joints[m[K’
   41 |     std::array<short unsigned int, [01;31m[Knum_of_joints[m[K> servo_ids_;
      |                                    [01;31m[K^~~~~~~~~~~~~[m[K
[01m[K/home/k/Desktop/Zeb05/Zebulon05/ros_packages_full/src/RobotLeg/src/../include/RobotLeg/RobotLegRos.hpp:35:30:[m[K [01;36m[Knote: [m[Kdeclared here
   35 |     const short unsigned int [01;36m[Knum_of_joints[m[K = 3;
      |                              [01;36m[K^~~~~~~~~~~~~[m[K
[01m[K/home/k/Desktop/Zeb05/Zebulon05/ros_packages_full/src/RobotLeg/src/../include/RobotLeg/RobotLegRos.hpp:41:49:[m[K [01;31m[Kerror: [m[Ktemplate argument 2 is invalid
   41 |     std::array<short unsigned int, num_of_joints[01;31m[K>[m[K servo_ids_;
      |                                                 [01;31m[K^[m[K
In file included from [01m[K/home/k/Desktop/Zeb05/Zebulon05/ros_packages_full/src/RobotLeg/src/RobotLegRos.cpp:5[m[K:
[01m[K/home/k/Desktop/Zeb05/Zebulon05/ros_packages_full/src/RobotLeg/src/../include/RobotLeg/RobotLegRos.hpp:14:134:[m[K [01;31m[Kerror: [m[K‘[01m[Knum_of_joints[m[K’ was not declared in this scope
   14 |     RobotLegRos(rclcpp::Publisher<maestro_interfaces::msg::MaestroTarget>::SharedPtr pub_message_ptr, std::array<short unsigned int, [01;31m[Knum_of_joints[m[K> servo_ids) : pub_message_ptr_(pub_message_ptr), last_known_pos{0}, servo_ids_(servo_ids) {};
      |                                                                                                                                      [01;31m[K^~~~~~~~~~~~~[m[K
[01m[K/home/k/Desktop/Zeb05/Zebulon05/ros_packages_full/src/RobotLeg/src/../include/RobotLeg/RobotLegRos.hpp:14:147:[m[K [01;31m[Kerror: [m[Ktemplate argument 2 is invalid
   14 |     RobotLegRos(rclcpp::Publisher<maestro_interfaces::msg::MaestroTarget>::SharedPtr pub_message_ptr, std::array<short unsigned int, num_of_joints[01;31m[K>[m[K servo_ids) : pub_message_ptr_(pub_message_ptr), last_known_pos{0}, servo_ids_(servo_ids) {};
      |                                                                                                                                                   [01;31m[K^[m[K
[01m[K/home/k/Desktop/Zeb05/Zebulon05/ros_packages_full/src/RobotLeg/src/../include/RobotLeg/RobotLegRos.hpp:[m[K In constructor ‘[01m[KRobotLegRos::RobotLegRos()[m[K’:
[01m[K/home/k/Desktop/Zeb05/Zebulon05/ros_packages_full/src/RobotLeg/src/../include/RobotLeg/RobotLegRos.hpp:15:61:[m[K [01;31m[Kerror: [m[Kmem-initializer for ‘[01m[KRobotLegRos::servo_ids_[m[K’ follows constructor delegation
   15 |     RobotLegRos() : RobotLegRos(nullptr), servo_ids_{0, 1, 2[01;31m[K}[m[K {};
      |                                                             [01;31m[K^[m[K
[01m[K/home/k/Desktop/Zeb05/Zebulon05/ros_packages_full/src/RobotLeg/src/../include/RobotLeg/RobotLegRos.hpp:15:61:[m[K [01;31m[Kerror: [m[Kno matching function for call to ‘[01m[KRobotLegRos::RobotLegRos(std::nullptr_t)[m[K’
[01m[K/home/k/Desktop/Zeb05/Zebulon05/ros_packages_full/src/RobotLeg/src/../include/RobotLeg/RobotLegRos.hpp:15:5:[m[K [01;36m[Knote: [m[Kcandidate: ‘[01m[KRobotLegRos::RobotLegRos()[m[K’
   15 |     [01;36m[KRobotLegRos[m[K() : RobotLegRos(nullptr), servo_ids_{0, 1, 2} {};
      |     [01;36m[K^~~~~~~~~~~[m[K
[01m[K/home/k/Desktop/Zeb05/Zebulon05/ros_packages_full/src/RobotLeg/src/../include/RobotLeg/RobotLegRos.hpp:15:5:[m[K [01;36m[Knote: [m[K  candidate expects 0 arguments, 1 provided
In file included from [01m[K/home/k/Desktop/Zeb05/Zebulon05/ros_packages_full/src/RobotLeg/src/../include/RobotLeg/RobotLegRosWrapper.hpp:19[m[K,
                 from [01m[K/home/k/Desktop/Zeb05/Zebulon05/ros_packages_full/src/RobotLeg/src/RobotLegRosWrapper.cpp:5[m[K:
[01m[K/home/k/Desktop/Zeb05/Zebulon05/ros_packages_full/src/RobotLeg/src/../include/RobotLeg/RobotLegRos.hpp:14:5:[m[K [01;36m[Knote: [m[Kcandidate: ‘[01m[KRobotLegRos::RobotLegRos(rclcpp::Publisher<maestro_interfaces::msg::MaestroTarget_<std::allocator<void> > >::SharedPtr, int)[m[K’
   14 |     [01;36m[KRobotLegRos[m[K(rclcpp::Publisher<maestro_interfaces::msg::MaestroTarget>::SharedPtr pub_message_ptr, std::array<short unsigned int, num_of_joints> servo_ids) : pub_message_ptr_(pub_message_ptr), last_known_pos{0}, servo_ids_(servo_ids) {};
      |     [01;36m[K^~~~~~~~~~~[m[K
[01m[K/home/k/Desktop/Zeb05/Zebulon05/ros_packages_full/src/RobotLeg/src/../include/RobotLeg/RobotLegRos.hpp:14:5:[m[K [01;36m[Knote: [m[K  candidate expects 2 arguments, 1 provided
[01m[K/home/k/Desktop/Zeb05/Zebulon05/ros_packages_full/src/RobotLeg/src/../include/RobotLeg/RobotLegRos.hpp:12:7:[m[K [01;36m[Knote: [m[Kcandidate: ‘[01m[KRobotLegRos::RobotLegRos(const RobotLegRos&)[m[K’
   12 | class [01;36m[KRobotLegRos[m[K {
      |       [01;36m[K^~~~~~~~~~~[m[K
[01m[K/home/k/Desktop/Zeb05/Zebulon05/ros_packages_full/src/RobotLeg/src/../include/RobotLeg/RobotLegRos.hpp:12:7:[m[K [01;36m[Knote: [m[K  no known conversion for argument 1 from ‘[01m[Kstd::nullptr_t[m[K’ to ‘[01m[Kconst RobotLegRos&[m[K’
[01m[K/home/k/Desktop/Zeb05/Zebulon05/ros_packages_full/src/RobotLeg/src/../include/RobotLeg/RobotLegRos.hpp:12:7:[m[K [01;36m[Knote: [m[Kcandidate: ‘[01m[KRobotLegRos::RobotLegRos(RobotLegRos&&)[m[K’
[01m[K/home/k/Desktop/Zeb05/Zebulon05/ros_packages_full/src/RobotLeg/src/../include/RobotLeg/RobotLegRos.hpp:12:7:[m[K [01;36m[Knote: [m[K  no known conversion for argument 1 from ‘[01m[Kstd::nullptr_t[m[K’ to ‘[01m[KRobotLegRos&&[m[K’
In file included from [01m[K/home/k/Desktop/Zeb05/Zebulon05/ros_packages_full/src/RobotLeg/src/../include/RobotLeg/RobotLegRosWrapper.hpp:19[m[K,
                 from [01m[K/home/k/Desktop/Zeb05/Zebulon05/ros_packages_full/src/RobotLeg/src/RobotLegRosWrapper.cpp:5[m[K:
[01m[K/home/k/Desktop/Zeb05/Zebulon05/ros_packages_full/src/RobotLeg/src/../include/RobotLeg/RobotLegRos.hpp:[m[K In member function ‘[01m[Kvoid RobotLegRos::set_servo_ids(int)[m[K’:
[01m[K/home/k/Desktop/Zeb05/Zebulon05/ros_packages_full/src/RobotLeg/src/../include/RobotLeg/RobotLegRos.hpp:20:19:[m[K [01;31m[Kerror: [m[Kinvalid types ‘[01m[Kint[int][m[K’ for array subscript
   20 |         servo_ids_[01;31m[K[[m[K0] = new_servo_ids[0];
      |                   [01;31m[K^[m[K
[01m[K/home/k/Desktop/Zeb05/Zebulon05/ros_packages_full/src/RobotLeg/src/../include/RobotLeg/RobotLegRos.hpp:20:38:[m[K [01;31m[Kerror: [m[Kinvalid types ‘[01m[Kint[int][m[K’ for array subscript
   20 |         servo_ids_[0] = new_servo_ids[01;31m[K[[m[K0];
      |                                      [01;31m[K^[m[K
[01m[K/home/k/Desktop/Zeb05/Zebulon05/ros_packages_full/src/RobotLeg/src/../include/RobotLeg/RobotLegRos.hpp:21:19:[m[K [01;31m[Kerror: [m[Kinvalid types ‘[01m[Kint[int][m[K’ for array subscript
   21 |         servo_ids_[01;31m[K[[m[K1] = new_servo_ids[1];
      |                   [01;31m[K^[m[K
[01m[K/home/k/Desktop/Zeb05/Zebulon05/ros_packages_full/src/RobotLeg/src/../include/RobotLeg/RobotLegRos.hpp:21:38:[m[K [01;31m[Kerror: [m[Kinvalid types ‘[01m[Kint[int][m[K’ for array subscript
   21 |         servo_ids_[1] = new_servo_ids[01;31m[K[[m[K1];
      |                                      [01;31m[K^[m[K
[01m[K/home/k/Desktop/Zeb05/Zebulon05/ros_packages_full/src/RobotLeg/src/../include/RobotLeg/RobotLegRos.hpp:22:19:[m[K [01;31m[Kerror: [m[Kinvalid types ‘[01m[Kint[int][m[K’ for array subscript
   22 |         servo_ids_[01;31m[K[[m[K2] = new_servo_ids[2];
      |                   [01;31m[K^[m[K
[01m[K/home/k/Desktop/Zeb05/Zebulon05/ros_packages_full/src/RobotLeg/src/../include/RobotLeg/RobotLegRos.hpp:22:38:[m[K [01;31m[Kerror: [m[Kinvalid types ‘[01m[Kint[int][m[K’ for array subscript
   22 |         servo_ids_[2] = new_servo_ids[01;31m[K[[m[K2];
      |                                      [01;31m[K^[m[K
[01m[K/home/k/Desktop/Zeb05/Zebulon05/ros_packages_full/src/RobotLeg/src/../include/RobotLeg/RobotLegRos.hpp:19:55:[m[K [01;31m[Kerror: [m[K‘[01m[Knum_of_joints[m[K’ was not declared in this scope
   19 |     void set_servo_ids(std::array<short unsigned int, [01;31m[Knum_of_joints[m[K> new_servo_ids){
      |                                                       [01;31m[K^~~~~~~~~~~~~[m[K
[01m[K/home/k/Desktop/Zeb05/Zebulon05/ros_packages_full/src/RobotLeg/src/../include/RobotLeg/RobotLegRos.hpp:19:68:[m[K [01;31m[Kerror: [m[Ktemplate argument 2 is invalid
   19 |     void set_servo_ids(std::array<short unsigned int, num_of_joints[01;31m[K>[m[K new_servo_ids){
      |                                                                    [01;31m[K^[m[K
[01m[K/home/k/Desktop/Zeb05/Zebulon05/ros_packages_full/src/RobotLeg/src/../include/RobotLeg/RobotLegRos.hpp:25:28:[m[K [01;31m[Kerror: [m[Kexpected identifier before ‘[01m[K<[m[K’ token
   25 |     void get_servos_to_pos([01;31m[K<[m[Kunsigned int, num_of_joints> new_servo_pos);
      |                            [01;31m[K^[m[K
[01m[K/home/k/Desktop/Zeb05/Zebulon05/ros_packages_full/src/RobotLeg/src/../include/RobotLeg/RobotLegRos.hpp:25:28:[m[K [01;31m[Kerror: [m[Kexpected ‘[01m[K,[m[K’ or ‘[01m[K...[m[K’ before ‘[01m[K<[m[K’ token
[01m[K/home/k/Desktop/Zeb05/Zebulon05/ros_packages_full/src/RobotLeg/src/../include/RobotLeg/RobotLegRos.hpp:41:36:[m[K [01;31m[Kerror: [m[Kinvalid use of non-static data member ‘[01m[KRobotLegRos::num_of_joints[m[K’
   41 |     std::array<short unsigned int, [01;31m[Knum_of_joints[m[K> servo_ids_;
      |                                    [01;31m[K^~~~~~~~~~~~~[m[K
[01m[K/home/k/Desktop/Zeb05/Zebulon05/ros_packages_full/src/RobotLeg/src/../include/RobotLeg/RobotLegRos.hpp:35:30:[m[K [01;36m[Knote: [m[Kdeclared here
   35 |     const short unsigned int [01;36m[Knum_of_joints[m[K = 3;
      |                              [01;36m[K^~~~~~~~~~~~~[m[K
[01m[K/home/k/Desktop/Zeb05/Zebulon05/ros_packages_full/src/RobotLeg/src/../include/RobotLeg/RobotLegRos.hpp:41:49:[m[K [01;31m[Kerror: [m[Ktemplate argument 2 is invalid
   41 |     std::array<short unsigned int, num_of_joints[01;31m[K>[m[K servo_ids_;
      |                                                 [01;31m[K^[m[K
[01m[K/home/k/Desktop/Zeb05/Zebulon05/ros_packages_full/src/RobotLeg/src/../include/RobotLeg/RobotLegRos.hpp:[m[K In constructor ‘[01m[KRobotLegRos::RobotLegRos()[m[K’:
[01m[K/home/k/Desktop/Zeb05/Zebulon05/ros_packages_full/src/RobotLeg/src/../include/RobotLeg/RobotLegRos.hpp:15:61:[m[K [01;31m[Kerror: [m[Kmem-initializer for ‘[01m[KRobotLegRos::servo_ids_[m[K’ follows constructor delegation
   15 |     RobotLegRos() : RobotLegRos(nullptr), servo_ids_{0, 1, 2[01;31m[K}[m[K {};
      |                                                             [01;31m[K^[m[K
[01m[K/home/k/Desktop/Zeb05/Zebulon05/ros_packages_full/src/RobotLeg/src/../include/RobotLeg/RobotLegRos.hpp:15:61:[m[K [01;31m[Kerror: [m[Kno matching function for call to ‘[01m[KRobotLegRos::RobotLegRos(std::nullptr_t)[m[K’
[01m[K/home/k/Desktop/Zeb05/Zebulon05/ros_packages_full/src/RobotLeg/src/../include/RobotLeg/RobotLegRos.hpp:15:5:[m[K [01;36m[Knote: [m[Kcandidate: ‘[01m[KRobotLegRos::RobotLegRos()[m[K’
   15 |     [01;36m[KRobotLegRos[m[K() : RobotLegRos(nullptr), servo_ids_{0, 1, 2} {};
      |     [01;36m[K^~~~~~~~~~~[m[K
[01m[K/home/k/Desktop/Zeb05/Zebulon05/ros_packages_full/src/RobotLeg/src/../include/RobotLeg/RobotLegRos.hpp:15:5:[m[K [01;36m[Knote: [m[K  candidate expects 0 arguments, 1 provided
In file included from [01m[K/home/k/Desktop/Zeb05/Zebulon05/ros_packages_full/src/RobotLeg/src/RobotLegRos.cpp:5[m[K:
[01m[K/home/k/Desktop/Zeb05/Zebulon05/ros_packages_full/src/RobotLeg/src/../include/RobotLeg/RobotLegRos.hpp:14:5:[m[K [01;36m[Knote: [m[Kcandidate: ‘[01m[KRobotLegRos::RobotLegRos(rclcpp::Publisher<maestro_interfaces::msg::MaestroTarget_<std::allocator<void> > >::SharedPtr, int)[m[K’
   14 |     [01;36m[KRobotLegRos[m[K(rclcpp::Publisher<maestro_interfaces::msg::MaestroTarget>::SharedPtr pub_message_ptr, std::array<short unsigned int, num_of_joints> servo_ids) : pub_message_ptr_(pub_message_ptr), last_known_pos{0}, servo_ids_(servo_ids) {};
      |     [01;36m[K^~~~~~~~~~~[m[K
[01m[K/home/k/Desktop/Zeb05/Zebulon05/ros_packages_full/src/RobotLeg/src/../include/RobotLeg/RobotLegRos.hpp:14:5:[m[K [01;36m[Knote: [m[K  candidate expects 2 arguments, 1 provided
[01m[K/home/k/Desktop/Zeb05/Zebulon05/ros_packages_full/src/RobotLeg/src/../include/RobotLeg/RobotLegRos.hpp:12:7:[m[K [01;36m[Knote: [m[Kcandidate: ‘[01m[KRobotLegRos::RobotLegRos(const RobotLegRos&)[m[K’
   12 | class [01;36m[KRobotLegRos[m[K {
      |       [01;36m[K^~~~~~~~~~~[m[K
[01m[K/home/k/Desktop/Zeb05/Zebulon05/ros_packages_full/src/RobotLeg/src/../include/RobotLeg/RobotLegRos.hpp:12:7:[m[K [01;36m[Knote: [m[K  no known conversion for argument 1 from ‘[01m[Kstd::nullptr_t[m[K’ to ‘[01m[Kconst RobotLegRos&[m[K’
[01m[K/home/k/Desktop/Zeb05/Zebulon05/ros_packages_full/src/RobotLeg/src/../include/RobotLeg/RobotLegRos.hpp:12:7:[m[K [01;36m[Knote: [m[Kcandidate: ‘[01m[KRobotLegRos::RobotLegRos(RobotLegRos&&)[m[K’
[01m[K/home/k/Desktop/Zeb05/Zebulon05/ros_packages_full/src/RobotLeg/src/../include/RobotLeg/RobotLegRos.hpp:12:7:[m[K [01;36m[Knote: [m[K  no known conversion for argument 1 from ‘[01m[Kstd::nullptr_t[m[K’ to ‘[01m[KRobotLegRos&&[m[K’
In file included from [01m[K/home/k/Desktop/Zeb05/Zebulon05/ros_packages_full/src/RobotLeg/src/RobotLegRos.cpp:5[m[K:
[01m[K/home/k/Desktop/Zeb05/Zebulon05/ros_packages_full/src/RobotLeg/src/../include/RobotLeg/RobotLegRos.hpp:[m[K In member function ‘[01m[Kvoid RobotLegRos::set_servo_ids(int)[m[K’:
[01m[K/home/k/Desktop/Zeb05/Zebulon05/ros_packages_full/src/RobotLeg/src/../include/RobotLeg/RobotLegRos.hpp:20:19:[m[K [01;31m[Kerror: [m[Kinvalid types ‘[01m[Kint[int][m[K’ for array subscript
   20 |         servo_ids_[01;31m[K[[m[K0] = new_servo_ids[0];
      |                   [01;31m[K^[m[K
[01m[K/home/k/Desktop/Zeb05/Zebulon05/ros_packages_full/src/RobotLeg/src/../include/RobotLeg/RobotLegRos.hpp:20:38:[m[K [01;31m[Kerror: [m[Kinvalid types ‘[01m[Kint[int][m[K’ for array subscript
   20 |         servo_ids_[0] = new_servo_ids[01;31m[K[[m[K0];
      |                                      [01;31m[K^[m[K
[01m[K/home/k/Desktop/Zeb05/Zebulon05/ros_packages_full/src/RobotLeg/src/../include/RobotLeg/RobotLegRos.hpp:21:19:[m[K [01;31m[Kerror: [m[Kinvalid types ‘[01m[Kint[int][m[K’ for array subscript
   21 |         servo_ids_[01;31m[K[[m[K1] = new_servo_ids[1];
      |                   [01;31m[K^[m[K
[01m[K/home/k/Desktop/Zeb05/Zebulon05/ros_packages_full/src/RobotLeg/src/../include/RobotLeg/RobotLegRos.hpp:21:38:[m[K [01;31m[Kerror: [m[Kinvalid types ‘[01m[Kint[int][m[K’ for array subscript
   21 |         servo_ids_[1] = new_servo_ids[01;31m[K[[m[K1];
      |                                      [01;31m[K^[m[K
[01m[K/home/k/Desktop/Zeb05/Zebulon05/ros_packages_full/src/RobotLeg/src/../include/RobotLeg/RobotLegRos.hpp:22:19:[m[K [01;31m[Kerror: [m[Kinvalid types ‘[01m[Kint[int][m[K’ for array subscript
   22 |         servo_ids_[01;31m[K[[m[K2] = new_servo_ids[2];
      |                   [01;31m[K^[m[K
[01m[K/home/k/Desktop/Zeb05/Zebulon05/ros_packages_full/src/RobotLeg/src/../include/RobotLeg/RobotLegRos.hpp:22:38:[m[K [01;31m[Kerror: [m[Kinvalid types ‘[01m[Kint[int][m[K’ for array subscript
   22 |         servo_ids_[2] = new_servo_ids[01;31m[K[[m[K2];
      |                                      [01;31m[K^[m[K
[01m[K/home/k/Desktop/Zeb05/Zebulon05/ros_packages_full/src/RobotLeg/src/RobotLegRos.cpp:[m[K In member function ‘[01m[Kvoid RobotLegRos::do_step(int, int)[m[K’:
[01m[K/home/k/Desktop/Zeb05/Zebulon05/ros_packages_full/src/RobotLeg/src/RobotLegRos.cpp:10:32:[m[K [01;31m[Kerror: [m[Kcannot convert ‘[01m[K<brace-enclosed initializer list>[m[K’ to ‘[01m[Kint[m[K’
   10 |         [01;31m[Kthis->get_servos_to_pos({2496 * 4, 2496 * 4, 2496 * 4 * step_length * step_height})[m[K;
      |         [01;31m[K~~~~~~~~~~~~~~~~~~~~~~~^~~~~~~~~~~~~~~~~~~~~~~~~~~~~~~~~~~~~~~~~~~~~~~~~~~~~~~~~~~~[m[K
In file included from [01m[K/home/k/Desktop/Zeb05/Zebulon05/ros_packages_full/src/RobotLeg/src/RobotLegRos.cpp:5[m[K:
[01m[K/home/k/Desktop/Zeb05/Zebulon05/ros_packages_full/src/RobotLeg/src/../include/RobotLeg/RobotLegRos.hpp:25:28:[m[K [01;36m[Knote: [m[K  initializing argument 1 of ‘[01m[Kvoid RobotLegRos::get_servos_to_pos(int)[m[K’
   25 |     void get_servos_to_pos([01;36m[K<[m[Kunsigned int, num_of_joints> new_servo_pos);
      |                            [01;36m[K^[m[K
[01m[K/home/k/Desktop/Zeb05/Zebulon05/ros_packages_full/src/RobotLeg/src/RobotLegRos.cpp:14:32:[m[K [01;31m[Kerror: [m[Kcannot convert ‘[01m[K<brace-enclosed initializer list>[m[K’ to ‘[01m[Kint[m[K’
   14 |         [01;31m[Kthis->get_servos_to_pos({496 * 4, 496 * 4, 496 * 4 * step_length * step_height})[m[K;
      |         [01;31m[K~~~~~~~~~~~~~~~~~~~~~~~^~~~~~~~~~~~~~~~~~~~~~~~~~~~~~~~~~~~~~~~~~~~~~~~~~~~~~~~~[m[K
In file included from [01m[K/home/k/Desktop/Zeb05/Zebulon05/ros_packages_full/src/RobotLeg/src/RobotLegRos.cpp:5[m[K:
[01m[K/home/k/Desktop/Zeb05/Zebulon05/ros_packages_full/src/RobotLeg/src/../include/RobotLeg/RobotLegRos.hpp:25:28:[m[K [01;36m[Knote: [m[K  initializing argument 1 of ‘[01m[Kvoid RobotLegRos::get_servos_to_pos(int)[m[K’
   25 |     void get_servos_to_pos([01;36m[K<[m[Kunsigned int, num_of_joints> new_servo_pos);
      |                            [01;36m[K^[m[K
[01m[K/home/k/Desktop/Zeb05/Zebulon05/ros_packages_full/src/RobotLeg/src/RobotLegRos.cpp:[m[K At global scope:
[01m[K/home/k/Desktop/Zeb05/Zebulon05/ros_packages_full/src/RobotLeg/src/RobotLegRos.cpp:19:6:[m[K [01;31m[Kerror: [m[Kvariable or field ‘[01m[Kget_servos_to_pos[m[K’ declared void
   19 | void [01;31m[KRobotLegRos[m[K::get_servos_to_pos(<unsigned int, num_of_joints> new_servo_pos){
      |      [01;31m[K^~~~~~~~~~~[m[K
[01m[K/home/k/Desktop/Zeb05/Zebulon05/ros_packages_full/src/RobotLeg/src/RobotLegRos.cpp:19:37:[m[K [01;31m[Kerror: [m[Kexpected primary-expression before ‘[01m[K<[m[K’ token
   19 | void RobotLegRos::get_servos_to_pos([01;31m[K<[m[Kunsigned int, num_of_joints> new_servo_pos){
      |                                     [01;31m[K^[m[K
[01m[K/home/k/Desktop/Zeb05/Zebulon05/ros_packages_full/src/RobotLeg/src/RobotLegRos.cpp:19:38:[m[K [01;31m[Kerror: [m[Kexpected primary-expression before ‘[01m[Kunsigned[m[K’
   19 | void RobotLegRos::get_servos_to_pos(<[01;31m[Kunsigned[m[K int, num_of_joints> new_servo_pos){
      |                                      [01;31m[K^~~~~~~~[m[K
[01m[K/home/k/Desktop/Zeb05/Zebulon05/ros_packages_full/src/RobotLeg/src/RobotLegRos.cpp:19:52:[m[K [01;31m[Kerror: [m[K‘[01m[Knum_of_joints[m[K’ was not declared in this scope
   19 | void RobotLegRos::get_servos_to_pos(<unsigned int, [01;31m[Knum_of_joints[m[K> new_servo_pos){
      |                                                    [01;31m[K^~~~~~~~~~~~~[m[K
[01m[K/home/k/Desktop/Zeb05/Zebulon05/ros_packages_full/src/RobotLeg/src/RobotLegRos.cpp:19:67:[m[K [01;31m[Kerror: [m[K‘[01m[Knew_servo_pos[m[K’ was not declared in this scope
   19 | void RobotLegRos::get_servos_to_pos(<unsigned int, num_of_joints> [01;31m[Knew_servo_pos[m[K){
      |                                                                   [01;31m[K^~~~~~~~~~~~~[m[K
gmake[2]: *** [CMakeFiles/robot_leg_wrapper.dir/build.make:76: CMakeFiles/robot_leg_wrapper.dir/src/RobotLegRos.cpp.o] Error 1
gmake[2]: *** Waiting for unfinished jobs....
gmake[2]: *** [CMakeFiles/robot_leg_wrapper.dir/build.make:90: CMakeFiles/robot_leg_wrapper.dir/src/RobotLegRosWrapper.cpp.o] Error 1
gmake[1]: *** [CMakeFiles/Makefile2:137: CMakeFiles/robot_leg_wrapper.dir/all] Error 2
gmake: *** [Makefile:146: all] Error 2
