[0.073s] Invoking command in '/home/k/Desktop/Zeb05/Zebulon05/ros_packages_full/build/RobotLeg': CMAKE_PREFIX_PATH=${CMAKE_PREFIX_PATH}:/home/k/Desktop/Zeb05/Zebulon05/ros_packages_full/install/polulu_maestro:/opt/ros/humble /usr/bin/cmake --build /home/k/Desktop/Zeb05/Zebulon05/ros_packages_full/build/RobotLeg -- -j4 -l4
[0.296s] [35m[1mConsolidate compiler generated dependencies of target robot_leg_wrapper[0m
[0.417s] [ 33%] [32mBuilding CXX object CMakeFiles/robot_leg_wrapper.dir/src/RobotLegRos.cpp.o[0m
[0.421s] [ 66%] [32mBuilding CXX object CMakeFiles/robot_leg_wrapper.dir/src/RobotLegRosWrapper.cpp.o[0m
[12.409s] In file included from [01m[K/home/k/Desktop/Zeb05/Zebulon05/ros_packages_full/src/RobotLeg/src/../include/RobotLeg/RobotLegRosWrapper.hpp:19[m[K,
[12.410s]                  from [01m[K/home/k/Desktop/Zeb05/Zebulon05/ros_packages_full/src/RobotLeg/src/RobotLegRosWrapper.cpp:5[m[K:
[12.410s] [01m[K/home/k/Desktop/Zeb05/Zebulon05/ros_packages_full/src/RobotLeg/src/../include/RobotLeg/RobotLegRos.hpp:14:134:[m[K [01;31m[Kerror: [m[K‘[01m[Knum_of_joints[m[K’ was not declared in this scope
[12.411s]    14 |     RobotLegRos(rclcpp::Publisher<maestro_interfaces::msg::MaestroTarget>::SharedPtr pub_message_ptr, std::array<short unsigned int, [01;31m[Knum_of_joints[m[K> servo_ids) : pub_message_ptr_(pub_message_ptr), last_known_pos{0}, servo_ids_(servo_ids) {};
[12.412s]       |                                                                                                                                      [01;31m[K^~~~~~~~~~~~~[m[K
[12.412s] [01m[K/home/k/Desktop/Zeb05/Zebulon05/ros_packages_full/src/RobotLeg/src/../include/RobotLeg/RobotLegRos.hpp:14:147:[m[K [01;31m[Kerror: [m[Ktemplate argument 2 is invalid
[12.413s]    14 |     RobotLegRos(rclcpp::Publisher<maestro_interfaces::msg::MaestroTarget>::SharedPtr pub_message_ptr, std::array<short unsigned int, num_of_joints[01;31m[K>[m[K servo_ids) : pub_message_ptr_(pub_message_ptr), last_known_pos{0}, servo_ids_(servo_ids) {};
[12.414s]       |                                                                                                                                                   [01;31m[K^[m[K
[12.445s] [01m[K/home/k/Desktop/Zeb05/Zebulon05/ros_packages_full/src/RobotLeg/src/../include/RobotLeg/RobotLegRos.hpp:19:55:[m[K [01;31m[Kerror: [m[K‘[01m[Knum_of_joints[m[K’ was not declared in this scope
[12.446s]    19 |     void set_servo_ids(std::array<short unsigned int, [01;31m[Knum_of_joints[m[K> new_servo_ids){
[12.447s]       |                                                       [01;31m[K^~~~~~~~~~~~~[m[K
[12.448s] [01m[K/home/k/Desktop/Zeb05/Zebulon05/ros_packages_full/src/RobotLeg/src/../include/RobotLeg/RobotLegRos.hpp:19:68:[m[K [01;31m[Kerror: [m[Ktemplate argument 2 is invalid
[12.449s]    19 |     void set_servo_ids(std::array<short unsigned int, num_of_joints[01;31m[K>[m[K new_servo_ids){
[12.449s]       |                                                                    [01;31m[K^[m[K
[12.450s] [01m[K/home/k/Desktop/Zeb05/Zebulon05/ros_packages_full/src/RobotLeg/src/../include/RobotLeg/RobotLegRos.hpp:25:28:[m[K [01;31m[Kerror: [m[Kexpected identifier before ‘[01m[K<[m[K’ token
[12.451s]    25 |     void get_servos_to_pos([01;31m[K<[m[Kunsigned int, num_of_joints> new_servo_pos);
[12.452s]       |                            [01;31m[K^[m[K
[12.452s] [01m[K/home/k/Desktop/Zeb05/Zebulon05/ros_packages_full/src/RobotLeg/src/../include/RobotLeg/RobotLegRos.hpp:25:28:[m[K [01;31m[Kerror: [m[Kexpected ‘[01m[K,[m[K’ or ‘[01m[K...[m[K’ before ‘[01m[K<[m[K’ token
[12.457s] [01m[K/home/k/Desktop/Zeb05/Zebulon05/ros_packages_full/src/RobotLeg/src/../include/RobotLeg/RobotLegRos.hpp:41:36:[m[K [01;31m[Kerror: [m[Kinvalid use of non-static data member ‘[01m[KRobotLegRos::num_of_joints[m[K’
[12.458s]    41 |     std::array<short unsigned int, [01;31m[Knum_of_joints[m[K> servo_ids_;
[12.458s]       |                                    [01;31m[K^~~~~~~~~~~~~[m[K
[12.459s] [01m[K/home/k/Desktop/Zeb05/Zebulon05/ros_packages_full/src/RobotLeg/src/../include/RobotLeg/RobotLegRos.hpp:35:30:[m[K [01;36m[Knote: [m[Kdeclared here
[12.460s]    35 |     const short unsigned int [01;36m[Knum_of_joints[m[K = 3;
[12.460s]       |                              [01;36m[K^~~~~~~~~~~~~[m[K
[12.461s] [01m[K/home/k/Desktop/Zeb05/Zebulon05/ros_packages_full/src/RobotLeg/src/../include/RobotLeg/RobotLegRos.hpp:41:49:[m[K [01;31m[Kerror: [m[Ktemplate argument 2 is invalid
[12.462s]    41 |     std::array<short unsigned int, num_of_joints[01;31m[K>[m[K servo_ids_;
[12.462s]       |                                                 [01;31m[K^[m[K
[12.465s] In file included from [01m[K/home/k/Desktop/Zeb05/Zebulon05/ros_packages_full/src/RobotLeg/src/RobotLegRos.cpp:5[m[K:
[12.466s] [01m[K/home/k/Desktop/Zeb05/Zebulon05/ros_packages_full/src/RobotLeg/src/../include/RobotLeg/RobotLegRos.hpp:14:134:[m[K [01;31m[Kerror: [m[K‘[01m[Knum_of_joints[m[K’ was not declared in this scope
[12.466s]    14 |     RobotLegRos(rclcpp::Publisher<maestro_interfaces::msg::MaestroTarget>::SharedPtr pub_message_ptr, std::array<short unsigned int, [01;31m[Knum_of_joints[m[K> servo_ids) : pub_message_ptr_(pub_message_ptr), last_known_pos{0}, servo_ids_(servo_ids) {};
[12.467s]       |                                                                                                                                      [01;31m[K^~~~~~~~~~~~~[m[K
[12.467s] [01m[K/home/k/Desktop/Zeb05/Zebulon05/ros_packages_full/src/RobotLeg/src/../include/RobotLeg/RobotLegRos.hpp:14:147:[m[K [01;31m[Kerror: [m[Ktemplate argument 2 is invalid
[12.468s]    14 |     RobotLegRos(rclcpp::Publisher<maestro_interfaces::msg::MaestroTarget>::SharedPtr pub_message_ptr, std::array<short unsigned int, num_of_joints[01;31m[K>[m[K servo_ids) : pub_message_ptr_(pub_message_ptr), last_known_pos{0}, servo_ids_(servo_ids) {};
[12.468s]       |                                                                                                                                                   [01;31m[K^[m[K
[12.469s] [01m[K/home/k/Desktop/Zeb05/Zebulon05/ros_packages_full/src/RobotLeg/src/../include/RobotLeg/RobotLegRos.hpp:[m[K In constructor ‘[01m[KRobotLegRos::RobotLegRos()[m[K’:
[12.470s] [01m[K/home/k/Desktop/Zeb05/Zebulon05/ros_packages_full/src/RobotLeg/src/../include/RobotLeg/RobotLegRos.hpp:15:61:[m[K [01;31m[Kerror: [m[Kmem-initializer for ‘[01m[KRobotLegRos::servo_ids_[m[K’ follows constructor delegation
[12.471s]    15 |     RobotLegRos() : RobotLegRos(nullptr), servo_ids_{0, 1, 2[01;31m[K}[m[K {};
[12.472s]       |                                                             [01;31m[K^[m[K
[12.472s] [01m[K/home/k/Desktop/Zeb05/Zebulon05/ros_packages_full/src/RobotLeg/src/../include/RobotLeg/RobotLegRos.hpp:15:61:[m[K [01;31m[Kerror: [m[Kno matching function for call to ‘[01m[KRobotLegRos::RobotLegRos(std::nullptr_t)[m[K’
[12.473s] [01m[K/home/k/Desktop/Zeb05/Zebulon05/ros_packages_full/src/RobotLeg/src/../include/RobotLeg/RobotLegRos.hpp:15:5:[m[K [01;36m[Knote: [m[Kcandidate: ‘[01m[KRobotLegRos::RobotLegRos()[m[K’
[12.474s]    15 |     [01;36m[KRobotLegRos[m[K() : RobotLegRos(nullptr), servo_ids_{0, 1, 2} {};
[12.476s]       |     [01;36m[K^~~~~~~~~~~[m[K
[12.476s] [01m[K/home/k/Desktop/Zeb05/Zebulon05/ros_packages_full/src/RobotLeg/src/../include/RobotLeg/RobotLegRos.hpp:15:5:[m[K [01;36m[Knote: [m[K  candidate expects 0 arguments, 1 provided
[12.477s] In file included from [01m[K/home/k/Desktop/Zeb05/Zebulon05/ros_packages_full/src/RobotLeg/src/../include/RobotLeg/RobotLegRosWrapper.hpp:19[m[K,
[12.477s]                  from [01m[K/home/k/Desktop/Zeb05/Zebulon05/ros_packages_full/src/RobotLeg/src/RobotLegRosWrapper.cpp:5[m[K:
[12.478s] [01m[K/home/k/Desktop/Zeb05/Zebulon05/ros_packages_full/src/RobotLeg/src/../include/RobotLeg/RobotLegRos.hpp:14:5:[m[K [01;36m[Knote: [m[Kcandidate: ‘[01m[KRobotLegRos::RobotLegRos(rclcpp::Publisher<maestro_interfaces::msg::MaestroTarget_<std::allocator<void> > >::SharedPtr, int)[m[K’
[12.478s]    14 |     [01;36m[KRobotLegRos[m[K(rclcpp::Publisher<maestro_interfaces::msg::MaestroTarget>::SharedPtr pub_message_ptr, std::array<short unsigned int, num_of_joints> servo_ids) : pub_message_ptr_(pub_message_ptr), last_known_pos{0}, servo_ids_(servo_ids) {};
[12.479s]       |     [01;36m[K^~~~~~~~~~~[m[K
[12.479s] [01m[K/home/k/Desktop/Zeb05/Zebulon05/ros_packages_full/src/RobotLeg/src/../include/RobotLeg/RobotLegRos.hpp:14:5:[m[K [01;36m[Knote: [m[K  candidate expects 2 arguments, 1 provided
[12.480s] [01m[K/home/k/Desktop/Zeb05/Zebulon05/ros_packages_full/src/RobotLeg/src/../include/RobotLeg/RobotLegRos.hpp:12:7:[m[K [01;36m[Knote: [m[Kcandidate: ‘[01m[KRobotLegRos::RobotLegRos(const RobotLegRos&)[m[K’
[12.480s]    12 | class [01;36m[KRobotLegRos[m[K {
[12.481s]       |       [01;36m[K^~~~~~~~~~~[m[K
[12.481s] [01m[K/home/k/Desktop/Zeb05/Zebulon05/ros_packages_full/src/RobotLeg/src/../include/RobotLeg/RobotLegRos.hpp:12:7:[m[K [01;36m[Knote: [m[K  no known conversion for argument 1 from ‘[01m[Kstd::nullptr_t[m[K’ to ‘[01m[Kconst RobotLegRos&[m[K’
[12.482s] [01m[K/home/k/Desktop/Zeb05/Zebulon05/ros_packages_full/src/RobotLeg/src/../include/RobotLeg/RobotLegRos.hpp:12:7:[m[K [01;36m[Knote: [m[Kcandidate: ‘[01m[KRobotLegRos::RobotLegRos(RobotLegRos&&)[m[K’
[12.483s] [01m[K/home/k/Desktop/Zeb05/Zebulon05/ros_packages_full/src/RobotLeg/src/../include/RobotLeg/RobotLegRos.hpp:12:7:[m[K [01;36m[Knote: [m[K  no known conversion for argument 1 from ‘[01m[Kstd::nullptr_t[m[K’ to ‘[01m[KRobotLegRos&&[m[K’
[12.484s] In file included from [01m[K/home/k/Desktop/Zeb05/Zebulon05/ros_packages_full/src/RobotLeg/src/../include/RobotLeg/RobotLegRosWrapper.hpp:19[m[K,
[12.484s]                  from [01m[K/home/k/Desktop/Zeb05/Zebulon05/ros_packages_full/src/RobotLeg/src/RobotLegRosWrapper.cpp:5[m[K:
[12.485s] [01m[K/home/k/Desktop/Zeb05/Zebulon05/ros_packages_full/src/RobotLeg/src/../include/RobotLeg/RobotLegRos.hpp:[m[K In member function ‘[01m[Kvoid RobotLegRos::set_servo_ids(int)[m[K’:
[12.486s] [01m[K/home/k/Desktop/Zeb05/Zebulon05/ros_packages_full/src/RobotLeg/src/../include/RobotLeg/RobotLegRos.hpp:20:19:[m[K [01;31m[Kerror: [m[Kinvalid types ‘[01m[Kint[int][m[K’ for array subscript
[12.486s]    20 |         servo_ids_[01;31m[K[[m[K0] = new_servo_ids[0];
[12.487s]       |                   [01;31m[K^[m[K
[12.488s] [01m[K/home/k/Desktop/Zeb05/Zebulon05/ros_packages_full/src/RobotLeg/src/../include/RobotLeg/RobotLegRos.hpp:20:38:[m[K [01;31m[Kerror: [m[Kinvalid types ‘[01m[Kint[int][m[K’ for array subscript
[12.488s]    20 |         servo_ids_[0] = new_servo_ids[01;31m[K[[m[K0];
[12.489s]       |                                      [01;31m[K^[m[K
[12.490s] [01m[K/home/k/Desktop/Zeb05/Zebulon05/ros_packages_full/src/RobotLeg/src/../include/RobotLeg/RobotLegRos.hpp:21:19:[m[K [01;31m[Kerror: [m[Kinvalid types ‘[01m[Kint[int][m[K’ for array subscript
[12.491s]    21 |         servo_ids_[01;31m[K[[m[K1] = new_servo_ids[1];
[12.492s]       |                   [01;31m[K^[m[K
[12.492s] [01m[K/home/k/Desktop/Zeb05/Zebulon05/ros_packages_full/src/RobotLeg/src/../include/RobotLeg/RobotLegRos.hpp:21:38:[m[K [01;31m[Kerror: [m[Kinvalid types ‘[01m[Kint[int][m[K’ for array subscript
[12.493s]    21 |         servo_ids_[1] = new_servo_ids[01;31m[K[[m[K1];
[12.493s]       |                                      [01;31m[K^[m[K
[12.494s] [01m[K/home/k/Desktop/Zeb05/Zebulon05/ros_packages_full/src/RobotLeg/src/../include/RobotLeg/RobotLegRos.hpp:22:19:[m[K [01;31m[Kerror: [m[Kinvalid types ‘[01m[Kint[int][m[K’ for array subscript
[12.494s]    22 |         servo_ids_[01;31m[K[[m[K2] = new_servo_ids[2];
[12.495s]       |                   [01;31m[K^[m[K
[12.495s] [01m[K/home/k/Desktop/Zeb05/Zebulon05/ros_packages_full/src/RobotLeg/src/../include/RobotLeg/RobotLegRos.hpp:22:38:[m[K [01;31m[Kerror: [m[Kinvalid types ‘[01m[Kint[int][m[K’ for array subscript
[12.495s]    22 |         servo_ids_[2] = new_servo_ids[01;31m[K[[m[K2];
[12.496s]       |                                      [01;31m[K^[m[K
[12.504s] [01m[K/home/k/Desktop/Zeb05/Zebulon05/ros_packages_full/src/RobotLeg/src/../include/RobotLeg/RobotLegRos.hpp:19:55:[m[K [01;31m[Kerror: [m[K‘[01m[Knum_of_joints[m[K’ was not declared in this scope
[12.504s]    19 |     void set_servo_ids(std::array<short unsigned int, [01;31m[Knum_of_joints[m[K> new_servo_ids){
[12.505s]       |                                                       [01;31m[K^~~~~~~~~~~~~[m[K
[12.505s] [01m[K/home/k/Desktop/Zeb05/Zebulon05/ros_packages_full/src/RobotLeg/src/../include/RobotLeg/RobotLegRos.hpp:19:68:[m[K [01;31m[Kerror: [m[Ktemplate argument 2 is invalid
[12.506s]    19 |     void set_servo_ids(std::array<short unsigned int, num_of_joints[01;31m[K>[m[K new_servo_ids){
[12.507s]       |                                                                    [01;31m[K^[m[K
[12.507s] [01m[K/home/k/Desktop/Zeb05/Zebulon05/ros_packages_full/src/RobotLeg/src/../include/RobotLeg/RobotLegRos.hpp:25:28:[m[K [01;31m[Kerror: [m[Kexpected identifier before ‘[01m[K<[m[K’ token
[12.508s]    25 |     void get_servos_to_pos([01;31m[K<[m[Kunsigned int, num_of_joints> new_servo_pos);
[12.509s]       |                            [01;31m[K^[m[K
[12.509s] [01m[K/home/k/Desktop/Zeb05/Zebulon05/ros_packages_full/src/RobotLeg/src/../include/RobotLeg/RobotLegRos.hpp:25:28:[m[K [01;31m[Kerror: [m[Kexpected ‘[01m[K,[m[K’ or ‘[01m[K...[m[K’ before ‘[01m[K<[m[K’ token
[12.516s] [01m[K/home/k/Desktop/Zeb05/Zebulon05/ros_packages_full/src/RobotLeg/src/../include/RobotLeg/RobotLegRos.hpp:41:36:[m[K [01;31m[Kerror: [m[Kinvalid use of non-static data member ‘[01m[KRobotLegRos::num_of_joints[m[K’
[12.517s]    41 |     std::array<short unsigned int, [01;31m[Knum_of_joints[m[K> servo_ids_;
[12.517s]       |                                    [01;31m[K^~~~~~~~~~~~~[m[K
[12.518s] [01m[K/home/k/Desktop/Zeb05/Zebulon05/ros_packages_full/src/RobotLeg/src/../include/RobotLeg/RobotLegRos.hpp:35:30:[m[K [01;36m[Knote: [m[Kdeclared here
[12.518s]    35 |     const short unsigned int [01;36m[Knum_of_joints[m[K = 3;
[12.519s]       |                              [01;36m[K^~~~~~~~~~~~~[m[K
[12.520s] [01m[K/home/k/Desktop/Zeb05/Zebulon05/ros_packages_full/src/RobotLeg/src/../include/RobotLeg/RobotLegRos.hpp:41:49:[m[K [01;31m[Kerror: [m[Ktemplate argument 2 is invalid
[12.520s]    41 |     std::array<short unsigned int, num_of_joints[01;31m[K>[m[K servo_ids_;
[12.521s]       |                                                 [01;31m[K^[m[K
[12.524s] [01m[K/home/k/Desktop/Zeb05/Zebulon05/ros_packages_full/src/RobotLeg/src/../include/RobotLeg/RobotLegRos.hpp:[m[K In constructor ‘[01m[KRobotLegRos::RobotLegRos()[m[K’:
[12.525s] [01m[K/home/k/Desktop/Zeb05/Zebulon05/ros_packages_full/src/RobotLeg/src/../include/RobotLeg/RobotLegRos.hpp:15:61:[m[K [01;31m[Kerror: [m[Kmem-initializer for ‘[01m[KRobotLegRos::servo_ids_[m[K’ follows constructor delegation
[12.526s]    15 |     RobotLegRos() : RobotLegRos(nullptr), servo_ids_{0, 1, 2[01;31m[K}[m[K {};
[12.526s]       |                                                             [01;31m[K^[m[K
[12.527s] [01m[K/home/k/Desktop/Zeb05/Zebulon05/ros_packages_full/src/RobotLeg/src/../include/RobotLeg/RobotLegRos.hpp:15:61:[m[K [01;31m[Kerror: [m[Kno matching function for call to ‘[01m[KRobotLegRos::RobotLegRos(std::nullptr_t)[m[K’
[12.528s] [01m[K/home/k/Desktop/Zeb05/Zebulon05/ros_packages_full/src/RobotLeg/src/../include/RobotLeg/RobotLegRos.hpp:15:5:[m[K [01;36m[Knote: [m[Kcandidate: ‘[01m[KRobotLegRos::RobotLegRos()[m[K’
[12.530s]    15 |     [01;36m[KRobotLegRos[m[K() : RobotLegRos(nullptr), servo_ids_{0, 1, 2} {};
[12.531s]       |     [01;36m[K^~~~~~~~~~~[m[K
[12.532s] [01m[K/home/k/Desktop/Zeb05/Zebulon05/ros_packages_full/src/RobotLeg/src/../include/RobotLeg/RobotLegRos.hpp:15:5:[m[K [01;36m[Knote: [m[K  candidate expects 0 arguments, 1 provided
[12.534s] In file included from [01m[K/home/k/Desktop/Zeb05/Zebulon05/ros_packages_full/src/RobotLeg/src/RobotLegRos.cpp:5[m[K:
[12.535s] [01m[K/home/k/Desktop/Zeb05/Zebulon05/ros_packages_full/src/RobotLeg/src/../include/RobotLeg/RobotLegRos.hpp:14:5:[m[K [01;36m[Knote: [m[Kcandidate: ‘[01m[KRobotLegRos::RobotLegRos(rclcpp::Publisher<maestro_interfaces::msg::MaestroTarget_<std::allocator<void> > >::SharedPtr, int)[m[K’
[12.536s]    14 |     [01;36m[KRobotLegRos[m[K(rclcpp::Publisher<maestro_interfaces::msg::MaestroTarget>::SharedPtr pub_message_ptr, std::array<short unsigned int, num_of_joints> servo_ids) : pub_message_ptr_(pub_message_ptr), last_known_pos{0}, servo_ids_(servo_ids) {};
[12.536s]       |     [01;36m[K^~~~~~~~~~~[m[K
[12.537s] [01m[K/home/k/Desktop/Zeb05/Zebulon05/ros_packages_full/src/RobotLeg/src/../include/RobotLeg/RobotLegRos.hpp:14:5:[m[K [01;36m[Knote: [m[K  candidate expects 2 arguments, 1 provided
[12.538s] [01m[K/home/k/Desktop/Zeb05/Zebulon05/ros_packages_full/src/RobotLeg/src/../include/RobotLeg/RobotLegRos.hpp:12:7:[m[K [01;36m[Knote: [m[Kcandidate: ‘[01m[KRobotLegRos::RobotLegRos(const RobotLegRos&)[m[K’
[12.539s]    12 | class [01;36m[KRobotLegRos[m[K {
[12.540s]       |       [01;36m[K^~~~~~~~~~~[m[K
[12.540s] [01m[K/home/k/Desktop/Zeb05/Zebulon05/ros_packages_full/src/RobotLeg/src/../include/RobotLeg/RobotLegRos.hpp:12:7:[m[K [01;36m[Knote: [m[K  no known conversion for argument 1 from ‘[01m[Kstd::nullptr_t[m[K’ to ‘[01m[Kconst RobotLegRos&[m[K’
[12.541s] [01m[K/home/k/Desktop/Zeb05/Zebulon05/ros_packages_full/src/RobotLeg/src/../include/RobotLeg/RobotLegRos.hpp:12:7:[m[K [01;36m[Knote: [m[Kcandidate: ‘[01m[KRobotLegRos::RobotLegRos(RobotLegRos&&)[m[K’
[12.542s] [01m[K/home/k/Desktop/Zeb05/Zebulon05/ros_packages_full/src/RobotLeg/src/../include/RobotLeg/RobotLegRos.hpp:12:7:[m[K [01;36m[Knote: [m[K  no known conversion for argument 1 from ‘[01m[Kstd::nullptr_t[m[K’ to ‘[01m[KRobotLegRos&&[m[K’
[12.543s] In file included from [01m[K/home/k/Desktop/Zeb05/Zebulon05/ros_packages_full/src/RobotLeg/src/RobotLegRos.cpp:5[m[K:
[12.543s] [01m[K/home/k/Desktop/Zeb05/Zebulon05/ros_packages_full/src/RobotLeg/src/../include/RobotLeg/RobotLegRos.hpp:[m[K In member function ‘[01m[Kvoid RobotLegRos::set_servo_ids(int)[m[K’:
[12.544s] [01m[K/home/k/Desktop/Zeb05/Zebulon05/ros_packages_full/src/RobotLeg/src/../include/RobotLeg/RobotLegRos.hpp:20:19:[m[K [01;31m[Kerror: [m[Kinvalid types ‘[01m[Kint[int][m[K’ for array subscript
[12.544s]    20 |         servo_ids_[01;31m[K[[m[K0] = new_servo_ids[0];
[12.545s]       |                   [01;31m[K^[m[K
[12.545s] [01m[K/home/k/Desktop/Zeb05/Zebulon05/ros_packages_full/src/RobotLeg/src/../include/RobotLeg/RobotLegRos.hpp:20:38:[m[K [01;31m[Kerror: [m[Kinvalid types ‘[01m[Kint[int][m[K’ for array subscript
[12.545s]    20 |         servo_ids_[0] = new_servo_ids[01;31m[K[[m[K0];
[12.546s]       |                                      [01;31m[K^[m[K
[12.546s] [01m[K/home/k/Desktop/Zeb05/Zebulon05/ros_packages_full/src/RobotLeg/src/../include/RobotLeg/RobotLegRos.hpp:21:19:[m[K [01;31m[Kerror: [m[Kinvalid types ‘[01m[Kint[int][m[K’ for array subscript
[12.547s]    21 |         servo_ids_[01;31m[K[[m[K1] = new_servo_ids[1];
[12.547s]       |                   [01;31m[K^[m[K
[12.548s] [01m[K/home/k/Desktop/Zeb05/Zebulon05/ros_packages_full/src/RobotLeg/src/../include/RobotLeg/RobotLegRos.hpp:21:38:[m[K [01;31m[Kerror: [m[Kinvalid types ‘[01m[Kint[int][m[K’ for array subscript
[12.549s]    21 |         servo_ids_[1] = new_servo_ids[01;31m[K[[m[K1];
[12.549s]       |                                      [01;31m[K^[m[K
[12.550s] [01m[K/home/k/Desktop/Zeb05/Zebulon05/ros_packages_full/src/RobotLeg/src/../include/RobotLeg/RobotLegRos.hpp:22:19:[m[K [01;31m[Kerror: [m[Kinvalid types ‘[01m[Kint[int][m[K’ for array subscript
[12.550s]    22 |         servo_ids_[01;31m[K[[m[K2] = new_servo_ids[2];
[12.551s]       |                   [01;31m[K^[m[K
[12.552s] [01m[K/home/k/Desktop/Zeb05/Zebulon05/ros_packages_full/src/RobotLeg/src/../include/RobotLeg/RobotLegRos.hpp:22:38:[m[K [01;31m[Kerror: [m[Kinvalid types ‘[01m[Kint[int][m[K’ for array subscript
[12.552s]    22 |         servo_ids_[2] = new_servo_ids[01;31m[K[[m[K2];
[12.553s]       |                                      [01;31m[K^[m[K
[12.554s] [01m[K/home/k/Desktop/Zeb05/Zebulon05/ros_packages_full/src/RobotLeg/src/RobotLegRos.cpp:[m[K In member function ‘[01m[Kvoid RobotLegRos::do_step(int, int)[m[K’:
[12.555s] [01m[K/home/k/Desktop/Zeb05/Zebulon05/ros_packages_full/src/RobotLeg/src/RobotLegRos.cpp:10:32:[m[K [01;31m[Kerror: [m[Kcannot convert ‘[01m[K<brace-enclosed initializer list>[m[K’ to ‘[01m[Kint[m[K’
[12.555s]    10 |         [01;31m[Kthis->get_servos_to_pos({2496 * 4, 2496 * 4, 2496 * 4 * step_length * step_height})[m[K;
[12.556s]       |         [01;31m[K~~~~~~~~~~~~~~~~~~~~~~~^~~~~~~~~~~~~~~~~~~~~~~~~~~~~~~~~~~~~~~~~~~~~~~~~~~~~~~~~~~~[m[K
[12.557s] In file included from [01m[K/home/k/Desktop/Zeb05/Zebulon05/ros_packages_full/src/RobotLeg/src/RobotLegRos.cpp:5[m[K:
[12.557s] [01m[K/home/k/Desktop/Zeb05/Zebulon05/ros_packages_full/src/RobotLeg/src/../include/RobotLeg/RobotLegRos.hpp:25:28:[m[K [01;36m[Knote: [m[K  initializing argument 1 of ‘[01m[Kvoid RobotLegRos::get_servos_to_pos(int)[m[K’
[12.558s]    25 |     void get_servos_to_pos([01;36m[K<[m[Kunsigned int, num_of_joints> new_servo_pos);
[12.559s]       |                            [01;36m[K^[m[K
[12.560s] [01m[K/home/k/Desktop/Zeb05/Zebulon05/ros_packages_full/src/RobotLeg/src/RobotLegRos.cpp:14:32:[m[K [01;31m[Kerror: [m[Kcannot convert ‘[01m[K<brace-enclosed initializer list>[m[K’ to ‘[01m[Kint[m[K’
[12.561s]    14 |         [01;31m[Kthis->get_servos_to_pos({496 * 4, 496 * 4, 496 * 4 * step_length * step_height})[m[K;
[12.561s]       |         [01;31m[K~~~~~~~~~~~~~~~~~~~~~~~^~~~~~~~~~~~~~~~~~~~~~~~~~~~~~~~~~~~~~~~~~~~~~~~~~~~~~~~~[m[K
[12.562s] In file included from [01m[K/home/k/Desktop/Zeb05/Zebulon05/ros_packages_full/src/RobotLeg/src/RobotLegRos.cpp:5[m[K:
[12.563s] [01m[K/home/k/Desktop/Zeb05/Zebulon05/ros_packages_full/src/RobotLeg/src/../include/RobotLeg/RobotLegRos.hpp:25:28:[m[K [01;36m[Knote: [m[K  initializing argument 1 of ‘[01m[Kvoid RobotLegRos::get_servos_to_pos(int)[m[K’
[12.563s]    25 |     void get_servos_to_pos([01;36m[K<[m[Kunsigned int, num_of_joints> new_servo_pos);
[12.564s]       |                            [01;36m[K^[m[K
[12.565s] [01m[K/home/k/Desktop/Zeb05/Zebulon05/ros_packages_full/src/RobotLeg/src/RobotLegRos.cpp:[m[K At global scope:
[12.565s] [01m[K/home/k/Desktop/Zeb05/Zebulon05/ros_packages_full/src/RobotLeg/src/RobotLegRos.cpp:19:6:[m[K [01;31m[Kerror: [m[Kvariable or field ‘[01m[Kget_servos_to_pos[m[K’ declared void
[12.566s]    19 | void [01;31m[KRobotLegRos[m[K::get_servos_to_pos(<unsigned int, num_of_joints> new_servo_pos){
[12.566s]       |      [01;31m[K^~~~~~~~~~~[m[K
[12.567s] [01m[K/home/k/Desktop/Zeb05/Zebulon05/ros_packages_full/src/RobotLeg/src/RobotLegRos.cpp:19:37:[m[K [01;31m[Kerror: [m[Kexpected primary-expression before ‘[01m[K<[m[K’ token
[12.567s]    19 | void RobotLegRos::get_servos_to_pos([01;31m[K<[m[Kunsigned int, num_of_joints> new_servo_pos){
[12.568s]       |                                     [01;31m[K^[m[K
[12.568s] [01m[K/home/k/Desktop/Zeb05/Zebulon05/ros_packages_full/src/RobotLeg/src/RobotLegRos.cpp:19:38:[m[K [01;31m[Kerror: [m[Kexpected primary-expression before ‘[01m[Kunsigned[m[K’
[12.569s]    19 | void RobotLegRos::get_servos_to_pos(<[01;31m[Kunsigned[m[K int, num_of_joints> new_servo_pos){
[12.569s]       |                                      [01;31m[K^~~~~~~~[m[K
[12.570s] [01m[K/home/k/Desktop/Zeb05/Zebulon05/ros_packages_full/src/RobotLeg/src/RobotLegRos.cpp:19:52:[m[K [01;31m[Kerror: [m[K‘[01m[Knum_of_joints[m[K’ was not declared in this scope
[12.570s]    19 | void RobotLegRos::get_servos_to_pos(<unsigned int, [01;31m[Knum_of_joints[m[K> new_servo_pos){
[12.571s]       |                                                    [01;31m[K^~~~~~~~~~~~~[m[K
[12.575s] [01m[K/home/k/Desktop/Zeb05/Zebulon05/ros_packages_full/src/RobotLeg/src/RobotLegRos.cpp:19:67:[m[K [01;31m[Kerror: [m[K‘[01m[Knew_servo_pos[m[K’ was not declared in this scope
[12.576s]    19 | void RobotLegRos::get_servos_to_pos(<unsigned int, num_of_joints> [01;31m[Knew_servo_pos[m[K){
[12.576s]       |                                                                   [01;31m[K^~~~~~~~~~~~~[m[K
[14.489s] gmake[2]: *** [CMakeFiles/robot_leg_wrapper.dir/build.make:76: CMakeFiles/robot_leg_wrapper.dir/src/RobotLegRos.cpp.o] Error 1
[14.489s] gmake[2]: *** Waiting for unfinished jobs....
[22.473s] gmake[2]: *** [CMakeFiles/robot_leg_wrapper.dir/build.make:90: CMakeFiles/robot_leg_wrapper.dir/src/RobotLegRosWrapper.cpp.o] Error 1
[22.474s] gmake[1]: *** [CMakeFiles/Makefile2:137: CMakeFiles/robot_leg_wrapper.dir/all] Error 2
[22.476s] gmake: *** [Makefile:146: all] Error 2
[22.487s] Invoked command in '/home/k/Desktop/Zeb05/Zebulon05/ros_packages_full/build/RobotLeg' returned '2': CMAKE_PREFIX_PATH=${CMAKE_PREFIX_PATH}:/home/k/Desktop/Zeb05/Zebulon05/ros_packages_full/install/polulu_maestro:/opt/ros/humble /usr/bin/cmake --build /home/k/Desktop/Zeb05/Zebulon05/ros_packages_full/build/RobotLeg -- -j4 -l4
