[35m[1mConsolidate compiler generated dependencies of target robot_leg_wrapper[0m
[ 33%] [32mBuilding CXX object CMakeFiles/robot_leg_wrapper.dir/src/RobotLegRos.cpp.o[0m
[ 66%] [32mBuilding CXX object CMakeFiles/robot_leg_wrapper.dir/src/RobotLegRosWrapper.cpp.o[0m
In file included from [01m[K/home/k/Desktop/Zeb05/Zebulon05/ros_packages_full/src/RobotLeg/src/RobotLegRos.cpp:5[m[K:
[01m[K/home/k/Desktop/Zeb05/Zebulon05/ros_packages_full/src/RobotLeg/src/../include/RobotLeg/RobotLegRos.hpp:[m[K In constructor ‘[01m[KRobotLegRos::RobotLegRos()[m[K’:
[01m[K/home/k/Desktop/Zeb05/Zebulon05/ros_packages_full/src/RobotLeg/src/../include/RobotLeg/RobotLegRos.hpp:15:33:[m[K [01;31m[Kerror: [m[K‘[01m[Kpub_message_ptr[m[K’ was not declared in this scope; did you mean ‘[01m[Kpub_message_ptr_[m[K’?
   15 |     RobotLegRos() : RobotLegRos([01;31m[Kpub_message_ptr[m[K = nullptr, servo_ids = {0, 1, 2}) {};
      |                                 [01;31m[K^~~~~~~~~~~~~~~[m[K
      |                                 [32m[Kpub_message_ptr_[m[K
In file included from [01m[K/home/k/Desktop/Zeb05/Zebulon05/ros_packages_full/src/RobotLeg/src/../include/RobotLeg/RobotLegRosWrapper.hpp:19[m[K,
                 from [01m[K/home/k/Desktop/Zeb05/Zebulon05/ros_packages_full/src/RobotLeg/src/RobotLegRosWrapper.cpp:5[m[K:
[01m[K/home/k/Desktop/Zeb05/Zebulon05/ros_packages_full/src/RobotLeg/src/../include/RobotLeg/RobotLegRos.hpp:[m[K In constructor ‘[01m[KRobotLegRos::RobotLegRos()[m[K’:
[01m[K/home/k/Desktop/Zeb05/Zebulon05/ros_packages_full/src/RobotLeg/src/../include/RobotLeg/RobotLegRos.hpp:15:33:[m[K [01;31m[Kerror: [m[K‘[01m[Kpub_message_ptr[m[K’ was not declared in this scope; did you mean ‘[01m[Kpub_message_ptr_[m[K’?
   15 |     RobotLegRos() : RobotLegRos([01;31m[Kpub_message_ptr[m[K = nullptr, servo_ids = {0, 1, 2}) {};
      |                                 [01;31m[K^~~~~~~~~~~~~~~[m[K
      |                                 [32m[Kpub_message_ptr_[m[K
[01m[K/home/k/Desktop/Zeb05/Zebulon05/ros_packages_full/src/RobotLeg/src/../include/RobotLeg/RobotLegRos.hpp:15:60:[m[K [01;31m[Kerror: [m[K‘[01m[Kservo_ids[m[K’ was not declared in this scope; did you mean ‘[01m[Kservo_ids_[m[K’?
   15 |     RobotLegRos() : RobotLegRos(pub_message_ptr = nullptr, [01;31m[Kservo_ids[m[K = {0, 1, 2}) {};
      |                                                            [01;31m[K^~~~~~~~~[m[K
      |                                                            [32m[Kservo_ids_[m[K
[01m[K/home/k/Desktop/Zeb05/Zebulon05/ros_packages_full/src/RobotLeg/src/RobotLegRos.cpp:[m[K In member function ‘[01m[Kvoid RobotLegRos::do_step(int, int)[m[K’:
[01m[K/home/k/Desktop/Zeb05/Zebulon05/ros_packages_full/src/RobotLeg/src/RobotLegRos.cpp:10:77:[m[K [01;35m[Kwarning: [m[Knarrowing conversion of ‘[01m[K(((2496 * 4) * step_length) * step_height)[m[K’ from ‘[01m[Kint[m[K’ to ‘[01m[Kunsigned int[m[K’ [[01;35m[K-Wnarrowing[m[K]
   10 |         this->get_servos_to_pos({2496 * 4, 2496 * 4, [01;35m[K2496 * 4 * step_length * step_height[m[K});
      |                                                      [01;35m[K~~~~~~~~~~~~~~~~~~~~~~~^~~~~~~~~~~~~[m[K
[01m[K/home/k/Desktop/Zeb05/Zebulon05/ros_packages_full/src/RobotLeg/src/RobotLegRos.cpp:14:74:[m[K [01;35m[Kwarning: [m[Knarrowing conversion of ‘[01m[K(((496 * 4) * step_length) * step_height)[m[K’ from ‘[01m[Kint[m[K’ to ‘[01m[Kunsigned int[m[K’ [[01;35m[K-Wnarrowing[m[K]
   14 |         this->get_servos_to_pos({496 * 4, 496 * 4, [01;35m[K496 * 4 * step_length * step_height[m[K});
      |                                                    [01;35m[K~~~~~~~~~~~~~~~~~~~~~~^~~~~~~~~~~~~[m[K
[01m[K/home/k/Desktop/Zeb05/Zebulon05/ros_packages_full/src/RobotLeg/src/../include/RobotLeg/RobotLegRos.hpp:15:60:[m[K [01;31m[Kerror: [m[K‘[01m[Kservo_ids[m[K’ was not declared in this scope; did you mean ‘[01m[Kservo_ids_[m[K’?
   15 |     RobotLegRos() : RobotLegRos(pub_message_ptr = nullptr, [01;31m[Kservo_ids[m[K = {0, 1, 2}) {};
      |                                                            [01;31m[K^~~~~~~~~[m[K
      |                                                            [32m[Kservo_ids_[m[K
gmake[2]: *** [CMakeFiles/robot_leg_wrapper.dir/build.make:76: CMakeFiles/robot_leg_wrapper.dir/src/RobotLegRos.cpp.o] Error 1
gmake[2]: *** Waiting for unfinished jobs....
gmake[2]: *** [CMakeFiles/robot_leg_wrapper.dir/build.make:90: CMakeFiles/robot_leg_wrapper.dir/src/RobotLegRosWrapper.cpp.o] Error 1
gmake[1]: *** [CMakeFiles/Makefile2:137: CMakeFiles/robot_leg_wrapper.dir/all] Error 2
gmake: *** [Makefile:146: all] Error 2
