[4.032s] Invoking command in '/home/k/Desktop/Zeb05/Zebulon05/ros_packages_full/src/polulu_maestro': CMAKE_PREFIX_PATH=/home/k/Desktop/Zeb05/Zebulon05/ros_packages_full/install/maestro_interfaces:/home/k/Desktop/Zeb05/Zebulon05/ros_packages_full/install/turtlesim:/home/k/Desktop/Zeb05/Zebulon05/ros_packages_full/install/RobotLeg LD_LIBRARY_PATH=/home/k/Desktop/Zeb05/Zebulon05/ros_packages_full/install/maestro_interfaces/lib:/home/k/Desktop/Zeb05/Zebulon05/ros_packages_full/install/turtlesim/lib:/opt/ros/humble/opt/rviz_ogre_vendor/lib:/opt/ros/humble/lib/aarch64-linux-gnu:/opt/ros/humble/lib PYTHONPATH=/home/k/Desktop/Zeb05/Zebulon05/ros_packages_full/install/polulu_maestro/lib/python3.10/site-packages:${PYTHONPATH} /usr/bin/python3 setup.py egg_info --egg-base ../../build/polulu_maestro build --build-base /home/k/Desktop/Zeb05/Zebulon05/ros_packages_full/build/polulu_maestro/build install --prefix /home/k/Desktop/Zeb05/Zebulon05/ros_packages_full/install/polulu_maestro --record /home/k/Desktop/Zeb05/Zebulon05/ros_packages_full/build/polulu_maestro/install.log --single-version-externally-managed
[5.665s] running egg_info
[5.668s] writing ../../build/polulu_maestro/polulu_maestro.egg-info/PKG-INFO
[5.669s] writing dependency_links to ../../build/polulu_maestro/polulu_maestro.egg-info/dependency_links.txt
[5.671s] writing entry points to ../../build/polulu_maestro/polulu_maestro.egg-info/entry_points.txt
[5.672s] writing requirements to ../../build/polulu_maestro/polulu_maestro.egg-info/requires.txt
[5.674s] writing top-level names to ../../build/polulu_maestro/polulu_maestro.egg-info/top_level.txt
[5.684s] reading manifest file '../../build/polulu_maestro/polulu_maestro.egg-info/SOURCES.txt'
[5.690s] writing manifest file '../../build/polulu_maestro/polulu_maestro.egg-info/SOURCES.txt'
[5.690s] running build
[5.691s] running build_py
[5.693s] running install
[5.695s] running install_lib
[5.703s] running install_data
[5.707s] running install_egg_info
[5.716s] removing '/home/k/Desktop/Zeb05/Zebulon05/ros_packages_full/install/polulu_maestro/lib/python3.10/site-packages/polulu_maestro-0.0.0-py3.10.egg-info' (and everything under it)
[5.719s] Copying ../../build/polulu_maestro/polulu_maestro.egg-info to /home/k/Desktop/Zeb05/Zebulon05/ros_packages_full/install/polulu_maestro/lib/python3.10/site-packages/polulu_maestro-0.0.0-py3.10.egg-info
[5.727s] running install_scripts
[5.825s] Installing maestro_test_pub script to /home/k/Desktop/Zeb05/Zebulon05/ros_packages_full/install/polulu_maestro/lib/polulu_maestro
[5.826s] Installing maestro_wrapper script to /home/k/Desktop/Zeb05/Zebulon05/ros_packages_full/install/polulu_maestro/lib/polulu_maestro
[5.829s] writing list of installed files to '/home/k/Desktop/Zeb05/Zebulon05/ros_packages_full/build/polulu_maestro/install.log'
[5.983s] Invoked command in '/home/k/Desktop/Zeb05/Zebulon05/ros_packages_full/src/polulu_maestro' returned '0': CMAKE_PREFIX_PATH=/home/k/Desktop/Zeb05/Zebulon05/ros_packages_full/install/maestro_interfaces:/home/k/Desktop/Zeb05/Zebulon05/ros_packages_full/install/turtlesim:/home/k/Desktop/Zeb05/Zebulon05/ros_packages_full/install/RobotLeg LD_LIBRARY_PATH=/home/k/Desktop/Zeb05/Zebulon05/ros_packages_full/install/maestro_interfaces/lib:/home/k/Desktop/Zeb05/Zebulon05/ros_packages_full/install/turtlesim/lib:/opt/ros/humble/opt/rviz_ogre_vendor/lib:/opt/ros/humble/lib/aarch64-linux-gnu:/opt/ros/humble/lib PYTHONPATH=/home/k/Desktop/Zeb05/Zebulon05/ros_packages_full/install/polulu_maestro/lib/python3.10/site-packages:${PYTHONPATH} /usr/bin/python3 setup.py egg_info --egg-base ../../build/polulu_maestro build --build-base /home/k/Desktop/Zeb05/Zebulon05/ros_packages_full/build/polulu_maestro/build install --prefix /home/k/Desktop/Zeb05/Zebulon05/ros_packages_full/install/polulu_maestro --record /home/k/Desktop/Zeb05/Zebulon05/ros_packages_full/build/polulu_maestro/install.log --single-version-externally-managed
