[0.074s] Invoking command in '/home/k/Desktop/Zeb05/Zebulon05/ros_packages_full/build/RobotLeg': CMAKE_PREFIX_PATH=${CMAKE_PREFIX_PATH}:/home/k/Desktop/Zeb05/Zebulon05/ros_packages_full/install/polulu_maestro:/opt/ros/humble /usr/bin/cmake --build /home/k/Desktop/Zeb05/Zebulon05/ros_packages_full/build/RobotLeg -- -j4 -l4
[0.295s] [35m[1mConsolidate compiler generated dependencies of target robot_leg_wrapper[0m
[0.420s] [ 33%] [32mBuilding CXX object CMakeFiles/robot_leg_wrapper.dir/src/RobotLegRos.cpp.o[0m
[0.424s] [ 66%] [32mBuilding CXX object CMakeFiles/robot_leg_wrapper.dir/src/RobotLegRosWrapper.cpp.o[0m
[12.410s] In file included from [01m[K/home/k/Desktop/Zeb05/Zebulon05/ros_packages_full/src/RobotLeg/src/RobotLegRos.cpp:5[m[K:
[12.411s] [01m[K/home/k/Desktop/Zeb05/Zebulon05/ros_packages_full/src/RobotLeg/src/../include/RobotLeg/RobotLegRos.hpp:[m[K In constructor ‘[01m[KRobotLegRos::RobotLegRos(rclcpp::Publisher<maestro_interfaces::msg::MaestroTarget_<std::allocator<void> > >::SharedPtr)[m[K’:
[12.412s] [01m[K/home/k/Desktop/Zeb05/Zebulon05/ros_packages_full/src/RobotLeg/src/../include/RobotLeg/RobotLegRos.hpp:14:139:[m[K [01;31m[Kerror: [m[Kexpected ‘[01m[K{[m[K’ before ‘[01m[K:[m[K’ token
[12.412s]    14 |     RobotLegRos(rclcpp::Publisher<maestro_interfaces::msg::MaestroTarget>::SharedPtr pub_message_ptr) : pub_message_ptr_(pub_message_ptr) [01;31m[K:[m[K last_known_pos{0} {};
[12.413s]       |                                                                                                                                           [01;31m[K^[m[K
[12.531s] In file included from [01m[K/home/k/Desktop/Zeb05/Zebulon05/ros_packages_full/src/RobotLeg/src/../include/RobotLeg/RobotLegRosWrapper.hpp:19[m[K,
[12.532s]                  from [01m[K/home/k/Desktop/Zeb05/Zebulon05/ros_packages_full/src/RobotLeg/src/RobotLegRosWrapper.cpp:5[m[K:
[12.532s] [01m[K/home/k/Desktop/Zeb05/Zebulon05/ros_packages_full/src/RobotLeg/src/../include/RobotLeg/RobotLegRos.hpp:[m[K In constructor ‘[01m[KRobotLegRos::RobotLegRos(rclcpp::Publisher<maestro_interfaces::msg::MaestroTarget_<std::allocator<void> > >::SharedPtr)[m[K’:
[12.533s] [01m[K/home/k/Desktop/Zeb05/Zebulon05/ros_packages_full/src/RobotLeg/src/../include/RobotLeg/RobotLegRos.hpp:14:139:[m[K [01;31m[Kerror: [m[Kexpected ‘[01m[K{[m[K’ before ‘[01m[K:[m[K’ token
[12.534s]    14 |     RobotLegRos(rclcpp::Publisher<maestro_interfaces::msg::MaestroTarget>::SharedPtr pub_message_ptr) : pub_message_ptr_(pub_message_ptr) [01;31m[K:[m[K last_known_pos{0} {};
[12.534s]       |                                                                                                                                           [01;31m[K^[m[K
[12.622s] In file included from [01m[K/home/k/Desktop/Zeb05/Zebulon05/ros_packages_full/src/RobotLeg/src/RobotLegRosWrapper.cpp:5[m[K:
[12.625s] [01m[K/home/k/Desktop/Zeb05/Zebulon05/ros_packages_full/src/RobotLeg/src/../include/RobotLeg/RobotLegRosWrapper.hpp:[m[K In constructor ‘[01m[KRobotLegRosWrapper::RobotLegRosWrapper()[m[K’:
[12.625s] [01m[K/home/k/Desktop/Zeb05/Zebulon05/ros_packages_full/src/RobotLeg/src/../include/RobotLeg/RobotLegRosWrapper.hpp:33:9:[m[K [01;31m[Kerror: [m[K‘[01m[Ksubscription_[m[K’ was not declared in this scope; did you mean ‘[01m[Krmw_subscription_t[m[K’?
[12.626s]    33 |         [01;31m[Ksubscription_[m[K = this->create_subscription<maestro_interfaces::msg::CurrentPositions>("current_positions", 10, std::bind(&RobotLegRosWrapper::cur_pos_callback, this, _1));
[12.626s]       |         [01;31m[K^~~~~~~~~~~~~[m[K
[12.627s]       |         [32m[Krmw_subscription_t[m[K
[12.628s] In file included from [01m[K/home/k/Desktop/Zeb05/Zebulon05/ros_packages_full/src/RobotLeg/src/RobotLegRosWrapper.cpp:5[m[K:
[12.628s] [01m[K/home/k/Desktop/Zeb05/Zebulon05/ros_packages_full/src/RobotLeg/src/../include/RobotLeg/RobotLegRosWrapper.hpp:33:174:[m[K [01;31m[Kerror: [m[K‘[01m[K_1[m[K’ was not declared in this scope; did you mean ‘[01m[Kstd::placeholders::_1[m[K’?
[12.629s]    33 |         subscription_ = this->create_subscription<maestro_interfaces::msg::CurrentPositions>("current_positions", 10, std::bind(&RobotLegRosWrapper::cur_pos_callback, this, [01;31m[K_1[m[K));
[12.630s]       |                                                                                                                                                                              [01;31m[K^~[m[K
[12.630s]       |                                                                                                                                                                              [32m[Kstd::placeholders::_1[m[K
[12.631s] In file included from [01m[K/home/k/Desktop/Zeb05/Zebulon05/ros_packages_full/src/RobotLeg/src/../include/RobotLeg/RobotLegRosWrapper.hpp:11[m[K,
[12.632s]                  from [01m[K/home/k/Desktop/Zeb05/Zebulon05/ros_packages_full/src/RobotLeg/src/RobotLegRosWrapper.cpp:5[m[K:
[12.632s] [01m[K/usr/include/c++/11/functional:225:34:[m[K [01;36m[Knote: [m[K‘[01m[Kstd::placeholders::_1[m[K’ declared here
[12.633s]   225 |     extern const _Placeholder<1> [01;36m[K_1[m[K;
[12.633s]       |                                  [01;36m[K^~[m[K
[14.666s] gmake[2]: *** [CMakeFiles/robot_leg_wrapper.dir/build.make:76: CMakeFiles/robot_leg_wrapper.dir/src/RobotLegRos.cpp.o] Error 1
[14.667s] gmake[2]: *** Waiting for unfinished jobs....
[15.805s] gmake[2]: *** [CMakeFiles/robot_leg_wrapper.dir/build.make:90: CMakeFiles/robot_leg_wrapper.dir/src/RobotLegRosWrapper.cpp.o] Error 1
[15.806s] gmake[1]: *** [CMakeFiles/Makefile2:137: CMakeFiles/robot_leg_wrapper.dir/all] Error 2
[15.807s] gmake: *** [Makefile:146: all] Error 2
[15.815s] Invoked command in '/home/k/Desktop/Zeb05/Zebulon05/ros_packages_full/build/RobotLeg' returned '2': CMAKE_PREFIX_PATH=${CMAKE_PREFIX_PATH}:/home/k/Desktop/Zeb05/Zebulon05/ros_packages_full/install/polulu_maestro:/opt/ros/humble /usr/bin/cmake --build /home/k/Desktop/Zeb05/Zebulon05/ros_packages_full/build/RobotLeg -- -j4 -l4
