[0.074s] Invoking command in '/home/k/Desktop/Zeb05/Zebulon05/ros_packages_full/build/RobotLeg': CMAKE_PREFIX_PATH=${CMAKE_PREFIX_PATH}:/home/k/Desktop/Zeb05/Zebulon05/ros_packages_full/install/polulu_maestro:/opt/ros/humble /usr/bin/cmake --build /home/k/Desktop/Zeb05/Zebulon05/ros_packages_full/build/RobotLeg -- -j4 -l4
[0.298s] [35m[1mConsolidate compiler generated dependencies of target robot_leg_wrapper[0m
[0.418s] [ 33%] [32mBuilding CXX object CMakeFiles/robot_leg_wrapper.dir/src/RobotLegRos.cpp.o[0m
[0.424s] [ 66%] [32mBuilding CXX object CMakeFiles/robot_leg_wrapper.dir/src/RobotLegRosWrapper.cpp.o[0m
[12.267s] In file included from [01m[K/home/k/Desktop/Zeb05/Zebulon05/ros_packages_full/src/RobotLeg/src/RobotLegRos.cpp:5[m[K:
[12.268s] [01m[K/home/k/Desktop/Zeb05/Zebulon05/ros_packages_full/src/RobotLeg/src/../include/RobotLeg/RobotLegRos.hpp:[m[K In constructor ‘[01m[KRobotLegRos::RobotLegRos()[m[K’:
[12.268s] [01m[K/home/k/Desktop/Zeb05/Zebulon05/ros_packages_full/src/RobotLeg/src/../include/RobotLeg/RobotLegRos.hpp:15:61:[m[K [01;31m[Kerror: [m[Kmem-initializer for ‘[01m[KRobotLegRos::servo_ids_[m[K’ follows constructor delegation
[12.269s]    15 |     RobotLegRos() : RobotLegRos(nullptr), servo_ids_{0, 1, 2[01;31m[K}[m[K {};
[12.270s]       |                                                             [01;31m[K^[m[K
[12.270s] [01m[K/home/k/Desktop/Zeb05/Zebulon05/ros_packages_full/src/RobotLeg/src/../include/RobotLeg/RobotLegRos.hpp:15:61:[m[K [01;31m[Kerror: [m[Kno matching function for call to ‘[01m[KRobotLegRos::RobotLegRos(std::nullptr_t)[m[K’
[12.271s] [01m[K/home/k/Desktop/Zeb05/Zebulon05/ros_packages_full/src/RobotLeg/src/../include/RobotLeg/RobotLegRos.hpp:15:5:[m[K [01;36m[Knote: [m[Kcandidate: ‘[01m[KRobotLegRos::RobotLegRos()[m[K’
[12.272s]    15 |     [01;36m[KRobotLegRos[m[K() : RobotLegRos(nullptr), servo_ids_{0, 1, 2} {};
[12.272s]       |     [01;36m[K^~~~~~~~~~~[m[K
[12.273s] [01m[K/home/k/Desktop/Zeb05/Zebulon05/ros_packages_full/src/RobotLeg/src/../include/RobotLeg/RobotLegRos.hpp:15:5:[m[K [01;36m[Knote: [m[K  candidate expects 0 arguments, 1 provided
[12.274s] In file included from [01m[K/home/k/Desktop/Zeb05/Zebulon05/ros_packages_full/src/RobotLeg/src/RobotLegRos.cpp:5[m[K:
[12.274s] [01m[K/home/k/Desktop/Zeb05/Zebulon05/ros_packages_full/src/RobotLeg/src/../include/RobotLeg/RobotLegRos.hpp:14:5:[m[K [01;36m[Knote: [m[Kcandidate: ‘[01m[KRobotLegRos::RobotLegRos(rclcpp::Publisher<maestro_interfaces::msg::MaestroTarget_<std::allocator<void> > >::SharedPtr, std::array<short unsigned int, 3>)[m[K’
[12.275s]    14 |     [01;36m[KRobotLegRos[m[K(rclcpp::Publisher<maestro_interfaces::msg::MaestroTarget>::SharedPtr pub_message_ptr, std::array<short unsigned int, 3> servo_ids) : pub_message_ptr_(pub_message_ptr), last_known_pos{0}, servo_ids_(servo_ids){};
[12.276s]       |     [01;36m[K^~~~~~~~~~~[m[K
[12.276s] [01m[K/home/k/Desktop/Zeb05/Zebulon05/ros_packages_full/src/RobotLeg/src/../include/RobotLeg/RobotLegRos.hpp:14:5:[m[K [01;36m[Knote: [m[K  candidate expects 2 arguments, 1 provided
[12.277s] [01m[K/home/k/Desktop/Zeb05/Zebulon05/ros_packages_full/src/RobotLeg/src/../include/RobotLeg/RobotLegRos.hpp:12:7:[m[K [01;36m[Knote: [m[Kcandidate: ‘[01m[KRobotLegRos::RobotLegRos(const RobotLegRos&)[m[K’
[12.278s]    12 | class [01;36m[KRobotLegRos[m[K {
[12.278s]       |       [01;36m[K^~~~~~~~~~~[m[K
[12.279s] [01m[K/home/k/Desktop/Zeb05/Zebulon05/ros_packages_full/src/RobotLeg/src/../include/RobotLeg/RobotLegRos.hpp:12:7:[m[K [01;36m[Knote: [m[K  no known conversion for argument 1 from ‘[01m[Kstd::nullptr_t[m[K’ to ‘[01m[Kconst RobotLegRos&[m[K’
[12.280s] [01m[K/home/k/Desktop/Zeb05/Zebulon05/ros_packages_full/src/RobotLeg/src/../include/RobotLeg/RobotLegRos.hpp:12:7:[m[K [01;36m[Knote: [m[Kcandidate: ‘[01m[KRobotLegRos::RobotLegRos(RobotLegRos&&)[m[K’
[12.281s] [01m[K/home/k/Desktop/Zeb05/Zebulon05/ros_packages_full/src/RobotLeg/src/../include/RobotLeg/RobotLegRos.hpp:12:7:[m[K [01;36m[Knote: [m[K  no known conversion for argument 1 from ‘[01m[Kstd::nullptr_t[m[K’ to ‘[01m[KRobotLegRos&&[m[K’
[12.281s] [01m[K/home/k/Desktop/Zeb05/Zebulon05/ros_packages_full/src/RobotLeg/src/RobotLegRos.cpp:[m[K In member function ‘[01m[Kvoid RobotLegRos::do_step(int, int)[m[K’:
[12.282s] [01m[K/home/k/Desktop/Zeb05/Zebulon05/ros_packages_full/src/RobotLeg/src/RobotLegRos.cpp:10:77:[m[K [01;35m[Kwarning: [m[Knarrowing conversion of ‘[01m[K(((2496 * 4) * step_length) * step_height)[m[K’ from ‘[01m[Kint[m[K’ to ‘[01m[Kunsigned int[m[K’ [[01;35m[K-Wnarrowing[m[K]
[12.283s]    10 |         this->get_servos_to_pos({2496 * 4, 2496 * 4, [01;35m[K2496 * 4 * step_length * step_height[m[K});
[12.284s]       |                                                      [01;35m[K~~~~~~~~~~~~~~~~~~~~~~~^~~~~~~~~~~~~[m[K
[12.285s] [01m[K/home/k/Desktop/Zeb05/Zebulon05/ros_packages_full/src/RobotLeg/src/RobotLegRos.cpp:14:74:[m[K [01;35m[Kwarning: [m[Knarrowing conversion of ‘[01m[K(((496 * 4) * step_length) * step_height)[m[K’ from ‘[01m[Kint[m[K’ to ‘[01m[Kunsigned int[m[K’ [[01;35m[K-Wnarrowing[m[K]
[12.286s]    14 |         this->get_servos_to_pos({496 * 4, 496 * 4, [01;35m[K496 * 4 * step_length * step_height[m[K});
[12.287s]       |                                                    [01;35m[K~~~~~~~~~~~~~~~~~~~~~~^~~~~~~~~~~~~[m[K
[12.287s] In file included from [01m[K/home/k/Desktop/Zeb05/Zebulon05/ros_packages_full/src/RobotLeg/src/../include/RobotLeg/RobotLegRosWrapper.hpp:19[m[K,
[12.288s]                  from [01m[K/home/k/Desktop/Zeb05/Zebulon05/ros_packages_full/src/RobotLeg/src/RobotLegRosWrapper.cpp:5[m[K:
[12.288s] [01m[K/home/k/Desktop/Zeb05/Zebulon05/ros_packages_full/src/RobotLeg/src/../include/RobotLeg/RobotLegRos.hpp:[m[K In constructor ‘[01m[KRobotLegRos::RobotLegRos()[m[K’:
[12.289s] [01m[K/home/k/Desktop/Zeb05/Zebulon05/ros_packages_full/src/RobotLeg/src/../include/RobotLeg/RobotLegRos.hpp:15:61:[m[K [01;31m[Kerror: [m[Kmem-initializer for ‘[01m[KRobotLegRos::servo_ids_[m[K’ follows constructor delegation
[12.290s]    15 |     RobotLegRos() : RobotLegRos(nullptr), servo_ids_{0, 1, 2[01;31m[K}[m[K {};
[12.290s]       |                                                             [01;31m[K^[m[K
[12.291s] [01m[K/home/k/Desktop/Zeb05/Zebulon05/ros_packages_full/src/RobotLeg/src/../include/RobotLeg/RobotLegRos.hpp:15:61:[m[K [01;31m[Kerror: [m[Kno matching function for call to ‘[01m[KRobotLegRos::RobotLegRos(std::nullptr_t)[m[K’
[12.291s] [01m[K/home/k/Desktop/Zeb05/Zebulon05/ros_packages_full/src/RobotLeg/src/../include/RobotLeg/RobotLegRos.hpp:15:5:[m[K [01;36m[Knote: [m[Kcandidate: ‘[01m[KRobotLegRos::RobotLegRos()[m[K’
[12.292s]    15 |     [01;36m[KRobotLegRos[m[K() : RobotLegRos(nullptr), servo_ids_{0, 1, 2} {};
[12.293s]       |     [01;36m[K^~~~~~~~~~~[m[K
[12.293s] [01m[K/home/k/Desktop/Zeb05/Zebulon05/ros_packages_full/src/RobotLeg/src/../include/RobotLeg/RobotLegRos.hpp:15:5:[m[K [01;36m[Knote: [m[K  candidate expects 0 arguments, 1 provided
[12.294s] In file included from [01m[K/home/k/Desktop/Zeb05/Zebulon05/ros_packages_full/src/RobotLeg/src/../include/RobotLeg/RobotLegRosWrapper.hpp:19[m[K,
[12.294s]                  from [01m[K/home/k/Desktop/Zeb05/Zebulon05/ros_packages_full/src/RobotLeg/src/RobotLegRosWrapper.cpp:5[m[K:
[12.295s] [01m[K/home/k/Desktop/Zeb05/Zebulon05/ros_packages_full/src/RobotLeg/src/../include/RobotLeg/RobotLegRos.hpp:14:5:[m[K [01;36m[Knote: [m[Kcandidate: ‘[01m[KRobotLegRos::RobotLegRos(rclcpp::Publisher<maestro_interfaces::msg::MaestroTarget_<std::allocator<void> > >::SharedPtr, std::array<short unsigned int, 3>)[m[K’
[12.296s]    14 |     [01;36m[KRobotLegRos[m[K(rclcpp::Publisher<maestro_interfaces::msg::MaestroTarget>::SharedPtr pub_message_ptr, std::array<short unsigned int, 3> servo_ids) : pub_message_ptr_(pub_message_ptr), last_known_pos{0}, servo_ids_(servo_ids){};
[12.296s]       |     [01;36m[K^~~~~~~~~~~[m[K
[12.297s] [01m[K/home/k/Desktop/Zeb05/Zebulon05/ros_packages_full/src/RobotLeg/src/../include/RobotLeg/RobotLegRos.hpp:14:5:[m[K [01;36m[Knote: [m[K  candidate expects 2 arguments, 1 provided
[12.298s] [01m[K/home/k/Desktop/Zeb05/Zebulon05/ros_packages_full/src/RobotLeg/src/../include/RobotLeg/RobotLegRos.hpp:12:7:[m[K [01;36m[Knote: [m[Kcandidate: ‘[01m[KRobotLegRos::RobotLegRos(const RobotLegRos&)[m[K’
[12.298s]    12 | class [01;36m[KRobotLegRos[m[K {
[12.299s]       |       [01;36m[K^~~~~~~~~~~[m[K
[12.299s] [01m[K/home/k/Desktop/Zeb05/Zebulon05/ros_packages_full/src/RobotLeg/src/../include/RobotLeg/RobotLegRos.hpp:12:7:[m[K [01;36m[Knote: [m[K  no known conversion for argument 1 from ‘[01m[Kstd::nullptr_t[m[K’ to ‘[01m[Kconst RobotLegRos&[m[K’
[12.300s] [01m[K/home/k/Desktop/Zeb05/Zebulon05/ros_packages_full/src/RobotLeg/src/../include/RobotLeg/RobotLegRos.hpp:12:7:[m[K [01;36m[Knote: [m[Kcandidate: ‘[01m[KRobotLegRos::RobotLegRos(RobotLegRos&&)[m[K’
[12.301s] [01m[K/home/k/Desktop/Zeb05/Zebulon05/ros_packages_full/src/RobotLeg/src/../include/RobotLeg/RobotLegRos.hpp:12:7:[m[K [01;36m[Knote: [m[K  no known conversion for argument 1 from ‘[01m[Kstd::nullptr_t[m[K’ to ‘[01m[KRobotLegRos&&[m[K’
[14.535s] gmake[2]: *** [CMakeFiles/robot_leg_wrapper.dir/build.make:76: CMakeFiles/robot_leg_wrapper.dir/src/RobotLegRos.cpp.o] Error 1
[14.536s] gmake[2]: *** Waiting for unfinished jobs....
[22.225s] gmake[2]: *** [CMakeFiles/robot_leg_wrapper.dir/build.make:90: CMakeFiles/robot_leg_wrapper.dir/src/RobotLegRosWrapper.cpp.o] Error 1
[22.226s] gmake[1]: *** [CMakeFiles/Makefile2:137: CMakeFiles/robot_leg_wrapper.dir/all] Error 2
[22.227s] gmake: *** [Makefile:146: all] Error 2
[22.234s] Invoked command in '/home/k/Desktop/Zeb05/Zebulon05/ros_packages_full/build/RobotLeg' returned '2': CMAKE_PREFIX_PATH=${CMAKE_PREFIX_PATH}:/home/k/Desktop/Zeb05/Zebulon05/ros_packages_full/install/polulu_maestro:/opt/ros/humble /usr/bin/cmake --build /home/k/Desktop/Zeb05/Zebulon05/ros_packages_full/build/RobotLeg -- -j4 -l4
