[1.243s] DEBUG:colcon:Command line arguments: ['/usr/bin/colcon', 'build', '--packages-select', 'polulu_maestro']
[1.243s] DEBUG:colcon:Parsed command line arguments: Namespace(log_base=None, log_level=None, verb_name='build', build_base='build', install_base='install', merge_install=False, symlink_install=False, test_result_base=None, continue_on_error=False, executor='parallel', parallel_workers=4, event_handlers=None, ignore_user_meta=False, metas=['./colcon.meta'], base_paths=['.'], packages_ignore=None, packages_ignore_regex=None, paths=None, packages_up_to=None, packages_up_to_regex=None, packages_above=None, packages_above_and_dependencies=None, packages_above_depth=None, packages_select_by_dep=None, packages_skip_by_dep=None, packages_skip_up_to=None, packages_select_build_failed=False, packages_skip_build_finished=False, packages_select_test_failures=False, packages_skip_test_passed=False, packages_select=['polulu_maestro'], packages_skip=None, packages_select_regex=None, packages_skip_regex=None, packages_start=None, packages_end=None, allow_overriding=[], cmake_args=None, cmake_target=None, cmake_target_skip_unavailable=False, cmake_clean_cache=False, cmake_clean_first=False, cmake_force_configure=False, ament_cmake_args=None, catkin_cmake_args=None, catkin_skip_building_tests=False, verb_parser=<colcon_defaults.argument_parser.defaults.DefaultArgumentsDecorator object at 0xffff89b4bd30>, verb_extension=<colcon_core.verb.build.BuildVerb object at 0xffff89b4b7c0>, main=<bound method BuildVerb.main of <colcon_core.verb.build.BuildVerb object at 0xffff89b4b7c0>>)
[1.523s] Level 1:colcon.colcon_core.package_discovery:discover_packages(colcon_meta) check parameters
[1.524s] Level 1:colcon.colcon_core.package_discovery:discover_packages(recursive) check parameters
[1.524s] Level 1:colcon.colcon_core.package_discovery:discover_packages(ignore) check parameters
[1.524s] Level 1:colcon.colcon_core.package_discovery:discover_packages(path) check parameters
[1.525s] Level 1:colcon.colcon_core.package_discovery:discover_packages(colcon_meta) discover
[1.525s] Level 1:colcon.colcon_core.package_discovery:discover_packages(recursive) discover
[1.525s] INFO:colcon.colcon_core.package_discovery:Crawling recursively for packages in '/home/k/Desktop/Zeb05/Zebulon05/ros_packages_full'
[1.526s] Level 1:colcon.colcon_core.package_identification:_identify(.) by extensions ['ignore', 'ignore_ament_install']
[1.526s] Level 1:colcon.colcon_core.package_identification:_identify(.) by extension 'ignore'
[1.527s] Level 1:colcon.colcon_core.package_identification:_identify(.) by extension 'ignore_ament_install'
[1.527s] Level 1:colcon.colcon_core.package_identification:_identify(.) by extensions ['colcon_pkg']
[1.527s] Level 1:colcon.colcon_core.package_identification:_identify(.) by extension 'colcon_pkg'
[1.527s] Level 1:colcon.colcon_core.package_identification:_identify(.) by extensions ['colcon_meta']
[1.527s] Level 1:colcon.colcon_core.package_identification:_identify(.) by extension 'colcon_meta'
[1.528s] Level 1:colcon.colcon_core.package_identification:_identify(.) by extensions ['ros']
[1.528s] Level 1:colcon.colcon_core.package_identification:_identify(.) by extension 'ros'
[1.612s] Level 1:colcon.colcon_core.package_identification:_identify(.) by extensions ['cmake', 'python']
[1.613s] Level 1:colcon.colcon_core.package_identification:_identify(.) by extension 'cmake'
[1.613s] Level 1:colcon.colcon_core.package_identification:_identify(.) by extension 'python'
[1.614s] Level 1:colcon.colcon_core.package_identification:_identify(.) by extensions ['python_setup_py']
[1.614s] Level 1:colcon.colcon_core.package_identification:_identify(.) by extension 'python_setup_py'
[1.614s] Level 1:colcon.colcon_core.package_identification:_identify(build) by extensions ['ignore', 'ignore_ament_install']
[1.615s] Level 1:colcon.colcon_core.package_identification:_identify(build) by extension 'ignore'
[1.615s] Level 1:colcon.colcon_core.package_identification:_identify(build) ignored
[1.616s] Level 1:colcon.colcon_core.package_identification:_identify(install) by extensions ['ignore', 'ignore_ament_install']
[1.616s] Level 1:colcon.colcon_core.package_identification:_identify(install) by extension 'ignore'
[1.616s] Level 1:colcon.colcon_core.package_identification:_identify(install) ignored
[1.617s] Level 1:colcon.colcon_core.package_identification:_identify(log) by extensions ['ignore', 'ignore_ament_install']
[1.617s] Level 1:colcon.colcon_core.package_identification:_identify(log) by extension 'ignore'
[1.618s] Level 1:colcon.colcon_core.package_identification:_identify(log) ignored
[1.618s] Level 1:colcon.colcon_core.package_identification:_identify(src) by extensions ['ignore', 'ignore_ament_install']
[1.618s] Level 1:colcon.colcon_core.package_identification:_identify(src) by extension 'ignore'
[1.618s] Level 1:colcon.colcon_core.package_identification:_identify(src) by extension 'ignore_ament_install'
[1.619s] Level 1:colcon.colcon_core.package_identification:_identify(src) by extensions ['colcon_pkg']
[1.619s] Level 1:colcon.colcon_core.package_identification:_identify(src) by extension 'colcon_pkg'
[1.619s] Level 1:colcon.colcon_core.package_identification:_identify(src) by extensions ['colcon_meta']
[1.619s] Level 1:colcon.colcon_core.package_identification:_identify(src) by extension 'colcon_meta'
[1.619s] Level 1:colcon.colcon_core.package_identification:_identify(src) by extensions ['ros']
[1.620s] Level 1:colcon.colcon_core.package_identification:_identify(src) by extension 'ros'
[1.620s] Level 1:colcon.colcon_core.package_identification:_identify(src) by extensions ['cmake', 'python']
[1.620s] Level 1:colcon.colcon_core.package_identification:_identify(src) by extension 'cmake'
[1.620s] Level 1:colcon.colcon_core.package_identification:_identify(src) by extension 'python'
[1.621s] Level 1:colcon.colcon_core.package_identification:_identify(src) by extensions ['python_setup_py']
[1.621s] Level 1:colcon.colcon_core.package_identification:_identify(src) by extension 'python_setup_py'
[1.621s] Level 1:colcon.colcon_core.package_identification:_identify(src/maestro_interfaces) by extensions ['ignore', 'ignore_ament_install']
[1.622s] Level 1:colcon.colcon_core.package_identification:_identify(src/maestro_interfaces) by extension 'ignore'
[1.622s] Level 1:colcon.colcon_core.package_identification:_identify(src/maestro_interfaces) by extension 'ignore_ament_install'
[1.622s] Level 1:colcon.colcon_core.package_identification:_identify(src/maestro_interfaces) by extensions ['colcon_pkg']
[1.622s] Level 1:colcon.colcon_core.package_identification:_identify(src/maestro_interfaces) by extension 'colcon_pkg'
[1.622s] Level 1:colcon.colcon_core.package_identification:_identify(src/maestro_interfaces) by extensions ['colcon_meta']
[1.623s] Level 1:colcon.colcon_core.package_identification:_identify(src/maestro_interfaces) by extension 'colcon_meta'
[1.623s] Level 1:colcon.colcon_core.package_identification:_identify(src/maestro_interfaces) by extensions ['ros']
[1.623s] Level 1:colcon.colcon_core.package_identification:_identify(src/maestro_interfaces) by extension 'ros'
[1.638s] DEBUG:colcon.colcon_core.package_identification:Package 'src/maestro_interfaces' with type 'ros.ament_cmake' and name 'maestro_interfaces'
[1.639s] Level 1:colcon.colcon_core.package_identification:_identify(src/polulu_maestro) by extensions ['ignore', 'ignore_ament_install']
[1.639s] Level 1:colcon.colcon_core.package_identification:_identify(src/polulu_maestro) by extension 'ignore'
[1.639s] Level 1:colcon.colcon_core.package_identification:_identify(src/polulu_maestro) by extension 'ignore_ament_install'
[1.640s] Level 1:colcon.colcon_core.package_identification:_identify(src/polulu_maestro) by extensions ['colcon_pkg']
[1.640s] Level 1:colcon.colcon_core.package_identification:_identify(src/polulu_maestro) by extension 'colcon_pkg'
[1.640s] Level 1:colcon.colcon_core.package_identification:_identify(src/polulu_maestro) by extensions ['colcon_meta']
[1.640s] Level 1:colcon.colcon_core.package_identification:_identify(src/polulu_maestro) by extension 'colcon_meta'
[1.641s] Level 1:colcon.colcon_core.package_identification:_identify(src/polulu_maestro) by extensions ['ros']
[1.641s] Level 1:colcon.colcon_core.package_identification:_identify(src/polulu_maestro) by extension 'ros'
[1.644s] DEBUG:colcon.colcon_core.package_identification:Package 'src/polulu_maestro' with type 'ros.ament_python' and name 'polulu_maestro'
[1.645s] Level 1:colcon.colcon_core.package_discovery:discover_packages(recursive) using defaults
[1.645s] Level 1:colcon.colcon_core.package_discovery:discover_packages(ignore) discover
[1.645s] Level 1:colcon.colcon_core.package_discovery:discover_packages(ignore) using defaults
[1.645s] Level 1:colcon.colcon_core.package_discovery:discover_packages(path) discover
[1.645s] Level 1:colcon.colcon_core.package_discovery:discover_packages(path) using defaults
[1.809s] INFO:colcon.colcon_core.package_selection:Skipping not selected package 'maestro_interfaces' in 'src/maestro_interfaces'
[1.814s] Level 1:colcon.colcon_core.package_discovery:discover_packages(prefix_path) check parameters
[1.814s] Level 1:colcon.colcon_core.package_discovery:discover_packages(prefix_path) discover
[1.845s] DEBUG:colcon.colcon_installed_package_information.package_discovery:Found 270 installed packages in /opt/ros/humble
[1.857s] Level 1:colcon.colcon_core.package_discovery:discover_packages(prefix_path) using defaults
[2.154s] Level 5:colcon.colcon_core.verb:set package 'polulu_maestro' build argument 'cmake_args' from command line to 'None'
[2.154s] Level 5:colcon.colcon_core.verb:set package 'polulu_maestro' build argument 'cmake_target' from command line to 'None'
[2.154s] Level 5:colcon.colcon_core.verb:set package 'polulu_maestro' build argument 'cmake_target_skip_unavailable' from command line to 'False'
[2.155s] Level 5:colcon.colcon_core.verb:set package 'polulu_maestro' build argument 'cmake_clean_cache' from command line to 'False'
[2.155s] Level 5:colcon.colcon_core.verb:set package 'polulu_maestro' build argument 'cmake_clean_first' from command line to 'False'
[2.155s] Level 5:colcon.colcon_core.verb:set package 'polulu_maestro' build argument 'cmake_force_configure' from command line to 'False'
[2.155s] Level 5:colcon.colcon_core.verb:set package 'polulu_maestro' build argument 'ament_cmake_args' from command line to 'None'
[2.155s] Level 5:colcon.colcon_core.verb:set package 'polulu_maestro' build argument 'catkin_cmake_args' from command line to 'None'
[2.155s] Level 5:colcon.colcon_core.verb:set package 'polulu_maestro' build argument 'catkin_skip_building_tests' from command line to 'False'
[2.155s] DEBUG:colcon.colcon_core.verb:Building package 'polulu_maestro' with the following arguments: {'ament_cmake_args': None, 'build_base': '/home/k/Desktop/Zeb05/Zebulon05/ros_packages_full/build/polulu_maestro', 'catkin_cmake_args': None, 'catkin_skip_building_tests': False, 'cmake_args': None, 'cmake_clean_cache': False, 'cmake_clean_first': False, 'cmake_force_configure': False, 'cmake_target': None, 'cmake_target_skip_unavailable': False, 'install_base': '/home/k/Desktop/Zeb05/Zebulon05/ros_packages_full/install/polulu_maestro', 'merge_install': False, 'path': '/home/k/Desktop/Zeb05/Zebulon05/ros_packages_full/src/polulu_maestro', 'symlink_install': False, 'test_result_base': None}
[2.158s] INFO:colcon.colcon_core.executor:Executing jobs using 'parallel' executor
[2.175s] DEBUG:colcon.colcon_parallel_executor.executor.parallel:run_until_complete
[2.176s] INFO:colcon.colcon_ros.task.ament_python.build:Building ROS package in '/home/k/Desktop/Zeb05/Zebulon05/ros_packages_full/src/polulu_maestro' with build type 'ament_python'
[2.177s] Level 1:colcon.colcon_core.shell:create_environment_hook('polulu_maestro', 'ament_prefix_path')
[2.216s] INFO:colcon.colcon_core.plugin_system:Skipping extension 'colcon_core.shell.bat': Not used on non-Windows systems
[2.217s] INFO:colcon.colcon_core.shell:Creating environment hook '/home/k/Desktop/Zeb05/Zebulon05/ros_packages_full/install/polulu_maestro/share/polulu_maestro/hook/ament_prefix_path.ps1'
[2.222s] INFO:colcon.colcon_core.shell:Creating environment descriptor '/home/k/Desktop/Zeb05/Zebulon05/ros_packages_full/install/polulu_maestro/share/polulu_maestro/hook/ament_prefix_path.dsv'
[2.228s] INFO:colcon.colcon_core.shell:Creating environment hook '/home/k/Desktop/Zeb05/Zebulon05/ros_packages_full/install/polulu_maestro/share/polulu_maestro/hook/ament_prefix_path.sh'
[2.242s] INFO:colcon.colcon_core.shell:Skip shell extension 'powershell' for command environment: Not usable outside of PowerShell
[2.243s] DEBUG:colcon.colcon_core.shell:Skip shell extension 'dsv' for command environment
[3.617s] INFO:colcon.colcon_core.task.python.build:Building Python package in '/home/k/Desktop/Zeb05/Zebulon05/ros_packages_full/src/polulu_maestro'
[3.623s] INFO:colcon.colcon_core.shell:Skip shell extension 'powershell' for command environment: Not usable outside of PowerShell
[3.623s] DEBUG:colcon.colcon_core.shell:Skip shell extension 'dsv' for command environment
[5.536s] DEBUG:colcon.colcon_core.event_handler.log_command:Invoking command in '/home/k/Desktop/Zeb05/Zebulon05/ros_packages_full/src/polulu_maestro': AMENT_PREFIX_PATH=/home/k/Desktop/Zeb05/Zebulon05/ros_packages_full/install/maestro_interfaces:${AMENT_PREFIX_PATH} CMAKE_PREFIX_PATH=/home/k/Desktop/Zeb05/Zebulon05/ros_packages_full/install/maestro_interfaces LD_LIBRARY_PATH=/home/k/Desktop/Zeb05/Zebulon05/ros_packages_full/install/maestro_interfaces/lib:${LD_LIBRARY_PATH} PYTHONPATH=/home/k/Desktop/Zeb05/Zebulon05/ros_packages_full/install/polulu_maestro/lib/python3.10/site-packages:/home/k/Desktop/Zeb05/Zebulon05/ros_packages_full/install/maestro_interfaces/local/lib/python3.10/dist-packages:${PYTHONPATH} /usr/bin/python3 setup.py egg_info --egg-base ../../build/polulu_maestro build --build-base /home/k/Desktop/Zeb05/Zebulon05/ros_packages_full/build/polulu_maestro/build install --prefix /home/k/Desktop/Zeb05/Zebulon05/ros_packages_full/install/polulu_maestro --record /home/k/Desktop/Zeb05/Zebulon05/ros_packages_full/build/polulu_maestro/install.log --single-version-externally-managed
[7.067s] DEBUG:colcon.colcon_core.event_handler.log_command:Invoked command in '/home/k/Desktop/Zeb05/Zebulon05/ros_packages_full/src/polulu_maestro' returned '0': AMENT_PREFIX_PATH=/home/k/Desktop/Zeb05/Zebulon05/ros_packages_full/install/maestro_interfaces:${AMENT_PREFIX_PATH} CMAKE_PREFIX_PATH=/home/k/Desktop/Zeb05/Zebulon05/ros_packages_full/install/maestro_interfaces LD_LIBRARY_PATH=/home/k/Desktop/Zeb05/Zebulon05/ros_packages_full/install/maestro_interfaces/lib:${LD_LIBRARY_PATH} PYTHONPATH=/home/k/Desktop/Zeb05/Zebulon05/ros_packages_full/install/polulu_maestro/lib/python3.10/site-packages:/home/k/Desktop/Zeb05/Zebulon05/ros_packages_full/install/maestro_interfaces/local/lib/python3.10/dist-packages:${PYTHONPATH} /usr/bin/python3 setup.py egg_info --egg-base ../../build/polulu_maestro build --build-base /home/k/Desktop/Zeb05/Zebulon05/ros_packages_full/build/polulu_maestro/build install --prefix /home/k/Desktop/Zeb05/Zebulon05/ros_packages_full/install/polulu_maestro --record /home/k/Desktop/Zeb05/Zebulon05/ros_packages_full/build/polulu_maestro/install.log --single-version-externally-managed
[7.110s] Level 1:colcon.colcon_core.environment:checking '/home/k/Desktop/Zeb05/Zebulon05/ros_packages_full/install/polulu_maestro' for CMake module files
[7.114s] Level 1:colcon.colcon_core.environment:checking '/home/k/Desktop/Zeb05/Zebulon05/ros_packages_full/install/polulu_maestro' for CMake config files
[7.120s] Level 1:colcon.colcon_core.environment:checking '/home/k/Desktop/Zeb05/Zebulon05/ros_packages_full/install/polulu_maestro/lib'
[7.121s] Level 1:colcon.colcon_core.environment:checking '/home/k/Desktop/Zeb05/Zebulon05/ros_packages_full/install/polulu_maestro/bin'
[7.121s] Level 1:colcon.colcon_core.environment:checking '/home/k/Desktop/Zeb05/Zebulon05/ros_packages_full/install/polulu_maestro/lib/pkgconfig/polulu_maestro.pc'
[7.122s] Level 1:colcon.colcon_core.environment:checking '/home/k/Desktop/Zeb05/Zebulon05/ros_packages_full/install/polulu_maestro/lib/python3.10/site-packages'
[7.122s] Level 1:colcon.colcon_core.shell:create_environment_hook('polulu_maestro', 'pythonpath')
[7.128s] INFO:colcon.colcon_core.shell:Creating environment hook '/home/k/Desktop/Zeb05/Zebulon05/ros_packages_full/install/polulu_maestro/share/polulu_maestro/hook/pythonpath.ps1'
[7.131s] INFO:colcon.colcon_core.shell:Creating environment descriptor '/home/k/Desktop/Zeb05/Zebulon05/ros_packages_full/install/polulu_maestro/share/polulu_maestro/hook/pythonpath.dsv'
[7.133s] INFO:colcon.colcon_core.shell:Creating environment hook '/home/k/Desktop/Zeb05/Zebulon05/ros_packages_full/install/polulu_maestro/share/polulu_maestro/hook/pythonpath.sh'
[7.135s] Level 1:colcon.colcon_core.environment:checking '/home/k/Desktop/Zeb05/Zebulon05/ros_packages_full/install/polulu_maestro/bin'
[7.136s] Level 1:colcon.colcon_core.environment:create_environment_scripts_only(polulu_maestro)
[7.142s] INFO:colcon.colcon_core.shell:Creating package script '/home/k/Desktop/Zeb05/Zebulon05/ros_packages_full/install/polulu_maestro/share/polulu_maestro/package.ps1'
[7.147s] INFO:colcon.colcon_core.shell:Creating package descriptor '/home/k/Desktop/Zeb05/Zebulon05/ros_packages_full/install/polulu_maestro/share/polulu_maestro/package.dsv'
[7.153s] INFO:colcon.colcon_core.shell:Creating package script '/home/k/Desktop/Zeb05/Zebulon05/ros_packages_full/install/polulu_maestro/share/polulu_maestro/package.sh'
[7.160s] INFO:colcon.colcon_core.shell:Creating package script '/home/k/Desktop/Zeb05/Zebulon05/ros_packages_full/install/polulu_maestro/share/polulu_maestro/package.bash'
[7.168s] INFO:colcon.colcon_core.shell:Creating package script '/home/k/Desktop/Zeb05/Zebulon05/ros_packages_full/install/polulu_maestro/share/polulu_maestro/package.zsh'
[7.176s] Level 1:colcon.colcon_core.environment:create_file_with_runtime_dependencies(/home/k/Desktop/Zeb05/Zebulon05/ros_packages_full/install/polulu_maestro/share/colcon-core/packages/polulu_maestro)
[7.179s] DEBUG:colcon.colcon_parallel_executor.executor.parallel:closing loop
[7.180s] DEBUG:colcon.colcon_parallel_executor.executor.parallel:loop closed
[7.181s] DEBUG:colcon.colcon_parallel_executor.executor.parallel:run_until_complete finished with '0'
[7.181s] DEBUG:colcon.colcon_core.event_reactor:joining thread
[7.222s] INFO:colcon.colcon_core.plugin_system:Skipping extension 'colcon_notification.desktop_notification.terminal_notifier': Not used on non-Darwin systems
[7.222s] INFO:colcon.colcon_core.plugin_system:Skipping extension 'colcon_notification.desktop_notification.win32': Not used on non-Windows systems
[7.223s] INFO:colcon.colcon_notification.desktop_notification:Sending desktop notification using 'notify2'
[7.228s] DEBUG:colcon.colcon_notification.desktop_notification.notify2:Failed to initialize notify2: org.freedesktop.DBus.Error.ServiceUnknown: The name org.freedesktop.Notifications was not provided by any .service files
[7.229s] DEBUG:colcon.colcon_core.event_reactor:joined thread
[7.235s] INFO:colcon.colcon_core.shell:Creating prefix script '/home/k/Desktop/Zeb05/Zebulon05/ros_packages_full/install/local_setup.ps1'
[7.240s] INFO:colcon.colcon_core.shell:Creating prefix util module '/home/k/Desktop/Zeb05/Zebulon05/ros_packages_full/install/_local_setup_util_ps1.py'
[7.252s] INFO:colcon.colcon_core.shell:Creating prefix chain script '/home/k/Desktop/Zeb05/Zebulon05/ros_packages_full/install/setup.ps1'
[7.259s] INFO:colcon.colcon_core.shell:Creating prefix script '/home/k/Desktop/Zeb05/Zebulon05/ros_packages_full/install/local_setup.sh'
[7.267s] INFO:colcon.colcon_core.shell:Creating prefix util module '/home/k/Desktop/Zeb05/Zebulon05/ros_packages_full/install/_local_setup_util_sh.py'
[7.269s] INFO:colcon.colcon_core.shell:Creating prefix chain script '/home/k/Desktop/Zeb05/Zebulon05/ros_packages_full/install/setup.sh'
[7.279s] INFO:colcon.colcon_core.shell:Creating prefix script '/home/k/Desktop/Zeb05/Zebulon05/ros_packages_full/install/local_setup.bash'
[7.284s] INFO:colcon.colcon_core.shell:Creating prefix chain script '/home/k/Desktop/Zeb05/Zebulon05/ros_packages_full/install/setup.bash'
[7.292s] INFO:colcon.colcon_core.shell:Creating prefix script '/home/k/Desktop/Zeb05/Zebulon05/ros_packages_full/install/local_setup.zsh'
[7.297s] INFO:colcon.colcon_core.shell:Creating prefix chain script '/home/k/Desktop/Zeb05/Zebulon05/ros_packages_full/install/setup.zsh'
