In file included from [01m[K/home/k/Desktop/Zeb05/Zebulon05/ros_packages_full/src/RobotLeg/src/RobotLegRosWrapper.cpp:5[m[K:
[01m[K/home/k/Desktop/Zeb05/Zebulon05/ros_packages_full/src/RobotLeg/src/../include/RobotLeg/RobotLegRosWrapper.hpp:[m[K In constructor ‘[01m[KRobotLegRosWrapper::RobotLegRosWrapper()[m[K’:
[01m[K/home/k/Desktop/Zeb05/Zebulon05/ros_packages_full/src/RobotLeg/src/../include/RobotLeg/RobotLegRosWrapper.hpp:28:67:[m[K [01;31m[Kerror: [m[Kno matching function for call to ‘[01m[KRobotLegRos::RobotLegRos()[m[K’
   28 |     RobotLegRosWrapper() : Node("robot_leg_ros_wrapper"), count_(0[01;31m[K)[m[K{
      |                                                                   [01;31m[K^[m[K
In file included from [01m[K/home/k/Desktop/Zeb05/Zebulon05/ros_packages_full/src/RobotLeg/src/../include/RobotLeg/RobotLegRosWrapper.hpp:19[m[K,
                 from [01m[K/home/k/Desktop/Zeb05/Zebulon05/ros_packages_full/src/RobotLeg/src/RobotLegRosWrapper.cpp:5[m[K:
[01m[K/home/k/Desktop/Zeb05/Zebulon05/ros_packages_full/src/RobotLeg/src/../include/RobotLeg/RobotLegRos.hpp:14:5:[m[K [01;36m[Knote: [m[Kcandidate: ‘[01m[KRobotLegRos::RobotLegRos(rclcpp::Publisher<maestro_interfaces::msg::MaestroTarget_<std::allocator<void> > >::SharedPtr)[m[K’
   14 |     [01;36m[KRobotLegRos[m[K(rclcpp::Publisher<maestro_interfaces::msg::MaestroTarget>::SharedPtr pub_message_ptr) : pub_message_ptr_(pub_message_ptr) {};
      |     [01;36m[K^~~~~~~~~~~[m[K
[01m[K/home/k/Desktop/Zeb05/Zebulon05/ros_packages_full/src/RobotLeg/src/../include/RobotLeg/RobotLegRos.hpp:14:5:[m[K [01;36m[Knote: [m[K  candidate expects 1 argument, 0 provided
[01m[K/home/k/Desktop/Zeb05/Zebulon05/ros_packages_full/src/RobotLeg/src/../include/RobotLeg/RobotLegRos.hpp:12:7:[m[K [01;36m[Knote: [m[Kcandidate: ‘[01m[KRobotLegRos::RobotLegRos(const RobotLegRos&)[m[K’
   12 | class [01;36m[KRobotLegRos[m[K {
      |       [01;36m[K^~~~~~~~~~~[m[K
[01m[K/home/k/Desktop/Zeb05/Zebulon05/ros_packages_full/src/RobotLeg/src/../include/RobotLeg/RobotLegRos.hpp:12:7:[m[K [01;36m[Knote: [m[K  candidate expects 1 argument, 0 provided
[01m[K/home/k/Desktop/Zeb05/Zebulon05/ros_packages_full/src/RobotLeg/src/../include/RobotLeg/RobotLegRos.hpp:12:7:[m[K [01;36m[Knote: [m[Kcandidate: ‘[01m[KRobotLegRos::RobotLegRos(RobotLegRos&&)[m[K’
[01m[K/home/k/Desktop/Zeb05/Zebulon05/ros_packages_full/src/RobotLeg/src/../include/RobotLeg/RobotLegRos.hpp:12:7:[m[K [01;36m[Knote: [m[K  candidate expects 1 argument, 0 provided
gmake[2]: *** [CMakeFiles/robot_leg_wrapper.dir/build.make:90: CMakeFiles/robot_leg_wrapper.dir/src/RobotLegRosWrapper.cpp.o] Error 1
gmake[1]: *** [CMakeFiles/Makefile2:137: CMakeFiles/robot_leg_wrapper.dir/all] Error 2
gmake: *** [Makefile:146: all] Error 2
