[35m[1mConsolidate compiler generated dependencies of target robot_leg_wrapper[0m
[ 66%] [32mBuilding CXX object CMakeFiles/robot_leg_wrapper.dir/src/RobotLegRosWrapper.cpp.o[0m
[ 66%] [32mBuilding CXX object CMakeFiles/robot_leg_wrapper.dir/src/RobotLegRos.cpp.o[0m
[01m[K/home/k/Desktop/Zeb05/Zebulon05/ros_packages_full/src/RobotLeg/src/RobotLegRos.cpp:[m[K In member function ‘[01m[Kvoid RobotLegRos::do_step(int, int)[m[K’:
[01m[K/home/k/Desktop/Zeb05/Zebulon05/ros_packages_full/src/RobotLeg/src/RobotLegRos.cpp:9:104:[m[K [01;35m[Kwarning: [m[Knarrowing conversion of ‘[01m[K(((2496 * 4) * step_length) * step_height)[m[K’ from ‘[01m[Kint[m[K’ to ‘[01m[Kunsigned int[m[K’ [[01;35m[K-Wnarrowing[m[K]
    9 | nsigned int, 3>({2496 * 4, 2496 * 4, [01;35m[K2496 * 4 * step_length * step_height[m[K}));
      |                                      [01;35m[K~~~~~~~~~~~~~~~~~~~~~~~^~~~~~~~~~~~~[m[K

[01m[K/home/k/Desktop/Zeb05/Zebulon05/ros_packages_full/src/RobotLeg/src/RobotLegRos.cpp:11:104:[m[K [01;35m[Kwarning: [m[Knarrowing conversion of ‘[01m[K(((496 * 4) * step_length) * step_height)[m[K’ from ‘[01m[Kint[m[K’ to ‘[01m[Kunsigned int[m[K’ [[01;35m[K-Wnarrowing[m[K]
   11 | nsigned int, 3>({496  * 4, 496  * 4, [01;35m[K496  * 4 * step_length * step_height[m[K}));
      |                                      [01;35m[K~~~~~~~~~~~~~~~~~~~~~~~^~~~~~~~~~~~~[m[K

[01m[K/home/k/Desktop/Zeb05/Zebulon05/ros_packages_full/src/RobotLeg/src/RobotLegRos.cpp:[m[K In member function ‘[01m[Kvoid RobotLegRos::publish_position(std::array<unsigned int, 3>)[m[K’:
[01m[K/home/k/Desktop/Zeb05/Zebulon05/ros_packages_full/src/RobotLeg/src/RobotLegRos.cpp:61:14:[m[K [01;35m[Kwarning: [m[Kvariable ‘[01m[Kmessage1[m[K’ set but not used [[01;35m[K-Wunused-but-set-variable[m[K]
   61 |         auto [01;35m[Kmessage1[m[K = maestro_interfaces::msg::MaestroTarget();
      |              [01;35m[K^~~~~~~~[m[K
[01m[K/home/k/Desktop/Zeb05/Zebulon05/ros_packages_full/src/RobotLeg/src/RobotLegRos.cpp:62:14:[m[K [01;35m[Kwarning: [m[Kvariable ‘[01m[Kmessage2[m[K’ set but not used [[01;35m[K-Wunused-but-set-variable[m[K]
   62 |         auto [01;35m[Kmessage2[m[K = maestro_interfaces::msg::MaestroTarget();
      |              [01;35m[K^~~~~~~~[m[K
[01m[K/home/k/Desktop/Zeb05/Zebulon05/ros_packages_full/src/RobotLeg/src/RobotLegRos.cpp:63:14:[m[K [01;35m[Kwarning: [m[Kvariable ‘[01m[Kmessage3[m[K’ set but not used [[01;35m[K-Wunused-but-set-variable[m[K]
   63 |         auto [01;35m[Kmessage3[m[K = maestro_interfaces::msg::MaestroTarget();
      |              [01;35m[K^~~~~~~~[m[K
[100%] [32m[1mLinking CXX executable robot_leg_wrapper[0m
[100%] Built target robot_leg_wrapper
-- Install configuration: ""
-- Installing: /home/k/Desktop/Zeb05/Zebulon05/ros_packages_full/install/RobotLeg/lib/RobotLeg/robot_leg_wrapper
-- Set runtime path of "/home/k/Desktop/Zeb05/Zebulon05/ros_packages_full/install/RobotLeg/lib/RobotLeg/robot_leg_wrapper" to ""
-- Up-to-date: /home/k/Desktop/Zeb05/Zebulon05/ros_packages_full/install/RobotLeg/share/ament_index/resource_index/package_run_dependencies/RobotLeg
-- Up-to-date: /home/k/Desktop/Zeb05/Zebulon05/ros_packages_full/install/RobotLeg/share/ament_index/resource_index/parent_prefix_path/RobotLeg
-- Up-to-date: /home/k/Desktop/Zeb05/Zebulon05/ros_packages_full/install/RobotLeg/share/RobotLeg/environment/ament_prefix_path.sh
-- Up-to-date: /home/k/Desktop/Zeb05/Zebulon05/ros_packages_full/install/RobotLeg/share/RobotLeg/environment/ament_prefix_path.dsv
-- Up-to-date: /home/k/Desktop/Zeb05/Zebulon05/ros_packages_full/install/RobotLeg/share/RobotLeg/environment/path.sh
-- Up-to-date: /home/k/Desktop/Zeb05/Zebulon05/ros_packages_full/install/RobotLeg/share/RobotLeg/environment/path.dsv
-- Up-to-date: /home/k/Desktop/Zeb05/Zebulon05/ros_packages_full/install/RobotLeg/share/RobotLeg/local_setup.bash
-- Up-to-date: /home/k/Desktop/Zeb05/Zebulon05/ros_packages_full/install/RobotLeg/share/RobotLeg/local_setup.sh
-- Up-to-date: /home/k/Desktop/Zeb05/Zebulon05/ros_packages_full/install/RobotLeg/share/RobotLeg/local_setup.zsh
-- Up-to-date: /home/k/Desktop/Zeb05/Zebulon05/ros_packages_full/install/RobotLeg/share/RobotLeg/local_setup.dsv
-- Installing: /home/k/Desktop/Zeb05/Zebulon05/ros_packages_full/install/RobotLeg/share/RobotLeg/package.dsv
-- Up-to-date: /home/k/Desktop/Zeb05/Zebulon05/ros_packages_full/install/RobotLeg/share/ament_index/resource_index/packages/RobotLeg
-- Up-to-date: /home/k/Desktop/Zeb05/Zebulon05/ros_packages_full/install/RobotLeg/share/RobotLeg/cmake/RobotLegConfig.cmake
-- Up-to-date: /home/k/Desktop/Zeb05/Zebulon05/ros_packages_full/install/RobotLeg/share/RobotLeg/cmake/RobotLegConfig-version.cmake
-- Up-to-date: /home/k/Desktop/Zeb05/Zebulon05/ros_packages_full/install/RobotLeg/share/RobotLeg/package.xml
