[0.070s] Invoking command in '/home/k/Desktop/Zeb05/Zebulon05/ros_packages_full/build/RobotLeg': CMAKE_PREFIX_PATH=${CMAKE_PREFIX_PATH}:/home/k/Desktop/Zeb05/Zebulon05/ros_packages_full/install/polulu_maestro:/opt/ros/humble /usr/bin/cmake /home/k/Desktop/Zeb05/Zebulon05/ros_packages_full/src/RobotLeg -DCMAKE_INSTALL_PREFIX=/home/k/Desktop/Zeb05/Zebulon05/ros_packages_full/install/RobotLeg
[0.132s] -- Found ament_cmake: 1.3.2 (/opt/ros/humble/share/ament_cmake/cmake)
[0.890s] -- Found rclcpp: 16.0.1 (/opt/ros/humble/share/rclcpp/cmake)
[1.105s] -- Found rosidl_generator_c: 3.1.3 (/opt/ros/humble/share/rosidl_generator_c/cmake)
[1.118s] -- Found rosidl_adapter: 3.1.3 (/opt/ros/humble/share/rosidl_adapter/cmake)
[1.147s] -- Found rosidl_generator_cpp: 3.1.3 (/opt/ros/humble/share/rosidl_generator_cpp/cmake)
[1.199s] -- Using all available rosidl_typesupport_c: rosidl_typesupport_fastrtps_c;rosidl_typesupport_introspection_c
[1.274s] -- Using all available rosidl_typesupport_cpp: rosidl_typesupport_fastrtps_cpp;rosidl_typesupport_introspection_cpp
[1.547s] -- Found rmw_implementation_cmake: 6.1.0 (/opt/ros/humble/share/rmw_implementation_cmake/cmake)
[1.554s] -- Found rmw_fastrtps_cpp: 6.2.1 (/opt/ros/humble/share/rmw_fastrtps_cpp/cmake)
[2.724s] -- Using RMW implementation 'rmw_fastrtps_cpp' as default
[3.398s] -- Found maestro_interfaces: 0.0.0 (/home/k/Desktop/Zeb05/Zebulon05/ros_packages_full/install/maestro_interfaces/share/maestro_interfaces/cmake)
[3.899s] -- Found ament_lint_auto: 0.12.4 (/opt/ros/humble/share/ament_lint_auto/cmake)
[4.162s] WARNING: Package name "RobotLeg" does not follow the naming conventions. It should start with a lower case letter and only contain lower case letters, digits, underscores, and dashes.
[4.248s] -- Added test 'cppcheck' to perform static code analysis on C / C++ code
[4.249s] -- Configured cppcheck include dirs: 
[4.249s] -- Configured cppcheck exclude dirs and/or files: 
[4.254s] -- Added test 'lint_cmake' to check CMake code style
[4.263s] -- Added test 'uncrustify' to check C / C++ code style
[4.263s] -- Configured uncrustify additional arguments: 
[4.267s] -- Added test 'xmllint' to check XML markup files
[4.271s] -- Configuring done
[4.391s] -- Generating done
[4.399s] -- Build files have been written to: /home/k/Desktop/Zeb05/Zebulon05/ros_packages_full/build/RobotLeg
[4.431s] Invoked command in '/home/k/Desktop/Zeb05/Zebulon05/ros_packages_full/build/RobotLeg' returned '0': CMAKE_PREFIX_PATH=${CMAKE_PREFIX_PATH}:/home/k/Desktop/Zeb05/Zebulon05/ros_packages_full/install/polulu_maestro:/opt/ros/humble /usr/bin/cmake /home/k/Desktop/Zeb05/Zebulon05/ros_packages_full/src/RobotLeg -DCMAKE_INSTALL_PREFIX=/home/k/Desktop/Zeb05/Zebulon05/ros_packages_full/install/RobotLeg
[4.441s] Invoking command in '/home/k/Desktop/Zeb05/Zebulon05/ros_packages_full/build/RobotLeg': CMAKE_PREFIX_PATH=${CMAKE_PREFIX_PATH}:/home/k/Desktop/Zeb05/Zebulon05/ros_packages_full/install/polulu_maestro:/opt/ros/humble /usr/bin/cmake --build /home/k/Desktop/Zeb05/Zebulon05/ros_packages_full/build/RobotLeg -- -j4 -l4
[4.694s] [ 50%] [32mBuilding CXX object CMakeFiles/robot_leg_wrapper.dir/src/RobotLegRosWrapper.cpp.o[0m
[7.466s] In file included from [01m[K/home/k/Desktop/Zeb05/Zebulon05/ros_packages_full/src/RobotLeg/src/RobotLegRosWrapper.cpp:5[m[K:
[7.467s] [01m[K/home/k/Desktop/Zeb05/Zebulon05/ros_packages_full/src/RobotLeg/src/../include/RobotLegRosWrapper.hpp:15:10:[m[K [01;31m[Kfatal error: [m[Kmaestro_interfaces/msg/MaestroTarget.hpp: No such file or directory
[7.468s]    15 | #include [01;31m[K"maestro_interfaces/msg/MaestroTarget.hpp"[m[K
[7.468s]       |          [01;31m[K^~~~~~~~~~~~~~~~~~~~~~~~~~~~~~~~~~~~~~~~~~[m[K
[7.468s] compilation terminated.
[7.479s] gmake[2]: *** [CMakeFiles/robot_leg_wrapper.dir/build.make:76: CMakeFiles/robot_leg_wrapper.dir/src/RobotLegRosWrapper.cpp.o] Error 1
[7.480s] gmake[1]: *** [CMakeFiles/Makefile2:137: CMakeFiles/robot_leg_wrapper.dir/all] Error 2
[7.481s] gmake: *** [Makefile:146: all] Error 2
[7.488s] Invoked command in '/home/k/Desktop/Zeb05/Zebulon05/ros_packages_full/build/RobotLeg' returned '2': CMAKE_PREFIX_PATH=${CMAKE_PREFIX_PATH}:/home/k/Desktop/Zeb05/Zebulon05/ros_packages_full/install/polulu_maestro:/opt/ros/humble /usr/bin/cmake --build /home/k/Desktop/Zeb05/Zebulon05/ros_packages_full/build/RobotLeg -- -j4 -l4
