[0.067s] Invoking command in '/home/k/Desktop/Zeb05/Zebulon05/ros_packages_full/build/legged_robot__interfaces': CMAKE_PREFIX_PATH=${CMAKE_PREFIX_PATH}:/home/k/Desktop/Zeb05/Zebulon05/ros_packages_full/install/polulu_maestro:/opt/ros/humble /usr/bin/cmake /home/k/Desktop/Zeb05/Zebulon05/ros_packages_full/src/legged_robot__interfaces -DCMAKE_INSTALL_PREFIX=/home/k/Desktop/Zeb05/Zebulon05/ros_packages_full/install/legged_robot__interfaces
[0.993s] -- The C compiler identification is GNU 11.2.0
[1.297s] -- The CXX compiler identification is GNU 11.2.0
[1.352s] -- Detecting C compiler ABI info
[1.755s] -- Detecting C compiler ABI info - done
[1.785s] -- Check for working C compiler: /usr/bin/cc - skipped
[1.787s] -- Detecting C compile features
[1.791s] -- Detecting C compile features - done
[1.809s] -- Detecting CXX compiler ABI info
[2.228s] -- Detecting CXX compiler ABI info - done
[2.258s] -- Check for working CXX compiler: /usr/bin/c++ - skipped
[2.259s] -- Detecting CXX compile features
[2.261s] -- Detecting CXX compile features - done
[2.298s] -- Found ament_cmake: 1.3.2 (/opt/ros/humble/share/ament_cmake/cmake)
[3.302s] -- Found Python3: /usr/bin/python3.10 (found version "3.10.6") found components: Interpreter 
[4.090s] -- Found rosidl_default_generators: 1.2.0 (/opt/ros/humble/share/rosidl_default_generators/cmake)
[4.136s] -- Using all available rosidl_typesupport_c: rosidl_typesupport_fastrtps_c;rosidl_typesupport_introspection_c
[4.237s] -- Found rosidl_adapter: 3.1.3 (/opt/ros/humble/share/rosidl_adapter/cmake)
[4.839s] -- Using all available rosidl_typesupport_cpp: rosidl_typesupport_fastrtps_cpp;rosidl_typesupport_introspection_cpp
[6.046s] [31mCMake Error at /opt/ros/humble/share/rosidl_adapter/cmake/rosidl_adapt_interfaces.cmake:59 (message):
[6.046s]   execute_process(/usr/bin/python3.10 -m rosidl_adapter --package-name
[6.047s]   legged_robot__interfaces --arguments-file
[6.047s]   /home/k/Desktop/Zeb05/Zebulon05/ros_packages_full/build/legged_robot__interfaces/rosidl_adapter__arguments__legged_robot__interfaces.json
[6.047s]   --output-dir
[6.048s]   /home/k/Desktop/Zeb05/Zebulon05/ros_packages_full/build/legged_robot__interfaces/rosidl_adapter/legged_robot__interfaces
[6.048s]   --output-file
[6.049s]   /home/k/Desktop/Zeb05/Zebulon05/ros_packages_full/build/legged_robot__interfaces/rosidl_adapter/legged_robot__interfaces.idls)
[6.049s]   returned error code 1:
[6.049s] 
[6.050s]   Traceback (most recent call last):
[6.050s] 
[6.050s]     File "/usr/lib/python3.10/runpy.py", line 196, in _run_module_as_main
[6.051s]       return _run_code(code, main_globals, None,
[6.051s]     File "/usr/lib/python3.10/runpy.py", line 86, in _run_code
[6.052s]       exec(code, run_globals)
[6.052s]     File "/opt/ros/humble/local/lib/python3.10/dist-packages/rosidl_adapter/__main__.py", line 19, in <module>
[6.052s]       sys.exit(main())
[6.053s]     File "/opt/ros/humble/local/lib/python3.10/dist-packages/rosidl_adapter/main.py", line 53, in main
[6.053s]       abs_idl_file = convert_to_idl(
[6.054s]     File "/opt/ros/humble/local/lib/python3.10/dist-packages/rosidl_adapter/__init__.py", line 19, in convert_to_idl
[6.054s]       return convert_msg_to_idl(
[6.055s]     File "/opt/ros/humble/local/lib/python3.10/dist-packages/rosidl_adapter/msg/__init__.py", line 28, in convert_msg_to_idl
[6.055s]       msg = parse_message_string(package_name, input_file.stem, content)
[6.056s]     File "/opt/ros/humble/local/lib/python3.10/dist-packages/rosidl_adapter/parser.py", line 544, in parse_message_string
[6.056s]       msg = MessageSpecification(pkg_name, msg_name, fields, constants)
[6.057s]     File "/opt/ros/humble/local/lib/python3.10/dist-packages/rosidl_adapter/parser.py", line 388, in __init__
[6.057s]       self.base_type = BaseType(
[6.058s]     File "/opt/ros/humble/local/lib/python3.10/dist-packages/rosidl_adapter/parser.py", line 201, in __init__
[6.058s]       raise InvalidResourceName(
[6.059s] 
[6.060s]   rosidl_adapter.parser.InvalidResourceName: 'legged_robot__interfaces' is an
[6.060s]   invalid package name.  It should have the pattern
[6.061s]   '^(?!.*__)(?!.*_$)[a-z][a-z0-9_]*$'
[6.061s] 
[6.062s] Call Stack (most recent call first):
[6.062s]   /opt/ros/humble/share/rosidl_cmake/cmake/rosidl_generate_interfaces.cmake:130 (rosidl_adapt_interfaces)
[6.062s]   CMakeLists.txt:12 (rosidl_generate_interfaces)
[6.063s] 
[6.063s] [0m
[6.064s] -- Configuring incomplete, errors occurred!
[6.064s] See also "/home/k/Desktop/Zeb05/Zebulon05/ros_packages_full/build/legged_robot__interfaces/CMakeFiles/CMakeOutput.log".
[6.068s] Invoked command in '/home/k/Desktop/Zeb05/Zebulon05/ros_packages_full/build/legged_robot__interfaces' returned '1': CMAKE_PREFIX_PATH=${CMAKE_PREFIX_PATH}:/home/k/Desktop/Zeb05/Zebulon05/ros_packages_full/install/polulu_maestro:/opt/ros/humble /usr/bin/cmake /home/k/Desktop/Zeb05/Zebulon05/ros_packages_full/src/legged_robot__interfaces -DCMAKE_INSTALL_PREFIX=/home/k/Desktop/Zeb05/Zebulon05/ros_packages_full/install/legged_robot__interfaces
