[0.113s] Invoking command in '/home/k/Desktop/Zeb05/Zebulon05/ros_packages_full/build/maestro_interfaces': CMAKE_PREFIX_PATH=/opt/ros/humble /usr/bin/cmake --build /home/k/Desktop/Zeb05/Zebulon05/ros_packages_full/build/maestro_interfaces -- -j4 -l4
[0.793s] [  2%] Built target maestro_interfaces__cpp
[0.867s] [  2%] Built target ament_cmake_python_copy_maestro_interfaces
[0.906s] [ 12%] Built target maestro_interfaces__rosidl_generator_c
[0.958s] [ 23%] Built target maestro_interfaces__rosidl_typesupport_cpp
[0.985s] [ 33%] Built target maestro_interfaces__rosidl_typesupport_fastrtps_cpp
[1.102s] [ 43%] Built target maestro_interfaces__rosidl_typesupport_introspection_cpp
[1.147s] [ 53%] Built target maestro_interfaces__rosidl_typesupport_fastrtps_c
[1.165s] [ 64%] Built target maestro_interfaces__rosidl_typesupport_introspection_c
[1.257s] [ 74%] Built target maestro_interfaces__rosidl_typesupport_c
[1.363s] [ 74%] Built target maestro_interfaces
[1.483s] [ 76%] Built target maestro_interfaces__py
[1.628s] [ 84%] Built target maestro_interfaces__rosidl_generator_py
[1.773s] [ 89%] Built target maestro_interfaces__rosidl_typesupport_introspection_c__pyext
[1.789s] [ 94%] Built target maestro_interfaces__rosidl_typesupport_fastrtps_c__pyext
[1.805s] [100%] Built target maestro_interfaces__rosidl_typesupport_c__pyext
[2.471s] running egg_info
[2.473s] writing maestro_interfaces.egg-info/PKG-INFO
[2.475s] writing dependency_links to maestro_interfaces.egg-info/dependency_links.txt
[2.476s] writing top-level names to maestro_interfaces.egg-info/top_level.txt
[2.491s] reading manifest file 'maestro_interfaces.egg-info/SOURCES.txt'
[2.495s] writing manifest file 'maestro_interfaces.egg-info/SOURCES.txt'
[2.625s] [100%] Built target ament_cmake_python_build_maestro_interfaces_egg
[2.674s] Invoked command in '/home/k/Desktop/Zeb05/Zebulon05/ros_packages_full/build/maestro_interfaces' returned '0': CMAKE_PREFIX_PATH=/opt/ros/humble /usr/bin/cmake --build /home/k/Desktop/Zeb05/Zebulon05/ros_packages_full/build/maestro_interfaces -- -j4 -l4
[3.164s] Invoking command in '/home/k/Desktop/Zeb05/Zebulon05/ros_packages_full/build/maestro_interfaces': CMAKE_PREFIX_PATH=/opt/ros/humble /usr/bin/cmake --install /home/k/Desktop/Zeb05/Zebulon05/ros_packages_full/build/maestro_interfaces
[3.200s] -- Install configuration: ""
[3.200s] -- Up-to-date: /home/k/Desktop/Zeb05/Zebulon05/ros_packages_full/install/maestro_interfaces/share/ament_index/resource_index/rosidl_interfaces/maestro_interfaces
[3.201s] -- Up-to-date: /home/k/Desktop/Zeb05/Zebulon05/ros_packages_full/install/maestro_interfaces/include/maestro_interfaces/maestro_interfaces
[3.201s] -- Up-to-date: /home/k/Desktop/Zeb05/Zebulon05/ros_packages_full/install/maestro_interfaces/include/maestro_interfaces/maestro_interfaces/msg
[3.201s] -- Up-to-date: /home/k/Desktop/Zeb05/Zebulon05/ros_packages_full/install/maestro_interfaces/include/maestro_interfaces/maestro_interfaces/msg/maestro_target.h
[3.202s] -- Up-to-date: /home/k/Desktop/Zeb05/Zebulon05/ros_packages_full/install/maestro_interfaces/include/maestro_interfaces/maestro_interfaces/msg/rosidl_generator_c__visibility_control.h
[3.202s] -- Up-to-date: /home/k/Desktop/Zeb05/Zebulon05/ros_packages_full/install/maestro_interfaces/include/maestro_interfaces/maestro_interfaces/msg/detail
[3.203s] -- Up-to-date: /home/k/Desktop/Zeb05/Zebulon05/ros_packages_full/install/maestro_interfaces/include/maestro_interfaces/maestro_interfaces/msg/detail/current_positions__functions.c
[3.203s] -- Up-to-date: /home/k/Desktop/Zeb05/Zebulon05/ros_packages_full/install/maestro_interfaces/include/maestro_interfaces/maestro_interfaces/msg/detail/maestro_target__functions.c
[3.204s] -- Up-to-date: /home/k/Desktop/Zeb05/Zebulon05/ros_packages_full/install/maestro_interfaces/include/maestro_interfaces/maestro_interfaces/msg/detail/current_positions__type_support.h
[3.204s] -- Up-to-date: /home/k/Desktop/Zeb05/Zebulon05/ros_packages_full/install/maestro_interfaces/include/maestro_interfaces/maestro_interfaces/msg/detail/current_positions__struct.h
[3.205s] -- Up-to-date: /home/k/Desktop/Zeb05/Zebulon05/ros_packages_full/install/maestro_interfaces/include/maestro_interfaces/maestro_interfaces/msg/detail/maestro_target__type_support.h
[3.205s] -- Up-to-date: /home/k/Desktop/Zeb05/Zebulon05/ros_packages_full/install/maestro_interfaces/include/maestro_interfaces/maestro_interfaces/msg/detail/maestro_target__struct.h
[3.206s] -- Up-to-date: /home/k/Desktop/Zeb05/Zebulon05/ros_packages_full/install/maestro_interfaces/include/maestro_interfaces/maestro_interfaces/msg/detail/maestro_target__functions.h
[3.206s] -- Up-to-date: /home/k/Desktop/Zeb05/Zebulon05/ros_packages_full/install/maestro_interfaces/include/maestro_interfaces/maestro_interfaces/msg/detail/current_positions__functions.h
[3.207s] -- Up-to-date: /home/k/Desktop/Zeb05/Zebulon05/ros_packages_full/install/maestro_interfaces/include/maestro_interfaces/maestro_interfaces/msg/current_positions.h
[3.208s] -- Up-to-date: /home/k/Desktop/Zeb05/Zebulon05/ros_packages_full/install/maestro_interfaces/share/maestro_interfaces/environment/library_path.sh
[3.208s] -- Up-to-date: /home/k/Desktop/Zeb05/Zebulon05/ros_packages_full/install/maestro_interfaces/share/maestro_interfaces/environment/library_path.dsv
[3.212s] -- Up-to-date: /home/k/Desktop/Zeb05/Zebulon05/ros_packages_full/install/maestro_interfaces/lib/libmaestro_interfaces__rosidl_generator_c.so
[3.213s] -- Up-to-date: /home/k/Desktop/Zeb05/Zebulon05/ros_packages_full/install/maestro_interfaces/include/maestro_interfaces/maestro_interfaces
[3.214s] -- Up-to-date: /home/k/Desktop/Zeb05/Zebulon05/ros_packages_full/install/maestro_interfaces/include/maestro_interfaces/maestro_interfaces/msg
[3.215s] -- Up-to-date: /home/k/Desktop/Zeb05/Zebulon05/ros_packages_full/install/maestro_interfaces/include/maestro_interfaces/maestro_interfaces/msg/rosidl_typesupport_fastrtps_c__visibility_control.h
[3.215s] -- Up-to-date: /home/k/Desktop/Zeb05/Zebulon05/ros_packages_full/install/maestro_interfaces/include/maestro_interfaces/maestro_interfaces/msg/detail
[3.216s] -- Up-to-date: /home/k/Desktop/Zeb05/Zebulon05/ros_packages_full/install/maestro_interfaces/include/maestro_interfaces/maestro_interfaces/msg/detail/maestro_target__rosidl_typesupport_fastrtps_c.h
[3.217s] -- Up-to-date: /home/k/Desktop/Zeb05/Zebulon05/ros_packages_full/install/maestro_interfaces/include/maestro_interfaces/maestro_interfaces/msg/detail/current_positions__rosidl_typesupport_fastrtps_c.h
[3.220s] -- Up-to-date: /home/k/Desktop/Zeb05/Zebulon05/ros_packages_full/install/maestro_interfaces/lib/libmaestro_interfaces__rosidl_typesupport_fastrtps_c.so
[3.222s] -- Up-to-date: /home/k/Desktop/Zeb05/Zebulon05/ros_packages_full/install/maestro_interfaces/include/maestro_interfaces/maestro_interfaces
[3.223s] -- Up-to-date: /home/k/Desktop/Zeb05/Zebulon05/ros_packages_full/install/maestro_interfaces/include/maestro_interfaces/maestro_interfaces/msg
[3.223s] -- Up-to-date: /home/k/Desktop/Zeb05/Zebulon05/ros_packages_full/install/maestro_interfaces/include/maestro_interfaces/maestro_interfaces/msg/current_positions.hpp
[3.224s] -- Up-to-date: /home/k/Desktop/Zeb05/Zebulon05/ros_packages_full/install/maestro_interfaces/include/maestro_interfaces/maestro_interfaces/msg/maestro_target.hpp
[3.225s] -- Up-to-date: /home/k/Desktop/Zeb05/Zebulon05/ros_packages_full/install/maestro_interfaces/include/maestro_interfaces/maestro_interfaces/msg/detail
[3.225s] -- Up-to-date: /home/k/Desktop/Zeb05/Zebulon05/ros_packages_full/install/maestro_interfaces/include/maestro_interfaces/maestro_interfaces/msg/detail/current_positions__struct.hpp
[3.226s] -- Up-to-date: /home/k/Desktop/Zeb05/Zebulon05/ros_packages_full/install/maestro_interfaces/include/maestro_interfaces/maestro_interfaces/msg/detail/maestro_target__builder.hpp
[3.226s] -- Up-to-date: /home/k/Desktop/Zeb05/Zebulon05/ros_packages_full/install/maestro_interfaces/include/maestro_interfaces/maestro_interfaces/msg/detail/current_positions__traits.hpp
[3.227s] -- Up-to-date: /home/k/Desktop/Zeb05/Zebulon05/ros_packages_full/install/maestro_interfaces/include/maestro_interfaces/maestro_interfaces/msg/detail/maestro_target__traits.hpp
[3.227s] -- Up-to-date: /home/k/Desktop/Zeb05/Zebulon05/ros_packages_full/install/maestro_interfaces/include/maestro_interfaces/maestro_interfaces/msg/detail/current_positions__builder.hpp
[3.228s] -- Up-to-date: /home/k/Desktop/Zeb05/Zebulon05/ros_packages_full/install/maestro_interfaces/include/maestro_interfaces/maestro_interfaces/msg/detail/maestro_target__struct.hpp
[3.228s] -- Up-to-date: /home/k/Desktop/Zeb05/Zebulon05/ros_packages_full/install/maestro_interfaces/include/maestro_interfaces/maestro_interfaces
[3.229s] -- Up-to-date: /home/k/Desktop/Zeb05/Zebulon05/ros_packages_full/install/maestro_interfaces/include/maestro_interfaces/maestro_interfaces/msg
[3.230s] -- Up-to-date: /home/k/Desktop/Zeb05/Zebulon05/ros_packages_full/install/maestro_interfaces/include/maestro_interfaces/maestro_interfaces/msg/rosidl_typesupport_fastrtps_cpp__visibility_control.h
[3.230s] -- Up-to-date: /home/k/Desktop/Zeb05/Zebulon05/ros_packages_full/install/maestro_interfaces/include/maestro_interfaces/maestro_interfaces/msg/detail
[3.231s] -- Up-to-date: /home/k/Desktop/Zeb05/Zebulon05/ros_packages_full/install/maestro_interfaces/include/maestro_interfaces/maestro_interfaces/msg/detail/maestro_target__rosidl_typesupport_fastrtps_cpp.hpp
[3.231s] -- Up-to-date: /home/k/Desktop/Zeb05/Zebulon05/ros_packages_full/install/maestro_interfaces/include/maestro_interfaces/maestro_interfaces/msg/detail/current_positions__rosidl_typesupport_fastrtps_cpp.hpp
[3.232s] -- Up-to-date: /home/k/Desktop/Zeb05/Zebulon05/ros_packages_full/install/maestro_interfaces/include/maestro_interfaces/maestro_interfaces/msg/detail/dds_fastrtps
[3.236s] -- Up-to-date: /home/k/Desktop/Zeb05/Zebulon05/ros_packages_full/install/maestro_interfaces/lib/libmaestro_interfaces__rosidl_typesupport_fastrtps_cpp.so
[3.237s] -- Up-to-date: /home/k/Desktop/Zeb05/Zebulon05/ros_packages_full/install/maestro_interfaces/include/maestro_interfaces/maestro_interfaces
[3.238s] -- Up-to-date: /home/k/Desktop/Zeb05/Zebulon05/ros_packages_full/install/maestro_interfaces/include/maestro_interfaces/maestro_interfaces/msg
[3.239s] -- Up-to-date: /home/k/Desktop/Zeb05/Zebulon05/ros_packages_full/install/maestro_interfaces/include/maestro_interfaces/maestro_interfaces/msg/rosidl_typesupport_introspection_c__visibility_control.h
[3.239s] -- Up-to-date: /home/k/Desktop/Zeb05/Zebulon05/ros_packages_full/install/maestro_interfaces/include/maestro_interfaces/maestro_interfaces/msg/detail
[3.240s] -- Up-to-date: /home/k/Desktop/Zeb05/Zebulon05/ros_packages_full/install/maestro_interfaces/include/maestro_interfaces/maestro_interfaces/msg/detail/current_positions__type_support.c
[3.240s] -- Up-to-date: /home/k/Desktop/Zeb05/Zebulon05/ros_packages_full/install/maestro_interfaces/include/maestro_interfaces/maestro_interfaces/msg/detail/current_positions__rosidl_typesupport_introspection_c.h
[3.241s] -- Up-to-date: /home/k/Desktop/Zeb05/Zebulon05/ros_packages_full/install/maestro_interfaces/include/maestro_interfaces/maestro_interfaces/msg/detail/maestro_target__rosidl_typesupport_introspection_c.h
[3.241s] -- Up-to-date: /home/k/Desktop/Zeb05/Zebulon05/ros_packages_full/install/maestro_interfaces/include/maestro_interfaces/maestro_interfaces/msg/detail/maestro_target__type_support.c
[3.244s] -- Up-to-date: /home/k/Desktop/Zeb05/Zebulon05/ros_packages_full/install/maestro_interfaces/lib/libmaestro_interfaces__rosidl_typesupport_introspection_c.so
[3.248s] -- Up-to-date: /home/k/Desktop/Zeb05/Zebulon05/ros_packages_full/install/maestro_interfaces/lib/libmaestro_interfaces__rosidl_typesupport_c.so
[3.249s] -- Up-to-date: /home/k/Desktop/Zeb05/Zebulon05/ros_packages_full/install/maestro_interfaces/include/maestro_interfaces/maestro_interfaces
[3.250s] -- Up-to-date: /home/k/Desktop/Zeb05/Zebulon05/ros_packages_full/install/maestro_interfaces/include/maestro_interfaces/maestro_interfaces/msg
[3.250s] -- Up-to-date: /home/k/Desktop/Zeb05/Zebulon05/ros_packages_full/install/maestro_interfaces/include/maestro_interfaces/maestro_interfaces/msg/detail
[3.251s] -- Up-to-date: /home/k/Desktop/Zeb05/Zebulon05/ros_packages_full/install/maestro_interfaces/include/maestro_interfaces/maestro_interfaces/msg/detail/maestro_target__rosidl_typesupport_introspection_cpp.hpp
[3.252s] -- Up-to-date: /home/k/Desktop/Zeb05/Zebulon05/ros_packages_full/install/maestro_interfaces/include/maestro_interfaces/maestro_interfaces/msg/detail/maestro_target__type_support.cpp
[3.252s] -- Up-to-date: /home/k/Desktop/Zeb05/Zebulon05/ros_packages_full/install/maestro_interfaces/include/maestro_interfaces/maestro_interfaces/msg/detail/current_positions__type_support.cpp
[3.253s] -- Up-to-date: /home/k/Desktop/Zeb05/Zebulon05/ros_packages_full/install/maestro_interfaces/include/maestro_interfaces/maestro_interfaces/msg/detail/current_positions__rosidl_typesupport_introspection_cpp.hpp
[3.256s] -- Up-to-date: /home/k/Desktop/Zeb05/Zebulon05/ros_packages_full/install/maestro_interfaces/lib/libmaestro_interfaces__rosidl_typesupport_introspection_cpp.so
[3.260s] -- Up-to-date: /home/k/Desktop/Zeb05/Zebulon05/ros_packages_full/install/maestro_interfaces/lib/libmaestro_interfaces__rosidl_typesupport_cpp.so
[3.262s] -- Up-to-date: /home/k/Desktop/Zeb05/Zebulon05/ros_packages_full/install/maestro_interfaces/share/maestro_interfaces/environment/pythonpath.sh
[3.262s] -- Up-to-date: /home/k/Desktop/Zeb05/Zebulon05/ros_packages_full/install/maestro_interfaces/share/maestro_interfaces/environment/pythonpath.dsv
[3.263s] -- Up-to-date: /home/k/Desktop/Zeb05/Zebulon05/ros_packages_full/install/maestro_interfaces/local/lib/python3.10/dist-packages/maestro_interfaces-0.0.0-py3.10.egg-info
[3.264s] -- Installing: /home/k/Desktop/Zeb05/Zebulon05/ros_packages_full/install/maestro_interfaces/local/lib/python3.10/dist-packages/maestro_interfaces-0.0.0-py3.10.egg-info/PKG-INFO
[3.266s] -- Installing: /home/k/Desktop/Zeb05/Zebulon05/ros_packages_full/install/maestro_interfaces/local/lib/python3.10/dist-packages/maestro_interfaces-0.0.0-py3.10.egg-info/top_level.txt
[3.267s] -- Installing: /home/k/Desktop/Zeb05/Zebulon05/ros_packages_full/install/maestro_interfaces/local/lib/python3.10/dist-packages/maestro_interfaces-0.0.0-py3.10.egg-info/SOURCES.txt
[3.269s] -- Installing: /home/k/Desktop/Zeb05/Zebulon05/ros_packages_full/install/maestro_interfaces/local/lib/python3.10/dist-packages/maestro_interfaces-0.0.0-py3.10.egg-info/dependency_links.txt
[3.271s] -- Up-to-date: /home/k/Desktop/Zeb05/Zebulon05/ros_packages_full/install/maestro_interfaces/local/lib/python3.10/dist-packages/maestro_interfaces
[3.272s] -- Up-to-date: /home/k/Desktop/Zeb05/Zebulon05/ros_packages_full/install/maestro_interfaces/local/lib/python3.10/dist-packages/maestro_interfaces/maestro_interfaces_s__rosidl_typesupport_fastrtps_c.cpython-310-aarch64-linux-gnu.so
[3.272s] -- Up-to-date: /home/k/Desktop/Zeb05/Zebulon05/ros_packages_full/install/maestro_interfaces/local/lib/python3.10/dist-packages/maestro_interfaces/_maestro_interfaces_s.ep.rosidl_typesupport_introspection_c.c
[3.273s] -- Up-to-date: /home/k/Desktop/Zeb05/Zebulon05/ros_packages_full/install/maestro_interfaces/local/lib/python3.10/dist-packages/maestro_interfaces/_maestro_interfaces_s.ep.rosidl_typesupport_c.c
[3.273s] -- Up-to-date: /home/k/Desktop/Zeb05/Zebulon05/ros_packages_full/install/maestro_interfaces/local/lib/python3.10/dist-packages/maestro_interfaces/msg
[3.274s] -- Up-to-date: /home/k/Desktop/Zeb05/Zebulon05/ros_packages_full/install/maestro_interfaces/local/lib/python3.10/dist-packages/maestro_interfaces/msg/_current_positions_s.c
[3.274s] -- Up-to-date: /home/k/Desktop/Zeb05/Zebulon05/ros_packages_full/install/maestro_interfaces/local/lib/python3.10/dist-packages/maestro_interfaces/msg/_current_positions.py
[3.275s] -- Up-to-date: /home/k/Desktop/Zeb05/Zebulon05/ros_packages_full/install/maestro_interfaces/local/lib/python3.10/dist-packages/maestro_interfaces/msg/__init__.py
[3.275s] -- Up-to-date: /home/k/Desktop/Zeb05/Zebulon05/ros_packages_full/install/maestro_interfaces/local/lib/python3.10/dist-packages/maestro_interfaces/msg/_maestro_target_s.c
[3.276s] -- Up-to-date: /home/k/Desktop/Zeb05/Zebulon05/ros_packages_full/install/maestro_interfaces/local/lib/python3.10/dist-packages/maestro_interfaces/msg/_maestro_target.py
[3.276s] -- Up-to-date: /home/k/Desktop/Zeb05/Zebulon05/ros_packages_full/install/maestro_interfaces/local/lib/python3.10/dist-packages/maestro_interfaces/__init__.py
[3.277s] -- Up-to-date: /home/k/Desktop/Zeb05/Zebulon05/ros_packages_full/install/maestro_interfaces/local/lib/python3.10/dist-packages/maestro_interfaces/maestro_interfaces_s__rosidl_typesupport_c.cpython-310-aarch64-linux-gnu.so
[3.277s] -- Up-to-date: /home/k/Desktop/Zeb05/Zebulon05/ros_packages_full/install/maestro_interfaces/local/lib/python3.10/dist-packages/maestro_interfaces/libmaestro_interfaces__rosidl_generator_py.so
[3.278s] -- Up-to-date: /home/k/Desktop/Zeb05/Zebulon05/ros_packages_full/install/maestro_interfaces/local/lib/python3.10/dist-packages/maestro_interfaces/maestro_interfaces_s__rosidl_typesupport_introspection_c.cpython-310-aarch64-linux-gnu.so
[3.278s] -- Up-to-date: /home/k/Desktop/Zeb05/Zebulon05/ros_packages_full/install/maestro_interfaces/local/lib/python3.10/dist-packages/maestro_interfaces/_maestro_interfaces_s.ep.rosidl_typesupport_fastrtps_c.c
[3.437s] Listing '/home/k/Desktop/Zeb05/Zebulon05/ros_packages_full/install/maestro_interfaces/local/lib/python3.10/dist-packages/maestro_interfaces'...
[3.438s] Listing '/home/k/Desktop/Zeb05/Zebulon05/ros_packages_full/install/maestro_interfaces/local/lib/python3.10/dist-packages/maestro_interfaces/msg'...
[3.464s] -- Up-to-date: /home/k/Desktop/Zeb05/Zebulon05/ros_packages_full/install/maestro_interfaces/local/lib/python3.10/dist-packages/maestro_interfaces/maestro_interfaces_s__rosidl_typesupport_fastrtps_c.cpython-310-aarch64-linux-gnu.so
[3.469s] -- Up-to-date: /home/k/Desktop/Zeb05/Zebulon05/ros_packages_full/install/maestro_interfaces/local/lib/python3.10/dist-packages/maestro_interfaces/maestro_interfaces_s__rosidl_typesupport_introspection_c.cpython-310-aarch64-linux-gnu.so
[3.473s] -- Up-to-date: /home/k/Desktop/Zeb05/Zebulon05/ros_packages_full/install/maestro_interfaces/local/lib/python3.10/dist-packages/maestro_interfaces/maestro_interfaces_s__rosidl_typesupport_c.cpython-310-aarch64-linux-gnu.so
[3.478s] -- Up-to-date: /home/k/Desktop/Zeb05/Zebulon05/ros_packages_full/install/maestro_interfaces/lib/libmaestro_interfaces__rosidl_generator_py.so
[3.480s] -- Up-to-date: /home/k/Desktop/Zeb05/Zebulon05/ros_packages_full/install/maestro_interfaces/share/maestro_interfaces/msg/CurrentPositions.idl
[3.480s] -- Up-to-date: /home/k/Desktop/Zeb05/Zebulon05/ros_packages_full/install/maestro_interfaces/share/maestro_interfaces/msg/MaestroTarget.idl
[3.481s] -- Up-to-date: /home/k/Desktop/Zeb05/Zebulon05/ros_packages_full/install/maestro_interfaces/share/maestro_interfaces/msg/CurrentPositions.msg
[3.482s] -- Up-to-date: /home/k/Desktop/Zeb05/Zebulon05/ros_packages_full/install/maestro_interfaces/share/maestro_interfaces/msg/MaestroTarget.msg
[3.482s] -- Up-to-date: /home/k/Desktop/Zeb05/Zebulon05/ros_packages_full/install/maestro_interfaces/share/ament_index/resource_index/package_run_dependencies/maestro_interfaces
[3.483s] -- Up-to-date: /home/k/Desktop/Zeb05/Zebulon05/ros_packages_full/install/maestro_interfaces/share/ament_index/resource_index/parent_prefix_path/maestro_interfaces
[3.484s] -- Up-to-date: /home/k/Desktop/Zeb05/Zebulon05/ros_packages_full/install/maestro_interfaces/share/maestro_interfaces/environment/ament_prefix_path.sh
[3.484s] -- Up-to-date: /home/k/Desktop/Zeb05/Zebulon05/ros_packages_full/install/maestro_interfaces/share/maestro_interfaces/environment/ament_prefix_path.dsv
[3.485s] -- Up-to-date: /home/k/Desktop/Zeb05/Zebulon05/ros_packages_full/install/maestro_interfaces/share/maestro_interfaces/environment/path.sh
[3.486s] -- Up-to-date: /home/k/Desktop/Zeb05/Zebulon05/ros_packages_full/install/maestro_interfaces/share/maestro_interfaces/environment/path.dsv
[3.486s] -- Up-to-date: /home/k/Desktop/Zeb05/Zebulon05/ros_packages_full/install/maestro_interfaces/share/maestro_interfaces/local_setup.bash
[3.487s] -- Up-to-date: /home/k/Desktop/Zeb05/Zebulon05/ros_packages_full/install/maestro_interfaces/share/maestro_interfaces/local_setup.sh
[3.487s] -- Up-to-date: /home/k/Desktop/Zeb05/Zebulon05/ros_packages_full/install/maestro_interfaces/share/maestro_interfaces/local_setup.zsh
[3.488s] -- Up-to-date: /home/k/Desktop/Zeb05/Zebulon05/ros_packages_full/install/maestro_interfaces/share/maestro_interfaces/local_setup.dsv
[3.488s] -- Installing: /home/k/Desktop/Zeb05/Zebulon05/ros_packages_full/install/maestro_interfaces/share/maestro_interfaces/package.dsv
[3.491s] -- Up-to-date: /home/k/Desktop/Zeb05/Zebulon05/ros_packages_full/install/maestro_interfaces/share/ament_index/resource_index/packages/maestro_interfaces
[3.494s] -- Up-to-date: /home/k/Desktop/Zeb05/Zebulon05/ros_packages_full/install/maestro_interfaces/share/maestro_interfaces/cmake/export_maestro_interfaces__rosidl_generator_cExport.cmake
[3.494s] -- Up-to-date: /home/k/Desktop/Zeb05/Zebulon05/ros_packages_full/install/maestro_interfaces/share/maestro_interfaces/cmake/export_maestro_interfaces__rosidl_generator_cExport-noconfig.cmake
[3.498s] -- Up-to-date: /home/k/Desktop/Zeb05/Zebulon05/ros_packages_full/install/maestro_interfaces/share/maestro_interfaces/cmake/export_maestro_interfaces__rosidl_typesupport_fastrtps_cExport.cmake
[3.498s] -- Up-to-date: /home/k/Desktop/Zeb05/Zebulon05/ros_packages_full/install/maestro_interfaces/share/maestro_interfaces/cmake/export_maestro_interfaces__rosidl_typesupport_fastrtps_cExport-noconfig.cmake
[3.501s] -- Up-to-date: /home/k/Desktop/Zeb05/Zebulon05/ros_packages_full/install/maestro_interfaces/share/maestro_interfaces/cmake/export_maestro_interfaces__rosidl_generator_cppExport.cmake
[3.504s] -- Up-to-date: /home/k/Desktop/Zeb05/Zebulon05/ros_packages_full/install/maestro_interfaces/share/maestro_interfaces/cmake/export_maestro_interfaces__rosidl_typesupport_fastrtps_cppExport.cmake
[3.505s] -- Up-to-date: /home/k/Desktop/Zeb05/Zebulon05/ros_packages_full/install/maestro_interfaces/share/maestro_interfaces/cmake/export_maestro_interfaces__rosidl_typesupport_fastrtps_cppExport-noconfig.cmake
[3.508s] -- Up-to-date: /home/k/Desktop/Zeb05/Zebulon05/ros_packages_full/install/maestro_interfaces/share/maestro_interfaces/cmake/maestro_interfaces__rosidl_typesupport_introspection_cExport.cmake
[3.509s] -- Up-to-date: /home/k/Desktop/Zeb05/Zebulon05/ros_packages_full/install/maestro_interfaces/share/maestro_interfaces/cmake/maestro_interfaces__rosidl_typesupport_introspection_cExport-noconfig.cmake
[3.512s] -- Up-to-date: /home/k/Desktop/Zeb05/Zebulon05/ros_packages_full/install/maestro_interfaces/share/maestro_interfaces/cmake/maestro_interfaces__rosidl_typesupport_cExport.cmake
[3.513s] -- Up-to-date: /home/k/Desktop/Zeb05/Zebulon05/ros_packages_full/install/maestro_interfaces/share/maestro_interfaces/cmake/maestro_interfaces__rosidl_typesupport_cExport-noconfig.cmake
[3.516s] -- Up-to-date: /home/k/Desktop/Zeb05/Zebulon05/ros_packages_full/install/maestro_interfaces/share/maestro_interfaces/cmake/maestro_interfaces__rosidl_typesupport_introspection_cppExport.cmake
[3.517s] -- Up-to-date: /home/k/Desktop/Zeb05/Zebulon05/ros_packages_full/install/maestro_interfaces/share/maestro_interfaces/cmake/maestro_interfaces__rosidl_typesupport_introspection_cppExport-noconfig.cmake
[3.520s] -- Up-to-date: /home/k/Desktop/Zeb05/Zebulon05/ros_packages_full/install/maestro_interfaces/share/maestro_interfaces/cmake/maestro_interfaces__rosidl_typesupport_cppExport.cmake
[3.521s] -- Up-to-date: /home/k/Desktop/Zeb05/Zebulon05/ros_packages_full/install/maestro_interfaces/share/maestro_interfaces/cmake/maestro_interfaces__rosidl_typesupport_cppExport-noconfig.cmake
[3.524s] -- Up-to-date: /home/k/Desktop/Zeb05/Zebulon05/ros_packages_full/install/maestro_interfaces/share/maestro_interfaces/cmake/export_maestro_interfaces__rosidl_generator_pyExport.cmake
[3.525s] -- Up-to-date: /home/k/Desktop/Zeb05/Zebulon05/ros_packages_full/install/maestro_interfaces/share/maestro_interfaces/cmake/export_maestro_interfaces__rosidl_generator_pyExport-noconfig.cmake
[3.526s] -- Up-to-date: /home/k/Desktop/Zeb05/Zebulon05/ros_packages_full/install/maestro_interfaces/share/maestro_interfaces/cmake/rosidl_cmake-extras.cmake
[3.527s] -- Up-to-date: /home/k/Desktop/Zeb05/Zebulon05/ros_packages_full/install/maestro_interfaces/share/maestro_interfaces/cmake/ament_cmake_export_dependencies-extras.cmake
[3.527s] -- Up-to-date: /home/k/Desktop/Zeb05/Zebulon05/ros_packages_full/install/maestro_interfaces/share/maestro_interfaces/cmake/ament_cmake_export_include_directories-extras.cmake
[3.528s] -- Up-to-date: /home/k/Desktop/Zeb05/Zebulon05/ros_packages_full/install/maestro_interfaces/share/maestro_interfaces/cmake/ament_cmake_export_libraries-extras.cmake
[3.529s] -- Up-to-date: /home/k/Desktop/Zeb05/Zebulon05/ros_packages_full/install/maestro_interfaces/share/maestro_interfaces/cmake/ament_cmake_export_targets-extras.cmake
[3.529s] -- Up-to-date: /home/k/Desktop/Zeb05/Zebulon05/ros_packages_full/install/maestro_interfaces/share/maestro_interfaces/cmake/rosidl_cmake_export_typesupport_targets-extras.cmake
[3.530s] -- Up-to-date: /home/k/Desktop/Zeb05/Zebulon05/ros_packages_full/install/maestro_interfaces/share/maestro_interfaces/cmake/rosidl_cmake_export_typesupport_libraries-extras.cmake
[3.531s] -- Up-to-date: /home/k/Desktop/Zeb05/Zebulon05/ros_packages_full/install/maestro_interfaces/share/maestro_interfaces/cmake/maestro_interfacesConfig.cmake
[3.531s] -- Up-to-date: /home/k/Desktop/Zeb05/Zebulon05/ros_packages_full/install/maestro_interfaces/share/maestro_interfaces/cmake/maestro_interfacesConfig-version.cmake
[3.532s] -- Up-to-date: /home/k/Desktop/Zeb05/Zebulon05/ros_packages_full/install/maestro_interfaces/share/maestro_interfaces/package.xml
[3.551s] Invoked command in '/home/k/Desktop/Zeb05/Zebulon05/ros_packages_full/build/maestro_interfaces' returned '0': CMAKE_PREFIX_PATH=/opt/ros/humble /usr/bin/cmake --install /home/k/Desktop/Zeb05/Zebulon05/ros_packages_full/build/maestro_interfaces
