[0.088s] Invoking command in '/home/k/Desktop/Zeb05/Zebulon05/ros_packages_full/build/turtlesim': CMAKE_PREFIX_PATH=${CMAKE_PREFIX_PATH}:/opt/ros/humble /usr/bin/cmake --build /home/k/Desktop/Zeb05/Zebulon05/ros_packages_full/build/turtlesim -- -j4 -l4
[0.385s] [  1%] Built target turtlesim__cpp
[0.410s] [ 11%] Built target turtlesim__rosidl_generator_c
[0.473s] [ 11%] Built target ament_cmake_python_copy_turtlesim
[0.539s] [ 21%] Built target turtlesim__rosidl_typesupport_cpp
[0.552s] [ 31%] Built target turtlesim__rosidl_typesupport_fastrtps_cpp
[0.573s] [ 41%] Built target turtlesim__rosidl_typesupport_introspection_cpp
[0.634s] [ 51%] Built target turtlesim__rosidl_typesupport_fastrtps_c
[0.682s] [ 61%] Built target turtlesim__rosidl_typesupport_introspection_c
[0.693s] [ 71%] Built target turtlesim__rosidl_typesupport_c
[0.732s] [35m[1mConsolidate compiler generated dependencies of target turtlesim_node[0m
[0.850s] [ 73%] Built target turtle_teleop_key
[0.862s] [ 75%] Built target draw_square
[0.935s] [ 81%] Built target turtlesim_node
[0.977s] [ 81%] Built target turtlesim
[1.007s] [ 83%] Built target mimic
[1.083s] [ 84%] Built target turtlesim__py
[1.206s] [ 93%] Built target turtlesim__rosidl_generator_py
[1.328s] [ 95%] Built target turtlesim__rosidl_typesupport_fastrtps_c__pyext
[1.331s] [ 97%] Built target turtlesim__rosidl_typesupport_introspection_c__pyext
[1.335s] [100%] Built target turtlesim__rosidl_typesupport_c__pyext
[2.062s] running egg_info
[2.069s] writing turtlesim.egg-info/PKG-INFO
[2.070s] writing dependency_links to turtlesim.egg-info/dependency_links.txt
[2.071s] writing top-level names to turtlesim.egg-info/top_level.txt
[2.102s] reading manifest file 'turtlesim.egg-info/SOURCES.txt'
[2.107s] writing manifest file 'turtlesim.egg-info/SOURCES.txt'
[2.243s] [100%] Built target ament_cmake_python_build_turtlesim_egg
[2.298s] Invoked command in '/home/k/Desktop/Zeb05/Zebulon05/ros_packages_full/build/turtlesim' returned '0': CMAKE_PREFIX_PATH=${CMAKE_PREFIX_PATH}:/opt/ros/humble /usr/bin/cmake --build /home/k/Desktop/Zeb05/Zebulon05/ros_packages_full/build/turtlesim -- -j4 -l4
[3.761s] Invoking command in '/home/k/Desktop/Zeb05/Zebulon05/ros_packages_full/build/turtlesim': CMAKE_PREFIX_PATH=${CMAKE_PREFIX_PATH}:/opt/ros/humble /usr/bin/cmake --install /home/k/Desktop/Zeb05/Zebulon05/ros_packages_full/build/turtlesim
[3.799s] -- Install configuration: ""
[3.799s] -- Up-to-date: /home/k/Desktop/Zeb05/Zebulon05/ros_packages_full/install/turtlesim/share/ament_index/resource_index/rosidl_interfaces/turtlesim
[3.800s] -- Up-to-date: /home/k/Desktop/Zeb05/Zebulon05/ros_packages_full/install/turtlesim/include/turtlesim/turtlesim
[3.800s] -- Up-to-date: /home/k/Desktop/Zeb05/Zebulon05/ros_packages_full/install/turtlesim/include/turtlesim/turtlesim/srv
[3.801s] -- Up-to-date: /home/k/Desktop/Zeb05/Zebulon05/ros_packages_full/install/turtlesim/include/turtlesim/turtlesim/srv/kill.h
[3.801s] -- Up-to-date: /home/k/Desktop/Zeb05/Zebulon05/ros_packages_full/install/turtlesim/include/turtlesim/turtlesim/srv/teleport_relative.h
[3.801s] -- Up-to-date: /home/k/Desktop/Zeb05/Zebulon05/ros_packages_full/install/turtlesim/include/turtlesim/turtlesim/srv/detail
[3.802s] -- Up-to-date: /home/k/Desktop/Zeb05/Zebulon05/ros_packages_full/install/turtlesim/include/turtlesim/turtlesim/srv/detail/teleport_absolute__type_support.h
[3.802s] -- Up-to-date: /home/k/Desktop/Zeb05/Zebulon05/ros_packages_full/install/turtlesim/include/turtlesim/turtlesim/srv/detail/set_pen__type_support.h
[3.803s] -- Up-to-date: /home/k/Desktop/Zeb05/Zebulon05/ros_packages_full/install/turtlesim/include/turtlesim/turtlesim/srv/detail/spawn__struct.h
[3.803s] -- Up-to-date: /home/k/Desktop/Zeb05/Zebulon05/ros_packages_full/install/turtlesim/include/turtlesim/turtlesim/srv/detail/spawn__functions.c
[3.804s] -- Up-to-date: /home/k/Desktop/Zeb05/Zebulon05/ros_packages_full/install/turtlesim/include/turtlesim/turtlesim/srv/detail/set_pen__struct.h
[3.804s] -- Up-to-date: /home/k/Desktop/Zeb05/Zebulon05/ros_packages_full/install/turtlesim/include/turtlesim/turtlesim/srv/detail/kill__functions.c
[3.805s] -- Up-to-date: /home/k/Desktop/Zeb05/Zebulon05/ros_packages_full/install/turtlesim/include/turtlesim/turtlesim/srv/detail/kill__type_support.h
[3.805s] -- Up-to-date: /home/k/Desktop/Zeb05/Zebulon05/ros_packages_full/install/turtlesim/include/turtlesim/turtlesim/srv/detail/teleport_relative__functions.c
[3.806s] -- Up-to-date: /home/k/Desktop/Zeb05/Zebulon05/ros_packages_full/install/turtlesim/include/turtlesim/turtlesim/srv/detail/spawn__type_support.h
[3.806s] -- Up-to-date: /home/k/Desktop/Zeb05/Zebulon05/ros_packages_full/install/turtlesim/include/turtlesim/turtlesim/srv/detail/teleport_relative__functions.h
[3.806s] -- Up-to-date: /home/k/Desktop/Zeb05/Zebulon05/ros_packages_full/install/turtlesim/include/turtlesim/turtlesim/srv/detail/teleport_absolute__struct.h
[3.807s] -- Up-to-date: /home/k/Desktop/Zeb05/Zebulon05/ros_packages_full/install/turtlesim/include/turtlesim/turtlesim/srv/detail/set_pen__functions.c
[3.807s] -- Up-to-date: /home/k/Desktop/Zeb05/Zebulon05/ros_packages_full/install/turtlesim/include/turtlesim/turtlesim/srv/detail/kill__struct.h
[3.808s] -- Up-to-date: /home/k/Desktop/Zeb05/Zebulon05/ros_packages_full/install/turtlesim/include/turtlesim/turtlesim/srv/detail/teleport_relative__type_support.h
[3.808s] -- Up-to-date: /home/k/Desktop/Zeb05/Zebulon05/ros_packages_full/install/turtlesim/include/turtlesim/turtlesim/srv/detail/teleport_absolute__functions.c
[3.809s] -- Up-to-date: /home/k/Desktop/Zeb05/Zebulon05/ros_packages_full/install/turtlesim/include/turtlesim/turtlesim/srv/detail/teleport_relative__struct.h
[3.809s] -- Up-to-date: /home/k/Desktop/Zeb05/Zebulon05/ros_packages_full/install/turtlesim/include/turtlesim/turtlesim/srv/detail/spawn__functions.h
[3.810s] -- Up-to-date: /home/k/Desktop/Zeb05/Zebulon05/ros_packages_full/install/turtlesim/include/turtlesim/turtlesim/srv/detail/set_pen__functions.h
[3.810s] -- Up-to-date: /home/k/Desktop/Zeb05/Zebulon05/ros_packages_full/install/turtlesim/include/turtlesim/turtlesim/srv/detail/kill__functions.h
[3.810s] -- Up-to-date: /home/k/Desktop/Zeb05/Zebulon05/ros_packages_full/install/turtlesim/include/turtlesim/turtlesim/srv/detail/teleport_absolute__functions.h
[3.811s] -- Up-to-date: /home/k/Desktop/Zeb05/Zebulon05/ros_packages_full/install/turtlesim/include/turtlesim/turtlesim/srv/set_pen.h
[3.811s] -- Up-to-date: /home/k/Desktop/Zeb05/Zebulon05/ros_packages_full/install/turtlesim/include/turtlesim/turtlesim/srv/spawn.h
[3.812s] -- Up-to-date: /home/k/Desktop/Zeb05/Zebulon05/ros_packages_full/install/turtlesim/include/turtlesim/turtlesim/srv/teleport_absolute.h
[3.812s] -- Up-to-date: /home/k/Desktop/Zeb05/Zebulon05/ros_packages_full/install/turtlesim/include/turtlesim/turtlesim/action
[3.812s] -- Up-to-date: /home/k/Desktop/Zeb05/Zebulon05/ros_packages_full/install/turtlesim/include/turtlesim/turtlesim/action/rotate_absolute.h
[3.813s] -- Up-to-date: /home/k/Desktop/Zeb05/Zebulon05/ros_packages_full/install/turtlesim/include/turtlesim/turtlesim/action/detail
[3.813s] -- Up-to-date: /home/k/Desktop/Zeb05/Zebulon05/ros_packages_full/install/turtlesim/include/turtlesim/turtlesim/action/detail/rotate_absolute__functions.h
[3.814s] -- Up-to-date: /home/k/Desktop/Zeb05/Zebulon05/ros_packages_full/install/turtlesim/include/turtlesim/turtlesim/action/detail/rotate_absolute__struct.h
[3.814s] -- Up-to-date: /home/k/Desktop/Zeb05/Zebulon05/ros_packages_full/install/turtlesim/include/turtlesim/turtlesim/action/detail/rotate_absolute__functions.c
[3.814s] -- Up-to-date: /home/k/Desktop/Zeb05/Zebulon05/ros_packages_full/install/turtlesim/include/turtlesim/turtlesim/action/detail/rotate_absolute__type_support.h
[3.815s] -- Up-to-date: /home/k/Desktop/Zeb05/Zebulon05/ros_packages_full/install/turtlesim/include/turtlesim/turtlesim/msg
[3.815s] -- Up-to-date: /home/k/Desktop/Zeb05/Zebulon05/ros_packages_full/install/turtlesim/include/turtlesim/turtlesim/msg/rosidl_generator_c__visibility_control.h
[3.816s] -- Up-to-date: /home/k/Desktop/Zeb05/Zebulon05/ros_packages_full/install/turtlesim/include/turtlesim/turtlesim/msg/color.h
[3.816s] -- Up-to-date: /home/k/Desktop/Zeb05/Zebulon05/ros_packages_full/install/turtlesim/include/turtlesim/turtlesim/msg/detail
[3.817s] -- Up-to-date: /home/k/Desktop/Zeb05/Zebulon05/ros_packages_full/install/turtlesim/include/turtlesim/turtlesim/msg/detail/pose__type_support.h
[3.817s] -- Up-to-date: /home/k/Desktop/Zeb05/Zebulon05/ros_packages_full/install/turtlesim/include/turtlesim/turtlesim/msg/detail/color__type_support.h
[3.818s] -- Up-to-date: /home/k/Desktop/Zeb05/Zebulon05/ros_packages_full/install/turtlesim/include/turtlesim/turtlesim/msg/detail/color__struct.h
[3.818s] -- Up-to-date: /home/k/Desktop/Zeb05/Zebulon05/ros_packages_full/install/turtlesim/include/turtlesim/turtlesim/msg/detail/color__functions.h
[3.818s] -- Up-to-date: /home/k/Desktop/Zeb05/Zebulon05/ros_packages_full/install/turtlesim/include/turtlesim/turtlesim/msg/detail/pose__functions.c
[3.819s] -- Up-to-date: /home/k/Desktop/Zeb05/Zebulon05/ros_packages_full/install/turtlesim/include/turtlesim/turtlesim/msg/detail/pose__functions.h
[3.819s] -- Up-to-date: /home/k/Desktop/Zeb05/Zebulon05/ros_packages_full/install/turtlesim/include/turtlesim/turtlesim/msg/detail/pose__struct.h
[3.819s] -- Up-to-date: /home/k/Desktop/Zeb05/Zebulon05/ros_packages_full/install/turtlesim/include/turtlesim/turtlesim/msg/detail/color__functions.c
[3.820s] -- Up-to-date: /home/k/Desktop/Zeb05/Zebulon05/ros_packages_full/install/turtlesim/include/turtlesim/turtlesim/msg/pose.h
[3.820s] -- Up-to-date: /home/k/Desktop/Zeb05/Zebulon05/ros_packages_full/install/turtlesim/share/turtlesim/environment/library_path.sh
[3.821s] -- Up-to-date: /home/k/Desktop/Zeb05/Zebulon05/ros_packages_full/install/turtlesim/share/turtlesim/environment/library_path.dsv
[3.821s] -- Up-to-date: /home/k/Desktop/Zeb05/Zebulon05/ros_packages_full/install/turtlesim/lib/libturtlesim__rosidl_generator_c.so
[3.822s] -- Up-to-date: /home/k/Desktop/Zeb05/Zebulon05/ros_packages_full/install/turtlesim/include/turtlesim/turtlesim
[3.822s] -- Up-to-date: /home/k/Desktop/Zeb05/Zebulon05/ros_packages_full/install/turtlesim/include/turtlesim/turtlesim/srv
[3.823s] -- Up-to-date: /home/k/Desktop/Zeb05/Zebulon05/ros_packages_full/install/turtlesim/include/turtlesim/turtlesim/srv/detail
[3.824s] -- Up-to-date: /home/k/Desktop/Zeb05/Zebulon05/ros_packages_full/install/turtlesim/include/turtlesim/turtlesim/srv/detail/spawn__rosidl_typesupport_fastrtps_c.h
[3.825s] -- Up-to-date: /home/k/Desktop/Zeb05/Zebulon05/ros_packages_full/install/turtlesim/include/turtlesim/turtlesim/srv/detail/teleport_absolute__rosidl_typesupport_fastrtps_c.h
[3.825s] -- Up-to-date: /home/k/Desktop/Zeb05/Zebulon05/ros_packages_full/install/turtlesim/include/turtlesim/turtlesim/srv/detail/kill__rosidl_typesupport_fastrtps_c.h
[3.825s] -- Up-to-date: /home/k/Desktop/Zeb05/Zebulon05/ros_packages_full/install/turtlesim/include/turtlesim/turtlesim/srv/detail/teleport_relative__rosidl_typesupport_fastrtps_c.h
[3.826s] -- Up-to-date: /home/k/Desktop/Zeb05/Zebulon05/ros_packages_full/install/turtlesim/include/turtlesim/turtlesim/srv/detail/set_pen__rosidl_typesupport_fastrtps_c.h
[3.827s] -- Up-to-date: /home/k/Desktop/Zeb05/Zebulon05/ros_packages_full/install/turtlesim/include/turtlesim/turtlesim/action
[3.827s] -- Up-to-date: /home/k/Desktop/Zeb05/Zebulon05/ros_packages_full/install/turtlesim/include/turtlesim/turtlesim/action/detail
[3.828s] -- Up-to-date: /home/k/Desktop/Zeb05/Zebulon05/ros_packages_full/install/turtlesim/include/turtlesim/turtlesim/action/detail/rotate_absolute__rosidl_typesupport_fastrtps_c.h
[3.829s] -- Up-to-date: /home/k/Desktop/Zeb05/Zebulon05/ros_packages_full/install/turtlesim/include/turtlesim/turtlesim/msg
[3.829s] -- Up-to-date: /home/k/Desktop/Zeb05/Zebulon05/ros_packages_full/install/turtlesim/include/turtlesim/turtlesim/msg/rosidl_typesupport_fastrtps_c__visibility_control.h
[3.830s] -- Up-to-date: /home/k/Desktop/Zeb05/Zebulon05/ros_packages_full/install/turtlesim/include/turtlesim/turtlesim/msg/detail
[3.830s] -- Up-to-date: /home/k/Desktop/Zeb05/Zebulon05/ros_packages_full/install/turtlesim/include/turtlesim/turtlesim/msg/detail/pose__rosidl_typesupport_fastrtps_c.h
[3.831s] -- Up-to-date: /home/k/Desktop/Zeb05/Zebulon05/ros_packages_full/install/turtlesim/include/turtlesim/turtlesim/msg/detail/color__rosidl_typesupport_fastrtps_c.h
[3.832s] -- Up-to-date: /home/k/Desktop/Zeb05/Zebulon05/ros_packages_full/install/turtlesim/lib/libturtlesim__rosidl_typesupport_fastrtps_c.so
[3.834s] -- Up-to-date: /home/k/Desktop/Zeb05/Zebulon05/ros_packages_full/install/turtlesim/include/turtlesim/turtlesim
[3.834s] -- Up-to-date: /home/k/Desktop/Zeb05/Zebulon05/ros_packages_full/install/turtlesim/include/turtlesim/turtlesim/srv
[3.835s] -- Up-to-date: /home/k/Desktop/Zeb05/Zebulon05/ros_packages_full/install/turtlesim/include/turtlesim/turtlesim/srv/kill.hpp
[3.835s] -- Up-to-date: /home/k/Desktop/Zeb05/Zebulon05/ros_packages_full/install/turtlesim/include/turtlesim/turtlesim/srv/spawn.hpp
[3.836s] -- Up-to-date: /home/k/Desktop/Zeb05/Zebulon05/ros_packages_full/install/turtlesim/include/turtlesim/turtlesim/srv/teleport_absolute.hpp
[3.836s] -- Up-to-date: /home/k/Desktop/Zeb05/Zebulon05/ros_packages_full/install/turtlesim/include/turtlesim/turtlesim/srv/set_pen.hpp
[3.837s] -- Up-to-date: /home/k/Desktop/Zeb05/Zebulon05/ros_packages_full/install/turtlesim/include/turtlesim/turtlesim/srv/detail
[3.837s] -- Up-to-date: /home/k/Desktop/Zeb05/Zebulon05/ros_packages_full/install/turtlesim/include/turtlesim/turtlesim/srv/detail/kill__struct.hpp
[3.838s] -- Up-to-date: /home/k/Desktop/Zeb05/Zebulon05/ros_packages_full/install/turtlesim/include/turtlesim/turtlesim/srv/detail/teleport_relative__struct.hpp
[3.838s] -- Up-to-date: /home/k/Desktop/Zeb05/Zebulon05/ros_packages_full/install/turtlesim/include/turtlesim/turtlesim/srv/detail/set_pen__traits.hpp
[3.839s] -- Up-to-date: /home/k/Desktop/Zeb05/Zebulon05/ros_packages_full/install/turtlesim/include/turtlesim/turtlesim/srv/detail/teleport_relative__builder.hpp
[3.839s] -- Up-to-date: /home/k/Desktop/Zeb05/Zebulon05/ros_packages_full/install/turtlesim/include/turtlesim/turtlesim/srv/detail/teleport_relative__traits.hpp
[3.839s] -- Up-to-date: /home/k/Desktop/Zeb05/Zebulon05/ros_packages_full/install/turtlesim/include/turtlesim/turtlesim/srv/detail/spawn__builder.hpp
[3.840s] -- Up-to-date: /home/k/Desktop/Zeb05/Zebulon05/ros_packages_full/install/turtlesim/include/turtlesim/turtlesim/srv/detail/teleport_absolute__struct.hpp
[3.840s] -- Up-to-date: /home/k/Desktop/Zeb05/Zebulon05/ros_packages_full/install/turtlesim/include/turtlesim/turtlesim/srv/detail/kill__builder.hpp
[3.841s] -- Up-to-date: /home/k/Desktop/Zeb05/Zebulon05/ros_packages_full/install/turtlesim/include/turtlesim/turtlesim/srv/detail/set_pen__builder.hpp
[3.841s] -- Up-to-date: /home/k/Desktop/Zeb05/Zebulon05/ros_packages_full/install/turtlesim/include/turtlesim/turtlesim/srv/detail/teleport_absolute__traits.hpp
[3.842s] -- Up-to-date: /home/k/Desktop/Zeb05/Zebulon05/ros_packages_full/install/turtlesim/include/turtlesim/turtlesim/srv/detail/set_pen__struct.hpp
[3.842s] -- Up-to-date: /home/k/Desktop/Zeb05/Zebulon05/ros_packages_full/install/turtlesim/include/turtlesim/turtlesim/srv/detail/spawn__traits.hpp
[3.842s] -- Up-to-date: /home/k/Desktop/Zeb05/Zebulon05/ros_packages_full/install/turtlesim/include/turtlesim/turtlesim/srv/detail/spawn__struct.hpp
[3.843s] -- Up-to-date: /home/k/Desktop/Zeb05/Zebulon05/ros_packages_full/install/turtlesim/include/turtlesim/turtlesim/srv/detail/teleport_absolute__builder.hpp
[3.843s] -- Up-to-date: /home/k/Desktop/Zeb05/Zebulon05/ros_packages_full/install/turtlesim/include/turtlesim/turtlesim/srv/detail/kill__traits.hpp
[3.844s] -- Up-to-date: /home/k/Desktop/Zeb05/Zebulon05/ros_packages_full/install/turtlesim/include/turtlesim/turtlesim/srv/teleport_relative.hpp
[3.844s] -- Up-to-date: /home/k/Desktop/Zeb05/Zebulon05/ros_packages_full/install/turtlesim/include/turtlesim/turtlesim/action
[3.844s] -- Up-to-date: /home/k/Desktop/Zeb05/Zebulon05/ros_packages_full/install/turtlesim/include/turtlesim/turtlesim/action/rotate_absolute.hpp
[3.845s] -- Up-to-date: /home/k/Desktop/Zeb05/Zebulon05/ros_packages_full/install/turtlesim/include/turtlesim/turtlesim/action/detail
[3.845s] -- Up-to-date: /home/k/Desktop/Zeb05/Zebulon05/ros_packages_full/install/turtlesim/include/turtlesim/turtlesim/action/detail/rotate_absolute__builder.hpp
[3.846s] -- Up-to-date: /home/k/Desktop/Zeb05/Zebulon05/ros_packages_full/install/turtlesim/include/turtlesim/turtlesim/action/detail/rotate_absolute__struct.hpp
[3.846s] -- Up-to-date: /home/k/Desktop/Zeb05/Zebulon05/ros_packages_full/install/turtlesim/include/turtlesim/turtlesim/action/detail/rotate_absolute__traits.hpp
[3.847s] -- Up-to-date: /home/k/Desktop/Zeb05/Zebulon05/ros_packages_full/install/turtlesim/include/turtlesim/turtlesim/msg
[3.847s] -- Up-to-date: /home/k/Desktop/Zeb05/Zebulon05/ros_packages_full/install/turtlesim/include/turtlesim/turtlesim/msg/pose.hpp
[3.847s] -- Up-to-date: /home/k/Desktop/Zeb05/Zebulon05/ros_packages_full/install/turtlesim/include/turtlesim/turtlesim/msg/color.hpp
[3.848s] -- Up-to-date: /home/k/Desktop/Zeb05/Zebulon05/ros_packages_full/install/turtlesim/include/turtlesim/turtlesim/msg/detail
[3.848s] -- Up-to-date: /home/k/Desktop/Zeb05/Zebulon05/ros_packages_full/install/turtlesim/include/turtlesim/turtlesim/msg/detail/pose__struct.hpp
[3.849s] -- Up-to-date: /home/k/Desktop/Zeb05/Zebulon05/ros_packages_full/install/turtlesim/include/turtlesim/turtlesim/msg/detail/pose__traits.hpp
[3.849s] -- Up-to-date: /home/k/Desktop/Zeb05/Zebulon05/ros_packages_full/install/turtlesim/include/turtlesim/turtlesim/msg/detail/color__traits.hpp
[3.850s] -- Up-to-date: /home/k/Desktop/Zeb05/Zebulon05/ros_packages_full/install/turtlesim/include/turtlesim/turtlesim/msg/detail/pose__builder.hpp
[3.850s] -- Up-to-date: /home/k/Desktop/Zeb05/Zebulon05/ros_packages_full/install/turtlesim/include/turtlesim/turtlesim/msg/detail/color__builder.hpp
[3.851s] -- Up-to-date: /home/k/Desktop/Zeb05/Zebulon05/ros_packages_full/install/turtlesim/include/turtlesim/turtlesim/msg/detail/color__struct.hpp
[3.851s] -- Up-to-date: /home/k/Desktop/Zeb05/Zebulon05/ros_packages_full/install/turtlesim/include/turtlesim/turtlesim
[3.851s] -- Up-to-date: /home/k/Desktop/Zeb05/Zebulon05/ros_packages_full/install/turtlesim/include/turtlesim/turtlesim/srv
[3.852s] -- Up-to-date: /home/k/Desktop/Zeb05/Zebulon05/ros_packages_full/install/turtlesim/include/turtlesim/turtlesim/srv/detail
[3.852s] -- Up-to-date: /home/k/Desktop/Zeb05/Zebulon05/ros_packages_full/install/turtlesim/include/turtlesim/turtlesim/srv/detail/teleport_absolute__rosidl_typesupport_fastrtps_cpp.hpp
[3.853s] -- Up-to-date: /home/k/Desktop/Zeb05/Zebulon05/ros_packages_full/install/turtlesim/include/turtlesim/turtlesim/srv/detail/teleport_relative__rosidl_typesupport_fastrtps_cpp.hpp
[3.853s] -- Up-to-date: /home/k/Desktop/Zeb05/Zebulon05/ros_packages_full/install/turtlesim/include/turtlesim/turtlesim/srv/detail/spawn__rosidl_typesupport_fastrtps_cpp.hpp
[3.853s] -- Up-to-date: /home/k/Desktop/Zeb05/Zebulon05/ros_packages_full/install/turtlesim/include/turtlesim/turtlesim/srv/detail/set_pen__rosidl_typesupport_fastrtps_cpp.hpp
[3.854s] -- Up-to-date: /home/k/Desktop/Zeb05/Zebulon05/ros_packages_full/install/turtlesim/include/turtlesim/turtlesim/srv/detail/kill__rosidl_typesupport_fastrtps_cpp.hpp
[3.854s] -- Up-to-date: /home/k/Desktop/Zeb05/Zebulon05/ros_packages_full/install/turtlesim/include/turtlesim/turtlesim/srv/detail/dds_fastrtps
[3.855s] -- Up-to-date: /home/k/Desktop/Zeb05/Zebulon05/ros_packages_full/install/turtlesim/include/turtlesim/turtlesim/action
[3.855s] -- Up-to-date: /home/k/Desktop/Zeb05/Zebulon05/ros_packages_full/install/turtlesim/include/turtlesim/turtlesim/action/detail
[3.856s] -- Up-to-date: /home/k/Desktop/Zeb05/Zebulon05/ros_packages_full/install/turtlesim/include/turtlesim/turtlesim/action/detail/rotate_absolute__rosidl_typesupport_fastrtps_cpp.hpp
[3.856s] -- Up-to-date: /home/k/Desktop/Zeb05/Zebulon05/ros_packages_full/install/turtlesim/include/turtlesim/turtlesim/action/detail/dds_fastrtps
[3.858s] -- Up-to-date: /home/k/Desktop/Zeb05/Zebulon05/ros_packages_full/install/turtlesim/include/turtlesim/turtlesim/msg
[3.858s] -- Up-to-date: /home/k/Desktop/Zeb05/Zebulon05/ros_packages_full/install/turtlesim/include/turtlesim/turtlesim/msg/rosidl_typesupport_fastrtps_cpp__visibility_control.h
[3.859s] -- Up-to-date: /home/k/Desktop/Zeb05/Zebulon05/ros_packages_full/install/turtlesim/include/turtlesim/turtlesim/msg/detail
[3.859s] -- Up-to-date: /home/k/Desktop/Zeb05/Zebulon05/ros_packages_full/install/turtlesim/include/turtlesim/turtlesim/msg/detail/pose__rosidl_typesupport_fastrtps_cpp.hpp
[3.859s] -- Up-to-date: /home/k/Desktop/Zeb05/Zebulon05/ros_packages_full/install/turtlesim/include/turtlesim/turtlesim/msg/detail/color__rosidl_typesupport_fastrtps_cpp.hpp
[3.860s] -- Up-to-date: /home/k/Desktop/Zeb05/Zebulon05/ros_packages_full/install/turtlesim/include/turtlesim/turtlesim/msg/detail/dds_fastrtps
[3.862s] -- Up-to-date: /home/k/Desktop/Zeb05/Zebulon05/ros_packages_full/install/turtlesim/lib/libturtlesim__rosidl_typesupport_fastrtps_cpp.so
[3.863s] -- Up-to-date: /home/k/Desktop/Zeb05/Zebulon05/ros_packages_full/install/turtlesim/include/turtlesim/turtlesim
[3.864s] -- Up-to-date: /home/k/Desktop/Zeb05/Zebulon05/ros_packages_full/install/turtlesim/include/turtlesim/turtlesim/srv
[3.865s] -- Up-to-date: /home/k/Desktop/Zeb05/Zebulon05/ros_packages_full/install/turtlesim/include/turtlesim/turtlesim/srv/detail
[3.866s] -- Up-to-date: /home/k/Desktop/Zeb05/Zebulon05/ros_packages_full/install/turtlesim/include/turtlesim/turtlesim/srv/detail/set_pen__rosidl_typesupport_introspection_c.h
[3.866s] -- Up-to-date: /home/k/Desktop/Zeb05/Zebulon05/ros_packages_full/install/turtlesim/include/turtlesim/turtlesim/srv/detail/teleport_absolute__type_support.c
[3.867s] -- Up-to-date: /home/k/Desktop/Zeb05/Zebulon05/ros_packages_full/install/turtlesim/include/turtlesim/turtlesim/srv/detail/teleport_absolute__rosidl_typesupport_introspection_c.h
[3.867s] -- Up-to-date: /home/k/Desktop/Zeb05/Zebulon05/ros_packages_full/install/turtlesim/include/turtlesim/turtlesim/srv/detail/teleport_relative__rosidl_typesupport_introspection_c.h
[3.868s] -- Up-to-date: /home/k/Desktop/Zeb05/Zebulon05/ros_packages_full/install/turtlesim/include/turtlesim/turtlesim/srv/detail/kill__type_support.c
[3.868s] -- Up-to-date: /home/k/Desktop/Zeb05/Zebulon05/ros_packages_full/install/turtlesim/include/turtlesim/turtlesim/srv/detail/spawn__rosidl_typesupport_introspection_c.h
[3.869s] -- Up-to-date: /home/k/Desktop/Zeb05/Zebulon05/ros_packages_full/install/turtlesim/include/turtlesim/turtlesim/srv/detail/set_pen__type_support.c
[3.869s] -- Up-to-date: /home/k/Desktop/Zeb05/Zebulon05/ros_packages_full/install/turtlesim/include/turtlesim/turtlesim/srv/detail/teleport_relative__type_support.c
[3.870s] -- Up-to-date: /home/k/Desktop/Zeb05/Zebulon05/ros_packages_full/install/turtlesim/include/turtlesim/turtlesim/srv/detail/kill__rosidl_typesupport_introspection_c.h
[3.870s] -- Up-to-date: /home/k/Desktop/Zeb05/Zebulon05/ros_packages_full/install/turtlesim/include/turtlesim/turtlesim/srv/detail/spawn__type_support.c
[3.871s] -- Up-to-date: /home/k/Desktop/Zeb05/Zebulon05/ros_packages_full/install/turtlesim/include/turtlesim/turtlesim/action
[3.872s] -- Up-to-date: /home/k/Desktop/Zeb05/Zebulon05/ros_packages_full/install/turtlesim/include/turtlesim/turtlesim/action/detail
[3.872s] -- Up-to-date: /home/k/Desktop/Zeb05/Zebulon05/ros_packages_full/install/turtlesim/include/turtlesim/turtlesim/action/detail/rotate_absolute__rosidl_typesupport_introspection_c.h
[3.873s] -- Up-to-date: /home/k/Desktop/Zeb05/Zebulon05/ros_packages_full/install/turtlesim/include/turtlesim/turtlesim/action/detail/rotate_absolute__type_support.c
[3.873s] -- Up-to-date: /home/k/Desktop/Zeb05/Zebulon05/ros_packages_full/install/turtlesim/include/turtlesim/turtlesim/msg
[3.874s] -- Up-to-date: /home/k/Desktop/Zeb05/Zebulon05/ros_packages_full/install/turtlesim/include/turtlesim/turtlesim/msg/rosidl_typesupport_introspection_c__visibility_control.h
[3.874s] -- Up-to-date: /home/k/Desktop/Zeb05/Zebulon05/ros_packages_full/install/turtlesim/include/turtlesim/turtlesim/msg/detail
[3.875s] -- Up-to-date: /home/k/Desktop/Zeb05/Zebulon05/ros_packages_full/install/turtlesim/include/turtlesim/turtlesim/msg/detail/color__type_support.c
[3.875s] -- Up-to-date: /home/k/Desktop/Zeb05/Zebulon05/ros_packages_full/install/turtlesim/include/turtlesim/turtlesim/msg/detail/color__rosidl_typesupport_introspection_c.h
[3.875s] -- Up-to-date: /home/k/Desktop/Zeb05/Zebulon05/ros_packages_full/install/turtlesim/include/turtlesim/turtlesim/msg/detail/pose__rosidl_typesupport_introspection_c.h
[3.876s] -- Up-to-date: /home/k/Desktop/Zeb05/Zebulon05/ros_packages_full/install/turtlesim/include/turtlesim/turtlesim/msg/detail/pose__type_support.c
[3.878s] -- Up-to-date: /home/k/Desktop/Zeb05/Zebulon05/ros_packages_full/install/turtlesim/lib/libturtlesim__rosidl_typesupport_introspection_c.so
[3.880s] -- Up-to-date: /home/k/Desktop/Zeb05/Zebulon05/ros_packages_full/install/turtlesim/lib/libturtlesim__rosidl_typesupport_c.so
[3.882s] -- Up-to-date: /home/k/Desktop/Zeb05/Zebulon05/ros_packages_full/install/turtlesim/include/turtlesim/turtlesim
[3.882s] -- Up-to-date: /home/k/Desktop/Zeb05/Zebulon05/ros_packages_full/install/turtlesim/include/turtlesim/turtlesim/srv
[3.883s] -- Up-to-date: /home/k/Desktop/Zeb05/Zebulon05/ros_packages_full/install/turtlesim/include/turtlesim/turtlesim/srv/detail
[3.884s] -- Up-to-date: /home/k/Desktop/Zeb05/Zebulon05/ros_packages_full/install/turtlesim/include/turtlesim/turtlesim/srv/detail/teleport_relative__type_support.cpp
[3.884s] -- Up-to-date: /home/k/Desktop/Zeb05/Zebulon05/ros_packages_full/install/turtlesim/include/turtlesim/turtlesim/srv/detail/kill__rosidl_typesupport_introspection_cpp.hpp
[3.885s] -- Up-to-date: /home/k/Desktop/Zeb05/Zebulon05/ros_packages_full/install/turtlesim/include/turtlesim/turtlesim/srv/detail/teleport_relative__rosidl_typesupport_introspection_cpp.hpp
[3.885s] -- Up-to-date: /home/k/Desktop/Zeb05/Zebulon05/ros_packages_full/install/turtlesim/include/turtlesim/turtlesim/srv/detail/spawn__rosidl_typesupport_introspection_cpp.hpp
[3.886s] -- Up-to-date: /home/k/Desktop/Zeb05/Zebulon05/ros_packages_full/install/turtlesim/include/turtlesim/turtlesim/srv/detail/teleport_absolute__rosidl_typesupport_introspection_cpp.hpp
[3.886s] -- Up-to-date: /home/k/Desktop/Zeb05/Zebulon05/ros_packages_full/install/turtlesim/include/turtlesim/turtlesim/srv/detail/spawn__type_support.cpp
[3.887s] -- Up-to-date: /home/k/Desktop/Zeb05/Zebulon05/ros_packages_full/install/turtlesim/include/turtlesim/turtlesim/srv/detail/kill__type_support.cpp
[3.887s] -- Up-to-date: /home/k/Desktop/Zeb05/Zebulon05/ros_packages_full/install/turtlesim/include/turtlesim/turtlesim/srv/detail/teleport_absolute__type_support.cpp
[3.888s] -- Up-to-date: /home/k/Desktop/Zeb05/Zebulon05/ros_packages_full/install/turtlesim/include/turtlesim/turtlesim/srv/detail/set_pen__rosidl_typesupport_introspection_cpp.hpp
[3.888s] -- Up-to-date: /home/k/Desktop/Zeb05/Zebulon05/ros_packages_full/install/turtlesim/include/turtlesim/turtlesim/srv/detail/set_pen__type_support.cpp
[3.888s] -- Up-to-date: /home/k/Desktop/Zeb05/Zebulon05/ros_packages_full/install/turtlesim/include/turtlesim/turtlesim/action
[3.890s] -- Up-to-date: /home/k/Desktop/Zeb05/Zebulon05/ros_packages_full/install/turtlesim/include/turtlesim/turtlesim/action/detail
[3.890s] -- Up-to-date: /home/k/Desktop/Zeb05/Zebulon05/ros_packages_full/install/turtlesim/include/turtlesim/turtlesim/action/detail/rotate_absolute__rosidl_typesupport_introspection_cpp.hpp
[3.891s] -- Up-to-date: /home/k/Desktop/Zeb05/Zebulon05/ros_packages_full/install/turtlesim/include/turtlesim/turtlesim/action/detail/rotate_absolute__type_support.cpp
[3.891s] -- Up-to-date: /home/k/Desktop/Zeb05/Zebulon05/ros_packages_full/install/turtlesim/include/turtlesim/turtlesim/msg
[3.892s] -- Up-to-date: /home/k/Desktop/Zeb05/Zebulon05/ros_packages_full/install/turtlesim/include/turtlesim/turtlesim/msg/detail
[3.893s] -- Up-to-date: /home/k/Desktop/Zeb05/Zebulon05/ros_packages_full/install/turtlesim/include/turtlesim/turtlesim/msg/detail/pose__rosidl_typesupport_introspection_cpp.hpp
[3.893s] -- Up-to-date: /home/k/Desktop/Zeb05/Zebulon05/ros_packages_full/install/turtlesim/include/turtlesim/turtlesim/msg/detail/color__type_support.cpp
[3.894s] -- Up-to-date: /home/k/Desktop/Zeb05/Zebulon05/ros_packages_full/install/turtlesim/include/turtlesim/turtlesim/msg/detail/pose__type_support.cpp
[3.894s] -- Up-to-date: /home/k/Desktop/Zeb05/Zebulon05/ros_packages_full/install/turtlesim/include/turtlesim/turtlesim/msg/detail/color__rosidl_typesupport_introspection_cpp.hpp
[3.896s] -- Up-to-date: /home/k/Desktop/Zeb05/Zebulon05/ros_packages_full/install/turtlesim/lib/libturtlesim__rosidl_typesupport_introspection_cpp.so
[3.899s] -- Up-to-date: /home/k/Desktop/Zeb05/Zebulon05/ros_packages_full/install/turtlesim/lib/libturtlesim__rosidl_typesupport_cpp.so
[3.900s] -- Up-to-date: /home/k/Desktop/Zeb05/Zebulon05/ros_packages_full/install/turtlesim/share/turtlesim/environment/pythonpath.sh
[3.901s] -- Up-to-date: /home/k/Desktop/Zeb05/Zebulon05/ros_packages_full/install/turtlesim/share/turtlesim/environment/pythonpath.dsv
[3.901s] -- Up-to-date: /home/k/Desktop/Zeb05/Zebulon05/ros_packages_full/install/turtlesim/local/lib/python3.10/dist-packages/turtlesim-1.4.1-py3.10.egg-info
[3.902s] -- Installing: /home/k/Desktop/Zeb05/Zebulon05/ros_packages_full/install/turtlesim/local/lib/python3.10/dist-packages/turtlesim-1.4.1-py3.10.egg-info/PKG-INFO
[3.904s] -- Installing: /home/k/Desktop/Zeb05/Zebulon05/ros_packages_full/install/turtlesim/local/lib/python3.10/dist-packages/turtlesim-1.4.1-py3.10.egg-info/top_level.txt
[3.905s] -- Installing: /home/k/Desktop/Zeb05/Zebulon05/ros_packages_full/install/turtlesim/local/lib/python3.10/dist-packages/turtlesim-1.4.1-py3.10.egg-info/SOURCES.txt
[3.907s] -- Installing: /home/k/Desktop/Zeb05/Zebulon05/ros_packages_full/install/turtlesim/local/lib/python3.10/dist-packages/turtlesim-1.4.1-py3.10.egg-info/dependency_links.txt
[3.909s] -- Up-to-date: /home/k/Desktop/Zeb05/Zebulon05/ros_packages_full/install/turtlesim/local/lib/python3.10/dist-packages/turtlesim
[3.909s] -- Up-to-date: /home/k/Desktop/Zeb05/Zebulon05/ros_packages_full/install/turtlesim/local/lib/python3.10/dist-packages/turtlesim/srv
[3.910s] -- Up-to-date: /home/k/Desktop/Zeb05/Zebulon05/ros_packages_full/install/turtlesim/local/lib/python3.10/dist-packages/turtlesim/srv/_teleport_absolute.py
[3.910s] -- Up-to-date: /home/k/Desktop/Zeb05/Zebulon05/ros_packages_full/install/turtlesim/local/lib/python3.10/dist-packages/turtlesim/srv/_set_pen_s.c
[3.911s] -- Up-to-date: /home/k/Desktop/Zeb05/Zebulon05/ros_packages_full/install/turtlesim/local/lib/python3.10/dist-packages/turtlesim/srv/_teleport_relative.py
[3.911s] -- Up-to-date: /home/k/Desktop/Zeb05/Zebulon05/ros_packages_full/install/turtlesim/local/lib/python3.10/dist-packages/turtlesim/srv/_kill.py
[3.912s] -- Up-to-date: /home/k/Desktop/Zeb05/Zebulon05/ros_packages_full/install/turtlesim/local/lib/python3.10/dist-packages/turtlesim/srv/__init__.py
[3.912s] -- Up-to-date: /home/k/Desktop/Zeb05/Zebulon05/ros_packages_full/install/turtlesim/local/lib/python3.10/dist-packages/turtlesim/srv/_spawn.py
[3.913s] -- Up-to-date: /home/k/Desktop/Zeb05/Zebulon05/ros_packages_full/install/turtlesim/local/lib/python3.10/dist-packages/turtlesim/srv/_teleport_relative_s.c
[3.913s] -- Up-to-date: /home/k/Desktop/Zeb05/Zebulon05/ros_packages_full/install/turtlesim/local/lib/python3.10/dist-packages/turtlesim/srv/_teleport_absolute_s.c
[3.913s] -- Up-to-date: /home/k/Desktop/Zeb05/Zebulon05/ros_packages_full/install/turtlesim/local/lib/python3.10/dist-packages/turtlesim/srv/_set_pen.py
[3.914s] -- Up-to-date: /home/k/Desktop/Zeb05/Zebulon05/ros_packages_full/install/turtlesim/local/lib/python3.10/dist-packages/turtlesim/srv/_kill_s.c
[3.914s] -- Up-to-date: /home/k/Desktop/Zeb05/Zebulon05/ros_packages_full/install/turtlesim/local/lib/python3.10/dist-packages/turtlesim/srv/_spawn_s.c
[3.915s] -- Up-to-date: /home/k/Desktop/Zeb05/Zebulon05/ros_packages_full/install/turtlesim/local/lib/python3.10/dist-packages/turtlesim/turtlesim_s__rosidl_typesupport_fastrtps_c.cpython-310-aarch64-linux-gnu.so
[3.915s] -- Up-to-date: /home/k/Desktop/Zeb05/Zebulon05/ros_packages_full/install/turtlesim/local/lib/python3.10/dist-packages/turtlesim/action
[3.915s] -- Up-to-date: /home/k/Desktop/Zeb05/Zebulon05/ros_packages_full/install/turtlesim/local/lib/python3.10/dist-packages/turtlesim/action/_rotate_absolute.py
[3.916s] -- Up-to-date: /home/k/Desktop/Zeb05/Zebulon05/ros_packages_full/install/turtlesim/local/lib/python3.10/dist-packages/turtlesim/action/__init__.py
[3.916s] -- Up-to-date: /home/k/Desktop/Zeb05/Zebulon05/ros_packages_full/install/turtlesim/local/lib/python3.10/dist-packages/turtlesim/action/_rotate_absolute_s.c
[3.917s] -- Up-to-date: /home/k/Desktop/Zeb05/Zebulon05/ros_packages_full/install/turtlesim/local/lib/python3.10/dist-packages/turtlesim/_turtlesim_s.ep.rosidl_typesupport_introspection_c.c
[3.917s] -- Up-to-date: /home/k/Desktop/Zeb05/Zebulon05/ros_packages_full/install/turtlesim/local/lib/python3.10/dist-packages/turtlesim/msg
[3.918s] -- Up-to-date: /home/k/Desktop/Zeb05/Zebulon05/ros_packages_full/install/turtlesim/local/lib/python3.10/dist-packages/turtlesim/msg/_color_s.c
[3.918s] -- Up-to-date: /home/k/Desktop/Zeb05/Zebulon05/ros_packages_full/install/turtlesim/local/lib/python3.10/dist-packages/turtlesim/msg/_color.py
[3.918s] -- Up-to-date: /home/k/Desktop/Zeb05/Zebulon05/ros_packages_full/install/turtlesim/local/lib/python3.10/dist-packages/turtlesim/msg/__init__.py
[3.919s] -- Up-to-date: /home/k/Desktop/Zeb05/Zebulon05/ros_packages_full/install/turtlesim/local/lib/python3.10/dist-packages/turtlesim/msg/_pose.py
[3.919s] -- Up-to-date: /home/k/Desktop/Zeb05/Zebulon05/ros_packages_full/install/turtlesim/local/lib/python3.10/dist-packages/turtlesim/msg/_pose_s.c
[3.919s] -- Up-to-date: /home/k/Desktop/Zeb05/Zebulon05/ros_packages_full/install/turtlesim/local/lib/python3.10/dist-packages/turtlesim/__init__.py
[3.920s] -- Up-to-date: /home/k/Desktop/Zeb05/Zebulon05/ros_packages_full/install/turtlesim/local/lib/python3.10/dist-packages/turtlesim/_turtlesim_s.ep.rosidl_typesupport_fastrtps_c.c
[3.920s] -- Up-to-date: /home/k/Desktop/Zeb05/Zebulon05/ros_packages_full/install/turtlesim/local/lib/python3.10/dist-packages/turtlesim/turtlesim_s__rosidl_typesupport_c.cpython-310-aarch64-linux-gnu.so
[3.921s] -- Up-to-date: /home/k/Desktop/Zeb05/Zebulon05/ros_packages_full/install/turtlesim/local/lib/python3.10/dist-packages/turtlesim/libturtlesim__rosidl_generator_py.so
[3.921s] -- Up-to-date: /home/k/Desktop/Zeb05/Zebulon05/ros_packages_full/install/turtlesim/local/lib/python3.10/dist-packages/turtlesim/_turtlesim_s.ep.rosidl_typesupport_c.c
[3.922s] -- Up-to-date: /home/k/Desktop/Zeb05/Zebulon05/ros_packages_full/install/turtlesim/local/lib/python3.10/dist-packages/turtlesim/turtlesim_s__rosidl_typesupport_introspection_c.cpython-310-aarch64-linux-gnu.so
[4.079s] Listing '/home/k/Desktop/Zeb05/Zebulon05/ros_packages_full/install/turtlesim/local/lib/python3.10/dist-packages/turtlesim'...
[4.080s] Listing '/home/k/Desktop/Zeb05/Zebulon05/ros_packages_full/install/turtlesim/local/lib/python3.10/dist-packages/turtlesim/action'...
[4.081s] Listing '/home/k/Desktop/Zeb05/Zebulon05/ros_packages_full/install/turtlesim/local/lib/python3.10/dist-packages/turtlesim/msg'...
[4.082s] Listing '/home/k/Desktop/Zeb05/Zebulon05/ros_packages_full/install/turtlesim/local/lib/python3.10/dist-packages/turtlesim/srv'...
[4.103s] -- Up-to-date: /home/k/Desktop/Zeb05/Zebulon05/ros_packages_full/install/turtlesim/local/lib/python3.10/dist-packages/turtlesim/turtlesim_s__rosidl_typesupport_fastrtps_c.cpython-310-aarch64-linux-gnu.so
[4.106s] -- Up-to-date: /home/k/Desktop/Zeb05/Zebulon05/ros_packages_full/install/turtlesim/local/lib/python3.10/dist-packages/turtlesim/turtlesim_s__rosidl_typesupport_introspection_c.cpython-310-aarch64-linux-gnu.so
[4.108s] -- Up-to-date: /home/k/Desktop/Zeb05/Zebulon05/ros_packages_full/install/turtlesim/local/lib/python3.10/dist-packages/turtlesim/turtlesim_s__rosidl_typesupport_c.cpython-310-aarch64-linux-gnu.so
[4.111s] -- Up-to-date: /home/k/Desktop/Zeb05/Zebulon05/ros_packages_full/install/turtlesim/lib/libturtlesim__rosidl_generator_py.so
[4.112s] -- Up-to-date: /home/k/Desktop/Zeb05/Zebulon05/ros_packages_full/install/turtlesim/share/turtlesim/action/RotateAbsolute.idl
[4.113s] -- Up-to-date: /home/k/Desktop/Zeb05/Zebulon05/ros_packages_full/install/turtlesim/share/turtlesim/msg/Color.idl
[4.114s] -- Up-to-date: /home/k/Desktop/Zeb05/Zebulon05/ros_packages_full/install/turtlesim/share/turtlesim/msg/Pose.idl
[4.114s] -- Up-to-date: /home/k/Desktop/Zeb05/Zebulon05/ros_packages_full/install/turtlesim/share/turtlesim/srv/Kill.idl
[4.114s] -- Up-to-date: /home/k/Desktop/Zeb05/Zebulon05/ros_packages_full/install/turtlesim/share/turtlesim/srv/SetPen.idl
[4.115s] -- Up-to-date: /home/k/Desktop/Zeb05/Zebulon05/ros_packages_full/install/turtlesim/share/turtlesim/srv/Spawn.idl
[4.115s] -- Up-to-date: /home/k/Desktop/Zeb05/Zebulon05/ros_packages_full/install/turtlesim/share/turtlesim/srv/TeleportAbsolute.idl
[4.116s] -- Up-to-date: /home/k/Desktop/Zeb05/Zebulon05/ros_packages_full/install/turtlesim/share/turtlesim/srv/TeleportRelative.idl
[4.116s] -- Up-to-date: /home/k/Desktop/Zeb05/Zebulon05/ros_packages_full/install/turtlesim/share/turtlesim/action/RotateAbsolute.action
[4.117s] -- Up-to-date: /home/k/Desktop/Zeb05/Zebulon05/ros_packages_full/install/turtlesim/share/turtlesim/msg/Color.msg
[4.117s] -- Up-to-date: /home/k/Desktop/Zeb05/Zebulon05/ros_packages_full/install/turtlesim/share/turtlesim/msg/Pose.msg
[4.118s] -- Up-to-date: /home/k/Desktop/Zeb05/Zebulon05/ros_packages_full/install/turtlesim/share/turtlesim/srv/Kill.srv
[4.118s] -- Up-to-date: /home/k/Desktop/Zeb05/Zebulon05/ros_packages_full/install/turtlesim/share/turtlesim/srv/Kill_Request.msg
[4.119s] -- Up-to-date: /home/k/Desktop/Zeb05/Zebulon05/ros_packages_full/install/turtlesim/share/turtlesim/srv/Kill_Response.msg
[4.119s] -- Up-to-date: /home/k/Desktop/Zeb05/Zebulon05/ros_packages_full/install/turtlesim/share/turtlesim/srv/SetPen.srv
[4.120s] -- Up-to-date: /home/k/Desktop/Zeb05/Zebulon05/ros_packages_full/install/turtlesim/share/turtlesim/srv/SetPen_Request.msg
[4.120s] -- Up-to-date: /home/k/Desktop/Zeb05/Zebulon05/ros_packages_full/install/turtlesim/share/turtlesim/srv/SetPen_Response.msg
[4.121s] -- Up-to-date: /home/k/Desktop/Zeb05/Zebulon05/ros_packages_full/install/turtlesim/share/turtlesim/srv/Spawn.srv
[4.121s] -- Up-to-date: /home/k/Desktop/Zeb05/Zebulon05/ros_packages_full/install/turtlesim/share/turtlesim/srv/Spawn_Request.msg
[4.122s] -- Up-to-date: /home/k/Desktop/Zeb05/Zebulon05/ros_packages_full/install/turtlesim/share/turtlesim/srv/Spawn_Response.msg
[4.122s] -- Up-to-date: /home/k/Desktop/Zeb05/Zebulon05/ros_packages_full/install/turtlesim/share/turtlesim/srv/TeleportAbsolute.srv
[4.123s] -- Up-to-date: /home/k/Desktop/Zeb05/Zebulon05/ros_packages_full/install/turtlesim/share/turtlesim/srv/TeleportAbsolute_Request.msg
[4.123s] -- Up-to-date: /home/k/Desktop/Zeb05/Zebulon05/ros_packages_full/install/turtlesim/share/turtlesim/srv/TeleportAbsolute_Response.msg
[4.124s] -- Up-to-date: /home/k/Desktop/Zeb05/Zebulon05/ros_packages_full/install/turtlesim/share/turtlesim/srv/TeleportRelative.srv
[4.124s] -- Up-to-date: /home/k/Desktop/Zeb05/Zebulon05/ros_packages_full/install/turtlesim/share/turtlesim/srv/TeleportRelative_Request.msg
[4.125s] -- Up-to-date: /home/k/Desktop/Zeb05/Zebulon05/ros_packages_full/install/turtlesim/share/turtlesim/srv/TeleportRelative_Response.msg
[4.127s] -- Up-to-date: /home/k/Desktop/Zeb05/Zebulon05/ros_packages_full/install/turtlesim/lib/turtlesim/turtlesim_node
[4.130s] -- Up-to-date: /home/k/Desktop/Zeb05/Zebulon05/ros_packages_full/install/turtlesim/lib/turtlesim/turtle_teleop_key
[4.132s] -- Up-to-date: /home/k/Desktop/Zeb05/Zebulon05/ros_packages_full/install/turtlesim/lib/turtlesim/draw_square
[4.135s] -- Up-to-date: /home/k/Desktop/Zeb05/Zebulon05/ros_packages_full/install/turtlesim/lib/turtlesim/mimic
[4.136s] -- Up-to-date: /home/k/Desktop/Zeb05/Zebulon05/ros_packages_full/install/turtlesim/share/turtlesim/images
[4.137s] -- Up-to-date: /home/k/Desktop/Zeb05/Zebulon05/ros_packages_full/install/turtlesim/share/turtlesim/images/eloquent.png
[4.137s] -- Up-to-date: /home/k/Desktop/Zeb05/Zebulon05/ros_packages_full/install/turtlesim/share/turtlesim/images/ardent.png
[4.138s] -- Up-to-date: /home/k/Desktop/Zeb05/Zebulon05/ros_packages_full/install/turtlesim/share/turtlesim/images/dashing.png
[4.138s] -- Up-to-date: /home/k/Desktop/Zeb05/Zebulon05/ros_packages_full/install/turtlesim/share/turtlesim/images/humble.png
[4.139s] -- Up-to-date: /home/k/Desktop/Zeb05/Zebulon05/ros_packages_full/install/turtlesim/share/turtlesim/images/foxy.png
[4.139s] -- Up-to-date: /home/k/Desktop/Zeb05/Zebulon05/ros_packages_full/install/turtlesim/share/turtlesim/images/rolling.png
[4.140s] -- Up-to-date: /home/k/Desktop/Zeb05/Zebulon05/ros_packages_full/install/turtlesim/share/turtlesim/images/galactic.png
[4.140s] -- Up-to-date: /home/k/Desktop/Zeb05/Zebulon05/ros_packages_full/install/turtlesim/share/turtlesim/images/bouncy.png
[4.141s] -- Up-to-date: /home/k/Desktop/Zeb05/Zebulon05/ros_packages_full/install/turtlesim/share/turtlesim/images/crystal.png
[4.141s] -- Up-to-date: /home/k/Desktop/Zeb05/Zebulon05/ros_packages_full/install/turtlesim/share/turtlesim/launch
[4.141s] -- Up-to-date: /home/k/Desktop/Zeb05/Zebulon05/ros_packages_full/install/turtlesim/share/turtlesim/launch/multisim.launch.py
[4.142s] -- Up-to-date: /home/k/Desktop/Zeb05/Zebulon05/ros_packages_full/install/turtlesim/share/ament_index/resource_index/package_run_dependencies/turtlesim
[4.142s] -- Up-to-date: /home/k/Desktop/Zeb05/Zebulon05/ros_packages_full/install/turtlesim/share/ament_index/resource_index/parent_prefix_path/turtlesim
[4.143s] -- Up-to-date: /home/k/Desktop/Zeb05/Zebulon05/ros_packages_full/install/turtlesim/share/turtlesim/environment/ament_prefix_path.sh
[4.143s] -- Up-to-date: /home/k/Desktop/Zeb05/Zebulon05/ros_packages_full/install/turtlesim/share/turtlesim/environment/ament_prefix_path.dsv
[4.144s] -- Up-to-date: /home/k/Desktop/Zeb05/Zebulon05/ros_packages_full/install/turtlesim/share/turtlesim/environment/path.sh
[4.144s] -- Up-to-date: /home/k/Desktop/Zeb05/Zebulon05/ros_packages_full/install/turtlesim/share/turtlesim/environment/path.dsv
[4.145s] -- Up-to-date: /home/k/Desktop/Zeb05/Zebulon05/ros_packages_full/install/turtlesim/share/turtlesim/local_setup.bash
[4.145s] -- Up-to-date: /home/k/Desktop/Zeb05/Zebulon05/ros_packages_full/install/turtlesim/share/turtlesim/local_setup.sh
[4.146s] -- Up-to-date: /home/k/Desktop/Zeb05/Zebulon05/ros_packages_full/install/turtlesim/share/turtlesim/local_setup.zsh
[4.146s] -- Up-to-date: /home/k/Desktop/Zeb05/Zebulon05/ros_packages_full/install/turtlesim/share/turtlesim/local_setup.dsv
[4.146s] -- Installing: /home/k/Desktop/Zeb05/Zebulon05/ros_packages_full/install/turtlesim/share/turtlesim/package.dsv
[4.148s] -- Up-to-date: /home/k/Desktop/Zeb05/Zebulon05/ros_packages_full/install/turtlesim/share/ament_index/resource_index/packages/turtlesim
[4.149s] -- Up-to-date: /home/k/Desktop/Zeb05/Zebulon05/ros_packages_full/install/turtlesim/share/turtlesim/cmake/export_turtlesim__rosidl_generator_cExport.cmake
[4.150s] -- Up-to-date: /home/k/Desktop/Zeb05/Zebulon05/ros_packages_full/install/turtlesim/share/turtlesim/cmake/export_turtlesim__rosidl_generator_cExport-noconfig.cmake
[4.151s] -- Up-to-date: /home/k/Desktop/Zeb05/Zebulon05/ros_packages_full/install/turtlesim/share/turtlesim/cmake/export_turtlesim__rosidl_typesupport_fastrtps_cExport.cmake
[4.152s] -- Up-to-date: /home/k/Desktop/Zeb05/Zebulon05/ros_packages_full/install/turtlesim/share/turtlesim/cmake/export_turtlesim__rosidl_typesupport_fastrtps_cExport-noconfig.cmake
[4.153s] -- Up-to-date: /home/k/Desktop/Zeb05/Zebulon05/ros_packages_full/install/turtlesim/share/turtlesim/cmake/export_turtlesim__rosidl_generator_cppExport.cmake
[4.154s] -- Up-to-date: /home/k/Desktop/Zeb05/Zebulon05/ros_packages_full/install/turtlesim/share/turtlesim/cmake/export_turtlesim__rosidl_typesupport_fastrtps_cppExport.cmake
[4.154s] -- Up-to-date: /home/k/Desktop/Zeb05/Zebulon05/ros_packages_full/install/turtlesim/share/turtlesim/cmake/export_turtlesim__rosidl_typesupport_fastrtps_cppExport-noconfig.cmake
[4.156s] -- Up-to-date: /home/k/Desktop/Zeb05/Zebulon05/ros_packages_full/install/turtlesim/share/turtlesim/cmake/turtlesim__rosidl_typesupport_introspection_cExport.cmake
[4.156s] -- Up-to-date: /home/k/Desktop/Zeb05/Zebulon05/ros_packages_full/install/turtlesim/share/turtlesim/cmake/turtlesim__rosidl_typesupport_introspection_cExport-noconfig.cmake
[4.157s] -- Up-to-date: /home/k/Desktop/Zeb05/Zebulon05/ros_packages_full/install/turtlesim/share/turtlesim/cmake/turtlesim__rosidl_typesupport_cExport.cmake
[4.158s] -- Up-to-date: /home/k/Desktop/Zeb05/Zebulon05/ros_packages_full/install/turtlesim/share/turtlesim/cmake/turtlesim__rosidl_typesupport_cExport-noconfig.cmake
[4.159s] -- Up-to-date: /home/k/Desktop/Zeb05/Zebulon05/ros_packages_full/install/turtlesim/share/turtlesim/cmake/turtlesim__rosidl_typesupport_introspection_cppExport.cmake
[4.160s] -- Up-to-date: /home/k/Desktop/Zeb05/Zebulon05/ros_packages_full/install/turtlesim/share/turtlesim/cmake/turtlesim__rosidl_typesupport_introspection_cppExport-noconfig.cmake
[4.161s] -- Up-to-date: /home/k/Desktop/Zeb05/Zebulon05/ros_packages_full/install/turtlesim/share/turtlesim/cmake/turtlesim__rosidl_typesupport_cppExport.cmake
[4.161s] -- Up-to-date: /home/k/Desktop/Zeb05/Zebulon05/ros_packages_full/install/turtlesim/share/turtlesim/cmake/turtlesim__rosidl_typesupport_cppExport-noconfig.cmake
[4.162s] -- Up-to-date: /home/k/Desktop/Zeb05/Zebulon05/ros_packages_full/install/turtlesim/share/turtlesim/cmake/export_turtlesim__rosidl_generator_pyExport.cmake
[4.163s] -- Up-to-date: /home/k/Desktop/Zeb05/Zebulon05/ros_packages_full/install/turtlesim/share/turtlesim/cmake/export_turtlesim__rosidl_generator_pyExport-noconfig.cmake
[4.164s] -- Up-to-date: /home/k/Desktop/Zeb05/Zebulon05/ros_packages_full/install/turtlesim/share/turtlesim/cmake/rosidl_cmake-extras.cmake
[4.164s] -- Up-to-date: /home/k/Desktop/Zeb05/Zebulon05/ros_packages_full/install/turtlesim/share/turtlesim/cmake/ament_cmake_export_dependencies-extras.cmake
[4.165s] -- Up-to-date: /home/k/Desktop/Zeb05/Zebulon05/ros_packages_full/install/turtlesim/share/turtlesim/cmake/ament_cmake_export_include_directories-extras.cmake
[4.166s] -- Up-to-date: /home/k/Desktop/Zeb05/Zebulon05/ros_packages_full/install/turtlesim/share/turtlesim/cmake/ament_cmake_export_libraries-extras.cmake
[4.166s] -- Up-to-date: /home/k/Desktop/Zeb05/Zebulon05/ros_packages_full/install/turtlesim/share/turtlesim/cmake/ament_cmake_export_targets-extras.cmake
[4.167s] -- Up-to-date: /home/k/Desktop/Zeb05/Zebulon05/ros_packages_full/install/turtlesim/share/turtlesim/cmake/rosidl_cmake_export_typesupport_targets-extras.cmake
[4.167s] -- Up-to-date: /home/k/Desktop/Zeb05/Zebulon05/ros_packages_full/install/turtlesim/share/turtlesim/cmake/rosidl_cmake_export_typesupport_libraries-extras.cmake
[4.168s] -- Up-to-date: /home/k/Desktop/Zeb05/Zebulon05/ros_packages_full/install/turtlesim/share/turtlesim/cmake/turtlesimConfig.cmake
[4.168s] -- Up-to-date: /home/k/Desktop/Zeb05/Zebulon05/ros_packages_full/install/turtlesim/share/turtlesim/cmake/turtlesimConfig-version.cmake
[4.169s] -- Up-to-date: /home/k/Desktop/Zeb05/Zebulon05/ros_packages_full/install/turtlesim/share/turtlesim/package.xml
[4.179s] Invoked command in '/home/k/Desktop/Zeb05/Zebulon05/ros_packages_full/build/turtlesim' returned '0': CMAKE_PREFIX_PATH=${CMAKE_PREFIX_PATH}:/opt/ros/humble /usr/bin/cmake --install /home/k/Desktop/Zeb05/Zebulon05/ros_packages_full/build/turtlesim
