[0.085s] Invoking command in '/home/k/Desktop/Zeb05/Zebulon05/ros_packages_full/build/maestro_interfaces': CMAKE_PREFIX_PATH=/opt/ros/humble /usr/bin/cmake --build /home/k/Desktop/Zeb05/Zebulon05/ros_packages_full/build/maestro_interfaces -- -j4 -l4
[0.336s] [  2%] Built target maestro_interfaces__cpp
[0.352s] [ 12%] Built target maestro_interfaces__rosidl_generator_c
[0.419s] [ 12%] Built target ament_cmake_python_copy_maestro_interfaces
[0.487s] [ 23%] Built target maestro_interfaces__rosidl_typesupport_cpp
[0.489s] [ 33%] Built target maestro_interfaces__rosidl_typesupport_fastrtps_cpp
[0.537s] [ 43%] Built target maestro_interfaces__rosidl_typesupport_introspection_cpp
[0.570s] [ 53%] Built target maestro_interfaces__rosidl_typesupport_fastrtps_c
[0.628s] [ 64%] Built target maestro_interfaces__rosidl_typesupport_introspection_c
[0.649s] [ 74%] Built target maestro_interfaces__rosidl_typesupport_c
[0.754s] [ 74%] Built target maestro_interfaces
[0.863s] [ 76%] Built target maestro_interfaces__py
[0.982s] [ 84%] Built target maestro_interfaces__rosidl_generator_py
[1.129s] [ 89%] Built target maestro_interfaces__rosidl_typesupport_fastrtps_c__pyext
[1.154s] [ 94%] Built target maestro_interfaces__rosidl_typesupport_introspection_c__pyext
[1.171s] [100%] Built target maestro_interfaces__rosidl_typesupport_c__pyext
[2.084s] running egg_info
[2.087s] writing maestro_interfaces.egg-info/PKG-INFO
[2.088s] writing dependency_links to maestro_interfaces.egg-info/dependency_links.txt
[2.089s] writing top-level names to maestro_interfaces.egg-info/top_level.txt
[2.100s] reading manifest file 'maestro_interfaces.egg-info/SOURCES.txt'
[2.103s] writing manifest file 'maestro_interfaces.egg-info/SOURCES.txt'
[2.233s] [100%] Built target ament_cmake_python_build_maestro_interfaces_egg
[2.281s] Invoked command in '/home/k/Desktop/Zeb05/Zebulon05/ros_packages_full/build/maestro_interfaces' returned '0': CMAKE_PREFIX_PATH=/opt/ros/humble /usr/bin/cmake --build /home/k/Desktop/Zeb05/Zebulon05/ros_packages_full/build/maestro_interfaces -- -j4 -l4
[2.778s] Invoking command in '/home/k/Desktop/Zeb05/Zebulon05/ros_packages_full/build/maestro_interfaces': CMAKE_PREFIX_PATH=/opt/ros/humble /usr/bin/cmake --install /home/k/Desktop/Zeb05/Zebulon05/ros_packages_full/build/maestro_interfaces
[2.810s] -- Install configuration: ""
[2.811s] -- Up-to-date: /home/k/Desktop/Zeb05/Zebulon05/ros_packages_full/install/maestro_interfaces/share/ament_index/resource_index/rosidl_interfaces/maestro_interfaces
[2.811s] -- Up-to-date: /home/k/Desktop/Zeb05/Zebulon05/ros_packages_full/install/maestro_interfaces/include/maestro_interfaces/maestro_interfaces
[2.812s] -- Up-to-date: /home/k/Desktop/Zeb05/Zebulon05/ros_packages_full/install/maestro_interfaces/include/maestro_interfaces/maestro_interfaces/msg
[2.814s] -- Up-to-date: /home/k/Desktop/Zeb05/Zebulon05/ros_packages_full/install/maestro_interfaces/include/maestro_interfaces/maestro_interfaces/msg/maestro_target.h
[2.815s] -- Up-to-date: /home/k/Desktop/Zeb05/Zebulon05/ros_packages_full/install/maestro_interfaces/include/maestro_interfaces/maestro_interfaces/msg/rosidl_generator_c__visibility_control.h
[2.815s] -- Up-to-date: /home/k/Desktop/Zeb05/Zebulon05/ros_packages_full/install/maestro_interfaces/include/maestro_interfaces/maestro_interfaces/msg/detail
[2.816s] -- Up-to-date: /home/k/Desktop/Zeb05/Zebulon05/ros_packages_full/install/maestro_interfaces/include/maestro_interfaces/maestro_interfaces/msg/detail/current_positions__functions.c
[2.817s] -- Up-to-date: /home/k/Desktop/Zeb05/Zebulon05/ros_packages_full/install/maestro_interfaces/include/maestro_interfaces/maestro_interfaces/msg/detail/maestro_target__functions.c
[2.817s] -- Up-to-date: /home/k/Desktop/Zeb05/Zebulon05/ros_packages_full/install/maestro_interfaces/include/maestro_interfaces/maestro_interfaces/msg/detail/current_positions__type_support.h
[2.818s] -- Up-to-date: /home/k/Desktop/Zeb05/Zebulon05/ros_packages_full/install/maestro_interfaces/include/maestro_interfaces/maestro_interfaces/msg/detail/current_positions__struct.h
[2.819s] -- Up-to-date: /home/k/Desktop/Zeb05/Zebulon05/ros_packages_full/install/maestro_interfaces/include/maestro_interfaces/maestro_interfaces/msg/detail/maestro_target__type_support.h
[2.819s] -- Up-to-date: /home/k/Desktop/Zeb05/Zebulon05/ros_packages_full/install/maestro_interfaces/include/maestro_interfaces/maestro_interfaces/msg/detail/maestro_target__struct.h
[2.820s] -- Up-to-date: /home/k/Desktop/Zeb05/Zebulon05/ros_packages_full/install/maestro_interfaces/include/maestro_interfaces/maestro_interfaces/msg/detail/maestro_target__functions.h
[2.820s] -- Up-to-date: /home/k/Desktop/Zeb05/Zebulon05/ros_packages_full/install/maestro_interfaces/include/maestro_interfaces/maestro_interfaces/msg/detail/current_positions__functions.h
[2.821s] -- Up-to-date: /home/k/Desktop/Zeb05/Zebulon05/ros_packages_full/install/maestro_interfaces/include/maestro_interfaces/maestro_interfaces/msg/current_positions.h
[2.821s] -- Up-to-date: /home/k/Desktop/Zeb05/Zebulon05/ros_packages_full/install/maestro_interfaces/share/maestro_interfaces/environment/library_path.sh
[2.822s] -- Up-to-date: /home/k/Desktop/Zeb05/Zebulon05/ros_packages_full/install/maestro_interfaces/share/maestro_interfaces/environment/library_path.dsv
[2.822s] -- Up-to-date: /home/k/Desktop/Zeb05/Zebulon05/ros_packages_full/install/maestro_interfaces/lib/libmaestro_interfaces__rosidl_generator_c.so
[2.823s] -- Up-to-date: /home/k/Desktop/Zeb05/Zebulon05/ros_packages_full/install/maestro_interfaces/include/maestro_interfaces/maestro_interfaces
[2.823s] -- Up-to-date: /home/k/Desktop/Zeb05/Zebulon05/ros_packages_full/install/maestro_interfaces/include/maestro_interfaces/maestro_interfaces/msg
[2.824s] -- Up-to-date: /home/k/Desktop/Zeb05/Zebulon05/ros_packages_full/install/maestro_interfaces/include/maestro_interfaces/maestro_interfaces/msg/rosidl_typesupport_fastrtps_c__visibility_control.h
[2.824s] -- Up-to-date: /home/k/Desktop/Zeb05/Zebulon05/ros_packages_full/install/maestro_interfaces/include/maestro_interfaces/maestro_interfaces/msg/detail
[2.825s] -- Up-to-date: /home/k/Desktop/Zeb05/Zebulon05/ros_packages_full/install/maestro_interfaces/include/maestro_interfaces/maestro_interfaces/msg/detail/maestro_target__rosidl_typesupport_fastrtps_c.h
[2.825s] -- Up-to-date: /home/k/Desktop/Zeb05/Zebulon05/ros_packages_full/install/maestro_interfaces/include/maestro_interfaces/maestro_interfaces/msg/detail/current_positions__rosidl_typesupport_fastrtps_c.h
[2.827s] -- Up-to-date: /home/k/Desktop/Zeb05/Zebulon05/ros_packages_full/install/maestro_interfaces/lib/libmaestro_interfaces__rosidl_typesupport_fastrtps_c.so
[2.829s] -- Up-to-date: /home/k/Desktop/Zeb05/Zebulon05/ros_packages_full/install/maestro_interfaces/include/maestro_interfaces/maestro_interfaces
[2.829s] -- Up-to-date: /home/k/Desktop/Zeb05/Zebulon05/ros_packages_full/install/maestro_interfaces/include/maestro_interfaces/maestro_interfaces/msg
[2.830s] -- Up-to-date: /home/k/Desktop/Zeb05/Zebulon05/ros_packages_full/install/maestro_interfaces/include/maestro_interfaces/maestro_interfaces/msg/current_positions.hpp
[2.830s] -- Up-to-date: /home/k/Desktop/Zeb05/Zebulon05/ros_packages_full/install/maestro_interfaces/include/maestro_interfaces/maestro_interfaces/msg/maestro_target.hpp
[2.831s] -- Up-to-date: /home/k/Desktop/Zeb05/Zebulon05/ros_packages_full/install/maestro_interfaces/include/maestro_interfaces/maestro_interfaces/msg/detail
[2.831s] -- Up-to-date: /home/k/Desktop/Zeb05/Zebulon05/ros_packages_full/install/maestro_interfaces/include/maestro_interfaces/maestro_interfaces/msg/detail/current_positions__struct.hpp
[2.832s] -- Up-to-date: /home/k/Desktop/Zeb05/Zebulon05/ros_packages_full/install/maestro_interfaces/include/maestro_interfaces/maestro_interfaces/msg/detail/maestro_target__builder.hpp
[2.832s] -- Up-to-date: /home/k/Desktop/Zeb05/Zebulon05/ros_packages_full/install/maestro_interfaces/include/maestro_interfaces/maestro_interfaces/msg/detail/current_positions__traits.hpp
[2.832s] -- Up-to-date: /home/k/Desktop/Zeb05/Zebulon05/ros_packages_full/install/maestro_interfaces/include/maestro_interfaces/maestro_interfaces/msg/detail/maestro_target__traits.hpp
[2.833s] -- Up-to-date: /home/k/Desktop/Zeb05/Zebulon05/ros_packages_full/install/maestro_interfaces/include/maestro_interfaces/maestro_interfaces/msg/detail/current_positions__builder.hpp
[2.834s] -- Up-to-date: /home/k/Desktop/Zeb05/Zebulon05/ros_packages_full/install/maestro_interfaces/include/maestro_interfaces/maestro_interfaces/msg/detail/maestro_target__struct.hpp
[2.834s] -- Up-to-date: /home/k/Desktop/Zeb05/Zebulon05/ros_packages_full/install/maestro_interfaces/include/maestro_interfaces/maestro_interfaces
[2.834s] -- Up-to-date: /home/k/Desktop/Zeb05/Zebulon05/ros_packages_full/install/maestro_interfaces/include/maestro_interfaces/maestro_interfaces/msg
[2.835s] -- Up-to-date: /home/k/Desktop/Zeb05/Zebulon05/ros_packages_full/install/maestro_interfaces/include/maestro_interfaces/maestro_interfaces/msg/rosidl_typesupport_fastrtps_cpp__visibility_control.h
[2.835s] -- Up-to-date: /home/k/Desktop/Zeb05/Zebulon05/ros_packages_full/install/maestro_interfaces/include/maestro_interfaces/maestro_interfaces/msg/detail
[2.836s] -- Up-to-date: /home/k/Desktop/Zeb05/Zebulon05/ros_packages_full/install/maestro_interfaces/include/maestro_interfaces/maestro_interfaces/msg/detail/maestro_target__rosidl_typesupport_fastrtps_cpp.hpp
[2.836s] -- Up-to-date: /home/k/Desktop/Zeb05/Zebulon05/ros_packages_full/install/maestro_interfaces/include/maestro_interfaces/maestro_interfaces/msg/detail/current_positions__rosidl_typesupport_fastrtps_cpp.hpp
[2.837s] -- Up-to-date: /home/k/Desktop/Zeb05/Zebulon05/ros_packages_full/install/maestro_interfaces/include/maestro_interfaces/maestro_interfaces/msg/detail/dds_fastrtps
[2.839s] -- Up-to-date: /home/k/Desktop/Zeb05/Zebulon05/ros_packages_full/install/maestro_interfaces/lib/libmaestro_interfaces__rosidl_typesupport_fastrtps_cpp.so
[2.840s] -- Up-to-date: /home/k/Desktop/Zeb05/Zebulon05/ros_packages_full/install/maestro_interfaces/include/maestro_interfaces/maestro_interfaces
[2.840s] -- Up-to-date: /home/k/Desktop/Zeb05/Zebulon05/ros_packages_full/install/maestro_interfaces/include/maestro_interfaces/maestro_interfaces/msg
[2.841s] -- Up-to-date: /home/k/Desktop/Zeb05/Zebulon05/ros_packages_full/install/maestro_interfaces/include/maestro_interfaces/maestro_interfaces/msg/rosidl_typesupport_introspection_c__visibility_control.h
[2.842s] -- Up-to-date: /home/k/Desktop/Zeb05/Zebulon05/ros_packages_full/install/maestro_interfaces/include/maestro_interfaces/maestro_interfaces/msg/detail
[2.842s] -- Up-to-date: /home/k/Desktop/Zeb05/Zebulon05/ros_packages_full/install/maestro_interfaces/include/maestro_interfaces/maestro_interfaces/msg/detail/current_positions__type_support.c
[2.843s] -- Up-to-date: /home/k/Desktop/Zeb05/Zebulon05/ros_packages_full/install/maestro_interfaces/include/maestro_interfaces/maestro_interfaces/msg/detail/current_positions__rosidl_typesupport_introspection_c.h
[2.843s] -- Up-to-date: /home/k/Desktop/Zeb05/Zebulon05/ros_packages_full/install/maestro_interfaces/include/maestro_interfaces/maestro_interfaces/msg/detail/maestro_target__rosidl_typesupport_introspection_c.h
[2.844s] -- Up-to-date: /home/k/Desktop/Zeb05/Zebulon05/ros_packages_full/install/maestro_interfaces/include/maestro_interfaces/maestro_interfaces/msg/detail/maestro_target__type_support.c
[2.845s] -- Up-to-date: /home/k/Desktop/Zeb05/Zebulon05/ros_packages_full/install/maestro_interfaces/lib/libmaestro_interfaces__rosidl_typesupport_introspection_c.so
[2.847s] -- Up-to-date: /home/k/Desktop/Zeb05/Zebulon05/ros_packages_full/install/maestro_interfaces/lib/libmaestro_interfaces__rosidl_typesupport_c.so
[2.849s] -- Up-to-date: /home/k/Desktop/Zeb05/Zebulon05/ros_packages_full/install/maestro_interfaces/include/maestro_interfaces/maestro_interfaces
[2.849s] -- Up-to-date: /home/k/Desktop/Zeb05/Zebulon05/ros_packages_full/install/maestro_interfaces/include/maestro_interfaces/maestro_interfaces/msg
[2.850s] -- Up-to-date: /home/k/Desktop/Zeb05/Zebulon05/ros_packages_full/install/maestro_interfaces/include/maestro_interfaces/maestro_interfaces/msg/detail
[2.850s] -- Up-to-date: /home/k/Desktop/Zeb05/Zebulon05/ros_packages_full/install/maestro_interfaces/include/maestro_interfaces/maestro_interfaces/msg/detail/maestro_target__rosidl_typesupport_introspection_cpp.hpp
[2.851s] -- Up-to-date: /home/k/Desktop/Zeb05/Zebulon05/ros_packages_full/install/maestro_interfaces/include/maestro_interfaces/maestro_interfaces/msg/detail/maestro_target__type_support.cpp
[2.851s] -- Up-to-date: /home/k/Desktop/Zeb05/Zebulon05/ros_packages_full/install/maestro_interfaces/include/maestro_interfaces/maestro_interfaces/msg/detail/current_positions__type_support.cpp
[2.852s] -- Up-to-date: /home/k/Desktop/Zeb05/Zebulon05/ros_packages_full/install/maestro_interfaces/include/maestro_interfaces/maestro_interfaces/msg/detail/current_positions__rosidl_typesupport_introspection_cpp.hpp
[2.854s] -- Up-to-date: /home/k/Desktop/Zeb05/Zebulon05/ros_packages_full/install/maestro_interfaces/lib/libmaestro_interfaces__rosidl_typesupport_introspection_cpp.so
[2.856s] -- Up-to-date: /home/k/Desktop/Zeb05/Zebulon05/ros_packages_full/install/maestro_interfaces/lib/libmaestro_interfaces__rosidl_typesupport_cpp.so
[2.857s] -- Up-to-date: /home/k/Desktop/Zeb05/Zebulon05/ros_packages_full/install/maestro_interfaces/share/maestro_interfaces/environment/pythonpath.sh
[2.858s] -- Up-to-date: /home/k/Desktop/Zeb05/Zebulon05/ros_packages_full/install/maestro_interfaces/share/maestro_interfaces/environment/pythonpath.dsv
[2.859s] -- Up-to-date: /home/k/Desktop/Zeb05/Zebulon05/ros_packages_full/install/maestro_interfaces/local/lib/python3.10/dist-packages/maestro_interfaces-0.0.0-py3.10.egg-info
[2.859s] -- Installing: /home/k/Desktop/Zeb05/Zebulon05/ros_packages_full/install/maestro_interfaces/local/lib/python3.10/dist-packages/maestro_interfaces-0.0.0-py3.10.egg-info/PKG-INFO
[2.861s] -- Installing: /home/k/Desktop/Zeb05/Zebulon05/ros_packages_full/install/maestro_interfaces/local/lib/python3.10/dist-packages/maestro_interfaces-0.0.0-py3.10.egg-info/top_level.txt
[2.863s] -- Installing: /home/k/Desktop/Zeb05/Zebulon05/ros_packages_full/install/maestro_interfaces/local/lib/python3.10/dist-packages/maestro_interfaces-0.0.0-py3.10.egg-info/SOURCES.txt
[2.864s] -- Installing: /home/k/Desktop/Zeb05/Zebulon05/ros_packages_full/install/maestro_interfaces/local/lib/python3.10/dist-packages/maestro_interfaces-0.0.0-py3.10.egg-info/dependency_links.txt
[2.866s] -- Up-to-date: /home/k/Desktop/Zeb05/Zebulon05/ros_packages_full/install/maestro_interfaces/local/lib/python3.10/dist-packages/maestro_interfaces
[2.867s] -- Up-to-date: /home/k/Desktop/Zeb05/Zebulon05/ros_packages_full/install/maestro_interfaces/local/lib/python3.10/dist-packages/maestro_interfaces/maestro_interfaces_s__rosidl_typesupport_fastrtps_c.cpython-310-aarch64-linux-gnu.so
[2.867s] -- Up-to-date: /home/k/Desktop/Zeb05/Zebulon05/ros_packages_full/install/maestro_interfaces/local/lib/python3.10/dist-packages/maestro_interfaces/_maestro_interfaces_s.ep.rosidl_typesupport_introspection_c.c
[2.868s] -- Up-to-date: /home/k/Desktop/Zeb05/Zebulon05/ros_packages_full/install/maestro_interfaces/local/lib/python3.10/dist-packages/maestro_interfaces/_maestro_interfaces_s.ep.rosidl_typesupport_c.c
[2.868s] -- Up-to-date: /home/k/Desktop/Zeb05/Zebulon05/ros_packages_full/install/maestro_interfaces/local/lib/python3.10/dist-packages/maestro_interfaces/msg
[2.869s] -- Up-to-date: /home/k/Desktop/Zeb05/Zebulon05/ros_packages_full/install/maestro_interfaces/local/lib/python3.10/dist-packages/maestro_interfaces/msg/_current_positions_s.c
[2.869s] -- Up-to-date: /home/k/Desktop/Zeb05/Zebulon05/ros_packages_full/install/maestro_interfaces/local/lib/python3.10/dist-packages/maestro_interfaces/msg/_current_positions.py
[2.870s] -- Up-to-date: /home/k/Desktop/Zeb05/Zebulon05/ros_packages_full/install/maestro_interfaces/local/lib/python3.10/dist-packages/maestro_interfaces/msg/__init__.py
[2.870s] -- Up-to-date: /home/k/Desktop/Zeb05/Zebulon05/ros_packages_full/install/maestro_interfaces/local/lib/python3.10/dist-packages/maestro_interfaces/msg/_maestro_target_s.c
[2.871s] -- Up-to-date: /home/k/Desktop/Zeb05/Zebulon05/ros_packages_full/install/maestro_interfaces/local/lib/python3.10/dist-packages/maestro_interfaces/msg/_maestro_target.py
[2.871s] -- Up-to-date: /home/k/Desktop/Zeb05/Zebulon05/ros_packages_full/install/maestro_interfaces/local/lib/python3.10/dist-packages/maestro_interfaces/__init__.py
[2.872s] -- Up-to-date: /home/k/Desktop/Zeb05/Zebulon05/ros_packages_full/install/maestro_interfaces/local/lib/python3.10/dist-packages/maestro_interfaces/maestro_interfaces_s__rosidl_typesupport_c.cpython-310-aarch64-linux-gnu.so
[2.872s] -- Up-to-date: /home/k/Desktop/Zeb05/Zebulon05/ros_packages_full/install/maestro_interfaces/local/lib/python3.10/dist-packages/maestro_interfaces/libmaestro_interfaces__rosidl_generator_py.so
[2.873s] -- Up-to-date: /home/k/Desktop/Zeb05/Zebulon05/ros_packages_full/install/maestro_interfaces/local/lib/python3.10/dist-packages/maestro_interfaces/maestro_interfaces_s__rosidl_typesupport_introspection_c.cpython-310-aarch64-linux-gnu.so
[2.873s] -- Up-to-date: /home/k/Desktop/Zeb05/Zebulon05/ros_packages_full/install/maestro_interfaces/local/lib/python3.10/dist-packages/maestro_interfaces/_maestro_interfaces_s.ep.rosidl_typesupport_fastrtps_c.c
[3.025s] Listing '/home/k/Desktop/Zeb05/Zebulon05/ros_packages_full/install/maestro_interfaces/local/lib/python3.10/dist-packages/maestro_interfaces'...
[3.027s] Listing '/home/k/Desktop/Zeb05/Zebulon05/ros_packages_full/install/maestro_interfaces/local/lib/python3.10/dist-packages/maestro_interfaces/msg'...
[3.053s] -- Up-to-date: /home/k/Desktop/Zeb05/Zebulon05/ros_packages_full/install/maestro_interfaces/local/lib/python3.10/dist-packages/maestro_interfaces/maestro_interfaces_s__rosidl_typesupport_fastrtps_c.cpython-310-aarch64-linux-gnu.so
[3.056s] -- Up-to-date: /home/k/Desktop/Zeb05/Zebulon05/ros_packages_full/install/maestro_interfaces/local/lib/python3.10/dist-packages/maestro_interfaces/maestro_interfaces_s__rosidl_typesupport_introspection_c.cpython-310-aarch64-linux-gnu.so
[3.059s] -- Up-to-date: /home/k/Desktop/Zeb05/Zebulon05/ros_packages_full/install/maestro_interfaces/local/lib/python3.10/dist-packages/maestro_interfaces/maestro_interfaces_s__rosidl_typesupport_c.cpython-310-aarch64-linux-gnu.so
[3.062s] -- Up-to-date: /home/k/Desktop/Zeb05/Zebulon05/ros_packages_full/install/maestro_interfaces/lib/libmaestro_interfaces__rosidl_generator_py.so
[3.063s] -- Up-to-date: /home/k/Desktop/Zeb05/Zebulon05/ros_packages_full/install/maestro_interfaces/share/maestro_interfaces/msg/CurrentPositions.idl
[3.064s] -- Up-to-date: /home/k/Desktop/Zeb05/Zebulon05/ros_packages_full/install/maestro_interfaces/share/maestro_interfaces/msg/MaestroTarget.idl
[3.065s] -- Up-to-date: /home/k/Desktop/Zeb05/Zebulon05/ros_packages_full/install/maestro_interfaces/share/maestro_interfaces/msg/CurrentPositions.msg
[3.066s] -- Up-to-date: /home/k/Desktop/Zeb05/Zebulon05/ros_packages_full/install/maestro_interfaces/share/maestro_interfaces/msg/MaestroTarget.msg
[3.067s] -- Up-to-date: /home/k/Desktop/Zeb05/Zebulon05/ros_packages_full/install/maestro_interfaces/share/ament_index/resource_index/package_run_dependencies/maestro_interfaces
[3.068s] -- Up-to-date: /home/k/Desktop/Zeb05/Zebulon05/ros_packages_full/install/maestro_interfaces/share/ament_index/resource_index/parent_prefix_path/maestro_interfaces
[3.068s] -- Up-to-date: /home/k/Desktop/Zeb05/Zebulon05/ros_packages_full/install/maestro_interfaces/share/maestro_interfaces/environment/ament_prefix_path.sh
[3.069s] -- Up-to-date: /home/k/Desktop/Zeb05/Zebulon05/ros_packages_full/install/maestro_interfaces/share/maestro_interfaces/environment/ament_prefix_path.dsv
[3.070s] -- Up-to-date: /home/k/Desktop/Zeb05/Zebulon05/ros_packages_full/install/maestro_interfaces/share/maestro_interfaces/environment/path.sh
[3.070s] -- Up-to-date: /home/k/Desktop/Zeb05/Zebulon05/ros_packages_full/install/maestro_interfaces/share/maestro_interfaces/environment/path.dsv
[3.071s] -- Up-to-date: /home/k/Desktop/Zeb05/Zebulon05/ros_packages_full/install/maestro_interfaces/share/maestro_interfaces/local_setup.bash
[3.072s] -- Up-to-date: /home/k/Desktop/Zeb05/Zebulon05/ros_packages_full/install/maestro_interfaces/share/maestro_interfaces/local_setup.sh
[3.072s] -- Up-to-date: /home/k/Desktop/Zeb05/Zebulon05/ros_packages_full/install/maestro_interfaces/share/maestro_interfaces/local_setup.zsh
[3.073s] -- Up-to-date: /home/k/Desktop/Zeb05/Zebulon05/ros_packages_full/install/maestro_interfaces/share/maestro_interfaces/local_setup.dsv
[3.073s] -- Installing: /home/k/Desktop/Zeb05/Zebulon05/ros_packages_full/install/maestro_interfaces/share/maestro_interfaces/package.dsv
[3.074s] -- Up-to-date: /home/k/Desktop/Zeb05/Zebulon05/ros_packages_full/install/maestro_interfaces/share/ament_index/resource_index/packages/maestro_interfaces
[3.075s] -- Up-to-date: /home/k/Desktop/Zeb05/Zebulon05/ros_packages_full/install/maestro_interfaces/share/maestro_interfaces/cmake/export_maestro_interfaces__rosidl_generator_cExport.cmake
[3.076s] -- Up-to-date: /home/k/Desktop/Zeb05/Zebulon05/ros_packages_full/install/maestro_interfaces/share/maestro_interfaces/cmake/export_maestro_interfaces__rosidl_generator_cExport-noconfig.cmake
[3.077s] -- Up-to-date: /home/k/Desktop/Zeb05/Zebulon05/ros_packages_full/install/maestro_interfaces/share/maestro_interfaces/cmake/export_maestro_interfaces__rosidl_typesupport_fastrtps_cExport.cmake
[3.077s] -- Up-to-date: /home/k/Desktop/Zeb05/Zebulon05/ros_packages_full/install/maestro_interfaces/share/maestro_interfaces/cmake/export_maestro_interfaces__rosidl_typesupport_fastrtps_cExport-noconfig.cmake
[3.079s] -- Up-to-date: /home/k/Desktop/Zeb05/Zebulon05/ros_packages_full/install/maestro_interfaces/share/maestro_interfaces/cmake/export_maestro_interfaces__rosidl_generator_cppExport.cmake
[3.080s] -- Up-to-date: /home/k/Desktop/Zeb05/Zebulon05/ros_packages_full/install/maestro_interfaces/share/maestro_interfaces/cmake/export_maestro_interfaces__rosidl_typesupport_fastrtps_cppExport.cmake
[3.081s] -- Up-to-date: /home/k/Desktop/Zeb05/Zebulon05/ros_packages_full/install/maestro_interfaces/share/maestro_interfaces/cmake/export_maestro_interfaces__rosidl_typesupport_fastrtps_cppExport-noconfig.cmake
[3.082s] -- Up-to-date: /home/k/Desktop/Zeb05/Zebulon05/ros_packages_full/install/maestro_interfaces/share/maestro_interfaces/cmake/maestro_interfaces__rosidl_typesupport_introspection_cExport.cmake
[3.082s] -- Up-to-date: /home/k/Desktop/Zeb05/Zebulon05/ros_packages_full/install/maestro_interfaces/share/maestro_interfaces/cmake/maestro_interfaces__rosidl_typesupport_introspection_cExport-noconfig.cmake
[3.084s] -- Up-to-date: /home/k/Desktop/Zeb05/Zebulon05/ros_packages_full/install/maestro_interfaces/share/maestro_interfaces/cmake/maestro_interfaces__rosidl_typesupport_cExport.cmake
[3.084s] -- Up-to-date: /home/k/Desktop/Zeb05/Zebulon05/ros_packages_full/install/maestro_interfaces/share/maestro_interfaces/cmake/maestro_interfaces__rosidl_typesupport_cExport-noconfig.cmake
[3.086s] -- Up-to-date: /home/k/Desktop/Zeb05/Zebulon05/ros_packages_full/install/maestro_interfaces/share/maestro_interfaces/cmake/maestro_interfaces__rosidl_typesupport_introspection_cppExport.cmake
[3.086s] -- Up-to-date: /home/k/Desktop/Zeb05/Zebulon05/ros_packages_full/install/maestro_interfaces/share/maestro_interfaces/cmake/maestro_interfaces__rosidl_typesupport_introspection_cppExport-noconfig.cmake
[3.087s] -- Up-to-date: /home/k/Desktop/Zeb05/Zebulon05/ros_packages_full/install/maestro_interfaces/share/maestro_interfaces/cmake/maestro_interfaces__rosidl_typesupport_cppExport.cmake
[3.088s] -- Up-to-date: /home/k/Desktop/Zeb05/Zebulon05/ros_packages_full/install/maestro_interfaces/share/maestro_interfaces/cmake/maestro_interfaces__rosidl_typesupport_cppExport-noconfig.cmake
[3.089s] -- Up-to-date: /home/k/Desktop/Zeb05/Zebulon05/ros_packages_full/install/maestro_interfaces/share/maestro_interfaces/cmake/export_maestro_interfaces__rosidl_generator_pyExport.cmake
[3.090s] -- Up-to-date: /home/k/Desktop/Zeb05/Zebulon05/ros_packages_full/install/maestro_interfaces/share/maestro_interfaces/cmake/export_maestro_interfaces__rosidl_generator_pyExport-noconfig.cmake
[3.091s] -- Up-to-date: /home/k/Desktop/Zeb05/Zebulon05/ros_packages_full/install/maestro_interfaces/share/maestro_interfaces/cmake/rosidl_cmake-extras.cmake
[3.091s] -- Up-to-date: /home/k/Desktop/Zeb05/Zebulon05/ros_packages_full/install/maestro_interfaces/share/maestro_interfaces/cmake/ament_cmake_export_dependencies-extras.cmake
[3.092s] -- Up-to-date: /home/k/Desktop/Zeb05/Zebulon05/ros_packages_full/install/maestro_interfaces/share/maestro_interfaces/cmake/ament_cmake_export_include_directories-extras.cmake
[3.093s] -- Up-to-date: /home/k/Desktop/Zeb05/Zebulon05/ros_packages_full/install/maestro_interfaces/share/maestro_interfaces/cmake/ament_cmake_export_libraries-extras.cmake
[3.093s] -- Up-to-date: /home/k/Desktop/Zeb05/Zebulon05/ros_packages_full/install/maestro_interfaces/share/maestro_interfaces/cmake/ament_cmake_export_targets-extras.cmake
[3.094s] -- Up-to-date: /home/k/Desktop/Zeb05/Zebulon05/ros_packages_full/install/maestro_interfaces/share/maestro_interfaces/cmake/rosidl_cmake_export_typesupport_targets-extras.cmake
[3.095s] -- Up-to-date: /home/k/Desktop/Zeb05/Zebulon05/ros_packages_full/install/maestro_interfaces/share/maestro_interfaces/cmake/rosidl_cmake_export_typesupport_libraries-extras.cmake
[3.095s] -- Up-to-date: /home/k/Desktop/Zeb05/Zebulon05/ros_packages_full/install/maestro_interfaces/share/maestro_interfaces/cmake/maestro_interfacesConfig.cmake
[3.096s] -- Up-to-date: /home/k/Desktop/Zeb05/Zebulon05/ros_packages_full/install/maestro_interfaces/share/maestro_interfaces/cmake/maestro_interfacesConfig-version.cmake
[3.096s] -- Up-to-date: /home/k/Desktop/Zeb05/Zebulon05/ros_packages_full/install/maestro_interfaces/share/maestro_interfaces/package.xml
[3.106s] Invoked command in '/home/k/Desktop/Zeb05/Zebulon05/ros_packages_full/build/maestro_interfaces' returned '0': CMAKE_PREFIX_PATH=/opt/ros/humble /usr/bin/cmake --install /home/k/Desktop/Zeb05/Zebulon05/ros_packages_full/build/maestro_interfaces
