[0.116s] Invoking command in '/home/k/Desktop/Zeb05/Zebulon05/ros_packages_full/build/walking_robot_interfaces': CMAKE_PREFIX_PATH=${CMAKE_PREFIX_PATH}:/home/k/Desktop/Zeb05/Zebulon05/ros_packages_full/install/polulu_maestro:/opt/ros/humble /usr/bin/cmake --build /home/k/Desktop/Zeb05/Zebulon05/ros_packages_full/build/walking_robot_interfaces -- -j4 -l4
[0.435s] [35m[1mConsolidate compiler generated dependencies of target walking_robot_interfaces__rosidl_generator_c[0m
[0.540s] [  3%] Built target walking_robot_interfaces__cpp
[0.561s] [ 12%] Built target walking_robot_interfaces__rosidl_generator_c
[0.654s] [ 12%] Built target ament_cmake_python_copy_walking_robot_interfaces
[0.711s] [35m[1mConsolidate compiler generated dependencies of target walking_robot_interfaces__rosidl_typesupport_fastrtps_cpp[0m
[0.723s] [35m[1mConsolidate compiler generated dependencies of target walking_robot_interfaces__rosidl_typesupport_cpp[0m
[0.725s] [35m[1mConsolidate compiler generated dependencies of target walking_robot_interfaces__rosidl_typesupport_introspection_cpp[0m
[0.851s] [35m[1mConsolidate compiler generated dependencies of target walking_robot_interfaces__rosidl_typesupport_fastrtps_c[0m
[0.878s] [ 29%] Built target walking_robot_interfaces__rosidl_typesupport_cpp
[0.880s] [ 38%] Built target walking_robot_interfaces__rosidl_typesupport_fastrtps_cpp
[0.884s] [ 41%] Built target walking_robot_interfaces__rosidl_typesupport_introspection_cpp
[0.986s] [ 51%] Built target walking_robot_interfaces__rosidl_typesupport_fastrtps_c
[0.997s] [35m[1mConsolidate compiler generated dependencies of target walking_robot_interfaces__rosidl_typesupport_introspection_c[0m
[1.015s] [35m[1mConsolidate compiler generated dependencies of target walking_robot_interfaces__rosidl_typesupport_c[0m
[1.117s] [ 61%] Built target walking_robot_interfaces__rosidl_typesupport_c
[1.124s] [ 70%] Built target walking_robot_interfaces__rosidl_typesupport_introspection_c
[1.331s] [ 70%] Built target walking_robot_interfaces
[1.566s] [ 74%] Built target walking_robot_interfaces__py
[1.690s] [35m[1mConsolidate compiler generated dependencies of target walking_robot_interfaces__rosidl_generator_py[0m
[1.832s] [ 80%] Built target walking_robot_interfaces__rosidl_generator_py
[1.965s] [35m[1mConsolidate compiler generated dependencies of target walking_robot_interfaces__rosidl_typesupport_introspection_c__pyext[0m
[1.980s] [35m[1mConsolidate compiler generated dependencies of target walking_robot_interfaces__rosidl_typesupport_fastrtps_c__pyext[0m
[2.008s] [35m[1mConsolidate compiler generated dependencies of target walking_robot_interfaces__rosidl_typesupport_c__pyext[0m
[2.124s] [ 87%] Built target walking_robot_interfaces__rosidl_typesupport_introspection_c__pyext
[2.189s] [100%] Built target walking_robot_interfaces__rosidl_typesupport_c__pyext
[2.194s] [100%] Built target walking_robot_interfaces__rosidl_typesupport_fastrtps_c__pyext
[2.965s] running egg_info
[2.969s] writing walking_robot_interfaces.egg-info/PKG-INFO
[2.973s] writing dependency_links to walking_robot_interfaces.egg-info/dependency_links.txt
[2.975s] writing top-level names to walking_robot_interfaces.egg-info/top_level.txt
[2.987s] reading manifest file 'walking_robot_interfaces.egg-info/SOURCES.txt'
[2.992s] writing manifest file 'walking_robot_interfaces.egg-info/SOURCES.txt'
[3.157s] [100%] Built target ament_cmake_python_build_walking_robot_interfaces_egg
[3.210s] Invoked command in '/home/k/Desktop/Zeb05/Zebulon05/ros_packages_full/build/walking_robot_interfaces' returned '0': CMAKE_PREFIX_PATH=${CMAKE_PREFIX_PATH}:/home/k/Desktop/Zeb05/Zebulon05/ros_packages_full/install/polulu_maestro:/opt/ros/humble /usr/bin/cmake --build /home/k/Desktop/Zeb05/Zebulon05/ros_packages_full/build/walking_robot_interfaces -- -j4 -l4
[3.729s] Invoking command in '/home/k/Desktop/Zeb05/Zebulon05/ros_packages_full/build/walking_robot_interfaces': CMAKE_PREFIX_PATH=${CMAKE_PREFIX_PATH}:/home/k/Desktop/Zeb05/Zebulon05/ros_packages_full/install/polulu_maestro:/opt/ros/humble /usr/bin/cmake --install /home/k/Desktop/Zeb05/Zebulon05/ros_packages_full/build/walking_robot_interfaces
[3.774s] -- Install configuration: ""
[3.775s] -- Up-to-date: /home/k/Desktop/Zeb05/Zebulon05/ros_packages_full/install/walking_robot_interfaces/share/ament_index/resource_index/rosidl_interfaces/walking_robot_interfaces
[3.776s] -- Up-to-date: /home/k/Desktop/Zeb05/Zebulon05/ros_packages_full/install/walking_robot_interfaces/include/walking_robot_interfaces/walking_robot_interfaces
[3.777s] -- Up-to-date: /home/k/Desktop/Zeb05/Zebulon05/ros_packages_full/install/walking_robot_interfaces/include/walking_robot_interfaces/walking_robot_interfaces/msg
[3.778s] -- Up-to-date: /home/k/Desktop/Zeb05/Zebulon05/ros_packages_full/install/walking_robot_interfaces/include/walking_robot_interfaces/walking_robot_interfaces/msg/step.h
[3.780s] -- Up-to-date: /home/k/Desktop/Zeb05/Zebulon05/ros_packages_full/install/walking_robot_interfaces/include/walking_robot_interfaces/walking_robot_interfaces/msg/rosidl_generator_c__visibility_control.h
[3.780s] -- Up-to-date: /home/k/Desktop/Zeb05/Zebulon05/ros_packages_full/install/walking_robot_interfaces/include/walking_robot_interfaces/walking_robot_interfaces/msg/detail
[3.781s] -- Up-to-date: /home/k/Desktop/Zeb05/Zebulon05/ros_packages_full/install/walking_robot_interfaces/include/walking_robot_interfaces/walking_robot_interfaces/msg/detail/step__type_support.h
[3.783s] -- Up-to-date: /home/k/Desktop/Zeb05/Zebulon05/ros_packages_full/install/walking_robot_interfaces/include/walking_robot_interfaces/walking_robot_interfaces/msg/detail/step__functions.h
[3.783s] -- Up-to-date: /home/k/Desktop/Zeb05/Zebulon05/ros_packages_full/install/walking_robot_interfaces/include/walking_robot_interfaces/walking_robot_interfaces/msg/detail/step__struct.h
[3.784s] -- Up-to-date: /home/k/Desktop/Zeb05/Zebulon05/ros_packages_full/install/walking_robot_interfaces/include/walking_robot_interfaces/walking_robot_interfaces/msg/detail/step__functions.c
[3.786s] -- Up-to-date: /home/k/Desktop/Zeb05/Zebulon05/ros_packages_full/install/walking_robot_interfaces/share/walking_robot_interfaces/environment/library_path.sh
[3.787s] -- Up-to-date: /home/k/Desktop/Zeb05/Zebulon05/ros_packages_full/install/walking_robot_interfaces/share/walking_robot_interfaces/environment/library_path.dsv
[3.789s] -- Up-to-date: /home/k/Desktop/Zeb05/Zebulon05/ros_packages_full/install/walking_robot_interfaces/lib/libwalking_robot_interfaces__rosidl_generator_c.so
[3.791s] -- Up-to-date: /home/k/Desktop/Zeb05/Zebulon05/ros_packages_full/install/walking_robot_interfaces/include/walking_robot_interfaces/walking_robot_interfaces
[3.792s] -- Up-to-date: /home/k/Desktop/Zeb05/Zebulon05/ros_packages_full/install/walking_robot_interfaces/include/walking_robot_interfaces/walking_robot_interfaces/msg
[3.793s] -- Up-to-date: /home/k/Desktop/Zeb05/Zebulon05/ros_packages_full/install/walking_robot_interfaces/include/walking_robot_interfaces/walking_robot_interfaces/msg/rosidl_typesupport_fastrtps_c__visibility_control.h
[3.794s] -- Up-to-date: /home/k/Desktop/Zeb05/Zebulon05/ros_packages_full/install/walking_robot_interfaces/include/walking_robot_interfaces/walking_robot_interfaces/msg/detail
[3.795s] -- Up-to-date: /home/k/Desktop/Zeb05/Zebulon05/ros_packages_full/install/walking_robot_interfaces/include/walking_robot_interfaces/walking_robot_interfaces/msg/detail/step__rosidl_typesupport_fastrtps_c.h
[3.797s] -- Up-to-date: /home/k/Desktop/Zeb05/Zebulon05/ros_packages_full/install/walking_robot_interfaces/lib/libwalking_robot_interfaces__rosidl_typesupport_fastrtps_c.so
[3.805s] -- Up-to-date: /home/k/Desktop/Zeb05/Zebulon05/ros_packages_full/install/walking_robot_interfaces/include/walking_robot_interfaces/walking_robot_interfaces
[3.807s] -- Up-to-date: /home/k/Desktop/Zeb05/Zebulon05/ros_packages_full/install/walking_robot_interfaces/include/walking_robot_interfaces/walking_robot_interfaces/msg
[3.812s] -- Up-to-date: /home/k/Desktop/Zeb05/Zebulon05/ros_packages_full/install/walking_robot_interfaces/include/walking_robot_interfaces/walking_robot_interfaces/msg/rosidl_typesupport_introspection_c__visibility_control.h
[3.815s] -- Up-to-date: /home/k/Desktop/Zeb05/Zebulon05/ros_packages_full/install/walking_robot_interfaces/include/walking_robot_interfaces/walking_robot_interfaces/msg/detail
[3.820s] -- Up-to-date: /home/k/Desktop/Zeb05/Zebulon05/ros_packages_full/install/walking_robot_interfaces/include/walking_robot_interfaces/walking_robot_interfaces/msg/detail/step__type_support.c
[3.822s] -- Up-to-date: /home/k/Desktop/Zeb05/Zebulon05/ros_packages_full/install/walking_robot_interfaces/include/walking_robot_interfaces/walking_robot_interfaces/msg/detail/step__rosidl_typesupport_introspection_c.h
[3.824s] -- Up-to-date: /home/k/Desktop/Zeb05/Zebulon05/ros_packages_full/install/walking_robot_interfaces/lib/libwalking_robot_interfaces__rosidl_typesupport_introspection_c.so
[3.828s] -- Up-to-date: /home/k/Desktop/Zeb05/Zebulon05/ros_packages_full/install/walking_robot_interfaces/lib/libwalking_robot_interfaces__rosidl_typesupport_c.so
[3.831s] -- Up-to-date: /home/k/Desktop/Zeb05/Zebulon05/ros_packages_full/install/walking_robot_interfaces/include/walking_robot_interfaces/walking_robot_interfaces
[3.834s] -- Up-to-date: /home/k/Desktop/Zeb05/Zebulon05/ros_packages_full/install/walking_robot_interfaces/include/walking_robot_interfaces/walking_robot_interfaces/msg
[3.835s] -- Up-to-date: /home/k/Desktop/Zeb05/Zebulon05/ros_packages_full/install/walking_robot_interfaces/include/walking_robot_interfaces/walking_robot_interfaces/msg/step.hpp
[3.836s] -- Up-to-date: /home/k/Desktop/Zeb05/Zebulon05/ros_packages_full/install/walking_robot_interfaces/include/walking_robot_interfaces/walking_robot_interfaces/msg/detail
[3.838s] -- Up-to-date: /home/k/Desktop/Zeb05/Zebulon05/ros_packages_full/install/walking_robot_interfaces/include/walking_robot_interfaces/walking_robot_interfaces/msg/detail/step__struct.hpp
[3.839s] -- Up-to-date: /home/k/Desktop/Zeb05/Zebulon05/ros_packages_full/install/walking_robot_interfaces/include/walking_robot_interfaces/walking_robot_interfaces/msg/detail/step__traits.hpp
[3.841s] -- Up-to-date: /home/k/Desktop/Zeb05/Zebulon05/ros_packages_full/install/walking_robot_interfaces/include/walking_robot_interfaces/walking_robot_interfaces/msg/detail/step__builder.hpp
[3.844s] -- Up-to-date: /home/k/Desktop/Zeb05/Zebulon05/ros_packages_full/install/walking_robot_interfaces/include/walking_robot_interfaces/walking_robot_interfaces
[3.844s] -- Up-to-date: /home/k/Desktop/Zeb05/Zebulon05/ros_packages_full/install/walking_robot_interfaces/include/walking_robot_interfaces/walking_robot_interfaces/msg
[3.847s] -- Up-to-date: /home/k/Desktop/Zeb05/Zebulon05/ros_packages_full/install/walking_robot_interfaces/include/walking_robot_interfaces/walking_robot_interfaces/msg/rosidl_typesupport_fastrtps_cpp__visibility_control.h
[3.849s] -- Up-to-date: /home/k/Desktop/Zeb05/Zebulon05/ros_packages_full/install/walking_robot_interfaces/include/walking_robot_interfaces/walking_robot_interfaces/msg/detail
[3.851s] -- Up-to-date: /home/k/Desktop/Zeb05/Zebulon05/ros_packages_full/install/walking_robot_interfaces/include/walking_robot_interfaces/walking_robot_interfaces/msg/detail/step__rosidl_typesupport_fastrtps_cpp.hpp
[3.855s] -- Up-to-date: /home/k/Desktop/Zeb05/Zebulon05/ros_packages_full/install/walking_robot_interfaces/include/walking_robot_interfaces/walking_robot_interfaces/msg/detail/dds_fastrtps
[3.859s] -- Up-to-date: /home/k/Desktop/Zeb05/Zebulon05/ros_packages_full/install/walking_robot_interfaces/lib/libwalking_robot_interfaces__rosidl_typesupport_fastrtps_cpp.so
[3.863s] -- Up-to-date: /home/k/Desktop/Zeb05/Zebulon05/ros_packages_full/install/walking_robot_interfaces/include/walking_robot_interfaces/walking_robot_interfaces
[3.869s] -- Up-to-date: /home/k/Desktop/Zeb05/Zebulon05/ros_packages_full/install/walking_robot_interfaces/include/walking_robot_interfaces/walking_robot_interfaces/msg
[3.870s] -- Up-to-date: /home/k/Desktop/Zeb05/Zebulon05/ros_packages_full/install/walking_robot_interfaces/include/walking_robot_interfaces/walking_robot_interfaces/msg/detail
[3.872s] -- Up-to-date: /home/k/Desktop/Zeb05/Zebulon05/ros_packages_full/install/walking_robot_interfaces/include/walking_robot_interfaces/walking_robot_interfaces/msg/detail/step__rosidl_typesupport_introspection_cpp.hpp
[3.874s] -- Up-to-date: /home/k/Desktop/Zeb05/Zebulon05/ros_packages_full/install/walking_robot_interfaces/include/walking_robot_interfaces/walking_robot_interfaces/msg/detail/step__type_support.cpp
[3.877s] -- Up-to-date: /home/k/Desktop/Zeb05/Zebulon05/ros_packages_full/install/walking_robot_interfaces/lib/libwalking_robot_interfaces__rosidl_typesupport_introspection_cpp.so
[3.882s] -- Up-to-date: /home/k/Desktop/Zeb05/Zebulon05/ros_packages_full/install/walking_robot_interfaces/lib/libwalking_robot_interfaces__rosidl_typesupport_cpp.so
[3.884s] -- Up-to-date: /home/k/Desktop/Zeb05/Zebulon05/ros_packages_full/install/walking_robot_interfaces/share/walking_robot_interfaces/environment/pythonpath.sh
[3.885s] -- Up-to-date: /home/k/Desktop/Zeb05/Zebulon05/ros_packages_full/install/walking_robot_interfaces/share/walking_robot_interfaces/environment/pythonpath.dsv
[3.887s] -- Up-to-date: /home/k/Desktop/Zeb05/Zebulon05/ros_packages_full/install/walking_robot_interfaces/local/lib/python3.10/dist-packages/walking_robot_interfaces-0.0.0-py3.10.egg-info
[3.889s] -- Installing: /home/k/Desktop/Zeb05/Zebulon05/ros_packages_full/install/walking_robot_interfaces/local/lib/python3.10/dist-packages/walking_robot_interfaces-0.0.0-py3.10.egg-info/PKG-INFO
[3.893s] -- Installing: /home/k/Desktop/Zeb05/Zebulon05/ros_packages_full/install/walking_robot_interfaces/local/lib/python3.10/dist-packages/walking_robot_interfaces-0.0.0-py3.10.egg-info/top_level.txt
[3.895s] -- Installing: /home/k/Desktop/Zeb05/Zebulon05/ros_packages_full/install/walking_robot_interfaces/local/lib/python3.10/dist-packages/walking_robot_interfaces-0.0.0-py3.10.egg-info/SOURCES.txt
[3.897s] -- Installing: /home/k/Desktop/Zeb05/Zebulon05/ros_packages_full/install/walking_robot_interfaces/local/lib/python3.10/dist-packages/walking_robot_interfaces-0.0.0-py3.10.egg-info/dependency_links.txt
[3.899s] -- Up-to-date: /home/k/Desktop/Zeb05/Zebulon05/ros_packages_full/install/walking_robot_interfaces/local/lib/python3.10/dist-packages/walking_robot_interfaces
[3.901s] -- Up-to-date: /home/k/Desktop/Zeb05/Zebulon05/ros_packages_full/install/walking_robot_interfaces/local/lib/python3.10/dist-packages/walking_robot_interfaces/walking_robot_interfaces_s__rosidl_typesupport_c.cpython-310-aarch64-linux-gnu.so
[3.902s] -- Up-to-date: /home/k/Desktop/Zeb05/Zebulon05/ros_packages_full/install/walking_robot_interfaces/local/lib/python3.10/dist-packages/walking_robot_interfaces/libwalking_robot_interfaces__rosidl_generator_py.so
[3.903s] -- Up-to-date: /home/k/Desktop/Zeb05/Zebulon05/ros_packages_full/install/walking_robot_interfaces/local/lib/python3.10/dist-packages/walking_robot_interfaces/msg
[3.904s] -- Up-to-date: /home/k/Desktop/Zeb05/Zebulon05/ros_packages_full/install/walking_robot_interfaces/local/lib/python3.10/dist-packages/walking_robot_interfaces/msg/_step_s.c
[3.905s] -- Up-to-date: /home/k/Desktop/Zeb05/Zebulon05/ros_packages_full/install/walking_robot_interfaces/local/lib/python3.10/dist-packages/walking_robot_interfaces/msg/__init__.py
[3.906s] -- Up-to-date: /home/k/Desktop/Zeb05/Zebulon05/ros_packages_full/install/walking_robot_interfaces/local/lib/python3.10/dist-packages/walking_robot_interfaces/msg/_step.py
[3.906s] -- Up-to-date: /home/k/Desktop/Zeb05/Zebulon05/ros_packages_full/install/walking_robot_interfaces/local/lib/python3.10/dist-packages/walking_robot_interfaces/_walking_robot_interfaces_s.ep.rosidl_typesupport_introspection_c.c
[3.907s] -- Up-to-date: /home/k/Desktop/Zeb05/Zebulon05/ros_packages_full/install/walking_robot_interfaces/local/lib/python3.10/dist-packages/walking_robot_interfaces/__init__.py
[3.908s] -- Up-to-date: /home/k/Desktop/Zeb05/Zebulon05/ros_packages_full/install/walking_robot_interfaces/local/lib/python3.10/dist-packages/walking_robot_interfaces/walking_robot_interfaces_s__rosidl_typesupport_introspection_c.cpython-310-aarch64-linux-gnu.so
[3.909s] -- Up-to-date: /home/k/Desktop/Zeb05/Zebulon05/ros_packages_full/install/walking_robot_interfaces/local/lib/python3.10/dist-packages/walking_robot_interfaces/walking_robot_interfaces_s__rosidl_typesupport_fastrtps_c.cpython-310-aarch64-linux-gnu.so
[3.910s] -- Up-to-date: /home/k/Desktop/Zeb05/Zebulon05/ros_packages_full/install/walking_robot_interfaces/local/lib/python3.10/dist-packages/walking_robot_interfaces/_walking_robot_interfaces_s.ep.rosidl_typesupport_fastrtps_c.c
[3.911s] -- Up-to-date: /home/k/Desktop/Zeb05/Zebulon05/ros_packages_full/install/walking_robot_interfaces/local/lib/python3.10/dist-packages/walking_robot_interfaces/_walking_robot_interfaces_s.ep.rosidl_typesupport_c.c
[4.086s] Listing '/home/k/Desktop/Zeb05/Zebulon05/ros_packages_full/install/walking_robot_interfaces/local/lib/python3.10/dist-packages/walking_robot_interfaces'...
[4.088s] Listing '/home/k/Desktop/Zeb05/Zebulon05/ros_packages_full/install/walking_robot_interfaces/local/lib/python3.10/dist-packages/walking_robot_interfaces/msg'...
[4.135s] -- Up-to-date: /home/k/Desktop/Zeb05/Zebulon05/ros_packages_full/install/walking_robot_interfaces/local/lib/python3.10/dist-packages/walking_robot_interfaces/walking_robot_interfaces_s__rosidl_typesupport_fastrtps_c.cpython-310-aarch64-linux-gnu.so
[4.138s] -- Up-to-date: /home/k/Desktop/Zeb05/Zebulon05/ros_packages_full/install/walking_robot_interfaces/local/lib/python3.10/dist-packages/walking_robot_interfaces/walking_robot_interfaces_s__rosidl_typesupport_introspection_c.cpython-310-aarch64-linux-gnu.so
[4.143s] -- Up-to-date: /home/k/Desktop/Zeb05/Zebulon05/ros_packages_full/install/walking_robot_interfaces/local/lib/python3.10/dist-packages/walking_robot_interfaces/walking_robot_interfaces_s__rosidl_typesupport_c.cpython-310-aarch64-linux-gnu.so
[4.146s] -- Up-to-date: /home/k/Desktop/Zeb05/Zebulon05/ros_packages_full/install/walking_robot_interfaces/lib/libwalking_robot_interfaces__rosidl_generator_py.so
[4.149s] -- Up-to-date: /home/k/Desktop/Zeb05/Zebulon05/ros_packages_full/install/walking_robot_interfaces/share/walking_robot_interfaces/msg/Step.idl
[4.150s] -- Up-to-date: /home/k/Desktop/Zeb05/Zebulon05/ros_packages_full/install/walking_robot_interfaces/share/walking_robot_interfaces/msg/Step.msg
[4.151s] -- Up-to-date: /home/k/Desktop/Zeb05/Zebulon05/ros_packages_full/install/walking_robot_interfaces/share/ament_index/resource_index/package_run_dependencies/walking_robot_interfaces
[4.154s] -- Up-to-date: /home/k/Desktop/Zeb05/Zebulon05/ros_packages_full/install/walking_robot_interfaces/share/ament_index/resource_index/parent_prefix_path/walking_robot_interfaces
[4.157s] -- Up-to-date: /home/k/Desktop/Zeb05/Zebulon05/ros_packages_full/install/walking_robot_interfaces/share/walking_robot_interfaces/environment/ament_prefix_path.sh
[4.158s] -- Up-to-date: /home/k/Desktop/Zeb05/Zebulon05/ros_packages_full/install/walking_robot_interfaces/share/walking_robot_interfaces/environment/ament_prefix_path.dsv
[4.160s] -- Up-to-date: /home/k/Desktop/Zeb05/Zebulon05/ros_packages_full/install/walking_robot_interfaces/share/walking_robot_interfaces/environment/path.sh
[4.163s] -- Up-to-date: /home/k/Desktop/Zeb05/Zebulon05/ros_packages_full/install/walking_robot_interfaces/share/walking_robot_interfaces/environment/path.dsv
[4.164s] -- Up-to-date: /home/k/Desktop/Zeb05/Zebulon05/ros_packages_full/install/walking_robot_interfaces/share/walking_robot_interfaces/local_setup.bash
[4.166s] -- Up-to-date: /home/k/Desktop/Zeb05/Zebulon05/ros_packages_full/install/walking_robot_interfaces/share/walking_robot_interfaces/local_setup.sh
[4.167s] -- Up-to-date: /home/k/Desktop/Zeb05/Zebulon05/ros_packages_full/install/walking_robot_interfaces/share/walking_robot_interfaces/local_setup.zsh
[4.170s] -- Up-to-date: /home/k/Desktop/Zeb05/Zebulon05/ros_packages_full/install/walking_robot_interfaces/share/walking_robot_interfaces/local_setup.dsv
[4.171s] -- Installing: /home/k/Desktop/Zeb05/Zebulon05/ros_packages_full/install/walking_robot_interfaces/share/walking_robot_interfaces/package.dsv
[4.178s] -- Up-to-date: /home/k/Desktop/Zeb05/Zebulon05/ros_packages_full/install/walking_robot_interfaces/share/ament_index/resource_index/packages/walking_robot_interfaces
[4.182s] -- Up-to-date: /home/k/Desktop/Zeb05/Zebulon05/ros_packages_full/install/walking_robot_interfaces/share/walking_robot_interfaces/cmake/export_walking_robot_interfaces__rosidl_generator_cExport.cmake
[4.182s] -- Up-to-date: /home/k/Desktop/Zeb05/Zebulon05/ros_packages_full/install/walking_robot_interfaces/share/walking_robot_interfaces/cmake/export_walking_robot_interfaces__rosidl_generator_cExport-noconfig.cmake
[4.185s] -- Up-to-date: /home/k/Desktop/Zeb05/Zebulon05/ros_packages_full/install/walking_robot_interfaces/share/walking_robot_interfaces/cmake/export_walking_robot_interfaces__rosidl_typesupport_fastrtps_cExport.cmake
[4.186s] -- Up-to-date: /home/k/Desktop/Zeb05/Zebulon05/ros_packages_full/install/walking_robot_interfaces/share/walking_robot_interfaces/cmake/export_walking_robot_interfaces__rosidl_typesupport_fastrtps_cExport-noconfig.cmake
[4.188s] -- Up-to-date: /home/k/Desktop/Zeb05/Zebulon05/ros_packages_full/install/walking_robot_interfaces/share/walking_robot_interfaces/cmake/walking_robot_interfaces__rosidl_typesupport_introspection_cExport.cmake
[4.189s] -- Up-to-date: /home/k/Desktop/Zeb05/Zebulon05/ros_packages_full/install/walking_robot_interfaces/share/walking_robot_interfaces/cmake/walking_robot_interfaces__rosidl_typesupport_introspection_cExport-noconfig.cmake
[4.192s] -- Up-to-date: /home/k/Desktop/Zeb05/Zebulon05/ros_packages_full/install/walking_robot_interfaces/share/walking_robot_interfaces/cmake/walking_robot_interfaces__rosidl_typesupport_cExport.cmake
[4.196s] -- Up-to-date: /home/k/Desktop/Zeb05/Zebulon05/ros_packages_full/install/walking_robot_interfaces/share/walking_robot_interfaces/cmake/walking_robot_interfaces__rosidl_typesupport_cExport-noconfig.cmake
[4.219s] -- Up-to-date: /home/k/Desktop/Zeb05/Zebulon05/ros_packages_full/install/walking_robot_interfaces/share/walking_robot_interfaces/cmake/export_walking_robot_interfaces__rosidl_generator_cppExport.cmake
[4.220s] -- Up-to-date: /home/k/Desktop/Zeb05/Zebulon05/ros_packages_full/install/walking_robot_interfaces/share/walking_robot_interfaces/cmake/export_walking_robot_interfaces__rosidl_typesupport_fastrtps_cppExport.cmake
[4.221s] -- Up-to-date: /home/k/Desktop/Zeb05/Zebulon05/ros_packages_full/install/walking_robot_interfaces/share/walking_robot_interfaces/cmake/export_walking_robot_interfaces__rosidl_typesupport_fastrtps_cppExport-noconfig.cmake
[4.222s] -- Up-to-date: /home/k/Desktop/Zeb05/Zebulon05/ros_packages_full/install/walking_robot_interfaces/share/walking_robot_interfaces/cmake/walking_robot_interfaces__rosidl_typesupport_introspection_cppExport.cmake
[4.222s] -- Up-to-date: /home/k/Desktop/Zeb05/Zebulon05/ros_packages_full/install/walking_robot_interfaces/share/walking_robot_interfaces/cmake/walking_robot_interfaces__rosidl_typesupport_introspection_cppExport-noconfig.cmake
[4.224s] -- Up-to-date: /home/k/Desktop/Zeb05/Zebulon05/ros_packages_full/install/walking_robot_interfaces/share/walking_robot_interfaces/cmake/walking_robot_interfaces__rosidl_typesupport_cppExport.cmake
[4.224s] -- Up-to-date: /home/k/Desktop/Zeb05/Zebulon05/ros_packages_full/install/walking_robot_interfaces/share/walking_robot_interfaces/cmake/walking_robot_interfaces__rosidl_typesupport_cppExport-noconfig.cmake
[4.226s] -- Up-to-date: /home/k/Desktop/Zeb05/Zebulon05/ros_packages_full/install/walking_robot_interfaces/share/walking_robot_interfaces/cmake/export_walking_robot_interfaces__rosidl_generator_pyExport.cmake
[4.226s] -- Up-to-date: /home/k/Desktop/Zeb05/Zebulon05/ros_packages_full/install/walking_robot_interfaces/share/walking_robot_interfaces/cmake/export_walking_robot_interfaces__rosidl_generator_pyExport-noconfig.cmake
[4.226s] -- Up-to-date: /home/k/Desktop/Zeb05/Zebulon05/ros_packages_full/install/walking_robot_interfaces/share/walking_robot_interfaces/cmake/rosidl_cmake-extras.cmake
[4.228s] -- Up-to-date: /home/k/Desktop/Zeb05/Zebulon05/ros_packages_full/install/walking_robot_interfaces/share/walking_robot_interfaces/cmake/ament_cmake_export_include_directories-extras.cmake
[4.231s] -- Up-to-date: /home/k/Desktop/Zeb05/Zebulon05/ros_packages_full/install/walking_robot_interfaces/share/walking_robot_interfaces/cmake/ament_cmake_export_libraries-extras.cmake
[4.231s] -- Up-to-date: /home/k/Desktop/Zeb05/Zebulon05/ros_packages_full/install/walking_robot_interfaces/share/walking_robot_interfaces/cmake/ament_cmake_export_targets-extras.cmake
[4.232s] -- Up-to-date: /home/k/Desktop/Zeb05/Zebulon05/ros_packages_full/install/walking_robot_interfaces/share/walking_robot_interfaces/cmake/rosidl_cmake_export_typesupport_targets-extras.cmake
[4.233s] -- Up-to-date: /home/k/Desktop/Zeb05/Zebulon05/ros_packages_full/install/walking_robot_interfaces/share/walking_robot_interfaces/cmake/ament_cmake_export_dependencies-extras.cmake
[4.233s] -- Up-to-date: /home/k/Desktop/Zeb05/Zebulon05/ros_packages_full/install/walking_robot_interfaces/share/walking_robot_interfaces/cmake/rosidl_cmake_export_typesupport_libraries-extras.cmake
[4.234s] -- Up-to-date: /home/k/Desktop/Zeb05/Zebulon05/ros_packages_full/install/walking_robot_interfaces/share/walking_robot_interfaces/cmake/walking_robot_interfacesConfig.cmake
[4.235s] -- Up-to-date: /home/k/Desktop/Zeb05/Zebulon05/ros_packages_full/install/walking_robot_interfaces/share/walking_robot_interfaces/cmake/walking_robot_interfacesConfig-version.cmake
[4.236s] -- Up-to-date: /home/k/Desktop/Zeb05/Zebulon05/ros_packages_full/install/walking_robot_interfaces/share/walking_robot_interfaces/package.xml
[4.242s] Invoked command in '/home/k/Desktop/Zeb05/Zebulon05/ros_packages_full/build/walking_robot_interfaces' returned '0': CMAKE_PREFIX_PATH=${CMAKE_PREFIX_PATH}:/home/k/Desktop/Zeb05/Zebulon05/ros_packages_full/install/polulu_maestro:/opt/ros/humble /usr/bin/cmake --install /home/k/Desktop/Zeb05/Zebulon05/ros_packages_full/build/walking_robot_interfaces
