[0.086s] Invoking command in '/home/k/Desktop/Zeb05/Zebulon05/ros_packages_full/build/maestro_interfaces': CMAKE_PREFIX_PATH=/opt/ros/humble /usr/bin/cmake --build /home/k/Desktop/Zeb05/Zebulon05/ros_packages_full/build/maestro_interfaces -- -j4 -l4
[0.335s] [  2%] Built target maestro_interfaces__cpp
[0.347s] [ 12%] Built target maestro_interfaces__rosidl_generator_c
[0.417s] [ 12%] Built target ament_cmake_python_copy_maestro_interfaces
[0.476s] [ 23%] Built target maestro_interfaces__rosidl_typesupport_cpp
[0.499s] [ 33%] Built target maestro_interfaces__rosidl_typesupport_fastrtps_cpp
[0.535s] [ 43%] Built target maestro_interfaces__rosidl_typesupport_introspection_cpp
[0.587s] [ 53%] Built target maestro_interfaces__rosidl_typesupport_fastrtps_c
[0.633s] [ 64%] Built target maestro_interfaces__rosidl_typesupport_introspection_c
[0.657s] [ 74%] Built target maestro_interfaces__rosidl_typesupport_c
[0.785s] [ 74%] Built target maestro_interfaces
[0.918s] [ 76%] Built target maestro_interfaces__py
[1.053s] [ 84%] Built target maestro_interfaces__rosidl_generator_py
[1.203s] [ 89%] Built target maestro_interfaces__rosidl_typesupport_fastrtps_c__pyext
[1.232s] [ 94%] Built target maestro_interfaces__rosidl_typesupport_c__pyext
[1.237s] [100%] Built target maestro_interfaces__rosidl_typesupport_introspection_c__pyext
[2.229s] running egg_info
[2.232s] writing maestro_interfaces.egg-info/PKG-INFO
[2.233s] writing dependency_links to maestro_interfaces.egg-info/dependency_links.txt
[2.234s] writing top-level names to maestro_interfaces.egg-info/top_level.txt
[2.245s] reading manifest file 'maestro_interfaces.egg-info/SOURCES.txt'
[2.248s] writing manifest file 'maestro_interfaces.egg-info/SOURCES.txt'
[2.380s] [100%] Built target ament_cmake_python_build_maestro_interfaces_egg
