[0.062s] Invoking command in '/home/k/Desktop/Zeb05/Zebulon05/ros_packages_full/build/maestro_interfaces': CMAKE_PREFIX_PATH=/opt/ros/humble /usr/bin/cmake /home/k/Desktop/Zeb05/Zebulon05/ros_packages_full/src/maestro_interfaces -DCMAKE_INSTALL_PREFIX=/home/k/Desktop/Zeb05/Zebulon05/ros_packages_full/install/maestro_interfaces
[0.127s] -- Found ament_cmake: 1.3.2 (/opt/ros/humble/share/ament_cmake/cmake)
[0.827s] -- Found ament_lint_auto: 0.12.4 (/opt/ros/humble/share/ament_lint_auto/cmake)
[1.139s] -- Found geometry_msgs: 4.2.2 (/opt/ros/humble/share/geometry_msgs/cmake)
[1.326s] -- Found rosidl_generator_c: 3.1.3 (/opt/ros/humble/share/rosidl_generator_c/cmake)
[1.339s] -- Found rosidl_adapter: 3.1.3 (/opt/ros/humble/share/rosidl_adapter/cmake)
[1.368s] -- Found rosidl_generator_cpp: 3.1.3 (/opt/ros/humble/share/rosidl_generator_cpp/cmake)
[1.421s] -- Using all available rosidl_typesupport_c: rosidl_typesupport_fastrtps_c;rosidl_typesupport_introspection_c
[1.495s] -- Using all available rosidl_typesupport_cpp: rosidl_typesupport_fastrtps_cpp;rosidl_typesupport_introspection_cpp
[2.015s] -- Found rosidl_default_generators: 1.2.0 (/opt/ros/humble/share/rosidl_default_generators/cmake)
[2.051s] [31mCMake Error at /opt/ros/humble/share/rosidl_cmake/cmake/rosidl_generate_interfaces.cmake:93 (message):
[2.052s]   rosidl_generate_interfaces() the passed file 'msg/Num.msg' doesn't exist
[2.052s]   relative to the CMAKE_CURRENT_SOURCE_DIR
[2.052s]   '/home/k/Desktop/Zeb05/Zebulon05/ros_packages_full/src/maestro_interfaces'
[2.053s] Call Stack (most recent call first):
[2.053s]   CMakeLists.txt:29 (rosidl_generate_interfaces)
[2.054s] 
[2.054s] [0m
[2.054s] -- Configuring incomplete, errors occurred!
[2.055s] See also "/home/k/Desktop/Zeb05/Zebulon05/ros_packages_full/build/maestro_interfaces/CMakeFiles/CMakeOutput.log".
[2.068s] Invoked command in '/home/k/Desktop/Zeb05/Zebulon05/ros_packages_full/build/maestro_interfaces' returned '1': CMAKE_PREFIX_PATH=/opt/ros/humble /usr/bin/cmake /home/k/Desktop/Zeb05/Zebulon05/ros_packages_full/src/maestro_interfaces -DCMAKE_INSTALL_PREFIX=/home/k/Desktop/Zeb05/Zebulon05/ros_packages_full/install/maestro_interfaces
