[0.072s] Invoking command in '/home/k/Desktop/Zeb05/Zebulon05/ros_packages_full/build/RobotLeg': CMAKE_PREFIX_PATH=/opt/ros/humble /usr/bin/cmake /home/k/Desktop/Zeb05/Zebulon05/ros_packages_full/src/RobotLeg -DCMAKE_INSTALL_PREFIX=/home/k/Desktop/Zeb05/Zebulon05/ros_packages_full/install/RobotLeg
[0.124s] -- Found ament_cmake: 1.3.2 (/opt/ros/humble/share/ament_cmake/cmake)
[1.075s] -- Found rclcpp: 16.0.1 (/opt/ros/humble/share/rclcpp/cmake)
[1.319s] -- Found rosidl_generator_c: 3.1.3 (/opt/ros/humble/share/rosidl_generator_c/cmake)
[1.333s] -- Found rosidl_adapter: 3.1.3 (/opt/ros/humble/share/rosidl_adapter/cmake)
[1.366s] -- Found rosidl_generator_cpp: 3.1.3 (/opt/ros/humble/share/rosidl_generator_cpp/cmake)
[1.424s] -- Using all available rosidl_typesupport_c: rosidl_typesupport_fastrtps_c;rosidl_typesupport_introspection_c
[1.504s] -- Using all available rosidl_typesupport_cpp: rosidl_typesupport_fastrtps_cpp;rosidl_typesupport_introspection_cpp
[1.802s] -- Found rmw_implementation_cmake: 6.1.0 (/opt/ros/humble/share/rmw_implementation_cmake/cmake)
[1.810s] -- Found rmw_fastrtps_cpp: 6.2.1 (/opt/ros/humble/share/rmw_fastrtps_cpp/cmake)
[2.995s] -- Using RMW implementation 'rmw_fastrtps_cpp' as default
[3.927s] [31mCMake Error at CMakeLists.txt:12 (find_package):
[3.927s]   By not providing "Findmaestro_interfaces.cmake" in CMAKE_MODULE_PATH this
[3.928s]   project has asked CMake to find a package configuration file provided by
[3.928s]   "maestro_interfaces", but CMake did not find one.
[3.929s] 
[3.930s]   Could not find a package configuration file provided by
[3.931s]   "maestro_interfaces" with any of the following names:
[3.931s] 
[3.932s]     maestro_interfacesConfig.cmake
[3.933s]     maestro_interfaces-config.cmake
[3.933s] 
[3.935s]   Add the installation prefix of "maestro_interfaces" to CMAKE_PREFIX_PATH or
[3.937s]   set "maestro_interfaces_DIR" to a directory containing one of the above
[3.938s]   files.  If "maestro_interfaces" provides a separate development package or
[3.939s]   SDK, be sure it has been installed.
[3.939s] 
[3.940s] [0m
[3.941s] -- Configuring incomplete, errors occurred!
[3.941s] See also "/home/k/Desktop/Zeb05/Zebulon05/ros_packages_full/build/RobotLeg/CMakeFiles/CMakeOutput.log".
[5.132s] Invoked command in '/home/k/Desktop/Zeb05/Zebulon05/ros_packages_full/build/RobotLeg' returned '1': CMAKE_PREFIX_PATH=/opt/ros/humble /usr/bin/cmake /home/k/Desktop/Zeb05/Zebulon05/ros_packages_full/src/RobotLeg -DCMAKE_INSTALL_PREFIX=/home/k/Desktop/Zeb05/Zebulon05/ros_packages_full/install/RobotLeg
