[0.070s] Invoking command in '/home/k/Desktop/Zeb05/Zebulon05/ros_packages_full/build/RobotLeg': CMAKE_PREFIX_PATH=${CMAKE_PREFIX_PATH}:/home/k/Desktop/Zeb05/Zebulon05/ros_packages_full/install/polulu_maestro:/opt/ros/humble /usr/bin/cmake /home/k/Desktop/Zeb05/Zebulon05/ros_packages_full/src/RobotLeg -DCMAKE_INSTALL_PREFIX=/home/k/Desktop/Zeb05/Zebulon05/ros_packages_full/install/RobotLeg
[0.135s] -- Found ament_cmake: 1.3.2 (/opt/ros/humble/share/ament_cmake/cmake)
[0.886s] -- Found rclcpp: 16.0.1 (/opt/ros/humble/share/rclcpp/cmake)
[1.101s] -- Found rosidl_generator_c: 3.1.3 (/opt/ros/humble/share/rosidl_generator_c/cmake)
[1.113s] -- Found rosidl_adapter: 3.1.3 (/opt/ros/humble/share/rosidl_adapter/cmake)
[1.142s] -- Found rosidl_generator_cpp: 3.1.3 (/opt/ros/humble/share/rosidl_generator_cpp/cmake)
[1.194s] -- Using all available rosidl_typesupport_c: rosidl_typesupport_fastrtps_c;rosidl_typesupport_introspection_c
[1.268s] -- Using all available rosidl_typesupport_cpp: rosidl_typesupport_fastrtps_cpp;rosidl_typesupport_introspection_cpp
[1.539s] -- Found rmw_implementation_cmake: 6.1.0 (/opt/ros/humble/share/rmw_implementation_cmake/cmake)
[1.546s] -- Found rmw_fastrtps_cpp: 6.2.1 (/opt/ros/humble/share/rmw_fastrtps_cpp/cmake)
[2.716s] -- Using RMW implementation 'rmw_fastrtps_cpp' as default
[3.389s] -- Found maestro_interfaces: 0.0.0 (/home/k/Desktop/Zeb05/Zebulon05/ros_packages_full/install/maestro_interfaces/share/maestro_interfaces/cmake)
[3.974s] -- Found ament_lint_auto: 0.12.4 (/opt/ros/humble/share/ament_lint_auto/cmake)
[4.242s] WARNING: Package name "RobotLeg" does not follow the naming conventions. It should start with a lower case letter and only contain lower case letters, digits, underscores, and dashes.
[4.530s] -- Added test 'lint_cmake' to check CMake code style
[4.542s] -- Added test 'xmllint' to check XML markup files
[4.554s] -- Configuring done
[4.586s] [31mCMake Error at CMakeLists.txt:17 (add_executable):
[4.587s]   Cannot find source file:
[4.587s] 
[4.587s]     src/RobotLegRosWrapper.cpp
[4.588s] 
[4.588s]   Tried extensions .c .C .c++ .cc .cpp .cxx .cu .mpp .m .M .mm .ixx .cppm .h
[4.588s]   .hh .h++ .hm .hpp .hxx .in .txx .f .F .for .f77 .f90 .f95 .f03 .hip .ispc
[4.589s] 
[4.589s] [0m
[4.591s] [31mCMake Error at CMakeLists.txt:17 (add_executable):
[4.591s]   No SOURCES given to target: robot_leg_wrapper
[4.592s] 
[4.592s] [0m
[4.592s] [0mCMake Generate step failed.  Build files cannot be regenerated correctly.[0m
[4.621s] Invoked command in '/home/k/Desktop/Zeb05/Zebulon05/ros_packages_full/build/RobotLeg' returned '1': CMAKE_PREFIX_PATH=${CMAKE_PREFIX_PATH}:/home/k/Desktop/Zeb05/Zebulon05/ros_packages_full/install/polulu_maestro:/opt/ros/humble /usr/bin/cmake /home/k/Desktop/Zeb05/Zebulon05/ros_packages_full/src/RobotLeg -DCMAKE_INSTALL_PREFIX=/home/k/Desktop/Zeb05/Zebulon05/ros_packages_full/install/RobotLeg
