[0.071s] Invoking command in '/home/k/Desktop/Zeb05/Zebulon05/ros_packages_full/build/legged_robot__interfaces': CMAKE_PREFIX_PATH=${CMAKE_PREFIX_PATH}:/home/k/Desktop/Zeb05/Zebulon05/ros_packages_full/install/polulu_maestro:/opt/ros/humble /usr/bin/cmake /home/k/Desktop/Zeb05/Zebulon05/ros_packages_full/src/legged_robot__interfaces -DCMAKE_INSTALL_PREFIX=/home/k/Desktop/Zeb05/Zebulon05/ros_packages_full/install/legged_robot__interfaces
[0.135s] -- Found ament_cmake: 1.3.2 (/opt/ros/humble/share/ament_cmake/cmake)
[0.890s] -- Found rosidl_default_generators: 1.2.0 (/opt/ros/humble/share/rosidl_default_generators/cmake)
[0.900s] -- Using all available rosidl_typesupport_c: rosidl_typesupport_fastrtps_c;rosidl_typesupport_introspection_c
[0.914s] -- Found rosidl_adapter: 3.1.3 (/opt/ros/humble/share/rosidl_adapter/cmake)
[1.124s] -- Using all available rosidl_typesupport_cpp: rosidl_typesupport_fastrtps_cpp;rosidl_typesupport_introspection_cpp
[2.081s] [31mCMake Error at /opt/ros/humble/share/rosidl_adapter/cmake/rosidl_adapt_interfaces.cmake:59 (message):
[2.081s]   execute_process(/usr/bin/python3.10 -m rosidl_adapter --package-name
[2.082s]   legged_robot__interfaces --arguments-file
[2.082s]   /home/k/Desktop/Zeb05/Zebulon05/ros_packages_full/build/legged_robot__interfaces/rosidl_adapter__arguments__legged_robot__interfaces.json
[2.082s]   --output-dir
[2.083s]   /home/k/Desktop/Zeb05/Zebulon05/ros_packages_full/build/legged_robot__interfaces/rosidl_adapter/legged_robot__interfaces
[2.083s]   --output-file
[2.084s]   /home/k/Desktop/Zeb05/Zebulon05/ros_packages_full/build/legged_robot__interfaces/rosidl_adapter/legged_robot__interfaces.idls)
[2.084s]   returned error code 1:
[2.084s] 
[2.085s]   Traceback (most recent call last):
[2.085s] 
[2.085s]     File "/usr/lib/python3.10/runpy.py", line 196, in _run_module_as_main
[2.086s]       return _run_code(code, main_globals, None,
[2.087s]     File "/usr/lib/python3.10/runpy.py", line 86, in _run_code
[2.087s]       exec(code, run_globals)
[2.087s]     File "/opt/ros/humble/local/lib/python3.10/dist-packages/rosidl_adapter/__main__.py", line 19, in <module>
[2.088s]       sys.exit(main())
[2.088s]     File "/opt/ros/humble/local/lib/python3.10/dist-packages/rosidl_adapter/main.py", line 53, in main
[2.089s]       abs_idl_file = convert_to_idl(
[2.089s]     File "/opt/ros/humble/local/lib/python3.10/dist-packages/rosidl_adapter/__init__.py", line 19, in convert_to_idl
[2.090s]       return convert_msg_to_idl(
[2.090s]     File "/opt/ros/humble/local/lib/python3.10/dist-packages/rosidl_adapter/msg/__init__.py", line 28, in convert_msg_to_idl
[2.091s]       msg = parse_message_string(package_name, input_file.stem, content)
[2.091s]     File "/opt/ros/humble/local/lib/python3.10/dist-packages/rosidl_adapter/parser.py", line 544, in parse_message_string
[2.093s]       msg = MessageSpecification(pkg_name, msg_name, fields, constants)
[2.094s]     File "/opt/ros/humble/local/lib/python3.10/dist-packages/rosidl_adapter/parser.py", line 388, in __init__
[2.095s]       self.base_type = BaseType(
[2.096s]     File "/opt/ros/humble/local/lib/python3.10/dist-packages/rosidl_adapter/parser.py", line 201, in __init__
[2.098s]       raise InvalidResourceName(
[2.099s] 
[2.100s]   rosidl_adapter.parser.InvalidResourceName: 'legged_robot__interfaces' is an
[2.100s]   invalid package name.  It should have the pattern
[2.100s]   '^(?!.*__)(?!.*_$)[a-z][a-z0-9_]*$'
[2.101s] 
[2.101s] Call Stack (most recent call first):
[2.102s]   /opt/ros/humble/share/rosidl_cmake/cmake/rosidl_generate_interfaces.cmake:130 (rosidl_adapt_interfaces)
[2.102s]   CMakeLists.txt:12 (rosidl_generate_interfaces)
[2.103s] 
[2.103s] [0m
[2.103s] -- Configuring incomplete, errors occurred!
[2.104s] See also "/home/k/Desktop/Zeb05/Zebulon05/ros_packages_full/build/legged_robot__interfaces/CMakeFiles/CMakeOutput.log".
[2.106s] Invoked command in '/home/k/Desktop/Zeb05/Zebulon05/ros_packages_full/build/legged_robot__interfaces' returned '1': CMAKE_PREFIX_PATH=${CMAKE_PREFIX_PATH}:/home/k/Desktop/Zeb05/Zebulon05/ros_packages_full/install/polulu_maestro:/opt/ros/humble /usr/bin/cmake /home/k/Desktop/Zeb05/Zebulon05/ros_packages_full/src/legged_robot__interfaces -DCMAKE_INSTALL_PREFIX=/home/k/Desktop/Zeb05/Zebulon05/ros_packages_full/install/legged_robot__interfaces
