[0.076s] Invoking command in '/home/k/Desktop/Zeb05/Zebulon05/ros_packages_full/build/RobotLeg': CMAKE_PREFIX_PATH=${CMAKE_PREFIX_PATH}:/home/k/Desktop/Zeb05/Zebulon05/ros_packages_full/install/polulu_maestro:/opt/ros/humble /usr/bin/cmake --build /home/k/Desktop/Zeb05/Zebulon05/ros_packages_full/build/RobotLeg -- -j4 -l4
[0.307s] [35m[1mConsolidate compiler generated dependencies of target robot_leg_wrapper[0m
[0.449s] [ 33%] [32mBuilding CXX object CMakeFiles/robot_leg_wrapper.dir/src/RobotLegRosWrapper.cpp.o[0m
[48.490s] [ 66%] [32m[1mLinking CXX executable robot_leg_wrapper[0m
[51.818s] [100%] Built target robot_leg_wrapper
[51.874s] Invoked command in '/home/k/Desktop/Zeb05/Zebulon05/ros_packages_full/build/RobotLeg' returned '0': CMAKE_PREFIX_PATH=${CMAKE_PREFIX_PATH}:/home/k/Desktop/Zeb05/Zebulon05/ros_packages_full/install/polulu_maestro:/opt/ros/humble /usr/bin/cmake --build /home/k/Desktop/Zeb05/Zebulon05/ros_packages_full/build/RobotLeg -- -j4 -l4
[52.108s] Invoking command in '/home/k/Desktop/Zeb05/Zebulon05/ros_packages_full/build/RobotLeg': CMAKE_PREFIX_PATH=${CMAKE_PREFIX_PATH}:/home/k/Desktop/Zeb05/Zebulon05/ros_packages_full/install/polulu_maestro:/opt/ros/humble /usr/bin/cmake --install /home/k/Desktop/Zeb05/Zebulon05/ros_packages_full/build/RobotLeg
[52.145s] -- Install configuration: ""
[52.154s] -- Installing: /home/k/Desktop/Zeb05/Zebulon05/ros_packages_full/install/RobotLeg/lib/RobotLeg/robot_leg_wrapper
[52.208s] -- Set runtime path of "/home/k/Desktop/Zeb05/Zebulon05/ros_packages_full/install/RobotLeg/lib/RobotLeg/robot_leg_wrapper" to ""
[52.208s] -- Up-to-date: /home/k/Desktop/Zeb05/Zebulon05/ros_packages_full/install/RobotLeg/share/ament_index/resource_index/package_run_dependencies/RobotLeg
[52.209s] -- Installing: /home/k/Desktop/Zeb05/Zebulon05/ros_packages_full/install/RobotLeg/share/ament_index/resource_index/parent_prefix_path/RobotLeg
[52.210s] -- Up-to-date: /home/k/Desktop/Zeb05/Zebulon05/ros_packages_full/install/RobotLeg/share/RobotLeg/environment/ament_prefix_path.sh
[52.211s] -- Installing: /home/k/Desktop/Zeb05/Zebulon05/ros_packages_full/install/RobotLeg/share/RobotLeg/environment/ament_prefix_path.dsv
[52.214s] -- Up-to-date: /home/k/Desktop/Zeb05/Zebulon05/ros_packages_full/install/RobotLeg/share/RobotLeg/environment/path.sh
[52.215s] -- Installing: /home/k/Desktop/Zeb05/Zebulon05/ros_packages_full/install/RobotLeg/share/RobotLeg/environment/path.dsv
[52.217s] -- Up-to-date: /home/k/Desktop/Zeb05/Zebulon05/ros_packages_full/install/RobotLeg/share/RobotLeg/local_setup.bash
[52.217s] -- Up-to-date: /home/k/Desktop/Zeb05/Zebulon05/ros_packages_full/install/RobotLeg/share/RobotLeg/local_setup.sh
[52.218s] -- Up-to-date: /home/k/Desktop/Zeb05/Zebulon05/ros_packages_full/install/RobotLeg/share/RobotLeg/local_setup.zsh
[52.218s] -- Installing: /home/k/Desktop/Zeb05/Zebulon05/ros_packages_full/install/RobotLeg/share/RobotLeg/local_setup.dsv
[52.220s] -- Installing: /home/k/Desktop/Zeb05/Zebulon05/ros_packages_full/install/RobotLeg/share/RobotLeg/package.dsv
[52.222s] -- Up-to-date: /home/k/Desktop/Zeb05/Zebulon05/ros_packages_full/install/RobotLeg/share/ament_index/resource_index/packages/RobotLeg
[52.223s] -- Up-to-date: /home/k/Desktop/Zeb05/Zebulon05/ros_packages_full/install/RobotLeg/share/RobotLeg/cmake/RobotLegConfig.cmake
[52.223s] -- Up-to-date: /home/k/Desktop/Zeb05/Zebulon05/ros_packages_full/install/RobotLeg/share/RobotLeg/cmake/RobotLegConfig-version.cmake
[52.224s] -- Installing: /home/k/Desktop/Zeb05/Zebulon05/ros_packages_full/install/RobotLeg/share/RobotLeg/package.xml
[52.235s] Invoked command in '/home/k/Desktop/Zeb05/Zebulon05/ros_packages_full/build/RobotLeg' returned '0': CMAKE_PREFIX_PATH=${CMAKE_PREFIX_PATH}:/home/k/Desktop/Zeb05/Zebulon05/ros_packages_full/install/polulu_maestro:/opt/ros/humble /usr/bin/cmake --install /home/k/Desktop/Zeb05/Zebulon05/ros_packages_full/build/RobotLeg
