[1.519s] DEBUG:colcon:Command line arguments: ['/usr/bin/colcon', 'build', '--packages-select', 'polulu_maestro']
[1.520s] DEBUG:colcon:Parsed command line arguments: Namespace(log_base=None, log_level=None, verb_name='build', build_base='build', install_base='install', merge_install=False, symlink_install=False, test_result_base=None, continue_on_error=False, executor='parallel', parallel_workers=4, event_handlers=None, ignore_user_meta=False, metas=['./colcon.meta'], base_paths=['.'], packages_ignore=None, packages_ignore_regex=None, paths=None, packages_up_to=None, packages_up_to_regex=None, packages_above=None, packages_above_and_dependencies=None, packages_above_depth=None, packages_select_by_dep=None, packages_skip_by_dep=None, packages_skip_up_to=None, packages_select_build_failed=False, packages_skip_build_finished=False, packages_select_test_failures=False, packages_skip_test_passed=False, packages_select=['polulu_maestro'], packages_skip=None, packages_select_regex=None, packages_skip_regex=None, packages_start=None, packages_end=None, allow_overriding=[], cmake_args=None, cmake_target=None, cmake_target_skip_unavailable=False, cmake_clean_cache=False, cmake_clean_first=False, cmake_force_configure=False, ament_cmake_args=None, catkin_cmake_args=None, catkin_skip_building_tests=False, verb_parser=<colcon_defaults.argument_parser.defaults.DefaultArgumentsDecorator object at 0xffffa8aca500>, verb_extension=<colcon_core.verb.build.BuildVerb object at 0xffffa94c31c0>, main=<bound method BuildVerb.main of <colcon_core.verb.build.BuildVerb object at 0xffffa94c31c0>>)
[1.630s] Level 1:colcon.colcon_core.package_discovery:discover_packages(colcon_meta) check parameters
[1.631s] Level 1:colcon.colcon_core.package_discovery:discover_packages(recursive) check parameters
[1.631s] Level 1:colcon.colcon_core.package_discovery:discover_packages(ignore) check parameters
[1.631s] Level 1:colcon.colcon_core.package_discovery:discover_packages(path) check parameters
[1.631s] Level 1:colcon.colcon_core.package_discovery:discover_packages(colcon_meta) discover
[1.632s] Level 1:colcon.colcon_core.package_discovery:discover_packages(recursive) discover
[1.632s] INFO:colcon.colcon_core.package_discovery:Crawling recursively for packages in '/home/k/Desktop/Zeb05/Zebulon05/ros_packages_full'
[1.632s] Level 1:colcon.colcon_core.package_identification:_identify(.) by extensions ['ignore', 'ignore_ament_install']
[1.633s] Level 1:colcon.colcon_core.package_identification:_identify(.) by extension 'ignore'
[1.633s] Level 1:colcon.colcon_core.package_identification:_identify(.) by extension 'ignore_ament_install'
[1.633s] Level 1:colcon.colcon_core.package_identification:_identify(.) by extensions ['colcon_pkg']
[1.633s] Level 1:colcon.colcon_core.package_identification:_identify(.) by extension 'colcon_pkg'
[1.633s] Level 1:colcon.colcon_core.package_identification:_identify(.) by extensions ['colcon_meta']
[1.634s] Level 1:colcon.colcon_core.package_identification:_identify(.) by extension 'colcon_meta'
[1.634s] Level 1:colcon.colcon_core.package_identification:_identify(.) by extensions ['ros']
[1.634s] Level 1:colcon.colcon_core.package_identification:_identify(.) by extension 'ros'
[1.720s] Level 1:colcon.colcon_core.package_identification:_identify(.) by extensions ['cmake', 'python']
[1.720s] Level 1:colcon.colcon_core.package_identification:_identify(.) by extension 'cmake'
[1.720s] Level 1:colcon.colcon_core.package_identification:_identify(.) by extension 'python'
[1.720s] Level 1:colcon.colcon_core.package_identification:_identify(.) by extensions ['python_setup_py']
[1.720s] Level 1:colcon.colcon_core.package_identification:_identify(.) by extension 'python_setup_py'
[1.721s] Level 1:colcon.colcon_core.package_identification:_identify(build) by extensions ['ignore', 'ignore_ament_install']
[1.721s] Level 1:colcon.colcon_core.package_identification:_identify(build) by extension 'ignore'
[1.722s] Level 1:colcon.colcon_core.package_identification:_identify(build) ignored
[1.722s] Level 1:colcon.colcon_core.package_identification:_identify(install) by extensions ['ignore', 'ignore_ament_install']
[1.723s] Level 1:colcon.colcon_core.package_identification:_identify(install) by extension 'ignore'
[1.723s] Level 1:colcon.colcon_core.package_identification:_identify(install) ignored
[1.724s] Level 1:colcon.colcon_core.package_identification:_identify(log) by extensions ['ignore', 'ignore_ament_install']
[1.724s] Level 1:colcon.colcon_core.package_identification:_identify(log) by extension 'ignore'
[1.724s] Level 1:colcon.colcon_core.package_identification:_identify(log) ignored
[1.725s] Level 1:colcon.colcon_core.package_identification:_identify(src) by extensions ['ignore', 'ignore_ament_install']
[1.725s] Level 1:colcon.colcon_core.package_identification:_identify(src) by extension 'ignore'
[1.725s] Level 1:colcon.colcon_core.package_identification:_identify(src) by extension 'ignore_ament_install'
[1.725s] Level 1:colcon.colcon_core.package_identification:_identify(src) by extensions ['colcon_pkg']
[1.725s] Level 1:colcon.colcon_core.package_identification:_identify(src) by extension 'colcon_pkg'
[1.726s] Level 1:colcon.colcon_core.package_identification:_identify(src) by extensions ['colcon_meta']
[1.726s] Level 1:colcon.colcon_core.package_identification:_identify(src) by extension 'colcon_meta'
[1.726s] Level 1:colcon.colcon_core.package_identification:_identify(src) by extensions ['ros']
[1.726s] Level 1:colcon.colcon_core.package_identification:_identify(src) by extension 'ros'
[1.727s] Level 1:colcon.colcon_core.package_identification:_identify(src) by extensions ['cmake', 'python']
[1.727s] Level 1:colcon.colcon_core.package_identification:_identify(src) by extension 'cmake'
[1.727s] Level 1:colcon.colcon_core.package_identification:_identify(src) by extension 'python'
[1.727s] Level 1:colcon.colcon_core.package_identification:_identify(src) by extensions ['python_setup_py']
[1.727s] Level 1:colcon.colcon_core.package_identification:_identify(src) by extension 'python_setup_py'
[1.728s] Level 1:colcon.colcon_core.package_identification:_identify(src/maestro_interfaces) by extensions ['ignore', 'ignore_ament_install']
[1.728s] Level 1:colcon.colcon_core.package_identification:_identify(src/maestro_interfaces) by extension 'ignore'
[1.728s] Level 1:colcon.colcon_core.package_identification:_identify(src/maestro_interfaces) by extension 'ignore_ament_install'
[1.729s] Level 1:colcon.colcon_core.package_identification:_identify(src/maestro_interfaces) by extensions ['colcon_pkg']
[1.729s] Level 1:colcon.colcon_core.package_identification:_identify(src/maestro_interfaces) by extension 'colcon_pkg'
[1.729s] Level 1:colcon.colcon_core.package_identification:_identify(src/maestro_interfaces) by extensions ['colcon_meta']
[1.729s] Level 1:colcon.colcon_core.package_identification:_identify(src/maestro_interfaces) by extension 'colcon_meta'
[1.729s] Level 1:colcon.colcon_core.package_identification:_identify(src/maestro_interfaces) by extensions ['ros']
[1.729s] Level 1:colcon.colcon_core.package_identification:_identify(src/maestro_interfaces) by extension 'ros'
[1.740s] DEBUG:colcon.colcon_core.package_identification:Package 'src/maestro_interfaces' with type 'ros.ament_cmake' and name 'maestro_interfaces'
[1.741s] Level 1:colcon.colcon_core.package_identification:_identify(src/polulu_maestro) by extensions ['ignore', 'ignore_ament_install']
[1.741s] Level 1:colcon.colcon_core.package_identification:_identify(src/polulu_maestro) by extension 'ignore'
[1.741s] Level 1:colcon.colcon_core.package_identification:_identify(src/polulu_maestro) by extension 'ignore_ament_install'
[1.741s] Level 1:colcon.colcon_core.package_identification:_identify(src/polulu_maestro) by extensions ['colcon_pkg']
[1.742s] Level 1:colcon.colcon_core.package_identification:_identify(src/polulu_maestro) by extension 'colcon_pkg'
[1.742s] Level 1:colcon.colcon_core.package_identification:_identify(src/polulu_maestro) by extensions ['colcon_meta']
[1.742s] Level 1:colcon.colcon_core.package_identification:_identify(src/polulu_maestro) by extension 'colcon_meta'
[1.742s] Level 1:colcon.colcon_core.package_identification:_identify(src/polulu_maestro) by extensions ['ros']
[1.743s] Level 1:colcon.colcon_core.package_identification:_identify(src/polulu_maestro) by extension 'ros'
[1.745s] DEBUG:colcon.colcon_core.package_identification:Package 'src/polulu_maestro' with type 'ros.ament_python' and name 'polulu_maestro'
[1.746s] Level 1:colcon.colcon_core.package_identification:_identify(src/ros_tutorials) by extensions ['ignore', 'ignore_ament_install']
[1.746s] Level 1:colcon.colcon_core.package_identification:_identify(src/ros_tutorials) by extension 'ignore'
[1.746s] Level 1:colcon.colcon_core.package_identification:_identify(src/ros_tutorials) by extension 'ignore_ament_install'
[1.746s] Level 1:colcon.colcon_core.package_identification:_identify(src/ros_tutorials) by extensions ['colcon_pkg']
[1.747s] Level 1:colcon.colcon_core.package_identification:_identify(src/ros_tutorials) by extension 'colcon_pkg'
[1.747s] Level 1:colcon.colcon_core.package_identification:_identify(src/ros_tutorials) by extensions ['colcon_meta']
[1.747s] Level 1:colcon.colcon_core.package_identification:_identify(src/ros_tutorials) by extension 'colcon_meta'
[1.747s] Level 1:colcon.colcon_core.package_identification:_identify(src/ros_tutorials) by extensions ['ros']
[1.747s] Level 1:colcon.colcon_core.package_identification:_identify(src/ros_tutorials) by extension 'ros'
[1.748s] Level 1:colcon.colcon_core.package_identification:_identify(src/ros_tutorials) by extensions ['cmake', 'python']
[1.748s] Level 1:colcon.colcon_core.package_identification:_identify(src/ros_tutorials) by extension 'cmake'
[1.748s] Level 1:colcon.colcon_core.package_identification:_identify(src/ros_tutorials) by extension 'python'
[1.748s] Level 1:colcon.colcon_core.package_identification:_identify(src/ros_tutorials) by extensions ['python_setup_py']
[1.748s] Level 1:colcon.colcon_core.package_identification:_identify(src/ros_tutorials) by extension 'python_setup_py'
[1.749s] Level 1:colcon.colcon_core.package_identification:_identify(src/ros_tutorials/ros_tutorials) by extensions ['ignore', 'ignore_ament_install']
[1.749s] Level 1:colcon.colcon_core.package_identification:_identify(src/ros_tutorials/ros_tutorials) by extension 'ignore'
[1.749s] Level 1:colcon.colcon_core.package_identification:_identify(src/ros_tutorials/ros_tutorials) ignored
[1.750s] Level 1:colcon.colcon_core.package_identification:_identify(src/ros_tutorials/roscpp_tutorials) by extensions ['ignore', 'ignore_ament_install']
[1.751s] Level 1:colcon.colcon_core.package_identification:_identify(src/ros_tutorials/roscpp_tutorials) by extension 'ignore'
[1.751s] Level 1:colcon.colcon_core.package_identification:_identify(src/ros_tutorials/roscpp_tutorials) ignored
[1.752s] Level 1:colcon.colcon_core.package_identification:_identify(src/ros_tutorials/rospy_tutorials) by extensions ['ignore', 'ignore_ament_install']
[1.752s] Level 1:colcon.colcon_core.package_identification:_identify(src/ros_tutorials/rospy_tutorials) by extension 'ignore'
[1.752s] Level 1:colcon.colcon_core.package_identification:_identify(src/ros_tutorials/rospy_tutorials) ignored
[1.753s] Level 1:colcon.colcon_core.package_identification:_identify(src/ros_tutorials/turtlesim) by extensions ['ignore', 'ignore_ament_install']
[1.753s] Level 1:colcon.colcon_core.package_identification:_identify(src/ros_tutorials/turtlesim) by extension 'ignore'
[1.753s] Level 1:colcon.colcon_core.package_identification:_identify(src/ros_tutorials/turtlesim) by extension 'ignore_ament_install'
[1.753s] Level 1:colcon.colcon_core.package_identification:_identify(src/ros_tutorials/turtlesim) by extensions ['colcon_pkg']
[1.754s] Level 1:colcon.colcon_core.package_identification:_identify(src/ros_tutorials/turtlesim) by extension 'colcon_pkg'
[1.754s] Level 1:colcon.colcon_core.package_identification:_identify(src/ros_tutorials/turtlesim) by extensions ['colcon_meta']
[1.754s] Level 1:colcon.colcon_core.package_identification:_identify(src/ros_tutorials/turtlesim) by extension 'colcon_meta'
[1.754s] Level 1:colcon.colcon_core.package_identification:_identify(src/ros_tutorials/turtlesim) by extensions ['ros']
[1.754s] Level 1:colcon.colcon_core.package_identification:_identify(src/ros_tutorials/turtlesim) by extension 'ros'
[1.760s] DEBUG:colcon.colcon_core.package_identification:Package 'src/ros_tutorials/turtlesim' with type 'ros.ament_cmake' and name 'turtlesim'
[1.760s] Level 1:colcon.colcon_core.package_discovery:discover_packages(recursive) using defaults
[1.760s] Level 1:colcon.colcon_core.package_discovery:discover_packages(ignore) discover
[1.760s] Level 1:colcon.colcon_core.package_discovery:discover_packages(ignore) using defaults
[1.760s] Level 1:colcon.colcon_core.package_discovery:discover_packages(path) discover
[1.760s] Level 1:colcon.colcon_core.package_discovery:discover_packages(path) using defaults
[1.867s] INFO:colcon.colcon_core.package_selection:Skipping not selected package 'maestro_interfaces' in 'src/maestro_interfaces'
[1.868s] INFO:colcon.colcon_core.package_selection:Skipping not selected package 'turtlesim' in 'src/ros_tutorials/turtlesim'
[1.871s] Level 1:colcon.colcon_core.package_discovery:discover_packages(prefix_path) check parameters
[1.871s] Level 1:colcon.colcon_core.package_discovery:discover_packages(prefix_path) discover
[1.886s] DEBUG:colcon.colcon_installed_package_information.package_discovery:Found 2 installed packages in /home/k/Desktop/Zeb05/Zebulon05/ros_packages_full/install
[1.899s] DEBUG:colcon.colcon_installed_package_information.package_discovery:Found 270 installed packages in /opt/ros/humble
[1.906s] Level 1:colcon.colcon_core.package_discovery:discover_packages(prefix_path) using defaults
[2.201s] Level 5:colcon.colcon_core.verb:set package 'polulu_maestro' build argument 'cmake_args' from command line to 'None'
[2.202s] Level 5:colcon.colcon_core.verb:set package 'polulu_maestro' build argument 'cmake_target' from command line to 'None'
[2.202s] Level 5:colcon.colcon_core.verb:set package 'polulu_maestro' build argument 'cmake_target_skip_unavailable' from command line to 'False'
[2.202s] Level 5:colcon.colcon_core.verb:set package 'polulu_maestro' build argument 'cmake_clean_cache' from command line to 'False'
[2.202s] Level 5:colcon.colcon_core.verb:set package 'polulu_maestro' build argument 'cmake_clean_first' from command line to 'False'
[2.202s] Level 5:colcon.colcon_core.verb:set package 'polulu_maestro' build argument 'cmake_force_configure' from command line to 'False'
[2.202s] Level 5:colcon.colcon_core.verb:set package 'polulu_maestro' build argument 'ament_cmake_args' from command line to 'None'
[2.203s] Level 5:colcon.colcon_core.verb:set package 'polulu_maestro' build argument 'catkin_cmake_args' from command line to 'None'
[2.203s] Level 5:colcon.colcon_core.verb:set package 'polulu_maestro' build argument 'catkin_skip_building_tests' from command line to 'False'
[2.203s] DEBUG:colcon.colcon_core.verb:Building package 'polulu_maestro' with the following arguments: {'ament_cmake_args': None, 'build_base': '/home/k/Desktop/Zeb05/Zebulon05/ros_packages_full/build/polulu_maestro', 'catkin_cmake_args': None, 'catkin_skip_building_tests': False, 'cmake_args': None, 'cmake_clean_cache': False, 'cmake_clean_first': False, 'cmake_force_configure': False, 'cmake_target': None, 'cmake_target_skip_unavailable': False, 'install_base': '/home/k/Desktop/Zeb05/Zebulon05/ros_packages_full/install/polulu_maestro', 'merge_install': False, 'path': '/home/k/Desktop/Zeb05/Zebulon05/ros_packages_full/src/polulu_maestro', 'symlink_install': False, 'test_result_base': None}
[2.206s] INFO:colcon.colcon_core.executor:Executing jobs using 'parallel' executor
[2.223s] DEBUG:colcon.colcon_parallel_executor.executor.parallel:run_until_complete
[2.224s] INFO:colcon.colcon_ros.task.ament_python.build:Building ROS package in '/home/k/Desktop/Zeb05/Zebulon05/ros_packages_full/src/polulu_maestro' with build type 'ament_python'
[2.225s] Level 1:colcon.colcon_core.shell:create_environment_hook('polulu_maestro', 'ament_prefix_path')
[2.245s] INFO:colcon.colcon_core.plugin_system:Skipping extension 'colcon_core.shell.bat': Not used on non-Windows systems
[2.247s] INFO:colcon.colcon_core.shell:Creating environment hook '/home/k/Desktop/Zeb05/Zebulon05/ros_packages_full/install/polulu_maestro/share/polulu_maestro/hook/ament_prefix_path.ps1'
[2.250s] INFO:colcon.colcon_core.shell:Creating environment descriptor '/home/k/Desktop/Zeb05/Zebulon05/ros_packages_full/install/polulu_maestro/share/polulu_maestro/hook/ament_prefix_path.dsv'
[2.252s] INFO:colcon.colcon_core.shell:Creating environment hook '/home/k/Desktop/Zeb05/Zebulon05/ros_packages_full/install/polulu_maestro/share/polulu_maestro/hook/ament_prefix_path.sh'
[2.259s] INFO:colcon.colcon_core.shell:Skip shell extension 'powershell' for command environment: Not usable outside of PowerShell
[2.260s] DEBUG:colcon.colcon_core.shell:Skip shell extension 'dsv' for command environment
[3.560s] INFO:colcon.colcon_core.task.python.build:Building Python package in '/home/k/Desktop/Zeb05/Zebulon05/ros_packages_full/src/polulu_maestro'
[3.566s] INFO:colcon.colcon_core.shell:Skip shell extension 'powershell' for command environment: Not usable outside of PowerShell
[3.566s] DEBUG:colcon.colcon_core.shell:Skip shell extension 'dsv' for command environment
[5.406s] DEBUG:colcon.colcon_core.event_handler.log_command:Invoking command in '/home/k/Desktop/Zeb05/Zebulon05/ros_packages_full/src/polulu_maestro': CMAKE_PREFIX_PATH=/home/k/Desktop/Zeb05/Zebulon05/ros_packages_full/install/maestro_interfaces:/home/k/Desktop/Zeb05/Zebulon05/ros_packages_full/install/turtlesim LD_LIBRARY_PATH=/home/k/Desktop/Zeb05/Zebulon05/ros_packages_full/install/maestro_interfaces/lib:/home/k/Desktop/Zeb05/Zebulon05/ros_packages_full/install/turtlesim/lib:/opt/ros/humble/opt/rviz_ogre_vendor/lib:/opt/ros/humble/lib/aarch64-linux-gnu:/opt/ros/humble/lib PYTHONPATH=/home/k/Desktop/Zeb05/Zebulon05/ros_packages_full/install/polulu_maestro/lib/python3.10/site-packages:${PYTHONPATH} /usr/bin/python3 setup.py egg_info --egg-base ../../build/polulu_maestro build --build-base /home/k/Desktop/Zeb05/Zebulon05/ros_packages_full/build/polulu_maestro/build install --prefix /home/k/Desktop/Zeb05/Zebulon05/ros_packages_full/install/polulu_maestro --record /home/k/Desktop/Zeb05/Zebulon05/ros_packages_full/build/polulu_maestro/install.log --single-version-externally-managed
[6.877s] DEBUG:colcon.colcon_core.event_handler.log_command:Invoked command in '/home/k/Desktop/Zeb05/Zebulon05/ros_packages_full/src/polulu_maestro' returned '0': CMAKE_PREFIX_PATH=/home/k/Desktop/Zeb05/Zebulon05/ros_packages_full/install/maestro_interfaces:/home/k/Desktop/Zeb05/Zebulon05/ros_packages_full/install/turtlesim LD_LIBRARY_PATH=/home/k/Desktop/Zeb05/Zebulon05/ros_packages_full/install/maestro_interfaces/lib:/home/k/Desktop/Zeb05/Zebulon05/ros_packages_full/install/turtlesim/lib:/opt/ros/humble/opt/rviz_ogre_vendor/lib:/opt/ros/humble/lib/aarch64-linux-gnu:/opt/ros/humble/lib PYTHONPATH=/home/k/Desktop/Zeb05/Zebulon05/ros_packages_full/install/polulu_maestro/lib/python3.10/site-packages:${PYTHONPATH} /usr/bin/python3 setup.py egg_info --egg-base ../../build/polulu_maestro build --build-base /home/k/Desktop/Zeb05/Zebulon05/ros_packages_full/build/polulu_maestro/build install --prefix /home/k/Desktop/Zeb05/Zebulon05/ros_packages_full/install/polulu_maestro --record /home/k/Desktop/Zeb05/Zebulon05/ros_packages_full/build/polulu_maestro/install.log --single-version-externally-managed
[6.898s] Level 1:colcon.colcon_core.environment:checking '/home/k/Desktop/Zeb05/Zebulon05/ros_packages_full/install/polulu_maestro' for CMake module files
[6.901s] Level 1:colcon.colcon_core.environment:checking '/home/k/Desktop/Zeb05/Zebulon05/ros_packages_full/install/polulu_maestro' for CMake config files
[6.905s] Level 1:colcon.colcon_core.environment:checking '/home/k/Desktop/Zeb05/Zebulon05/ros_packages_full/install/polulu_maestro/lib'
[6.905s] Level 1:colcon.colcon_core.environment:checking '/home/k/Desktop/Zeb05/Zebulon05/ros_packages_full/install/polulu_maestro/bin'
[6.906s] Level 1:colcon.colcon_core.environment:checking '/home/k/Desktop/Zeb05/Zebulon05/ros_packages_full/install/polulu_maestro/lib/pkgconfig/polulu_maestro.pc'
[6.907s] Level 1:colcon.colcon_core.environment:checking '/home/k/Desktop/Zeb05/Zebulon05/ros_packages_full/install/polulu_maestro/lib/python3.10/site-packages'
[6.907s] Level 1:colcon.colcon_core.shell:create_environment_hook('polulu_maestro', 'pythonpath')
[6.913s] INFO:colcon.colcon_core.shell:Creating environment hook '/home/k/Desktop/Zeb05/Zebulon05/ros_packages_full/install/polulu_maestro/share/polulu_maestro/hook/pythonpath.ps1'
[6.915s] INFO:colcon.colcon_core.shell:Creating environment descriptor '/home/k/Desktop/Zeb05/Zebulon05/ros_packages_full/install/polulu_maestro/share/polulu_maestro/hook/pythonpath.dsv'
[6.916s] INFO:colcon.colcon_core.shell:Creating environment hook '/home/k/Desktop/Zeb05/Zebulon05/ros_packages_full/install/polulu_maestro/share/polulu_maestro/hook/pythonpath.sh'
[6.918s] Level 1:colcon.colcon_core.environment:checking '/home/k/Desktop/Zeb05/Zebulon05/ros_packages_full/install/polulu_maestro/bin'
[6.919s] Level 1:colcon.colcon_core.environment:create_environment_scripts_only(polulu_maestro)
[6.925s] INFO:colcon.colcon_core.shell:Creating package script '/home/k/Desktop/Zeb05/Zebulon05/ros_packages_full/install/polulu_maestro/share/polulu_maestro/package.ps1'
[6.928s] INFO:colcon.colcon_core.shell:Creating package descriptor '/home/k/Desktop/Zeb05/Zebulon05/ros_packages_full/install/polulu_maestro/share/polulu_maestro/package.dsv'
[6.931s] INFO:colcon.colcon_core.shell:Creating package script '/home/k/Desktop/Zeb05/Zebulon05/ros_packages_full/install/polulu_maestro/share/polulu_maestro/package.sh'
[6.935s] INFO:colcon.colcon_core.shell:Creating package script '/home/k/Desktop/Zeb05/Zebulon05/ros_packages_full/install/polulu_maestro/share/polulu_maestro/package.bash'
[6.938s] INFO:colcon.colcon_core.shell:Creating package script '/home/k/Desktop/Zeb05/Zebulon05/ros_packages_full/install/polulu_maestro/share/polulu_maestro/package.zsh'
[6.941s] Level 1:colcon.colcon_core.environment:create_file_with_runtime_dependencies(/home/k/Desktop/Zeb05/Zebulon05/ros_packages_full/install/polulu_maestro/share/colcon-core/packages/polulu_maestro)
[6.942s] DEBUG:colcon.colcon_parallel_executor.executor.parallel:closing loop
[6.943s] DEBUG:colcon.colcon_parallel_executor.executor.parallel:loop closed
[6.944s] DEBUG:colcon.colcon_parallel_executor.executor.parallel:run_until_complete finished with '0'
[6.944s] DEBUG:colcon.colcon_core.event_reactor:joining thread
[6.973s] INFO:colcon.colcon_core.plugin_system:Skipping extension 'colcon_notification.desktop_notification.terminal_notifier': Not used on non-Darwin systems
[6.973s] INFO:colcon.colcon_core.plugin_system:Skipping extension 'colcon_notification.desktop_notification.win32': Not used on non-Windows systems
[6.973s] INFO:colcon.colcon_notification.desktop_notification:Sending desktop notification using 'notify2'
[6.979s] DEBUG:colcon.colcon_notification.desktop_notification.notify2:Failed to initialize notify2: org.freedesktop.DBus.Error.ServiceUnknown: The name org.freedesktop.Notifications was not provided by any .service files
[6.980s] DEBUG:colcon.colcon_core.event_reactor:joined thread
[6.987s] INFO:colcon.colcon_core.shell:Creating prefix script '/home/k/Desktop/Zeb05/Zebulon05/ros_packages_full/install/local_setup.ps1'
[6.992s] INFO:colcon.colcon_core.shell:Creating prefix util module '/home/k/Desktop/Zeb05/Zebulon05/ros_packages_full/install/_local_setup_util_ps1.py'
[6.999s] INFO:colcon.colcon_core.shell:Creating prefix chain script '/home/k/Desktop/Zeb05/Zebulon05/ros_packages_full/install/setup.ps1'
[7.006s] INFO:colcon.colcon_core.shell:Creating prefix script '/home/k/Desktop/Zeb05/Zebulon05/ros_packages_full/install/local_setup.sh'
[7.008s] INFO:colcon.colcon_core.shell:Creating prefix util module '/home/k/Desktop/Zeb05/Zebulon05/ros_packages_full/install/_local_setup_util_sh.py'
[7.011s] INFO:colcon.colcon_core.shell:Creating prefix chain script '/home/k/Desktop/Zeb05/Zebulon05/ros_packages_full/install/setup.sh'
[7.018s] INFO:colcon.colcon_core.shell:Creating prefix script '/home/k/Desktop/Zeb05/Zebulon05/ros_packages_full/install/local_setup.bash'
[7.021s] INFO:colcon.colcon_core.shell:Creating prefix chain script '/home/k/Desktop/Zeb05/Zebulon05/ros_packages_full/install/setup.bash'
[7.028s] INFO:colcon.colcon_core.shell:Creating prefix script '/home/k/Desktop/Zeb05/Zebulon05/ros_packages_full/install/local_setup.zsh'
[7.030s] INFO:colcon.colcon_core.shell:Creating prefix chain script '/home/k/Desktop/Zeb05/Zebulon05/ros_packages_full/install/setup.zsh'
