[  2%] Built target maestro_interfaces__cpp
[ 12%] Built target maestro_interfaces__rosidl_generator_c
[ 12%] Built target ament_cmake_python_copy_maestro_interfaces
[ 23%] Built target maestro_interfaces__rosidl_typesupport_cpp
[ 33%] Built target maestro_interfaces__rosidl_typesupport_fastrtps_cpp
[ 43%] Built target maestro_interfaces__rosidl_typesupport_introspection_cpp
[ 53%] Built target maestro_interfaces__rosidl_typesupport_fastrtps_c
[ 64%] Built target maestro_interfaces__rosidl_typesupport_c
[ 74%] Built target maestro_interfaces__rosidl_typesupport_introspection_c
[ 74%] Built target maestro_interfaces
[ 76%] Built target maestro_interfaces__py
[ 84%] Built target maestro_interfaces__rosidl_generator_py
[ 89%] Built target maestro_interfaces__rosidl_typesupport_fastrtps_c__pyext
[ 94%] Built target maestro_interfaces__rosidl_typesupport_introspection_c__pyext
[100%] Built target maestro_interfaces__rosidl_typesupport_c__pyext
running egg_info
writing maestro_interfaces.egg-info/PKG-INFO
writing dependency_links to maestro_interfaces.egg-info/dependency_links.txt
writing top-level names to maestro_interfaces.egg-info/top_level.txt
reading manifest file 'maestro_interfaces.egg-info/SOURCES.txt'
writing manifest file 'maestro_interfaces.egg-info/SOURCES.txt'
[100%] Built target ament_cmake_python_build_maestro_interfaces_egg
