[0.089s] Invoking command in '/home/k/Desktop/Zeb05/Zebulon05/ros_packages_full/build/maestro_interfaces': CMAKE_PREFIX_PATH=/opt/ros/humble /usr/bin/cmake --build /home/k/Desktop/Zeb05/Zebulon05/ros_packages_full/build/maestro_interfaces -- -j4 -l4
[0.337s] [  2%] Built target maestro_interfaces__cpp
[0.356s] [ 12%] Built target maestro_interfaces__rosidl_generator_c
[0.412s] [ 12%] Built target ament_cmake_python_copy_maestro_interfaces
[0.490s] [ 23%] Built target maestro_interfaces__rosidl_typesupport_cpp
[0.498s] [ 33%] Built target maestro_interfaces__rosidl_typesupport_fastrtps_cpp
[0.518s] [ 43%] Built target maestro_interfaces__rosidl_typesupport_introspection_cpp
[0.540s] [ 53%] Built target maestro_interfaces__rosidl_typesupport_fastrtps_c
[0.624s] [ 64%] Built target maestro_interfaces__rosidl_typesupport_c
[0.640s] [ 74%] Built target maestro_interfaces__rosidl_typesupport_introspection_c
[0.735s] [ 74%] Built target maestro_interfaces
[0.837s] [ 76%] Built target maestro_interfaces__py
[0.956s] [ 84%] Built target maestro_interfaces__rosidl_generator_py
[1.100s] [ 89%] Built target maestro_interfaces__rosidl_typesupport_fastrtps_c__pyext
[1.128s] [ 94%] Built target maestro_interfaces__rosidl_typesupport_introspection_c__pyext
[1.139s] [100%] Built target maestro_interfaces__rosidl_typesupport_c__pyext
[1.969s] running egg_info
[1.972s] writing maestro_interfaces.egg-info/PKG-INFO
[1.973s] writing dependency_links to maestro_interfaces.egg-info/dependency_links.txt
[1.975s] writing top-level names to maestro_interfaces.egg-info/top_level.txt
[1.987s] reading manifest file 'maestro_interfaces.egg-info/SOURCES.txt'
[1.991s] writing manifest file 'maestro_interfaces.egg-info/SOURCES.txt'
[2.125s] [100%] Built target ament_cmake_python_build_maestro_interfaces_egg
[2.172s] Invoked command in '/home/k/Desktop/Zeb05/Zebulon05/ros_packages_full/build/maestro_interfaces' returned '0': CMAKE_PREFIX_PATH=/opt/ros/humble /usr/bin/cmake --build /home/k/Desktop/Zeb05/Zebulon05/ros_packages_full/build/maestro_interfaces -- -j4 -l4
