[1.284s] DEBUG:colcon:Command line arguments: ['/usr/bin/colcon', 'build', '--packages-select', 'RobotLeg']
[1.284s] DEBUG:colcon:Parsed command line arguments: Namespace(log_base=None, log_level=None, verb_name='build', build_base='build', install_base='install', merge_install=False, symlink_install=False, test_result_base=None, continue_on_error=False, executor='parallel', parallel_workers=4, event_handlers=None, ignore_user_meta=False, metas=['./colcon.meta'], base_paths=['.'], packages_ignore=None, packages_ignore_regex=None, paths=None, packages_up_to=None, packages_up_to_regex=None, packages_above=None, packages_above_and_dependencies=None, packages_above_depth=None, packages_select_by_dep=None, packages_skip_by_dep=None, packages_skip_up_to=None, packages_select_build_failed=False, packages_skip_build_finished=False, packages_select_test_failures=False, packages_skip_test_passed=False, packages_select=['RobotLeg'], packages_skip=None, packages_select_regex=None, packages_skip_regex=None, packages_start=None, packages_end=None, allow_overriding=[], cmake_args=None, cmake_target=None, cmake_target_skip_unavailable=False, cmake_clean_cache=False, cmake_clean_first=False, cmake_force_configure=False, ament_cmake_args=None, catkin_cmake_args=None, catkin_skip_building_tests=False, verb_parser=<colcon_defaults.argument_parser.defaults.DefaultArgumentsDecorator object at 0xffffade37970>, verb_extension=<colcon_core.verb.build.BuildVerb object at 0xffffade37400>, main=<bound method BuildVerb.main of <colcon_core.verb.build.BuildVerb object at 0xffffade37400>>)
[1.554s] Level 1:colcon.colcon_core.package_discovery:discover_packages(colcon_meta) check parameters
[1.555s] Level 1:colcon.colcon_core.package_discovery:discover_packages(recursive) check parameters
[1.555s] Level 1:colcon.colcon_core.package_discovery:discover_packages(ignore) check parameters
[1.555s] Level 1:colcon.colcon_core.package_discovery:discover_packages(path) check parameters
[1.555s] Level 1:colcon.colcon_core.package_discovery:discover_packages(colcon_meta) discover
[1.555s] Level 1:colcon.colcon_core.package_discovery:discover_packages(recursive) discover
[1.556s] INFO:colcon.colcon_core.package_discovery:Crawling recursively for packages in '/home/k/Desktop/Zeb05/Zebulon05/ros_packages_full'
[1.556s] Level 1:colcon.colcon_core.package_identification:_identify(.) by extensions ['ignore', 'ignore_ament_install']
[1.557s] Level 1:colcon.colcon_core.package_identification:_identify(.) by extension 'ignore'
[1.557s] Level 1:colcon.colcon_core.package_identification:_identify(.) by extension 'ignore_ament_install'
[1.557s] Level 1:colcon.colcon_core.package_identification:_identify(.) by extensions ['colcon_pkg']
[1.557s] Level 1:colcon.colcon_core.package_identification:_identify(.) by extension 'colcon_pkg'
[1.558s] Level 1:colcon.colcon_core.package_identification:_identify(.) by extensions ['colcon_meta']
[1.558s] Level 1:colcon.colcon_core.package_identification:_identify(.) by extension 'colcon_meta'
[1.558s] Level 1:colcon.colcon_core.package_identification:_identify(.) by extensions ['ros']
[1.558s] Level 1:colcon.colcon_core.package_identification:_identify(.) by extension 'ros'
[1.645s] Level 1:colcon.colcon_core.package_identification:_identify(.) by extensions ['cmake', 'python']
[1.646s] Level 1:colcon.colcon_core.package_identification:_identify(.) by extension 'cmake'
[1.646s] Level 1:colcon.colcon_core.package_identification:_identify(.) by extension 'python'
[1.646s] Level 1:colcon.colcon_core.package_identification:_identify(.) by extensions ['python_setup_py']
[1.646s] Level 1:colcon.colcon_core.package_identification:_identify(.) by extension 'python_setup_py'
[1.647s] Level 1:colcon.colcon_core.package_identification:_identify(build) by extensions ['ignore', 'ignore_ament_install']
[1.647s] Level 1:colcon.colcon_core.package_identification:_identify(build) by extension 'ignore'
[1.648s] Level 1:colcon.colcon_core.package_identification:_identify(build) ignored
[1.648s] Level 1:colcon.colcon_core.package_identification:_identify(install) by extensions ['ignore', 'ignore_ament_install']
[1.649s] Level 1:colcon.colcon_core.package_identification:_identify(install) by extension 'ignore'
[1.649s] Level 1:colcon.colcon_core.package_identification:_identify(install) ignored
[1.650s] Level 1:colcon.colcon_core.package_identification:_identify(log) by extensions ['ignore', 'ignore_ament_install']
[1.651s] Level 1:colcon.colcon_core.package_identification:_identify(log) by extension 'ignore'
[1.651s] Level 1:colcon.colcon_core.package_identification:_identify(log) ignored
[1.651s] Level 1:colcon.colcon_core.package_identification:_identify(src) by extensions ['ignore', 'ignore_ament_install']
[1.652s] Level 1:colcon.colcon_core.package_identification:_identify(src) by extension 'ignore'
[1.652s] Level 1:colcon.colcon_core.package_identification:_identify(src) by extension 'ignore_ament_install'
[1.652s] Level 1:colcon.colcon_core.package_identification:_identify(src) by extensions ['colcon_pkg']
[1.653s] Level 1:colcon.colcon_core.package_identification:_identify(src) by extension 'colcon_pkg'
[1.653s] Level 1:colcon.colcon_core.package_identification:_identify(src) by extensions ['colcon_meta']
[1.653s] Level 1:colcon.colcon_core.package_identification:_identify(src) by extension 'colcon_meta'
[1.653s] Level 1:colcon.colcon_core.package_identification:_identify(src) by extensions ['ros']
[1.653s] Level 1:colcon.colcon_core.package_identification:_identify(src) by extension 'ros'
[1.654s] Level 1:colcon.colcon_core.package_identification:_identify(src) by extensions ['cmake', 'python']
[1.654s] Level 1:colcon.colcon_core.package_identification:_identify(src) by extension 'cmake'
[1.654s] Level 1:colcon.colcon_core.package_identification:_identify(src) by extension 'python'
[1.654s] Level 1:colcon.colcon_core.package_identification:_identify(src) by extensions ['python_setup_py']
[1.654s] Level 1:colcon.colcon_core.package_identification:_identify(src) by extension 'python_setup_py'
[1.655s] Level 1:colcon.colcon_core.package_identification:_identify(src/RobotLeg) by extensions ['ignore', 'ignore_ament_install']
[1.655s] Level 1:colcon.colcon_core.package_identification:_identify(src/RobotLeg) by extension 'ignore'
[1.655s] Level 1:colcon.colcon_core.package_identification:_identify(src/RobotLeg) by extension 'ignore_ament_install'
[1.656s] Level 1:colcon.colcon_core.package_identification:_identify(src/RobotLeg) by extensions ['colcon_pkg']
[1.656s] Level 1:colcon.colcon_core.package_identification:_identify(src/RobotLeg) by extension 'colcon_pkg'
[1.656s] Level 1:colcon.colcon_core.package_identification:_identify(src/RobotLeg) by extensions ['colcon_meta']
[1.656s] Level 1:colcon.colcon_core.package_identification:_identify(src/RobotLeg) by extension 'colcon_meta'
[1.656s] Level 1:colcon.colcon_core.package_identification:_identify(src/RobotLeg) by extensions ['ros']
[1.657s] Level 1:colcon.colcon_core.package_identification:_identify(src/RobotLeg) by extension 'ros'
[1.670s] DEBUG:colcon.colcon_core.package_identification:Package 'src/RobotLeg' with type 'ros.ament_cmake' and name 'RobotLeg'
[1.671s] Level 1:colcon.colcon_core.package_identification:_identify(src/maestro_interfaces) by extensions ['ignore', 'ignore_ament_install']
[1.672s] Level 1:colcon.colcon_core.package_identification:_identify(src/maestro_interfaces) by extension 'ignore'
[1.672s] Level 1:colcon.colcon_core.package_identification:_identify(src/maestro_interfaces) by extension 'ignore_ament_install'
[1.672s] Level 1:colcon.colcon_core.package_identification:_identify(src/maestro_interfaces) by extensions ['colcon_pkg']
[1.673s] Level 1:colcon.colcon_core.package_identification:_identify(src/maestro_interfaces) by extension 'colcon_pkg'
[1.673s] Level 1:colcon.colcon_core.package_identification:_identify(src/maestro_interfaces) by extensions ['colcon_meta']
[1.673s] Level 1:colcon.colcon_core.package_identification:_identify(src/maestro_interfaces) by extension 'colcon_meta'
[1.673s] Level 1:colcon.colcon_core.package_identification:_identify(src/maestro_interfaces) by extensions ['ros']
[1.673s] Level 1:colcon.colcon_core.package_identification:_identify(src/maestro_interfaces) by extension 'ros'
[1.677s] DEBUG:colcon.colcon_core.package_identification:Package 'src/maestro_interfaces' with type 'ros.ament_cmake' and name 'maestro_interfaces'
[1.678s] Level 1:colcon.colcon_core.package_identification:_identify(src/polulu_maestro) by extensions ['ignore', 'ignore_ament_install']
[1.679s] Level 1:colcon.colcon_core.package_identification:_identify(src/polulu_maestro) by extension 'ignore'
[1.679s] Level 1:colcon.colcon_core.package_identification:_identify(src/polulu_maestro) by extension 'ignore_ament_install'
[1.679s] Level 1:colcon.colcon_core.package_identification:_identify(src/polulu_maestro) by extensions ['colcon_pkg']
[1.679s] Level 1:colcon.colcon_core.package_identification:_identify(src/polulu_maestro) by extension 'colcon_pkg'
[1.680s] Level 1:colcon.colcon_core.package_identification:_identify(src/polulu_maestro) by extensions ['colcon_meta']
[1.680s] Level 1:colcon.colcon_core.package_identification:_identify(src/polulu_maestro) by extension 'colcon_meta'
[1.680s] Level 1:colcon.colcon_core.package_identification:_identify(src/polulu_maestro) by extensions ['ros']
[1.680s] Level 1:colcon.colcon_core.package_identification:_identify(src/polulu_maestro) by extension 'ros'
[1.684s] DEBUG:colcon.colcon_core.package_identification:Package 'src/polulu_maestro' with type 'ros.ament_python' and name 'polulu_maestro'
[1.684s] Level 1:colcon.colcon_core.package_discovery:discover_packages(recursive) using defaults
[1.684s] Level 1:colcon.colcon_core.package_discovery:discover_packages(ignore) discover
[1.684s] Level 1:colcon.colcon_core.package_discovery:discover_packages(ignore) using defaults
[1.684s] Level 1:colcon.colcon_core.package_discovery:discover_packages(path) discover
[1.685s] Level 1:colcon.colcon_core.package_discovery:discover_packages(path) using defaults
[1.844s] INFO:colcon.colcon_core.package_selection:Skipping not selected package 'maestro_interfaces' in 'src/maestro_interfaces'
[1.844s] INFO:colcon.colcon_core.package_selection:Skipping not selected package 'polulu_maestro' in 'src/polulu_maestro'
[1.849s] Level 1:colcon.colcon_core.package_discovery:discover_packages(prefix_path) check parameters
[1.849s] Level 1:colcon.colcon_core.package_discovery:discover_packages(prefix_path) discover
[1.872s] DEBUG:colcon.colcon_installed_package_information.package_discovery:Found 4 installed packages in /home/k/Desktop/Zeb05/Zebulon05/ros_packages_full/install
[1.888s] DEBUG:colcon.colcon_installed_package_information.package_discovery:Found 270 installed packages in /opt/ros/humble
[1.900s] Level 1:colcon.colcon_core.package_discovery:discover_packages(prefix_path) using defaults
[2.207s] Level 5:colcon.colcon_core.verb:set package 'RobotLeg' build argument 'cmake_args' from command line to 'None'
[2.207s] Level 5:colcon.colcon_core.verb:set package 'RobotLeg' build argument 'cmake_target' from command line to 'None'
[2.207s] Level 5:colcon.colcon_core.verb:set package 'RobotLeg' build argument 'cmake_target_skip_unavailable' from command line to 'False'
[2.207s] Level 5:colcon.colcon_core.verb:set package 'RobotLeg' build argument 'cmake_clean_cache' from command line to 'False'
[2.207s] Level 5:colcon.colcon_core.verb:set package 'RobotLeg' build argument 'cmake_clean_first' from command line to 'False'
[2.207s] Level 5:colcon.colcon_core.verb:set package 'RobotLeg' build argument 'cmake_force_configure' from command line to 'False'
[2.208s] Level 5:colcon.colcon_core.verb:set package 'RobotLeg' build argument 'ament_cmake_args' from command line to 'None'
[2.208s] Level 5:colcon.colcon_core.verb:set package 'RobotLeg' build argument 'catkin_cmake_args' from command line to 'None'
[2.208s] Level 5:colcon.colcon_core.verb:set package 'RobotLeg' build argument 'catkin_skip_building_tests' from command line to 'False'
[2.208s] DEBUG:colcon.colcon_core.verb:Building package 'RobotLeg' with the following arguments: {'ament_cmake_args': None, 'build_base': '/home/k/Desktop/Zeb05/Zebulon05/ros_packages_full/build/RobotLeg', 'catkin_cmake_args': None, 'catkin_skip_building_tests': False, 'cmake_args': None, 'cmake_clean_cache': False, 'cmake_clean_first': False, 'cmake_force_configure': False, 'cmake_target': None, 'cmake_target_skip_unavailable': False, 'install_base': '/home/k/Desktop/Zeb05/Zebulon05/ros_packages_full/install/RobotLeg', 'merge_install': False, 'path': '/home/k/Desktop/Zeb05/Zebulon05/ros_packages_full/src/RobotLeg', 'symlink_install': False, 'test_result_base': None}
[2.211s] INFO:colcon.colcon_core.executor:Executing jobs using 'parallel' executor
[2.228s] DEBUG:colcon.colcon_parallel_executor.executor.parallel:run_until_complete
[2.229s] INFO:colcon.colcon_ros.task.ament_cmake.build:Building ROS package in '/home/k/Desktop/Zeb05/Zebulon05/ros_packages_full/src/RobotLeg' with build type 'ament_cmake'
[2.229s] INFO:colcon.colcon_cmake.task.cmake.build:Building CMake package in '/home/k/Desktop/Zeb05/Zebulon05/ros_packages_full/src/RobotLeg'
[2.265s] INFO:colcon.colcon_core.plugin_system:Skipping extension 'colcon_core.shell.bat': Not used on non-Windows systems
[2.266s] INFO:colcon.colcon_core.shell:Skip shell extension 'powershell' for command environment: Not usable outside of PowerShell
[2.266s] DEBUG:colcon.colcon_core.shell:Skip shell extension 'dsv' for command environment
[2.326s] DEBUG:colcon.colcon_core.event_handler.log_command:Invoking command in '/home/k/Desktop/Zeb05/Zebulon05/ros_packages_full/build/RobotLeg': CMAKE_PREFIX_PATH=${CMAKE_PREFIX_PATH}:/home/k/Desktop/Zeb05/Zebulon05/ros_packages_full/install/polulu_maestro:/opt/ros/humble /usr/bin/cmake --build /home/k/Desktop/Zeb05/Zebulon05/ros_packages_full/build/RobotLeg -- -j4 -l4
[23.990s] DEBUG:colcon.colcon_core.event_handler.log_command:Invoked command in '/home/k/Desktop/Zeb05/Zebulon05/ros_packages_full/build/RobotLeg' returned '0': CMAKE_PREFIX_PATH=${CMAKE_PREFIX_PATH}:/home/k/Desktop/Zeb05/Zebulon05/ros_packages_full/install/polulu_maestro:/opt/ros/humble /usr/bin/cmake --build /home/k/Desktop/Zeb05/Zebulon05/ros_packages_full/build/RobotLeg -- -j4 -l4
[24.207s] DEBUG:colcon.colcon_core.event_handler.log_command:Invoking command in '/home/k/Desktop/Zeb05/Zebulon05/ros_packages_full/build/RobotLeg': CMAKE_PREFIX_PATH=${CMAKE_PREFIX_PATH}:/home/k/Desktop/Zeb05/Zebulon05/ros_packages_full/install/polulu_maestro:/opt/ros/humble /usr/bin/cmake --install /home/k/Desktop/Zeb05/Zebulon05/ros_packages_full/build/RobotLeg
[24.275s] Level 1:colcon.colcon_core.environment:create_environment_scripts_only(RobotLeg)
[24.279s] DEBUG:colcon.colcon_core.event_handler.log_command:Invoked command in '/home/k/Desktop/Zeb05/Zebulon05/ros_packages_full/build/RobotLeg' returned '0': CMAKE_PREFIX_PATH=${CMAKE_PREFIX_PATH}:/home/k/Desktop/Zeb05/Zebulon05/ros_packages_full/install/polulu_maestro:/opt/ros/humble /usr/bin/cmake --install /home/k/Desktop/Zeb05/Zebulon05/ros_packages_full/build/RobotLeg
[24.302s] Level 1:colcon.colcon_core.environment:checking '/home/k/Desktop/Zeb05/Zebulon05/ros_packages_full/install/RobotLeg' for CMake module files
[24.306s] Level 1:colcon.colcon_core.environment:checking '/home/k/Desktop/Zeb05/Zebulon05/ros_packages_full/install/RobotLeg' for CMake config files
[24.309s] Level 1:colcon.colcon_core.shell:create_environment_hook('RobotLeg', 'cmake_prefix_path')
[24.315s] INFO:colcon.colcon_core.shell:Creating environment hook '/home/k/Desktop/Zeb05/Zebulon05/ros_packages_full/install/RobotLeg/share/RobotLeg/hook/cmake_prefix_path.ps1'
[24.318s] INFO:colcon.colcon_core.shell:Creating environment descriptor '/home/k/Desktop/Zeb05/Zebulon05/ros_packages_full/install/RobotLeg/share/RobotLeg/hook/cmake_prefix_path.dsv'
[24.321s] INFO:colcon.colcon_core.shell:Creating environment hook '/home/k/Desktop/Zeb05/Zebulon05/ros_packages_full/install/RobotLeg/share/RobotLeg/hook/cmake_prefix_path.sh'
[24.325s] Level 1:colcon.colcon_core.environment:checking '/home/k/Desktop/Zeb05/Zebulon05/ros_packages_full/install/RobotLeg/lib'
[24.326s] Level 1:colcon.colcon_core.environment:checking '/home/k/Desktop/Zeb05/Zebulon05/ros_packages_full/install/RobotLeg/bin'
[24.326s] Level 1:colcon.colcon_core.environment:checking '/home/k/Desktop/Zeb05/Zebulon05/ros_packages_full/install/RobotLeg/lib/pkgconfig/RobotLeg.pc'
[24.327s] Level 1:colcon.colcon_core.environment:checking '/home/k/Desktop/Zeb05/Zebulon05/ros_packages_full/install/RobotLeg/lib/python3.10/site-packages'
[24.328s] Level 1:colcon.colcon_core.environment:checking '/home/k/Desktop/Zeb05/Zebulon05/ros_packages_full/install/RobotLeg/bin'
[24.334s] INFO:colcon.colcon_core.shell:Creating package script '/home/k/Desktop/Zeb05/Zebulon05/ros_packages_full/install/RobotLeg/share/RobotLeg/package.ps1'
[24.338s] INFO:colcon.colcon_core.shell:Creating package descriptor '/home/k/Desktop/Zeb05/Zebulon05/ros_packages_full/install/RobotLeg/share/RobotLeg/package.dsv'
[24.341s] INFO:colcon.colcon_core.shell:Creating package script '/home/k/Desktop/Zeb05/Zebulon05/ros_packages_full/install/RobotLeg/share/RobotLeg/package.sh'
[24.345s] INFO:colcon.colcon_core.shell:Creating package script '/home/k/Desktop/Zeb05/Zebulon05/ros_packages_full/install/RobotLeg/share/RobotLeg/package.bash'
[24.349s] INFO:colcon.colcon_core.shell:Creating package script '/home/k/Desktop/Zeb05/Zebulon05/ros_packages_full/install/RobotLeg/share/RobotLeg/package.zsh'
[24.352s] Level 1:colcon.colcon_core.environment:create_file_with_runtime_dependencies(/home/k/Desktop/Zeb05/Zebulon05/ros_packages_full/install/RobotLeg/share/colcon-core/packages/RobotLeg)
[24.525s] Level 1:colcon.colcon_core.environment:create_environment_scripts_only(RobotLeg)
[24.535s] Level 1:colcon.colcon_core.environment:checking '/home/k/Desktop/Zeb05/Zebulon05/ros_packages_full/install/RobotLeg' for CMake module files
[24.538s] Level 1:colcon.colcon_core.environment:checking '/home/k/Desktop/Zeb05/Zebulon05/ros_packages_full/install/RobotLeg' for CMake config files
[24.541s] Level 1:colcon.colcon_core.shell:create_environment_hook('RobotLeg', 'cmake_prefix_path')
[24.547s] INFO:colcon.colcon_core.shell:Creating environment hook '/home/k/Desktop/Zeb05/Zebulon05/ros_packages_full/install/RobotLeg/share/RobotLeg/hook/cmake_prefix_path.ps1'
[24.550s] INFO:colcon.colcon_core.shell:Creating environment descriptor '/home/k/Desktop/Zeb05/Zebulon05/ros_packages_full/install/RobotLeg/share/RobotLeg/hook/cmake_prefix_path.dsv'
[24.552s] INFO:colcon.colcon_core.shell:Creating environment hook '/home/k/Desktop/Zeb05/Zebulon05/ros_packages_full/install/RobotLeg/share/RobotLeg/hook/cmake_prefix_path.sh'
[24.554s] Level 1:colcon.colcon_core.environment:checking '/home/k/Desktop/Zeb05/Zebulon05/ros_packages_full/install/RobotLeg/lib'
[24.555s] Level 1:colcon.colcon_core.environment:checking '/home/k/Desktop/Zeb05/Zebulon05/ros_packages_full/install/RobotLeg/bin'
[24.555s] Level 1:colcon.colcon_core.environment:checking '/home/k/Desktop/Zeb05/Zebulon05/ros_packages_full/install/RobotLeg/lib/pkgconfig/RobotLeg.pc'
[24.556s] Level 1:colcon.colcon_core.environment:checking '/home/k/Desktop/Zeb05/Zebulon05/ros_packages_full/install/RobotLeg/lib/python3.10/site-packages'
[24.557s] Level 1:colcon.colcon_core.environment:checking '/home/k/Desktop/Zeb05/Zebulon05/ros_packages_full/install/RobotLeg/bin'
[24.563s] INFO:colcon.colcon_core.shell:Creating package script '/home/k/Desktop/Zeb05/Zebulon05/ros_packages_full/install/RobotLeg/share/RobotLeg/package.ps1'
[24.566s] INFO:colcon.colcon_core.shell:Creating package descriptor '/home/k/Desktop/Zeb05/Zebulon05/ros_packages_full/install/RobotLeg/share/RobotLeg/package.dsv'
[24.568s] INFO:colcon.colcon_core.shell:Creating package script '/home/k/Desktop/Zeb05/Zebulon05/ros_packages_full/install/RobotLeg/share/RobotLeg/package.sh'
[24.570s] INFO:colcon.colcon_core.shell:Creating package script '/home/k/Desktop/Zeb05/Zebulon05/ros_packages_full/install/RobotLeg/share/RobotLeg/package.bash'
[24.572s] INFO:colcon.colcon_core.shell:Creating package script '/home/k/Desktop/Zeb05/Zebulon05/ros_packages_full/install/RobotLeg/share/RobotLeg/package.zsh'
[24.574s] Level 1:colcon.colcon_core.environment:create_file_with_runtime_dependencies(/home/k/Desktop/Zeb05/Zebulon05/ros_packages_full/install/RobotLeg/share/colcon-core/packages/RobotLeg)
[24.575s] DEBUG:colcon.colcon_parallel_executor.executor.parallel:closing loop
[24.577s] DEBUG:colcon.colcon_parallel_executor.executor.parallel:loop closed
[24.577s] DEBUG:colcon.colcon_parallel_executor.executor.parallel:run_until_complete finished with '0'
[24.577s] DEBUG:colcon.colcon_core.event_reactor:joining thread
[24.629s] INFO:colcon.colcon_core.plugin_system:Skipping extension 'colcon_notification.desktop_notification.terminal_notifier': Not used on non-Darwin systems
[24.630s] INFO:colcon.colcon_core.plugin_system:Skipping extension 'colcon_notification.desktop_notification.win32': Not used on non-Windows systems
[24.630s] INFO:colcon.colcon_notification.desktop_notification:Sending desktop notification using 'notify2'
[24.636s] DEBUG:colcon.colcon_notification.desktop_notification.notify2:Failed to initialize notify2: org.freedesktop.DBus.Error.ServiceUnknown: The name org.freedesktop.Notifications was not provided by any .service files
[24.637s] DEBUG:colcon.colcon_core.event_reactor:joined thread
[24.644s] INFO:colcon.colcon_core.shell:Creating prefix script '/home/k/Desktop/Zeb05/Zebulon05/ros_packages_full/install/local_setup.ps1'
[24.649s] INFO:colcon.colcon_core.shell:Creating prefix util module '/home/k/Desktop/Zeb05/Zebulon05/ros_packages_full/install/_local_setup_util_ps1.py'
[24.656s] INFO:colcon.colcon_core.shell:Creating prefix chain script '/home/k/Desktop/Zeb05/Zebulon05/ros_packages_full/install/setup.ps1'
[24.665s] INFO:colcon.colcon_core.shell:Creating prefix script '/home/k/Desktop/Zeb05/Zebulon05/ros_packages_full/install/local_setup.sh'
[24.667s] INFO:colcon.colcon_core.shell:Creating prefix util module '/home/k/Desktop/Zeb05/Zebulon05/ros_packages_full/install/_local_setup_util_sh.py'
[24.670s] INFO:colcon.colcon_core.shell:Creating prefix chain script '/home/k/Desktop/Zeb05/Zebulon05/ros_packages_full/install/setup.sh'
[24.677s] INFO:colcon.colcon_core.shell:Creating prefix script '/home/k/Desktop/Zeb05/Zebulon05/ros_packages_full/install/local_setup.bash'
[24.680s] INFO:colcon.colcon_core.shell:Creating prefix chain script '/home/k/Desktop/Zeb05/Zebulon05/ros_packages_full/install/setup.bash'
[24.687s] INFO:colcon.colcon_core.shell:Creating prefix script '/home/k/Desktop/Zeb05/Zebulon05/ros_packages_full/install/local_setup.zsh'
[24.690s] INFO:colcon.colcon_core.shell:Creating prefix chain script '/home/k/Desktop/Zeb05/Zebulon05/ros_packages_full/install/setup.zsh'
