[0.075s] Invoking command in '/home/k/Desktop/Zeb05/Zebulon05/ros_packages_full/build/RobotLeg': CMAKE_PREFIX_PATH=${CMAKE_PREFIX_PATH}:/home/k/Desktop/Zeb05/Zebulon05/ros_packages_full/install/polulu_maestro:/opt/ros/humble /usr/bin/cmake --build /home/k/Desktop/Zeb05/Zebulon05/ros_packages_full/build/RobotLeg -- -j4 -l4
[0.301s] [35m[1mConsolidate compiler generated dependencies of target robot_leg_wrapper[0m
[0.423s] [ 33%] [32mBuilding CXX object CMakeFiles/robot_leg_wrapper.dir/src/RobotLegRos.cpp.o[0m
[0.428s] [ 66%] [32mBuilding CXX object CMakeFiles/robot_leg_wrapper.dir/src/RobotLegRosWrapper.cpp.o[0m
[12.372s] In file included from [01m[K/home/k/Desktop/Zeb05/Zebulon05/ros_packages_full/src/RobotLeg/src/RobotLegRos.cpp:5[m[K:
[12.372s] [01m[K/home/k/Desktop/Zeb05/Zebulon05/ros_packages_full/src/RobotLeg/src/../include/RobotLeg/RobotLegRos.hpp:[m[K In constructor ‘[01m[KRobotLegRos::RobotLegRos(rclcpp::Publisher<maestro_interfaces::msg::MaestroTarget_<std::allocator<void> > >::SharedPtr)[m[K’:
[12.373s] [01m[K/home/k/Desktop/Zeb05/Zebulon05/ros_packages_full/src/RobotLeg/src/../include/RobotLeg/RobotLegRos.hpp:14:139:[m[K [01;31m[Kerror: [m[Kexpected ‘[01m[K{[m[K’ before ‘[01m[K:[m[K’ token
[12.374s]    14 |     RobotLegRos(rclcpp::Publisher<maestro_interfaces::msg::MaestroTarget>::SharedPtr pub_message_ptr) : pub_message_ptr_(pub_message_ptr) [01;31m[K:[m[K last_known_pos{0} {};
[12.375s]       |                                                                                                                                           [01;31m[K^[m[K
[12.377s] [01m[K/home/k/Desktop/Zeb05/Zebulon05/ros_packages_full/src/RobotLeg/src/../include/RobotLeg/RobotLegRos.hpp:[m[K In member function ‘[01m[Kvoid RobotLegRos::write_last_known_positions(int*)[m[K’:
[12.378s] [01m[K/home/k/Desktop/Zeb05/Zebulon05/ros_packages_full/src/RobotLeg/src/../include/RobotLeg/RobotLegRos.hpp:20:28:[m[K [01;31m[Kerror: [m[Kno match for ‘[01m[Koperator=[m[K’ (operand types are ‘[01m[Krclcpp::Publisher<maestro_interfaces::msg::MaestroTarget_<std::allocator<void> > >::SharedPtr[m[K’ {aka ‘[01m[Kstd::shared_ptr<rclcpp::Publisher<maestro_interfaces::msg::MaestroTarget_<std::allocator<void> > > >[m[K’} and ‘[01m[Kint*[m[K’)
[12.379s]    20 |         pub_message_ptr_ = [01;31m[Knew_last_known_pos[m[K;
[12.380s]       |                            [01;31m[K^~~~~~~~~~~~~~~~~~[m[K
[12.380s] In file included from [01m[K/usr/include/c++/11/memory:77[m[K,
[12.381s]                  from [01m[K/opt/ros/humble/include/rclcpp/rclcpp/rclcpp.hpp:153[m[K,
[12.382s]                  from [01m[K/home/k/Desktop/Zeb05/Zebulon05/ros_packages_full/src/RobotLeg/src/../include/RobotLeg/RobotLegRos.hpp:8[m[K,
[12.383s]                  from [01m[K/home/k/Desktop/Zeb05/Zebulon05/ros_packages_full/src/RobotLeg/src/RobotLegRos.cpp:5[m[K:
[12.384s] [01m[K/usr/include/c++/11/bits/shared_ptr.h:363:9:[m[K [01;36m[Knote: [m[Kcandidate: ‘[01m[Ktemplate<class _Yp> std::shared_ptr<_Tp>::_Assignable<const std::shared_ptr<_Yp>&> std::shared_ptr<_Tp>::operator=(const std::shared_ptr<_Yp>&) [with _Yp = _Yp; _Tp = rclcpp::Publisher<maestro_interfaces::msg::MaestroTarget_<std::allocator<void> > >][m[K’
[12.384s]   363 |         [01;36m[Koperator[m[K=(const shared_ptr<_Yp>& __r) noexcept
[12.385s]       |         [01;36m[K^~~~~~~~[m[K
[12.386s] [01m[K/usr/include/c++/11/bits/shared_ptr.h:363:9:[m[K [01;36m[Knote: [m[K  template argument deduction/substitution failed:
[12.386s] In file included from [01m[K/home/k/Desktop/Zeb05/Zebulon05/ros_packages_full/src/RobotLeg/src/RobotLegRos.cpp:5[m[K:
[12.387s] [01m[K/home/k/Desktop/Zeb05/Zebulon05/ros_packages_full/src/RobotLeg/src/../include/RobotLeg/RobotLegRos.hpp:20:28:[m[K [01;36m[Knote: [m[K  mismatched types ‘[01m[Kconst std::shared_ptr<_Tp>[m[K’ and ‘[01m[Kint*[m[K’
[12.389s]    20 |         pub_message_ptr_ = [01;36m[Knew_last_known_pos[m[K;
[12.390s]       |                            [01;36m[K^~~~~~~~~~~~~~~~~~[m[K
[12.390s] In file included from [01m[K/usr/include/c++/11/memory:77[m[K,
[12.391s]                  from [01m[K/opt/ros/humble/include/rclcpp/rclcpp/rclcpp.hpp:153[m[K,
[12.392s]                  from [01m[K/home/k/Desktop/Zeb05/Zebulon05/ros_packages_full/src/RobotLeg/src/../include/RobotLeg/RobotLegRos.hpp:8[m[K,
[12.393s]                  from [01m[K/home/k/Desktop/Zeb05/Zebulon05/ros_packages_full/src/RobotLeg/src/RobotLegRos.cpp:5[m[K:
[12.393s] [01m[K/usr/include/c++/11/bits/shared_ptr.h:374:9:[m[K [01;36m[Knote: [m[Kcandidate: ‘[01m[Ktemplate<class _Yp> std::shared_ptr<_Tp>::_Assignable<std::auto_ptr<_Up> > std::shared_ptr<_Tp>::operator=(std::auto_ptr<_Up>&&) [with _Yp = _Yp; _Tp = rclcpp::Publisher<maestro_interfaces::msg::MaestroTarget_<std::allocator<void> > >][m[K’
[12.394s]   374 |         [01;36m[Koperator[m[K=(auto_ptr<_Yp>&& __r)
[12.394s]       |         [01;36m[K^~~~~~~~[m[K
[12.395s] [01m[K/usr/include/c++/11/bits/shared_ptr.h:374:9:[m[K [01;36m[Knote: [m[K  template argument deduction/substitution failed:
[12.396s] In file included from [01m[K/home/k/Desktop/Zeb05/Zebulon05/ros_packages_full/src/RobotLeg/src/RobotLegRos.cpp:5[m[K:
[12.397s] [01m[K/home/k/Desktop/Zeb05/Zebulon05/ros_packages_full/src/RobotLeg/src/../include/RobotLeg/RobotLegRos.hpp:20:28:[m[K [01;36m[Knote: [m[K  mismatched types ‘[01m[Kstd::auto_ptr<_Up>[m[K’ and ‘[01m[Kint*[m[K’
[12.397s]    20 |         pub_message_ptr_ = [01;36m[Knew_last_known_pos[m[K;
[12.398s]       |                            [01;36m[K^~~~~~~~~~~~~~~~~~[m[K
[12.398s] In file included from [01m[K/usr/include/c++/11/memory:77[m[K,
[12.399s]                  from [01m[K/opt/ros/humble/include/rclcpp/rclcpp/rclcpp.hpp:153[m[K,
[12.400s]                  from [01m[K/home/k/Desktop/Zeb05/Zebulon05/ros_packages_full/src/RobotLeg/src/../include/RobotLeg/RobotLegRos.hpp:8[m[K,
[12.400s]                  from [01m[K/home/k/Desktop/Zeb05/Zebulon05/ros_packages_full/src/RobotLeg/src/RobotLegRos.cpp:5[m[K:
[12.401s] [01m[K/usr/include/c++/11/bits/shared_ptr.h:391:9:[m[K [01;36m[Knote: [m[Kcandidate: ‘[01m[Ktemplate<class _Yp> std::shared_ptr<_Tp>::_Assignable<std::shared_ptr<_Yp> > std::shared_ptr<_Tp>::operator=(std::shared_ptr<_Yp>&&) [with _Yp = _Yp; _Tp = rclcpp::Publisher<maestro_interfaces::msg::MaestroTarget_<std::allocator<void> > >][m[K’
[12.402s]   391 |         [01;36m[Koperator[m[K=(shared_ptr<_Yp>&& __r) noexcept
[12.402s]       |         [01;36m[K^~~~~~~~[m[K
[12.403s] [01m[K/usr/include/c++/11/bits/shared_ptr.h:391:9:[m[K [01;36m[Knote: [m[K  template argument deduction/substitution failed:
[12.404s] In file included from [01m[K/home/k/Desktop/Zeb05/Zebulon05/ros_packages_full/src/RobotLeg/src/RobotLegRos.cpp:5[m[K:
[12.404s] [01m[K/home/k/Desktop/Zeb05/Zebulon05/ros_packages_full/src/RobotLeg/src/../include/RobotLeg/RobotLegRos.hpp:20:28:[m[K [01;36m[Knote: [m[K  mismatched types ‘[01m[Kstd::shared_ptr<_Tp>[m[K’ and ‘[01m[Kint*[m[K’
[12.405s]    20 |         pub_message_ptr_ = [01;36m[Knew_last_known_pos[m[K;
[12.405s]       |                            [01;36m[K^~~~~~~~~~~~~~~~~~[m[K
[12.406s] In file included from [01m[K/usr/include/c++/11/memory:77[m[K,
[12.407s]                  from [01m[K/opt/ros/humble/include/rclcpp/rclcpp/rclcpp.hpp:153[m[K,
[12.407s]                  from [01m[K/home/k/Desktop/Zeb05/Zebulon05/ros_packages_full/src/RobotLeg/src/../include/RobotLeg/RobotLegRos.hpp:8[m[K,
[12.408s]                  from [01m[K/home/k/Desktop/Zeb05/Zebulon05/ros_packages_full/src/RobotLeg/src/RobotLegRos.cpp:5[m[K:
[12.409s] [01m[K/usr/include/c++/11/bits/shared_ptr.h:399:9:[m[K [01;36m[Knote: [m[Kcandidate: ‘[01m[Ktemplate<class _Yp, class _Del> std::shared_ptr<_Tp>::_Assignable<std::unique_ptr<_Up, _Ep> > std::shared_ptr<_Tp>::operator=(std::unique_ptr<_Up, _Ep>&&) [with _Yp = _Yp; _Del = _Del; _Tp = rclcpp::Publisher<maestro_interfaces::msg::MaestroTarget_<std::allocator<void> > >][m[K’
[12.410s]   399 |         [01;36m[Koperator[m[K=(unique_ptr<_Yp, _Del>&& __r)
[12.410s]       |         [01;36m[K^~~~~~~~[m[K
[12.411s] [01m[K/usr/include/c++/11/bits/shared_ptr.h:399:9:[m[K [01;36m[Knote: [m[K  template argument deduction/substitution failed:
[12.412s] In file included from [01m[K/home/k/Desktop/Zeb05/Zebulon05/ros_packages_full/src/RobotLeg/src/RobotLegRos.cpp:5[m[K:
[12.412s] [01m[K/home/k/Desktop/Zeb05/Zebulon05/ros_packages_full/src/RobotLeg/src/../include/RobotLeg/RobotLegRos.hpp:20:28:[m[K [01;36m[Knote: [m[K  mismatched types ‘[01m[Kstd::unique_ptr<_Tp, _Dp>[m[K’ and ‘[01m[Kint*[m[K’
[12.413s]    20 |         pub_message_ptr_ = [01;36m[Knew_last_known_pos[m[K;
[12.414s]       |                            [01;36m[K^~~~~~~~~~~~~~~~~~[m[K
[12.417s] In file included from [01m[K/usr/include/c++/11/memory:77[m[K,
[12.419s]                  from [01m[K/opt/ros/humble/include/rclcpp/rclcpp/rclcpp.hpp:153[m[K,
[12.420s]                  from [01m[K/home/k/Desktop/Zeb05/Zebulon05/ros_packages_full/src/RobotLeg/src/../include/RobotLeg/RobotLegRos.hpp:8[m[K,
[12.420s]                  from [01m[K/home/k/Desktop/Zeb05/Zebulon05/ros_packages_full/src/RobotLeg/src/RobotLegRos.cpp:5[m[K:
[12.421s] [01m[K/usr/include/c++/11/bits/shared_ptr.h:359:19:[m[K [01;36m[Knote: [m[Kcandidate: ‘[01m[Kstd::shared_ptr<_Tp>& std::shared_ptr<_Tp>::operator=(const std::shared_ptr<_Tp>&) [with _Tp = rclcpp::Publisher<maestro_interfaces::msg::MaestroTarget_<std::allocator<void> > >][m[K’
[12.422s]   359 |       shared_ptr& [01;36m[Koperator[m[K=(const shared_ptr&) noexcept = default;
[12.423s]       |                   [01;36m[K^~~~~~~~[m[K
[12.424s] [01m[K/usr/include/c++/11/bits/shared_ptr.h:359:29:[m[K [01;36m[Knote: [m[K  no known conversion for argument 1 from ‘[01m[Kint*[m[K’ to ‘[01m[Kconst std::shared_ptr<rclcpp::Publisher<maestro_interfaces::msg::MaestroTarget_<std::allocator<void> > > >&[m[K’
[12.424s]   359 |       shared_ptr& operator=([01;36m[Kconst shared_ptr&[m[K) noexcept = default;
[12.425s]       |                             [01;36m[K^~~~~~~~~~~~~~~~~[m[K
[12.425s] [01m[K/usr/include/c++/11/bits/shared_ptr.h:383:7:[m[K [01;36m[Knote: [m[Kcandidate: ‘[01m[Kstd::shared_ptr<_Tp>& std::shared_ptr<_Tp>::operator=(std::shared_ptr<_Tp>&&) [with _Tp = rclcpp::Publisher<maestro_interfaces::msg::MaestroTarget_<std::allocator<void> > >][m[K’
[12.426s]   383 |       [01;36m[Koperator[m[K=(shared_ptr&& __r) noexcept
[12.426s]       |       [01;36m[K^~~~~~~~[m[K
[12.427s] [01m[K/usr/include/c++/11/bits/shared_ptr.h:383:30:[m[K [01;36m[Knote: [m[K  no known conversion for argument 1 from ‘[01m[Kint*[m[K’ to ‘[01m[Kstd::shared_ptr<rclcpp::Publisher<maestro_interfaces::msg::MaestroTarget_<std::allocator<void> > > >&&[m[K’
[12.428s]   383 |       operator=([01;36m[Kshared_ptr&& __r[m[K) noexcept
[12.429s]       |                 [01;36m[K~~~~~~~~~~~~~^~~[m[K
[12.429s] In file included from [01m[K/home/k/Desktop/Zeb05/Zebulon05/ros_packages_full/src/RobotLeg/src/../include/RobotLeg/RobotLegRosWrapper.hpp:19[m[K,
[12.430s]                  from [01m[K/home/k/Desktop/Zeb05/Zebulon05/ros_packages_full/src/RobotLeg/src/RobotLegRosWrapper.cpp:5[m[K:
[12.430s] [01m[K/home/k/Desktop/Zeb05/Zebulon05/ros_packages_full/src/RobotLeg/src/../include/RobotLeg/RobotLegRos.hpp:[m[K In constructor ‘[01m[KRobotLegRos::RobotLegRos(rclcpp::Publisher<maestro_interfaces::msg::MaestroTarget_<std::allocator<void> > >::SharedPtr)[m[K’:
[12.431s] [01m[K/home/k/Desktop/Zeb05/Zebulon05/ros_packages_full/src/RobotLeg/src/../include/RobotLeg/RobotLegRos.hpp:14:139:[m[K [01;31m[Kerror: [m[Kexpected ‘[01m[K{[m[K’ before ‘[01m[K:[m[K’ token
[12.432s]    14 |     RobotLegRos(rclcpp::Publisher<maestro_interfaces::msg::MaestroTarget>::SharedPtr pub_message_ptr) : pub_message_ptr_(pub_message_ptr) [01;31m[K:[m[K last_known_pos{0} {};
[12.432s]       |                                                                                                                                           [01;31m[K^[m[K
[12.433s] [01m[K/home/k/Desktop/Zeb05/Zebulon05/ros_packages_full/src/RobotLeg/src/../include/RobotLeg/RobotLegRos.hpp:[m[K In member function ‘[01m[Kvoid RobotLegRos::write_last_known_positions(int*)[m[K’:
[12.434s] [01m[K/home/k/Desktop/Zeb05/Zebulon05/ros_packages_full/src/RobotLeg/src/../include/RobotLeg/RobotLegRos.hpp:20:28:[m[K [01;31m[Kerror: [m[Kno match for ‘[01m[Koperator=[m[K’ (operand types are ‘[01m[Krclcpp::Publisher<maestro_interfaces::msg::MaestroTarget_<std::allocator<void> > >::SharedPtr[m[K’ {aka ‘[01m[Kstd::shared_ptr<rclcpp::Publisher<maestro_interfaces::msg::MaestroTarget_<std::allocator<void> > > >[m[K’} and ‘[01m[Kint*[m[K’)
[12.434s]    20 |         pub_message_ptr_ = [01;31m[Knew_last_known_pos[m[K;
[12.435s]       |                            [01;31m[K^~~~~~~~~~~~~~~~~~[m[K
[12.435s] In file included from [01m[K/usr/include/c++/11/memory:77[m[K,
[12.436s]                  from [01m[K/home/k/Desktop/Zeb05/Zebulon05/ros_packages_full/src/RobotLeg/src/../include/RobotLeg/RobotLegRosWrapper.hpp:12[m[K,
[12.437s]                  from [01m[K/home/k/Desktop/Zeb05/Zebulon05/ros_packages_full/src/RobotLeg/src/RobotLegRosWrapper.cpp:5[m[K:
[12.437s] [01m[K/usr/include/c++/11/bits/shared_ptr.h:363:9:[m[K [01;36m[Knote: [m[Kcandidate: ‘[01m[Ktemplate<class _Yp> std::shared_ptr<_Tp>::_Assignable<const std::shared_ptr<_Yp>&> std::shared_ptr<_Tp>::operator=(const std::shared_ptr<_Yp>&) [with _Yp = _Yp; _Tp = rclcpp::Publisher<maestro_interfaces::msg::MaestroTarget_<std::allocator<void> > >][m[K’
[12.438s]   363 |         [01;36m[Koperator[m[K=(const shared_ptr<_Yp>& __r) noexcept
[12.439s]       |         [01;36m[K^~~~~~~~[m[K
[12.439s] [01m[K/usr/include/c++/11/bits/shared_ptr.h:363:9:[m[K [01;36m[Knote: [m[K  template argument deduction/substitution failed:
[12.440s] In file included from [01m[K/home/k/Desktop/Zeb05/Zebulon05/ros_packages_full/src/RobotLeg/src/../include/RobotLeg/RobotLegRosWrapper.hpp:19[m[K,
[12.440s]                  from [01m[K/home/k/Desktop/Zeb05/Zebulon05/ros_packages_full/src/RobotLeg/src/RobotLegRosWrapper.cpp:5[m[K:
[12.441s] [01m[K/home/k/Desktop/Zeb05/Zebulon05/ros_packages_full/src/RobotLeg/src/../include/RobotLeg/RobotLegRos.hpp:20:28:[m[K [01;36m[Knote: [m[K  mismatched types ‘[01m[Kconst std::shared_ptr<_Tp>[m[K’ and ‘[01m[Kint*[m[K’
[12.442s]    20 |         pub_message_ptr_ = [01;36m[Knew_last_known_pos[m[K;
[12.442s]       |                            [01;36m[K^~~~~~~~~~~~~~~~~~[m[K
[12.443s] In file included from [01m[K/usr/include/c++/11/memory:77[m[K,
[12.444s]                  from [01m[K/home/k/Desktop/Zeb05/Zebulon05/ros_packages_full/src/RobotLeg/src/../include/RobotLeg/RobotLegRosWrapper.hpp:12[m[K,
[12.444s]                  from [01m[K/home/k/Desktop/Zeb05/Zebulon05/ros_packages_full/src/RobotLeg/src/RobotLegRosWrapper.cpp:5[m[K:
[12.445s] [01m[K/usr/include/c++/11/bits/shared_ptr.h:374:9:[m[K [01;36m[Knote: [m[Kcandidate: ‘[01m[Ktemplate<class _Yp> std::shared_ptr<_Tp>::_Assignable<std::auto_ptr<_Up> > std::shared_ptr<_Tp>::operator=(std::auto_ptr<_Up>&&) [with _Yp = _Yp; _Tp = rclcpp::Publisher<maestro_interfaces::msg::MaestroTarget_<std::allocator<void> > >][m[K’
[12.445s]   374 |         [01;36m[Koperator[m[K=(auto_ptr<_Yp>&& __r)
[12.446s]       |         [01;36m[K^~~~~~~~[m[K
[12.447s] [01m[K/usr/include/c++/11/bits/shared_ptr.h:374:9:[m[K [01;36m[Knote: [m[K  template argument deduction/substitution failed:
[12.447s] In file included from [01m[K/home/k/Desktop/Zeb05/Zebulon05/ros_packages_full/src/RobotLeg/src/../include/RobotLeg/RobotLegRosWrapper.hpp:19[m[K,
[12.448s]                  from [01m[K/home/k/Desktop/Zeb05/Zebulon05/ros_packages_full/src/RobotLeg/src/RobotLegRosWrapper.cpp:5[m[K:
[12.449s] [01m[K/home/k/Desktop/Zeb05/Zebulon05/ros_packages_full/src/RobotLeg/src/../include/RobotLeg/RobotLegRos.hpp:20:28:[m[K [01;36m[Knote: [m[K  mismatched types ‘[01m[Kstd::auto_ptr<_Up>[m[K’ and ‘[01m[Kint*[m[K’
[12.449s]    20 |         pub_message_ptr_ = [01;36m[Knew_last_known_pos[m[K;
[12.450s]       |                            [01;36m[K^~~~~~~~~~~~~~~~~~[m[K
[12.450s] In file included from [01m[K/usr/include/c++/11/memory:77[m[K,
[12.451s]                  from [01m[K/home/k/Desktop/Zeb05/Zebulon05/ros_packages_full/src/RobotLeg/src/../include/RobotLeg/RobotLegRosWrapper.hpp:12[m[K,
[12.452s]                  from [01m[K/home/k/Desktop/Zeb05/Zebulon05/ros_packages_full/src/RobotLeg/src/RobotLegRosWrapper.cpp:5[m[K:
[12.453s] [01m[K/usr/include/c++/11/bits/shared_ptr.h:391:9:[m[K [01;36m[Knote: [m[Kcandidate: ‘[01m[Ktemplate<class _Yp> std::shared_ptr<_Tp>::_Assignable<std::shared_ptr<_Yp> > std::shared_ptr<_Tp>::operator=(std::shared_ptr<_Yp>&&) [with _Yp = _Yp; _Tp = rclcpp::Publisher<maestro_interfaces::msg::MaestroTarget_<std::allocator<void> > >][m[K’
[12.453s]   391 |         [01;36m[Koperator[m[K=(shared_ptr<_Yp>&& __r) noexcept
[12.454s]       |         [01;36m[K^~~~~~~~[m[K
[12.454s] [01m[K/usr/include/c++/11/bits/shared_ptr.h:391:9:[m[K [01;36m[Knote: [m[K  template argument deduction/substitution failed:
[12.455s] In file included from [01m[K/home/k/Desktop/Zeb05/Zebulon05/ros_packages_full/src/RobotLeg/src/../include/RobotLeg/RobotLegRosWrapper.hpp:19[m[K,
[12.456s]                  from [01m[K/home/k/Desktop/Zeb05/Zebulon05/ros_packages_full/src/RobotLeg/src/RobotLegRosWrapper.cpp:5[m[K:
[12.457s] [01m[K/home/k/Desktop/Zeb05/Zebulon05/ros_packages_full/src/RobotLeg/src/../include/RobotLeg/RobotLegRos.hpp:20:28:[m[K [01;36m[Knote: [m[K  mismatched types ‘[01m[Kstd::shared_ptr<_Tp>[m[K’ and ‘[01m[Kint*[m[K’
[12.457s]    20 |         pub_message_ptr_ = [01;36m[Knew_last_known_pos[m[K;
[12.458s]       |                            [01;36m[K^~~~~~~~~~~~~~~~~~[m[K
[12.458s] In file included from [01m[K/usr/include/c++/11/memory:77[m[K,
[12.459s]                  from [01m[K/home/k/Desktop/Zeb05/Zebulon05/ros_packages_full/src/RobotLeg/src/../include/RobotLeg/RobotLegRosWrapper.hpp:12[m[K,
[12.460s]                  from [01m[K/home/k/Desktop/Zeb05/Zebulon05/ros_packages_full/src/RobotLeg/src/RobotLegRosWrapper.cpp:5[m[K:
[12.460s] [01m[K/usr/include/c++/11/bits/shared_ptr.h:399:9:[m[K [01;36m[Knote: [m[Kcandidate: ‘[01m[Ktemplate<class _Yp, class _Del> std::shared_ptr<_Tp>::_Assignable<std::unique_ptr<_Up, _Ep> > std::shared_ptr<_Tp>::operator=(std::unique_ptr<_Up, _Ep>&&) [with _Yp = _Yp; _Del = _Del; _Tp = rclcpp::Publisher<maestro_interfaces::msg::MaestroTarget_<std::allocator<void> > >][m[K’
[12.461s]   399 |         [01;36m[Koperator[m[K=(unique_ptr<_Yp, _Del>&& __r)
[12.461s]       |         [01;36m[K^~~~~~~~[m[K
[12.462s] [01m[K/usr/include/c++/11/bits/shared_ptr.h:399:9:[m[K [01;36m[Knote: [m[K  template argument deduction/substitution failed:
[12.463s] In file included from [01m[K/home/k/Desktop/Zeb05/Zebulon05/ros_packages_full/src/RobotLeg/src/../include/RobotLeg/RobotLegRosWrapper.hpp:19[m[K,
[12.463s]                  from [01m[K/home/k/Desktop/Zeb05/Zebulon05/ros_packages_full/src/RobotLeg/src/RobotLegRosWrapper.cpp:5[m[K:
[12.464s] [01m[K/home/k/Desktop/Zeb05/Zebulon05/ros_packages_full/src/RobotLeg/src/../include/RobotLeg/RobotLegRos.hpp:20:28:[m[K [01;36m[Knote: [m[K  mismatched types ‘[01m[Kstd::unique_ptr<_Tp, _Dp>[m[K’ and ‘[01m[Kint*[m[K’
[12.465s]    20 |         pub_message_ptr_ = [01;36m[Knew_last_known_pos[m[K;
[12.465s]       |                            [01;36m[K^~~~~~~~~~~~~~~~~~[m[K
[12.466s] In file included from [01m[K/usr/include/c++/11/memory:77[m[K,
[12.466s]                  from [01m[K/home/k/Desktop/Zeb05/Zebulon05/ros_packages_full/src/RobotLeg/src/../include/RobotLeg/RobotLegRosWrapper.hpp:12[m[K,
[12.467s]                  from [01m[K/home/k/Desktop/Zeb05/Zebulon05/ros_packages_full/src/RobotLeg/src/RobotLegRosWrapper.cpp:5[m[K:
[12.468s] [01m[K/usr/include/c++/11/bits/shared_ptr.h:359:19:[m[K [01;36m[Knote: [m[Kcandidate: ‘[01m[Kstd::shared_ptr<_Tp>& std::shared_ptr<_Tp>::operator=(const std::shared_ptr<_Tp>&) [with _Tp = rclcpp::Publisher<maestro_interfaces::msg::MaestroTarget_<std::allocator<void> > >][m[K’
[12.468s]   359 |       shared_ptr& [01;36m[Koperator[m[K=(const shared_ptr&) noexcept = default;
[12.469s]       |                   [01;36m[K^~~~~~~~[m[K
[12.470s] [01m[K/usr/include/c++/11/bits/shared_ptr.h:359:29:[m[K [01;36m[Knote: [m[K  no known conversion for argument 1 from ‘[01m[Kint*[m[K’ to ‘[01m[Kconst std::shared_ptr<rclcpp::Publisher<maestro_interfaces::msg::MaestroTarget_<std::allocator<void> > > >&[m[K’
[12.470s]   359 |       shared_ptr& operator=([01;36m[Kconst shared_ptr&[m[K) noexcept = default;
[12.471s]       |                             [01;36m[K^~~~~~~~~~~~~~~~~[m[K
[12.472s] [01m[K/usr/include/c++/11/bits/shared_ptr.h:383:7:[m[K [01;36m[Knote: [m[Kcandidate: ‘[01m[Kstd::shared_ptr<_Tp>& std::shared_ptr<_Tp>::operator=(std::shared_ptr<_Tp>&&) [with _Tp = rclcpp::Publisher<maestro_interfaces::msg::MaestroTarget_<std::allocator<void> > >][m[K’
[12.472s]   383 |       [01;36m[Koperator[m[K=(shared_ptr&& __r) noexcept
[12.473s]       |       [01;36m[K^~~~~~~~[m[K
[12.473s] [01m[K/usr/include/c++/11/bits/shared_ptr.h:383:30:[m[K [01;36m[Knote: [m[K  no known conversion for argument 1 from ‘[01m[Kint*[m[K’ to ‘[01m[Kstd::shared_ptr<rclcpp::Publisher<maestro_interfaces::msg::MaestroTarget_<std::allocator<void> > > >&&[m[K’
[12.474s]   383 |       operator=([01;36m[Kshared_ptr&& __r[m[K) noexcept
[12.475s]       |                 [01;36m[K~~~~~~~~~~~~~^~~[m[K
[12.513s] In file included from [01m[K/home/k/Desktop/Zeb05/Zebulon05/ros_packages_full/src/RobotLeg/src/RobotLegRosWrapper.cpp:5[m[K:
[12.514s] [01m[K/home/k/Desktop/Zeb05/Zebulon05/ros_packages_full/src/RobotLeg/src/../include/RobotLeg/RobotLegRosWrapper.hpp:[m[K In constructor ‘[01m[KRobotLegRosWrapper::RobotLegRosWrapper()[m[K’:
[12.515s] [01m[K/home/k/Desktop/Zeb05/Zebulon05/ros_packages_full/src/RobotLeg/src/../include/RobotLeg/RobotLegRosWrapper.hpp:33:9:[m[K [01;31m[Kerror: [m[K‘[01m[Ksubscription_[m[K’ was not declared in this scope; did you mean ‘[01m[Krmw_subscription_t[m[K’?
[12.516s]    33 |         [01;31m[Ksubscription_[m[K = this->create_subscription<maestro_interfaces::msg::CurrentPositions>("current_positions", 10, std::bind(&RobotLegRosWrapper::cur_pos_callback, this, _1));
[12.517s]       |         [01;31m[K^~~~~~~~~~~~~[m[K
[12.517s]       |         [32m[Krmw_subscription_t[m[K
[12.519s] In file included from [01m[K/home/k/Desktop/Zeb05/Zebulon05/ros_packages_full/src/RobotLeg/src/RobotLegRosWrapper.cpp:5[m[K:
[12.520s] [01m[K/home/k/Desktop/Zeb05/Zebulon05/ros_packages_full/src/RobotLeg/src/../include/RobotLeg/RobotLegRosWrapper.hpp:33:174:[m[K [01;31m[Kerror: [m[K‘[01m[K_1[m[K’ was not declared in this scope; did you mean ‘[01m[Kstd::placeholders::_1[m[K’?
[12.521s]    33 |         subscription_ = this->create_subscription<maestro_interfaces::msg::CurrentPositions>("current_positions", 10, std::bind(&RobotLegRosWrapper::cur_pos_callback, this, [01;31m[K_1[m[K));
[12.521s]       |                                                                                                                                                                              [01;31m[K^~[m[K
[12.522s]       |                                                                                                                                                                              [32m[Kstd::placeholders::_1[m[K
[12.523s] In file included from [01m[K/home/k/Desktop/Zeb05/Zebulon05/ros_packages_full/src/RobotLeg/src/../include/RobotLeg/RobotLegRosWrapper.hpp:11[m[K,
[12.523s]                  from [01m[K/home/k/Desktop/Zeb05/Zebulon05/ros_packages_full/src/RobotLeg/src/RobotLegRosWrapper.cpp:5[m[K:
[12.524s] [01m[K/usr/include/c++/11/functional:225:34:[m[K [01;36m[Knote: [m[K‘[01m[Kstd::placeholders::_1[m[K’ declared here
[12.525s]   225 |     extern const _Placeholder<1> [01;36m[K_1[m[K;
[12.525s]       |                                  [01;36m[K^~[m[K
[12.526s] [01m[K/home/k/Desktop/Zeb05/Zebulon05/ros_packages_full/src/RobotLeg/src/RobotLegRosWrapper.cpp:[m[K In member function ‘[01m[Kvoid RobotLegRosWrapper::cur_pos_callback(const CurrentPositions&)[m[K’:
[12.527s] [01m[K/home/k/Desktop/Zeb05/Zebulon05/ros_packages_full/src/RobotLeg/src/RobotLegRosWrapper.cpp:17:45:[m[K [01;31m[Kerror: [m[Kcannot convert ‘[01m[Kconst _current_ang_type[m[K’ {aka ‘[01m[Kconst std::array<short unsigned int, 24>[m[K’} to ‘[01m[Kint*[m[K’
[12.527s]    17 |     robo_leg.write_last_known_positions([01;31m[Kmsg.current_ang[m[K)
[12.528s]       |                                         [01;31m[K~~~~^~~~~~~~~~~[m[K
[12.528s]       |                                             [01;31m[K|[m[K
[12.529s]       |                                             [01;31m[Kconst _current_ang_type {aka const std::array<short unsigned int, 24>}[m[K
[12.530s] In file included from [01m[K/home/k/Desktop/Zeb05/Zebulon05/ros_packages_full/src/RobotLeg/src/../include/RobotLeg/RobotLegRosWrapper.hpp:19[m[K,
[12.530s]                  from [01m[K/home/k/Desktop/Zeb05/Zebulon05/ros_packages_full/src/RobotLeg/src/RobotLegRosWrapper.cpp:5[m[K:
[12.531s] [01m[K/home/k/Desktop/Zeb05/Zebulon05/ros_packages_full/src/RobotLeg/src/../include/RobotLeg/RobotLegRos.hpp:19:41:[m[K [01;36m[Knote: [m[K  initializing argument 1 of ‘[01m[Kvoid RobotLegRos::write_last_known_positions(int*)[m[K’
[12.532s]    19 |     void write_last_known_positions([01;36m[Kint new_last_known_pos[][m[K){
[12.532s]       |                                     [01;36m[K~~~~^~~~~~~~~~~~~~~~~~~~[m[K
[14.641s] gmake[2]: *** [CMakeFiles/robot_leg_wrapper.dir/build.make:76: CMakeFiles/robot_leg_wrapper.dir/src/RobotLegRos.cpp.o] Error 1
[14.641s] gmake[2]: *** Waiting for unfinished jobs....
[15.675s] gmake[2]: *** [CMakeFiles/robot_leg_wrapper.dir/build.make:90: CMakeFiles/robot_leg_wrapper.dir/src/RobotLegRosWrapper.cpp.o] Error 1
[15.676s] gmake[1]: *** [CMakeFiles/Makefile2:137: CMakeFiles/robot_leg_wrapper.dir/all] Error 2
[15.677s] gmake: *** [Makefile:146: all] Error 2
[15.685s] Invoked command in '/home/k/Desktop/Zeb05/Zebulon05/ros_packages_full/build/RobotLeg' returned '2': CMAKE_PREFIX_PATH=${CMAKE_PREFIX_PATH}:/home/k/Desktop/Zeb05/Zebulon05/ros_packages_full/install/polulu_maestro:/opt/ros/humble /usr/bin/cmake --build /home/k/Desktop/Zeb05/Zebulon05/ros_packages_full/build/RobotLeg -- -j4 -l4
