[0.074s] Invoking command in '/home/k/Desktop/Zeb05/Zebulon05/ros_packages_full/build/RobotLeg': CMAKE_PREFIX_PATH=/opt/ros/humble /usr/bin/cmake /home/k/Desktop/Zeb05/Zebulon05/ros_packages_full/src/RobotLeg -DCMAKE_INSTALL_PREFIX=/home/k/Desktop/Zeb05/Zebulon05/ros_packages_full/install/RobotLeg
[0.122s] -- Found ament_cmake: 1.3.2 (/opt/ros/humble/share/ament_cmake/cmake)
[1.106s] -- Found rclcpp: 16.0.1 (/opt/ros/humble/share/rclcpp/cmake)
[1.345s] -- Found rosidl_generator_c: 3.1.3 (/opt/ros/humble/share/rosidl_generator_c/cmake)
[1.359s] -- Found rosidl_adapter: 3.1.3 (/opt/ros/humble/share/rosidl_adapter/cmake)
[1.392s] -- Found rosidl_generator_cpp: 3.1.3 (/opt/ros/humble/share/rosidl_generator_cpp/cmake)
[1.449s] -- Using all available rosidl_typesupport_c: rosidl_typesupport_fastrtps_c;rosidl_typesupport_introspection_c
[1.530s] -- Using all available rosidl_typesupport_cpp: rosidl_typesupport_fastrtps_cpp;rosidl_typesupport_introspection_cpp
[1.830s] -- Found rmw_implementation_cmake: 6.1.0 (/opt/ros/humble/share/rmw_implementation_cmake/cmake)
[1.838s] -- Found rmw_fastrtps_cpp: 6.2.1 (/opt/ros/humble/share/rmw_fastrtps_cpp/cmake)
[3.024s] -- Using RMW implementation 'rmw_fastrtps_cpp' as default
[3.947s] [31mCMake Error at CMakeLists.txt:12 (find_package):
[3.948s]   By not providing "Findmaestro_interfaces.cmake" in CMAKE_MODULE_PATH this
[3.948s]   project has asked CMake to find a package configuration file provided by
[3.948s]   "maestro_interfaces", but CMake did not find one.
[3.949s] 
[3.949s]   Could not find a package configuration file provided by
[3.950s]   "maestro_interfaces" with any of the following names:
[3.950s] 
[3.951s]     maestro_interfacesConfig.cmake
[3.951s]     maestro_interfaces-config.cmake
[3.952s] 
[3.953s]   Add the installation prefix of "maestro_interfaces" to CMAKE_PREFIX_PATH or
[3.953s]   set "maestro_interfaces_DIR" to a directory containing one of the above
[3.954s]   files.  If "maestro_interfaces" provides a separate development package or
[3.956s]   SDK, be sure it has been installed.
[3.958s] 
[3.959s] [0m
[3.960s] -- Configuring incomplete, errors occurred!
[3.960s] See also "/home/k/Desktop/Zeb05/Zebulon05/ros_packages_full/build/RobotLeg/CMakeFiles/CMakeOutput.log".
[5.117s] Invoked command in '/home/k/Desktop/Zeb05/Zebulon05/ros_packages_full/build/RobotLeg' returned '1': CMAKE_PREFIX_PATH=/opt/ros/humble /usr/bin/cmake /home/k/Desktop/Zeb05/Zebulon05/ros_packages_full/src/RobotLeg -DCMAKE_INSTALL_PREFIX=/home/k/Desktop/Zeb05/Zebulon05/ros_packages_full/install/RobotLeg
