[0.068s] Invoking command in '/home/k/Desktop/Zeb05/Zebulon05/ros_packages_full/build/walking_robot_interfaces': CMAKE_PREFIX_PATH=${CMAKE_PREFIX_PATH}:/home/k/Desktop/Zeb05/Zebulon05/ros_packages_full/install/polulu_maestro:/opt/ros/humble /usr/bin/cmake /home/k/Desktop/Zeb05/Zebulon05/ros_packages_full/src/walking_robot_interfaces -DCMAKE_INSTALL_PREFIX=/home/k/Desktop/Zeb05/Zebulon05/ros_packages_full/install/walking_robot_interfaces
[0.375s] -- The C compiler identification is GNU 11.2.0
[0.660s] -- The CXX compiler identification is GNU 11.2.0
[0.695s] -- Detecting C compiler ABI info
[1.067s] -- Detecting C compiler ABI info - done
[1.098s] -- Check for working C compiler: /usr/bin/cc - skipped
[1.099s] -- Detecting C compile features
[1.100s] -- Detecting C compile features - done
[1.114s] -- Detecting CXX compiler ABI info
[1.525s] -- Detecting CXX compiler ABI info - done
[1.554s] -- Check for working CXX compiler: /usr/bin/c++ - skipped
[1.555s] -- Detecting CXX compile features
[1.557s] -- Detecting CXX compile features - done
[1.589s] -- Found ament_cmake: 1.3.2 (/opt/ros/humble/share/ament_cmake/cmake)
[2.566s] -- Found Python3: /usr/bin/python3.10 (found version "3.10.6") found components: Interpreter 
[3.265s] -- Found rosidl_default_generators: 1.2.0 (/opt/ros/humble/share/rosidl_default_generators/cmake)
[3.300s] -- Using all available rosidl_typesupport_c: rosidl_typesupport_fastrtps_c;rosidl_typesupport_introspection_c
[3.387s] -- Found rosidl_adapter: 3.1.3 (/opt/ros/humble/share/rosidl_adapter/cmake)
[3.802s] -- Using all available rosidl_typesupport_cpp: rosidl_typesupport_fastrtps_cpp;rosidl_typesupport_introspection_cpp
[5.352s] -- Found ament_cmake_ros: 0.10.0 (/opt/ros/humble/share/ament_cmake_ros/cmake)
[6.403s] -- Using all available rosidl_typesupport_c: rosidl_typesupport_fastrtps_c;rosidl_typesupport_introspection_c
[7.665s] -- Using all available rosidl_typesupport_cpp: rosidl_typesupport_fastrtps_cpp;rosidl_typesupport_introspection_cpp
[7.790s] -- Found PythonInterp: /usr/bin/python3 (found suitable version "3.10.6", minimum required is "3.6") 
[7.820s] -- Found python_cmake_module: 0.10.0 (/opt/ros/humble/share/python_cmake_module/cmake)
[7.975s] -- Found PythonLibs: /usr/lib/aarch64-linux-gnu/libpython3.10.so (found suitable version "3.10.6", minimum required is "3.5") 
[7.976s] -- Using PYTHON_EXECUTABLE: /usr/bin/python3
[7.976s] -- Using PYTHON_INCLUDE_DIRS: /usr/include/python3.10
[7.977s] -- Using PYTHON_LIBRARIES: /usr/lib/aarch64-linux-gnu/libpython3.10.so
[8.093s] -- Found PythonExtra: .so  
[8.303s] -- Found ament_lint_auto: 0.12.4 (/opt/ros/humble/share/ament_lint_auto/cmake)
[8.593s] -- Added test 'lint_cmake' to check CMake code style
[8.609s] -- Added test 'xmllint' to check XML markup files
[8.634s] -- Configuring done
[8.847s] -- Generating done
[8.865s] -- Build files have been written to: /home/k/Desktop/Zeb05/Zebulon05/ros_packages_full/build/walking_robot_interfaces
[8.886s] Invoked command in '/home/k/Desktop/Zeb05/Zebulon05/ros_packages_full/build/walking_robot_interfaces' returned '0': CMAKE_PREFIX_PATH=${CMAKE_PREFIX_PATH}:/home/k/Desktop/Zeb05/Zebulon05/ros_packages_full/install/polulu_maestro:/opt/ros/humble /usr/bin/cmake /home/k/Desktop/Zeb05/Zebulon05/ros_packages_full/src/walking_robot_interfaces -DCMAKE_INSTALL_PREFIX=/home/k/Desktop/Zeb05/Zebulon05/ros_packages_full/install/walking_robot_interfaces
[8.896s] Invoking command in '/home/k/Desktop/Zeb05/Zebulon05/ros_packages_full/build/walking_robot_interfaces': CMAKE_PREFIX_PATH=${CMAKE_PREFIX_PATH}:/home/k/Desktop/Zeb05/Zebulon05/ros_packages_full/install/polulu_maestro:/opt/ros/humble /usr/bin/cmake --build /home/k/Desktop/Zeb05/Zebulon05/ros_packages_full/build/walking_robot_interfaces -- -j4 -l4
[9.093s] [  3%] [34m[1mGenerating C code for ROS interfaces[0m
[9.150s] [  6%] [34m[1mGenerating C++ code for ROS interfaces[0m
[9.196s] [  6%] Built target ament_cmake_python_copy_walking_robot_interfaces
[10.863s] running egg_info
[10.873s] creating walking_robot_interfaces.egg-info
[10.875s] writing walking_robot_interfaces.egg-info/PKG-INFO
[10.877s] writing dependency_links to walking_robot_interfaces.egg-info/dependency_links.txt
[10.882s] writing top-level names to walking_robot_interfaces.egg-info/top_level.txt
[10.885s] writing manifest file 'walking_robot_interfaces.egg-info/SOURCES.txt'
[10.903s] reading manifest file 'walking_robot_interfaces.egg-info/SOURCES.txt'
[10.907s] writing manifest file 'walking_robot_interfaces.egg-info/SOURCES.txt'
[10.957s] [  6%] Built target walking_robot_interfaces__cpp
[11.034s] [  9%] [34m[1mGenerating C++ introspection for ROS interfaces[0m
[11.040s] [ 12%] [34m[1mGenerating C++ type support for eProsima Fast-RTPS[0m
[11.076s] [ 16%] [32mBuilding C object CMakeFiles/walking_robot_interfaces__rosidl_generator_c.dir/rosidl_generator_c/walking_robot_interfaces/msg/detail/step__functions.c.o[0m
[11.087s] [ 16%] Built target ament_cmake_python_build_walking_robot_interfaces_egg
[11.155s] [ 19%] [34m[1mGenerating C++ type support dispatch for ROS interfaces[0m
[11.456s] [ 22%] [32m[1mLinking C shared library libwalking_robot_interfaces__rosidl_generator_c.so[0m
[11.694s] [ 22%] Built target walking_robot_interfaces__rosidl_generator_c
[11.752s] [ 25%] [34m[1mGenerating C type support for eProsima Fast-RTPS[0m
[12.579s] [ 29%] [32mBuilding CXX object CMakeFiles/walking_robot_interfaces__rosidl_typesupport_introspection_cpp.dir/rosidl_typesupport_introspection_cpp/walking_robot_interfaces/msg/detail/step__type_support.cpp.o[0m
[12.629s] [ 32%] [32mBuilding CXX object CMakeFiles/walking_robot_interfaces__rosidl_typesupport_cpp.dir/rosidl_typesupport_cpp/walking_robot_interfaces/msg/step__type_support.cpp.o[0m
[12.652s] [ 35%] [32mBuilding CXX object CMakeFiles/walking_robot_interfaces__rosidl_typesupport_fastrtps_cpp.dir/rosidl_typesupport_fastrtps_cpp/walking_robot_interfaces/msg/detail/dds_fastrtps/step__type_support.cpp.o[0m
[13.324s] [ 38%] [32mBuilding CXX object CMakeFiles/walking_robot_interfaces__rosidl_typesupport_fastrtps_c.dir/rosidl_typesupport_fastrtps_c/walking_robot_interfaces/msg/detail/step__type_support_c.cpp.o[0m
[14.471s] [ 41%] [32m[1mLinking CXX shared library libwalking_robot_interfaces__rosidl_typesupport_cpp.so[0m
[14.738s] [ 41%] Built target walking_robot_interfaces__rosidl_typesupport_cpp
[14.816s] [ 45%] [34m[1mGenerating C introspection for ROS interfaces[0m
[15.293s] [ 48%] [32m[1mLinking CXX shared library libwalking_robot_interfaces__rosidl_typesupport_introspection_cpp.so[0m
[15.341s] [ 51%] [32m[1mLinking CXX shared library libwalking_robot_interfaces__rosidl_typesupport_fastrtps_cpp.so[0m
[15.564s] [ 51%] Built target walking_robot_interfaces__rosidl_typesupport_introspection_cpp
[15.638s] [ 54%] [34m[1mGenerating C type support dispatch for ROS interfaces[0m
[15.771s] [ 58%] [32m[1mLinking CXX shared library libwalking_robot_interfaces__rosidl_typesupport_fastrtps_c.so[0m
[15.812s] [ 58%] Built target walking_robot_interfaces__rosidl_typesupport_fastrtps_cpp
[16.187s] [ 58%] Built target walking_robot_interfaces__rosidl_typesupport_fastrtps_c
[16.489s] [ 61%] [32mBuilding C object CMakeFiles/walking_robot_interfaces__rosidl_typesupport_introspection_c.dir/rosidl_typesupport_introspection_c/walking_robot_interfaces/msg/detail/step__type_support.c.o[0m
[16.686s] [ 64%] [32m[1mLinking C shared library libwalking_robot_interfaces__rosidl_typesupport_introspection_c.so[0m
[16.858s] [ 64%] Built target walking_robot_interfaces__rosidl_typesupport_introspection_c
[16.927s] [ 67%] [32mBuilding CXX object CMakeFiles/walking_robot_interfaces__rosidl_typesupport_c.dir/rosidl_typesupport_c/walking_robot_interfaces/msg/step__type_support.cpp.o[0m
[17.101s] [ 70%] [32m[1mLinking CXX shared library libwalking_robot_interfaces__rosidl_typesupport_c.so[0m
[17.294s] [ 70%] Built target walking_robot_interfaces__rosidl_typesupport_c
[17.396s] [ 70%] Built target walking_robot_interfaces
[17.504s] [ 74%] [34m[1mGenerating Python code for ROS interfaces[0m
[19.775s] [ 74%] Built target walking_robot_interfaces__py
[19.881s] [ 77%] [32mBuilding C object CMakeFiles/walking_robot_interfaces__rosidl_generator_py.dir/rosidl_generator_py/walking_robot_interfaces/msg/_step_s.c.o[0m
[20.534s] [ 80%] [32m[1mLinking C shared library rosidl_generator_py/walking_robot_interfaces/libwalking_robot_interfaces__rosidl_generator_py.so[0m
[20.756s] [ 80%] Built target walking_robot_interfaces__rosidl_generator_py
[20.867s] [ 83%] [32mBuilding C object CMakeFiles/walking_robot_interfaces__rosidl_typesupport_fastrtps_c__pyext.dir/rosidl_generator_py/walking_robot_interfaces/_walking_robot_interfaces_s.ep.rosidl_typesupport_fastrtps_c.c.o[0m
[20.869s] [ 87%] [32mBuilding C object CMakeFiles/walking_robot_interfaces__rosidl_typesupport_introspection_c__pyext.dir/rosidl_generator_py/walking_robot_interfaces/_walking_robot_interfaces_s.ep.rosidl_typesupport_introspection_c.c.o[0m
[20.873s] [ 90%] [32mBuilding C object CMakeFiles/walking_robot_interfaces__rosidl_typesupport_c__pyext.dir/rosidl_generator_py/walking_robot_interfaces/_walking_robot_interfaces_s.ep.rosidl_typesupport_c.c.o[0m
[21.394s] [ 93%] [32m[1mLinking C shared library rosidl_generator_py/walking_robot_interfaces/walking_robot_interfaces_s__rosidl_typesupport_c.cpython-310-aarch64-linux-gnu.so[0m
[21.414s] [ 96%] [32m[1mLinking C shared library rosidl_generator_py/walking_robot_interfaces/walking_robot_interfaces_s__rosidl_typesupport_introspection_c.cpython-310-aarch64-linux-gnu.so[0m
[21.460s] [100%] [32m[1mLinking C shared library rosidl_generator_py/walking_robot_interfaces/walking_robot_interfaces_s__rosidl_typesupport_fastrtps_c.cpython-310-aarch64-linux-gnu.so[0m
[21.593s] [100%] Built target walking_robot_interfaces__rosidl_typesupport_c__pyext
[21.618s] [100%] Built target walking_robot_interfaces__rosidl_typesupport_introspection_c__pyext
[21.662s] [100%] Built target walking_robot_interfaces__rosidl_typesupport_fastrtps_c__pyext
[21.712s] Invoked command in '/home/k/Desktop/Zeb05/Zebulon05/ros_packages_full/build/walking_robot_interfaces' returned '0': CMAKE_PREFIX_PATH=${CMAKE_PREFIX_PATH}:/home/k/Desktop/Zeb05/Zebulon05/ros_packages_full/install/polulu_maestro:/opt/ros/humble /usr/bin/cmake --build /home/k/Desktop/Zeb05/Zebulon05/ros_packages_full/build/walking_robot_interfaces -- -j4 -l4
[22.171s] Invoking command in '/home/k/Desktop/Zeb05/Zebulon05/ros_packages_full/build/walking_robot_interfaces': CMAKE_PREFIX_PATH=${CMAKE_PREFIX_PATH}:/home/k/Desktop/Zeb05/Zebulon05/ros_packages_full/install/polulu_maestro:/opt/ros/humble /usr/bin/cmake --install /home/k/Desktop/Zeb05/Zebulon05/ros_packages_full/build/walking_robot_interfaces
[22.208s] -- Install configuration: ""
[22.210s] -- Installing: /home/k/Desktop/Zeb05/Zebulon05/ros_packages_full/install/walking_robot_interfaces/share/ament_index/resource_index/rosidl_interfaces/walking_robot_interfaces
[22.211s] -- Installing: /home/k/Desktop/Zeb05/Zebulon05/ros_packages_full/install/walking_robot_interfaces/include/walking_robot_interfaces/walking_robot_interfaces
[22.212s] -- Installing: /home/k/Desktop/Zeb05/Zebulon05/ros_packages_full/install/walking_robot_interfaces/include/walking_robot_interfaces/walking_robot_interfaces/msg
[22.213s] -- Installing: /home/k/Desktop/Zeb05/Zebulon05/ros_packages_full/install/walking_robot_interfaces/include/walking_robot_interfaces/walking_robot_interfaces/msg/step.h
[22.215s] -- Installing: /home/k/Desktop/Zeb05/Zebulon05/ros_packages_full/install/walking_robot_interfaces/include/walking_robot_interfaces/walking_robot_interfaces/msg/rosidl_generator_c__visibility_control.h
[22.216s] -- Installing: /home/k/Desktop/Zeb05/Zebulon05/ros_packages_full/install/walking_robot_interfaces/include/walking_robot_interfaces/walking_robot_interfaces/msg/detail
[22.217s] -- Installing: /home/k/Desktop/Zeb05/Zebulon05/ros_packages_full/install/walking_robot_interfaces/include/walking_robot_interfaces/walking_robot_interfaces/msg/detail/step__type_support.h
[22.219s] -- Installing: /home/k/Desktop/Zeb05/Zebulon05/ros_packages_full/install/walking_robot_interfaces/include/walking_robot_interfaces/walking_robot_interfaces/msg/detail/step__functions.h
[22.221s] -- Installing: /home/k/Desktop/Zeb05/Zebulon05/ros_packages_full/install/walking_robot_interfaces/include/walking_robot_interfaces/walking_robot_interfaces/msg/detail/step__struct.h
[22.222s] -- Installing: /home/k/Desktop/Zeb05/Zebulon05/ros_packages_full/install/walking_robot_interfaces/include/walking_robot_interfaces/walking_robot_interfaces/msg/detail/step__functions.c
[22.225s] -- Installing: /home/k/Desktop/Zeb05/Zebulon05/ros_packages_full/install/walking_robot_interfaces/share/walking_robot_interfaces/environment/library_path.sh
[22.226s] -- Installing: /home/k/Desktop/Zeb05/Zebulon05/ros_packages_full/install/walking_robot_interfaces/share/walking_robot_interfaces/environment/library_path.dsv
[22.228s] -- Installing: /home/k/Desktop/Zeb05/Zebulon05/ros_packages_full/install/walking_robot_interfaces/lib/libwalking_robot_interfaces__rosidl_generator_c.so
[22.231s] -- Set runtime path of "/home/k/Desktop/Zeb05/Zebulon05/ros_packages_full/install/walking_robot_interfaces/lib/libwalking_robot_interfaces__rosidl_generator_c.so" to ""
[22.232s] -- Up-to-date: /home/k/Desktop/Zeb05/Zebulon05/ros_packages_full/install/walking_robot_interfaces/include/walking_robot_interfaces/walking_robot_interfaces
[22.232s] -- Up-to-date: /home/k/Desktop/Zeb05/Zebulon05/ros_packages_full/install/walking_robot_interfaces/include/walking_robot_interfaces/walking_robot_interfaces/msg
[22.233s] -- Installing: /home/k/Desktop/Zeb05/Zebulon05/ros_packages_full/install/walking_robot_interfaces/include/walking_robot_interfaces/walking_robot_interfaces/msg/rosidl_typesupport_fastrtps_c__visibility_control.h
[22.235s] -- Up-to-date: /home/k/Desktop/Zeb05/Zebulon05/ros_packages_full/install/walking_robot_interfaces/include/walking_robot_interfaces/walking_robot_interfaces/msg/detail
[22.235s] -- Installing: /home/k/Desktop/Zeb05/Zebulon05/ros_packages_full/install/walking_robot_interfaces/include/walking_robot_interfaces/walking_robot_interfaces/msg/detail/step__rosidl_typesupport_fastrtps_c.h
[22.237s] -- Installing: /home/k/Desktop/Zeb05/Zebulon05/ros_packages_full/install/walking_robot_interfaces/lib/libwalking_robot_interfaces__rosidl_typesupport_fastrtps_c.so
[22.241s] -- Set runtime path of "/home/k/Desktop/Zeb05/Zebulon05/ros_packages_full/install/walking_robot_interfaces/lib/libwalking_robot_interfaces__rosidl_typesupport_fastrtps_c.so" to ""
[22.241s] -- Up-to-date: /home/k/Desktop/Zeb05/Zebulon05/ros_packages_full/install/walking_robot_interfaces/include/walking_robot_interfaces/walking_robot_interfaces
[22.241s] -- Up-to-date: /home/k/Desktop/Zeb05/Zebulon05/ros_packages_full/install/walking_robot_interfaces/include/walking_robot_interfaces/walking_robot_interfaces/msg
[22.242s] -- Installing: /home/k/Desktop/Zeb05/Zebulon05/ros_packages_full/install/walking_robot_interfaces/include/walking_robot_interfaces/walking_robot_interfaces/msg/rosidl_typesupport_introspection_c__visibility_control.h
[22.244s] -- Up-to-date: /home/k/Desktop/Zeb05/Zebulon05/ros_packages_full/install/walking_robot_interfaces/include/walking_robot_interfaces/walking_robot_interfaces/msg/detail
[22.245s] -- Installing: /home/k/Desktop/Zeb05/Zebulon05/ros_packages_full/install/walking_robot_interfaces/include/walking_robot_interfaces/walking_robot_interfaces/msg/detail/step__type_support.c
[22.246s] -- Installing: /home/k/Desktop/Zeb05/Zebulon05/ros_packages_full/install/walking_robot_interfaces/include/walking_robot_interfaces/walking_robot_interfaces/msg/detail/step__rosidl_typesupport_introspection_c.h
[22.249s] -- Installing: /home/k/Desktop/Zeb05/Zebulon05/ros_packages_full/install/walking_robot_interfaces/lib/libwalking_robot_interfaces__rosidl_typesupport_introspection_c.so
[22.252s] -- Set runtime path of "/home/k/Desktop/Zeb05/Zebulon05/ros_packages_full/install/walking_robot_interfaces/lib/libwalking_robot_interfaces__rosidl_typesupport_introspection_c.so" to ""
[22.252s] -- Installing: /home/k/Desktop/Zeb05/Zebulon05/ros_packages_full/install/walking_robot_interfaces/lib/libwalking_robot_interfaces__rosidl_typesupport_c.so
[22.255s] -- Set runtime path of "/home/k/Desktop/Zeb05/Zebulon05/ros_packages_full/install/walking_robot_interfaces/lib/libwalking_robot_interfaces__rosidl_typesupport_c.so" to ""
[22.256s] -- Up-to-date: /home/k/Desktop/Zeb05/Zebulon05/ros_packages_full/install/walking_robot_interfaces/include/walking_robot_interfaces/walking_robot_interfaces
[22.256s] -- Up-to-date: /home/k/Desktop/Zeb05/Zebulon05/ros_packages_full/install/walking_robot_interfaces/include/walking_robot_interfaces/walking_robot_interfaces/msg
[22.257s] -- Installing: /home/k/Desktop/Zeb05/Zebulon05/ros_packages_full/install/walking_robot_interfaces/include/walking_robot_interfaces/walking_robot_interfaces/msg/step.hpp
[22.258s] -- Up-to-date: /home/k/Desktop/Zeb05/Zebulon05/ros_packages_full/install/walking_robot_interfaces/include/walking_robot_interfaces/walking_robot_interfaces/msg/detail
[22.259s] -- Installing: /home/k/Desktop/Zeb05/Zebulon05/ros_packages_full/install/walking_robot_interfaces/include/walking_robot_interfaces/walking_robot_interfaces/msg/detail/step__struct.hpp
[22.261s] -- Installing: /home/k/Desktop/Zeb05/Zebulon05/ros_packages_full/install/walking_robot_interfaces/include/walking_robot_interfaces/walking_robot_interfaces/msg/detail/step__traits.hpp
[22.262s] -- Installing: /home/k/Desktop/Zeb05/Zebulon05/ros_packages_full/install/walking_robot_interfaces/include/walking_robot_interfaces/walking_robot_interfaces/msg/detail/step__builder.hpp
[22.264s] -- Up-to-date: /home/k/Desktop/Zeb05/Zebulon05/ros_packages_full/install/walking_robot_interfaces/include/walking_robot_interfaces/walking_robot_interfaces
[22.264s] -- Up-to-date: /home/k/Desktop/Zeb05/Zebulon05/ros_packages_full/install/walking_robot_interfaces/include/walking_robot_interfaces/walking_robot_interfaces/msg
[22.265s] -- Installing: /home/k/Desktop/Zeb05/Zebulon05/ros_packages_full/install/walking_robot_interfaces/include/walking_robot_interfaces/walking_robot_interfaces/msg/rosidl_typesupport_fastrtps_cpp__visibility_control.h
[22.267s] -- Up-to-date: /home/k/Desktop/Zeb05/Zebulon05/ros_packages_full/install/walking_robot_interfaces/include/walking_robot_interfaces/walking_robot_interfaces/msg/detail
[22.267s] -- Installing: /home/k/Desktop/Zeb05/Zebulon05/ros_packages_full/install/walking_robot_interfaces/include/walking_robot_interfaces/walking_robot_interfaces/msg/detail/step__rosidl_typesupport_fastrtps_cpp.hpp
[22.269s] -- Installing: /home/k/Desktop/Zeb05/Zebulon05/ros_packages_full/install/walking_robot_interfaces/include/walking_robot_interfaces/walking_robot_interfaces/msg/detail/dds_fastrtps
[22.271s] -- Installing: /home/k/Desktop/Zeb05/Zebulon05/ros_packages_full/install/walking_robot_interfaces/lib/libwalking_robot_interfaces__rosidl_typesupport_fastrtps_cpp.so
[22.274s] -- Set runtime path of "/home/k/Desktop/Zeb05/Zebulon05/ros_packages_full/install/walking_robot_interfaces/lib/libwalking_robot_interfaces__rosidl_typesupport_fastrtps_cpp.so" to ""
[22.274s] -- Up-to-date: /home/k/Desktop/Zeb05/Zebulon05/ros_packages_full/install/walking_robot_interfaces/include/walking_robot_interfaces/walking_robot_interfaces
[22.275s] -- Up-to-date: /home/k/Desktop/Zeb05/Zebulon05/ros_packages_full/install/walking_robot_interfaces/include/walking_robot_interfaces/walking_robot_interfaces/msg
[22.275s] -- Up-to-date: /home/k/Desktop/Zeb05/Zebulon05/ros_packages_full/install/walking_robot_interfaces/include/walking_robot_interfaces/walking_robot_interfaces/msg/detail
[22.276s] -- Installing: /home/k/Desktop/Zeb05/Zebulon05/ros_packages_full/install/walking_robot_interfaces/include/walking_robot_interfaces/walking_robot_interfaces/msg/detail/step__rosidl_typesupport_introspection_cpp.hpp
[22.278s] -- Installing: /home/k/Desktop/Zeb05/Zebulon05/ros_packages_full/install/walking_robot_interfaces/include/walking_robot_interfaces/walking_robot_interfaces/msg/detail/step__type_support.cpp
[22.280s] -- Installing: /home/k/Desktop/Zeb05/Zebulon05/ros_packages_full/install/walking_robot_interfaces/lib/libwalking_robot_interfaces__rosidl_typesupport_introspection_cpp.so
[22.283s] -- Set runtime path of "/home/k/Desktop/Zeb05/Zebulon05/ros_packages_full/install/walking_robot_interfaces/lib/libwalking_robot_interfaces__rosidl_typesupport_introspection_cpp.so" to ""
[22.283s] -- Installing: /home/k/Desktop/Zeb05/Zebulon05/ros_packages_full/install/walking_robot_interfaces/lib/libwalking_robot_interfaces__rosidl_typesupport_cpp.so
[22.286s] -- Set runtime path of "/home/k/Desktop/Zeb05/Zebulon05/ros_packages_full/install/walking_robot_interfaces/lib/libwalking_robot_interfaces__rosidl_typesupport_cpp.so" to ""
[22.287s] -- Installing: /home/k/Desktop/Zeb05/Zebulon05/ros_packages_full/install/walking_robot_interfaces/share/walking_robot_interfaces/environment/pythonpath.sh
[22.289s] -- Installing: /home/k/Desktop/Zeb05/Zebulon05/ros_packages_full/install/walking_robot_interfaces/share/walking_robot_interfaces/environment/pythonpath.dsv
[22.290s] -- Installing: /home/k/Desktop/Zeb05/Zebulon05/ros_packages_full/install/walking_robot_interfaces/local/lib/python3.10/dist-packages/walking_robot_interfaces-0.0.0-py3.10.egg-info
[22.292s] -- Installing: /home/k/Desktop/Zeb05/Zebulon05/ros_packages_full/install/walking_robot_interfaces/local/lib/python3.10/dist-packages/walking_robot_interfaces-0.0.0-py3.10.egg-info/PKG-INFO
[22.293s] -- Installing: /home/k/Desktop/Zeb05/Zebulon05/ros_packages_full/install/walking_robot_interfaces/local/lib/python3.10/dist-packages/walking_robot_interfaces-0.0.0-py3.10.egg-info/top_level.txt
[22.295s] -- Installing: /home/k/Desktop/Zeb05/Zebulon05/ros_packages_full/install/walking_robot_interfaces/local/lib/python3.10/dist-packages/walking_robot_interfaces-0.0.0-py3.10.egg-info/SOURCES.txt
[22.297s] -- Installing: /home/k/Desktop/Zeb05/Zebulon05/ros_packages_full/install/walking_robot_interfaces/local/lib/python3.10/dist-packages/walking_robot_interfaces-0.0.0-py3.10.egg-info/dependency_links.txt
[22.298s] -- Installing: /home/k/Desktop/Zeb05/Zebulon05/ros_packages_full/install/walking_robot_interfaces/local/lib/python3.10/dist-packages/walking_robot_interfaces
[22.300s] -- Installing: /home/k/Desktop/Zeb05/Zebulon05/ros_packages_full/install/walking_robot_interfaces/local/lib/python3.10/dist-packages/walking_robot_interfaces/walking_robot_interfaces_s__rosidl_typesupport_c.cpython-310-aarch64-linux-gnu.so
[22.302s] -- Installing: /home/k/Desktop/Zeb05/Zebulon05/ros_packages_full/install/walking_robot_interfaces/local/lib/python3.10/dist-packages/walking_robot_interfaces/libwalking_robot_interfaces__rosidl_generator_py.so
[22.303s] -- Installing: /home/k/Desktop/Zeb05/Zebulon05/ros_packages_full/install/walking_robot_interfaces/local/lib/python3.10/dist-packages/walking_robot_interfaces/msg
[22.304s] -- Installing: /home/k/Desktop/Zeb05/Zebulon05/ros_packages_full/install/walking_robot_interfaces/local/lib/python3.10/dist-packages/walking_robot_interfaces/msg/_step_s.c
[22.306s] -- Installing: /home/k/Desktop/Zeb05/Zebulon05/ros_packages_full/install/walking_robot_interfaces/local/lib/python3.10/dist-packages/walking_robot_interfaces/msg/__init__.py
[22.308s] -- Installing: /home/k/Desktop/Zeb05/Zebulon05/ros_packages_full/install/walking_robot_interfaces/local/lib/python3.10/dist-packages/walking_robot_interfaces/msg/_step.py
[22.309s] -- Installing: /home/k/Desktop/Zeb05/Zebulon05/ros_packages_full/install/walking_robot_interfaces/local/lib/python3.10/dist-packages/walking_robot_interfaces/_walking_robot_interfaces_s.ep.rosidl_typesupport_introspection_c.c
[22.311s] -- Installing: /home/k/Desktop/Zeb05/Zebulon05/ros_packages_full/install/walking_robot_interfaces/local/lib/python3.10/dist-packages/walking_robot_interfaces/__init__.py
[22.313s] -- Installing: /home/k/Desktop/Zeb05/Zebulon05/ros_packages_full/install/walking_robot_interfaces/local/lib/python3.10/dist-packages/walking_robot_interfaces/walking_robot_interfaces_s__rosidl_typesupport_introspection_c.cpython-310-aarch64-linux-gnu.so
[22.315s] -- Installing: /home/k/Desktop/Zeb05/Zebulon05/ros_packages_full/install/walking_robot_interfaces/local/lib/python3.10/dist-packages/walking_robot_interfaces/walking_robot_interfaces_s__rosidl_typesupport_fastrtps_c.cpython-310-aarch64-linux-gnu.so
[22.317s] -- Installing: /home/k/Desktop/Zeb05/Zebulon05/ros_packages_full/install/walking_robot_interfaces/local/lib/python3.10/dist-packages/walking_robot_interfaces/_walking_robot_interfaces_s.ep.rosidl_typesupport_fastrtps_c.c
[22.318s] -- Installing: /home/k/Desktop/Zeb05/Zebulon05/ros_packages_full/install/walking_robot_interfaces/local/lib/python3.10/dist-packages/walking_robot_interfaces/_walking_robot_interfaces_s.ep.rosidl_typesupport_c.c
[22.500s] Listing '/home/k/Desktop/Zeb05/Zebulon05/ros_packages_full/install/walking_robot_interfaces/local/lib/python3.10/dist-packages/walking_robot_interfaces'...
[22.501s] Compiling '/home/k/Desktop/Zeb05/Zebulon05/ros_packages_full/install/walking_robot_interfaces/local/lib/python3.10/dist-packages/walking_robot_interfaces/__init__.py'...
[22.502s] Listing '/home/k/Desktop/Zeb05/Zebulon05/ros_packages_full/install/walking_robot_interfaces/local/lib/python3.10/dist-packages/walking_robot_interfaces/msg'...
[22.504s] Compiling '/home/k/Desktop/Zeb05/Zebulon05/ros_packages_full/install/walking_robot_interfaces/local/lib/python3.10/dist-packages/walking_robot_interfaces/msg/__init__.py'...
[22.505s] Compiling '/home/k/Desktop/Zeb05/Zebulon05/ros_packages_full/install/walking_robot_interfaces/local/lib/python3.10/dist-packages/walking_robot_interfaces/msg/_step.py'...
[22.526s] -- Installing: /home/k/Desktop/Zeb05/Zebulon05/ros_packages_full/install/walking_robot_interfaces/local/lib/python3.10/dist-packages/walking_robot_interfaces/walking_robot_interfaces_s__rosidl_typesupport_fastrtps_c.cpython-310-aarch64-linux-gnu.so
[22.530s] -- Set runtime path of "/home/k/Desktop/Zeb05/Zebulon05/ros_packages_full/install/walking_robot_interfaces/local/lib/python3.10/dist-packages/walking_robot_interfaces/walking_robot_interfaces_s__rosidl_typesupport_fastrtps_c.cpython-310-aarch64-linux-gnu.so" to ""
[22.532s] -- Installing: /home/k/Desktop/Zeb05/Zebulon05/ros_packages_full/install/walking_robot_interfaces/local/lib/python3.10/dist-packages/walking_robot_interfaces/walking_robot_interfaces_s__rosidl_typesupport_introspection_c.cpython-310-aarch64-linux-gnu.so
[22.535s] -- Set runtime path of "/home/k/Desktop/Zeb05/Zebulon05/ros_packages_full/install/walking_robot_interfaces/local/lib/python3.10/dist-packages/walking_robot_interfaces/walking_robot_interfaces_s__rosidl_typesupport_introspection_c.cpython-310-aarch64-linux-gnu.so" to ""
[22.537s] -- Installing: /home/k/Desktop/Zeb05/Zebulon05/ros_packages_full/install/walking_robot_interfaces/local/lib/python3.10/dist-packages/walking_robot_interfaces/walking_robot_interfaces_s__rosidl_typesupport_c.cpython-310-aarch64-linux-gnu.so
[22.541s] -- Set runtime path of "/home/k/Desktop/Zeb05/Zebulon05/ros_packages_full/install/walking_robot_interfaces/local/lib/python3.10/dist-packages/walking_robot_interfaces/walking_robot_interfaces_s__rosidl_typesupport_c.cpython-310-aarch64-linux-gnu.so" to ""
[22.541s] -- Installing: /home/k/Desktop/Zeb05/Zebulon05/ros_packages_full/install/walking_robot_interfaces/lib/libwalking_robot_interfaces__rosidl_generator_py.so
[22.545s] -- Set runtime path of "/home/k/Desktop/Zeb05/Zebulon05/ros_packages_full/install/walking_robot_interfaces/lib/libwalking_robot_interfaces__rosidl_generator_py.so" to ""
[22.545s] -- Installing: /home/k/Desktop/Zeb05/Zebulon05/ros_packages_full/install/walking_robot_interfaces/share/walking_robot_interfaces/msg/Step.idl
[22.547s] -- Installing: /home/k/Desktop/Zeb05/Zebulon05/ros_packages_full/install/walking_robot_interfaces/share/walking_robot_interfaces/msg/Step.msg
[22.549s] -- Installing: /home/k/Desktop/Zeb05/Zebulon05/ros_packages_full/install/walking_robot_interfaces/share/ament_index/resource_index/package_run_dependencies/walking_robot_interfaces
[22.551s] -- Installing: /home/k/Desktop/Zeb05/Zebulon05/ros_packages_full/install/walking_robot_interfaces/share/ament_index/resource_index/parent_prefix_path/walking_robot_interfaces
[22.553s] -- Installing: /home/k/Desktop/Zeb05/Zebulon05/ros_packages_full/install/walking_robot_interfaces/share/walking_robot_interfaces/environment/ament_prefix_path.sh
[22.555s] -- Installing: /home/k/Desktop/Zeb05/Zebulon05/ros_packages_full/install/walking_robot_interfaces/share/walking_robot_interfaces/environment/ament_prefix_path.dsv
[22.556s] -- Installing: /home/k/Desktop/Zeb05/Zebulon05/ros_packages_full/install/walking_robot_interfaces/share/walking_robot_interfaces/environment/path.sh
[22.558s] -- Installing: /home/k/Desktop/Zeb05/Zebulon05/ros_packages_full/install/walking_robot_interfaces/share/walking_robot_interfaces/environment/path.dsv
[22.560s] -- Installing: /home/k/Desktop/Zeb05/Zebulon05/ros_packages_full/install/walking_robot_interfaces/share/walking_robot_interfaces/local_setup.bash
[22.561s] -- Installing: /home/k/Desktop/Zeb05/Zebulon05/ros_packages_full/install/walking_robot_interfaces/share/walking_robot_interfaces/local_setup.sh
[22.563s] -- Installing: /home/k/Desktop/Zeb05/Zebulon05/ros_packages_full/install/walking_robot_interfaces/share/walking_robot_interfaces/local_setup.zsh
[22.564s] -- Installing: /home/k/Desktop/Zeb05/Zebulon05/ros_packages_full/install/walking_robot_interfaces/share/walking_robot_interfaces/local_setup.dsv
[22.566s] -- Installing: /home/k/Desktop/Zeb05/Zebulon05/ros_packages_full/install/walking_robot_interfaces/share/walking_robot_interfaces/package.dsv
[22.568s] -- Installing: /home/k/Desktop/Zeb05/Zebulon05/ros_packages_full/install/walking_robot_interfaces/share/ament_index/resource_index/packages/walking_robot_interfaces
[22.570s] -- Installing: /home/k/Desktop/Zeb05/Zebulon05/ros_packages_full/install/walking_robot_interfaces/share/walking_robot_interfaces/cmake/export_walking_robot_interfaces__rosidl_generator_cExport.cmake
[22.572s] -- Installing: /home/k/Desktop/Zeb05/Zebulon05/ros_packages_full/install/walking_robot_interfaces/share/walking_robot_interfaces/cmake/export_walking_robot_interfaces__rosidl_generator_cExport-noconfig.cmake
[22.574s] -- Installing: /home/k/Desktop/Zeb05/Zebulon05/ros_packages_full/install/walking_robot_interfaces/share/walking_robot_interfaces/cmake/export_walking_robot_interfaces__rosidl_typesupport_fastrtps_cExport.cmake
[22.577s] -- Installing: /home/k/Desktop/Zeb05/Zebulon05/ros_packages_full/install/walking_robot_interfaces/share/walking_robot_interfaces/cmake/export_walking_robot_interfaces__rosidl_typesupport_fastrtps_cExport-noconfig.cmake
[22.579s] -- Installing: /home/k/Desktop/Zeb05/Zebulon05/ros_packages_full/install/walking_robot_interfaces/share/walking_robot_interfaces/cmake/walking_robot_interfaces__rosidl_typesupport_introspection_cExport.cmake
[22.581s] -- Installing: /home/k/Desktop/Zeb05/Zebulon05/ros_packages_full/install/walking_robot_interfaces/share/walking_robot_interfaces/cmake/walking_robot_interfaces__rosidl_typesupport_introspection_cExport-noconfig.cmake
[22.583s] -- Installing: /home/k/Desktop/Zeb05/Zebulon05/ros_packages_full/install/walking_robot_interfaces/share/walking_robot_interfaces/cmake/walking_robot_interfaces__rosidl_typesupport_cExport.cmake
[22.585s] -- Installing: /home/k/Desktop/Zeb05/Zebulon05/ros_packages_full/install/walking_robot_interfaces/share/walking_robot_interfaces/cmake/walking_robot_interfaces__rosidl_typesupport_cExport-noconfig.cmake
[22.587s] -- Installing: /home/k/Desktop/Zeb05/Zebulon05/ros_packages_full/install/walking_robot_interfaces/share/walking_robot_interfaces/cmake/export_walking_robot_interfaces__rosidl_generator_cppExport.cmake
[22.589s] -- Installing: /home/k/Desktop/Zeb05/Zebulon05/ros_packages_full/install/walking_robot_interfaces/share/walking_robot_interfaces/cmake/export_walking_robot_interfaces__rosidl_typesupport_fastrtps_cppExport.cmake
[22.591s] -- Installing: /home/k/Desktop/Zeb05/Zebulon05/ros_packages_full/install/walking_robot_interfaces/share/walking_robot_interfaces/cmake/export_walking_robot_interfaces__rosidl_typesupport_fastrtps_cppExport-noconfig.cmake
[22.594s] -- Installing: /home/k/Desktop/Zeb05/Zebulon05/ros_packages_full/install/walking_robot_interfaces/share/walking_robot_interfaces/cmake/walking_robot_interfaces__rosidl_typesupport_introspection_cppExport.cmake
[22.596s] -- Installing: /home/k/Desktop/Zeb05/Zebulon05/ros_packages_full/install/walking_robot_interfaces/share/walking_robot_interfaces/cmake/walking_robot_interfaces__rosidl_typesupport_introspection_cppExport-noconfig.cmake
[22.598s] -- Installing: /home/k/Desktop/Zeb05/Zebulon05/ros_packages_full/install/walking_robot_interfaces/share/walking_robot_interfaces/cmake/walking_robot_interfaces__rosidl_typesupport_cppExport.cmake
[22.600s] -- Installing: /home/k/Desktop/Zeb05/Zebulon05/ros_packages_full/install/walking_robot_interfaces/share/walking_robot_interfaces/cmake/walking_robot_interfaces__rosidl_typesupport_cppExport-noconfig.cmake
[22.602s] -- Installing: /home/k/Desktop/Zeb05/Zebulon05/ros_packages_full/install/walking_robot_interfaces/share/walking_robot_interfaces/cmake/export_walking_robot_interfaces__rosidl_generator_pyExport.cmake
[22.604s] -- Installing: /home/k/Desktop/Zeb05/Zebulon05/ros_packages_full/install/walking_robot_interfaces/share/walking_robot_interfaces/cmake/export_walking_robot_interfaces__rosidl_generator_pyExport-noconfig.cmake
[22.606s] -- Installing: /home/k/Desktop/Zeb05/Zebulon05/ros_packages_full/install/walking_robot_interfaces/share/walking_robot_interfaces/cmake/rosidl_cmake-extras.cmake
[22.608s] -- Installing: /home/k/Desktop/Zeb05/Zebulon05/ros_packages_full/install/walking_robot_interfaces/share/walking_robot_interfaces/cmake/ament_cmake_export_include_directories-extras.cmake
[22.610s] -- Installing: /home/k/Desktop/Zeb05/Zebulon05/ros_packages_full/install/walking_robot_interfaces/share/walking_robot_interfaces/cmake/ament_cmake_export_libraries-extras.cmake
[22.611s] -- Installing: /home/k/Desktop/Zeb05/Zebulon05/ros_packages_full/install/walking_robot_interfaces/share/walking_robot_interfaces/cmake/ament_cmake_export_targets-extras.cmake
[22.613s] -- Installing: /home/k/Desktop/Zeb05/Zebulon05/ros_packages_full/install/walking_robot_interfaces/share/walking_robot_interfaces/cmake/rosidl_cmake_export_typesupport_targets-extras.cmake
[22.615s] -- Installing: /home/k/Desktop/Zeb05/Zebulon05/ros_packages_full/install/walking_robot_interfaces/share/walking_robot_interfaces/cmake/ament_cmake_export_dependencies-extras.cmake
[22.617s] -- Installing: /home/k/Desktop/Zeb05/Zebulon05/ros_packages_full/install/walking_robot_interfaces/share/walking_robot_interfaces/cmake/rosidl_cmake_export_typesupport_libraries-extras.cmake
[22.618s] -- Installing: /home/k/Desktop/Zeb05/Zebulon05/ros_packages_full/install/walking_robot_interfaces/share/walking_robot_interfaces/cmake/walking_robot_interfacesConfig.cmake
[22.620s] -- Installing: /home/k/Desktop/Zeb05/Zebulon05/ros_packages_full/install/walking_robot_interfaces/share/walking_robot_interfaces/cmake/walking_robot_interfacesConfig-version.cmake
[22.622s] -- Installing: /home/k/Desktop/Zeb05/Zebulon05/ros_packages_full/install/walking_robot_interfaces/share/walking_robot_interfaces/package.xml
[22.632s] Invoked command in '/home/k/Desktop/Zeb05/Zebulon05/ros_packages_full/build/walking_robot_interfaces' returned '0': CMAKE_PREFIX_PATH=${CMAKE_PREFIX_PATH}:/home/k/Desktop/Zeb05/Zebulon05/ros_packages_full/install/polulu_maestro:/opt/ros/humble /usr/bin/cmake --install /home/k/Desktop/Zeb05/Zebulon05/ros_packages_full/build/walking_robot_interfaces
