[0.073s] Invoking command in '/home/k/Desktop/Zeb05/Zebulon05/ros_packages_full/build/RobotLeg': CMAKE_PREFIX_PATH=${CMAKE_PREFIX_PATH}:/home/k/Desktop/Zeb05/Zebulon05/ros_packages_full/install/polulu_maestro:/opt/ros/humble /usr/bin/cmake --build /home/k/Desktop/Zeb05/Zebulon05/ros_packages_full/build/RobotLeg -- -j4 -l4
[0.293s] [35m[1mConsolidate compiler generated dependencies of target robot_leg_wrapper[0m
[0.414s] [ 33%] [32mBuilding CXX object CMakeFiles/robot_leg_wrapper.dir/src/RobotLegRos.cpp.o[0m
[11.008s] [01m[K/home/k/Desktop/Zeb05/Zebulon05/ros_packages_full/src/RobotLeg/src/RobotLegRos.cpp:[m[K In member function ‘[01m[Kvoid RobotLegRos::do_step(int, int)[m[K’:
[11.009s] [01m[K/home/k/Desktop/Zeb05/Zebulon05/ros_packages_full/src/RobotLeg/src/RobotLegRos.cpp:10:105:[m[K [01;35m[Kwarning: [m[Knarrowing conversion of ‘[01m[K(((2496 * 4) * step_length) * step_height)[m[K’ from ‘[01m[Kint[m[K’ to ‘[01m[Kunsigned int[m[K’ [[01;35m[K-Wnarrowing[m[K]
[11.009s]    10 |         this->get_servos_to_pos(std::array<unsigned int, 3>({2496 * 4, 2496 * 4, [01;35m[K2496 * 4 * step_length * step_height[m[K}));
[11.009s]       |                                                                                  [01;35m[K~~~~~~~~~~~~~~~~~~~~~~~^~~~~~~~~~~~~[m[K
[11.010s] [01m[K/home/k/Desktop/Zeb05/Zebulon05/ros_packages_full/src/RobotLeg/src/RobotLegRos.cpp:14:102:[m[K [01;35m[Kwarning: [m[Knarrowing conversion of ‘[01m[K(((496 * 4) * step_length) * step_height)[m[K’ from ‘[01m[Kint[m[K’ to ‘[01m[Kunsigned int[m[K’ [[01;35m[K-Wnarrowing[m[K]
[11.010s]    14 |         this->get_servos_to_pos(std::array<unsigned int, 3>({496 * 4, 496 * 4, [01;35m[K496 * 4 * step_length * step_height[m[K}));
[11.011s]       |                                                                                [01;35m[K~~~~~~~~~~~~~~~~~~~~~~^~~~~~~~~~~~~[m[K
[11.013s] [01m[K/home/k/Desktop/Zeb05/Zebulon05/ros_packages_full/src/RobotLeg/src/RobotLegRos.cpp:[m[K In member function ‘[01m[Kvoid RobotLegRos::get_servos_to_pos(std::array<unsigned int, 3>)[m[K’:
[11.014s] [01m[K/home/k/Desktop/Zeb05/Zebulon05/ros_packages_full/src/RobotLeg/src/RobotLegRos.cpp:32:27:[m[K [01;31m[Kerror: [m[Kinvalid initialization of reference of type ‘[01m[Kconst nanoseconds&[m[K’ {aka ‘[01m[Kconst std::chrono::duration<long int, std::ratio<1, 1000000000> >&[m[K’} from expression of type ‘[01m[Kint[m[K’
[11.014s]    32 |         rclcpp::sleep_for([01;31m[K10[m[K, pub_message_ptr_);
[11.015s]       |                           [01;31m[K^~[m[K
[11.015s] In file included from [01m[K/opt/ros/humble/include/rclcpp/rclcpp/logging.hpp:25[m[K,
[11.016s]                  from [01m[K/opt/ros/humble/include/rclcpp/rclcpp/client.hpp:40[m[K,
[11.016s]                  from [01m[K/opt/ros/humble/include/rclcpp/rclcpp/callback_group.hpp:23[m[K,
[11.017s]                  from [01m[K/opt/ros/humble/include/rclcpp/rclcpp/any_executable.hpp:20[m[K,
[11.017s]                  from [01m[K/opt/ros/humble/include/rclcpp/rclcpp/memory_strategy.hpp:25[m[K,
[11.018s]                  from [01m[K/opt/ros/humble/include/rclcpp/rclcpp/memory_strategies.hpp:18[m[K,
[11.018s]                  from [01m[K/opt/ros/humble/include/rclcpp/rclcpp/executor_options.hpp:20[m[K,
[11.019s]                  from [01m[K/opt/ros/humble/include/rclcpp/rclcpp/executor.hpp:37[m[K,
[11.019s]                  from [01m[K/opt/ros/humble/include/rclcpp/rclcpp/executors/multi_threaded_executor.hpp:25[m[K,
[11.019s]                  from [01m[K/opt/ros/humble/include/rclcpp/rclcpp/executors.hpp:21[m[K,
[11.020s]                  from [01m[K/opt/ros/humble/include/rclcpp/rclcpp/rclcpp.hpp:155[m[K,
[11.020s]                  from [01m[K/home/k/Desktop/Zeb05/Zebulon05/ros_packages_full/src/RobotLeg/src/../include/RobotLeg/RobotLegRos.hpp:8[m[K,
[11.021s]                  from [01m[K/home/k/Desktop/Zeb05/Zebulon05/ros_packages_full/src/RobotLeg/src/RobotLegRos.cpp:5[m[K:
[11.021s] [01m[K/opt/ros/humble/include/rclcpp/rclcpp/utilities.hpp:233:36:[m[K [01;36m[Knote: [m[Kin passing argument 1 of ‘[01m[Kbool rclcpp::sleep_for(const nanoseconds&, rclcpp::Context::SharedPtr)[m[K’
[11.022s]   233 |   [01;36m[Kconst std::chrono::nanoseconds & nanoseconds[m[K,
[11.022s]       |   [01;36m[K~~~~~~~~~~~~~~~~~~~~~~~~~~~~~~~~~^~~~~~~~~~~[m[K
[11.022s] [01m[K/home/k/Desktop/Zeb05/Zebulon05/ros_packages_full/src/RobotLeg/src/RobotLegRos.cpp:38:27:[m[K [01;31m[Kerror: [m[Kinvalid initialization of reference of type ‘[01m[Kconst nanoseconds&[m[K’ {aka ‘[01m[Kconst std::chrono::duration<long int, std::ratio<1, 1000000000> >&[m[K’} from expression of type ‘[01m[Kint[m[K’
[11.023s]    38 |         rclcpp::sleep_for([01;31m[K10[m[K, pub_message_ptr_);
[11.023s]       |                           [01;31m[K^~[m[K
[11.024s] In file included from [01m[K/opt/ros/humble/include/rclcpp/rclcpp/logging.hpp:25[m[K,
[11.024s]                  from [01m[K/opt/ros/humble/include/rclcpp/rclcpp/client.hpp:40[m[K,
[11.025s]                  from [01m[K/opt/ros/humble/include/rclcpp/rclcpp/callback_group.hpp:23[m[K,
[11.025s]                  from [01m[K/opt/ros/humble/include/rclcpp/rclcpp/any_executable.hpp:20[m[K,
[11.026s]                  from [01m[K/opt/ros/humble/include/rclcpp/rclcpp/memory_strategy.hpp:25[m[K,
[11.026s]                  from [01m[K/opt/ros/humble/include/rclcpp/rclcpp/memory_strategies.hpp:18[m[K,
[11.026s]                  from [01m[K/opt/ros/humble/include/rclcpp/rclcpp/executor_options.hpp:20[m[K,
[11.027s]                  from [01m[K/opt/ros/humble/include/rclcpp/rclcpp/executor.hpp:37[m[K,
[11.027s]                  from [01m[K/opt/ros/humble/include/rclcpp/rclcpp/executors/multi_threaded_executor.hpp:25[m[K,
[11.028s]                  from [01m[K/opt/ros/humble/include/rclcpp/rclcpp/executors.hpp:21[m[K,
[11.028s]                  from [01m[K/opt/ros/humble/include/rclcpp/rclcpp/rclcpp.hpp:155[m[K,
[11.028s]                  from [01m[K/home/k/Desktop/Zeb05/Zebulon05/ros_packages_full/src/RobotLeg/src/../include/RobotLeg/RobotLegRos.hpp:8[m[K,
[11.029s]                  from [01m[K/home/k/Desktop/Zeb05/Zebulon05/ros_packages_full/src/RobotLeg/src/RobotLegRos.cpp:5[m[K:
[11.029s] [01m[K/opt/ros/humble/include/rclcpp/rclcpp/utilities.hpp:233:36:[m[K [01;36m[Knote: [m[Kin passing argument 1 of ‘[01m[Kbool rclcpp::sleep_for(const nanoseconds&, rclcpp::Context::SharedPtr)[m[K’
[11.030s]   233 |   [01;36m[Kconst std::chrono::nanoseconds & nanoseconds[m[K,
[11.030s]       |   [01;36m[K~~~~~~~~~~~~~~~~~~~~~~~~~~~~~~~~~^~~~~~~~~~~[m[K
[13.017s] gmake[2]: *** [CMakeFiles/robot_leg_wrapper.dir/build.make:76: CMakeFiles/robot_leg_wrapper.dir/src/RobotLegRos.cpp.o] Error 1
[13.018s] gmake[1]: *** [CMakeFiles/Makefile2:137: CMakeFiles/robot_leg_wrapper.dir/all] Error 2
[13.019s] gmake: *** [Makefile:146: all] Error 2
[13.026s] Invoked command in '/home/k/Desktop/Zeb05/Zebulon05/ros_packages_full/build/RobotLeg' returned '2': CMAKE_PREFIX_PATH=${CMAKE_PREFIX_PATH}:/home/k/Desktop/Zeb05/Zebulon05/ros_packages_full/install/polulu_maestro:/opt/ros/humble /usr/bin/cmake --build /home/k/Desktop/Zeb05/Zebulon05/ros_packages_full/build/RobotLeg -- -j4 -l4
