[0.063s] Invoking command in '/home/k/Desktop/Zeb05/Zebulon05/ros_packages_full/build/maestro_interfaces': CMAKE_PREFIX_PATH=/opt/ros/humble /usr/bin/cmake --build /home/k/Desktop/Zeb05/Zebulon05/ros_packages_full/build/maestro_interfaces -- -j4 -l4
[0.300s] [  2%] Built target maestro_interfaces__cpp
[0.312s] [ 12%] Built target maestro_interfaces__rosidl_generator_c
[0.356s] [ 12%] Built target ament_cmake_python_copy_maestro_interfaces
[0.419s] [ 23%] Built target maestro_interfaces__rosidl_typesupport_cpp
[0.428s] [ 33%] Built target maestro_interfaces__rosidl_typesupport_fastrtps_cpp
[0.439s] [ 43%] Built target maestro_interfaces__rosidl_typesupport_introspection_cpp
[0.479s] [ 53%] Built target maestro_interfaces__rosidl_typesupport_fastrtps_c
[0.533s] [ 64%] Built target maestro_interfaces__rosidl_typesupport_c
[0.539s] [ 74%] Built target maestro_interfaces__rosidl_typesupport_introspection_c
[0.632s] [ 74%] Built target maestro_interfaces
[0.731s] [ 76%] Built target maestro_interfaces__py
[0.837s] [ 84%] Built target maestro_interfaces__rosidl_generator_py
[0.955s] [ 89%] Built target maestro_interfaces__rosidl_typesupport_fastrtps_c__pyext
[0.967s] [ 94%] Built target maestro_interfaces__rosidl_typesupport_introspection_c__pyext
[0.971s] [100%] Built target maestro_interfaces__rosidl_typesupport_c__pyext
[1.789s] running egg_info
[1.792s] writing maestro_interfaces.egg-info/PKG-INFO
[1.793s] writing dependency_links to maestro_interfaces.egg-info/dependency_links.txt
[1.794s] writing top-level names to maestro_interfaces.egg-info/top_level.txt
[1.805s] reading manifest file 'maestro_interfaces.egg-info/SOURCES.txt'
[1.808s] writing manifest file 'maestro_interfaces.egg-info/SOURCES.txt'
[1.937s] [100%] Built target ament_cmake_python_build_maestro_interfaces_egg
[1.983s] Invoked command in '/home/k/Desktop/Zeb05/Zebulon05/ros_packages_full/build/maestro_interfaces' returned '0': CMAKE_PREFIX_PATH=/opt/ros/humble /usr/bin/cmake --build /home/k/Desktop/Zeb05/Zebulon05/ros_packages_full/build/maestro_interfaces -- -j4 -l4
[2.506s] Invoking command in '/home/k/Desktop/Zeb05/Zebulon05/ros_packages_full/build/maestro_interfaces': CMAKE_PREFIX_PATH=/opt/ros/humble /usr/bin/cmake --install /home/k/Desktop/Zeb05/Zebulon05/ros_packages_full/build/maestro_interfaces
[2.540s] -- Install configuration: ""
[2.541s] -- Up-to-date: /home/k/Desktop/Zeb05/Zebulon05/ros_packages_full/install/maestro_interfaces/share/ament_index/resource_index/rosidl_interfaces/maestro_interfaces
[2.541s] -- Up-to-date: /home/k/Desktop/Zeb05/Zebulon05/ros_packages_full/install/maestro_interfaces/include/maestro_interfaces/maestro_interfaces
[2.541s] -- Up-to-date: /home/k/Desktop/Zeb05/Zebulon05/ros_packages_full/install/maestro_interfaces/include/maestro_interfaces/maestro_interfaces/msg
[2.542s] -- Up-to-date: /home/k/Desktop/Zeb05/Zebulon05/ros_packages_full/install/maestro_interfaces/include/maestro_interfaces/maestro_interfaces/msg/maestro_target.h
[2.543s] -- Up-to-date: /home/k/Desktop/Zeb05/Zebulon05/ros_packages_full/install/maestro_interfaces/include/maestro_interfaces/maestro_interfaces/msg/rosidl_generator_c__visibility_control.h
[2.543s] -- Up-to-date: /home/k/Desktop/Zeb05/Zebulon05/ros_packages_full/install/maestro_interfaces/include/maestro_interfaces/maestro_interfaces/msg/detail
[2.543s] -- Up-to-date: /home/k/Desktop/Zeb05/Zebulon05/ros_packages_full/install/maestro_interfaces/include/maestro_interfaces/maestro_interfaces/msg/detail/current_positions__functions.c
[2.544s] -- Up-to-date: /home/k/Desktop/Zeb05/Zebulon05/ros_packages_full/install/maestro_interfaces/include/maestro_interfaces/maestro_interfaces/msg/detail/maestro_target__functions.c
[2.544s] -- Up-to-date: /home/k/Desktop/Zeb05/Zebulon05/ros_packages_full/install/maestro_interfaces/include/maestro_interfaces/maestro_interfaces/msg/detail/current_positions__type_support.h
[2.545s] -- Up-to-date: /home/k/Desktop/Zeb05/Zebulon05/ros_packages_full/install/maestro_interfaces/include/maestro_interfaces/maestro_interfaces/msg/detail/current_positions__struct.h
[2.545s] -- Up-to-date: /home/k/Desktop/Zeb05/Zebulon05/ros_packages_full/install/maestro_interfaces/include/maestro_interfaces/maestro_interfaces/msg/detail/maestro_target__type_support.h
[2.545s] -- Up-to-date: /home/k/Desktop/Zeb05/Zebulon05/ros_packages_full/install/maestro_interfaces/include/maestro_interfaces/maestro_interfaces/msg/detail/maestro_target__struct.h
[2.546s] -- Up-to-date: /home/k/Desktop/Zeb05/Zebulon05/ros_packages_full/install/maestro_interfaces/include/maestro_interfaces/maestro_interfaces/msg/detail/maestro_target__functions.h
[2.546s] -- Up-to-date: /home/k/Desktop/Zeb05/Zebulon05/ros_packages_full/install/maestro_interfaces/include/maestro_interfaces/maestro_interfaces/msg/detail/current_positions__functions.h
[2.547s] -- Up-to-date: /home/k/Desktop/Zeb05/Zebulon05/ros_packages_full/install/maestro_interfaces/include/maestro_interfaces/maestro_interfaces/msg/current_positions.h
[2.547s] -- Up-to-date: /home/k/Desktop/Zeb05/Zebulon05/ros_packages_full/install/maestro_interfaces/share/maestro_interfaces/environment/library_path.sh
[2.548s] -- Up-to-date: /home/k/Desktop/Zeb05/Zebulon05/ros_packages_full/install/maestro_interfaces/share/maestro_interfaces/environment/library_path.dsv
[2.549s] -- Up-to-date: /home/k/Desktop/Zeb05/Zebulon05/ros_packages_full/install/maestro_interfaces/lib/libmaestro_interfaces__rosidl_generator_c.so
[2.551s] -- Up-to-date: /home/k/Desktop/Zeb05/Zebulon05/ros_packages_full/install/maestro_interfaces/include/maestro_interfaces/maestro_interfaces
[2.551s] -- Up-to-date: /home/k/Desktop/Zeb05/Zebulon05/ros_packages_full/install/maestro_interfaces/include/maestro_interfaces/maestro_interfaces/msg
[2.552s] -- Up-to-date: /home/k/Desktop/Zeb05/Zebulon05/ros_packages_full/install/maestro_interfaces/include/maestro_interfaces/maestro_interfaces/msg/rosidl_typesupport_fastrtps_c__visibility_control.h
[2.552s] -- Up-to-date: /home/k/Desktop/Zeb05/Zebulon05/ros_packages_full/install/maestro_interfaces/include/maestro_interfaces/maestro_interfaces/msg/detail
[2.553s] -- Up-to-date: /home/k/Desktop/Zeb05/Zebulon05/ros_packages_full/install/maestro_interfaces/include/maestro_interfaces/maestro_interfaces/msg/detail/maestro_target__rosidl_typesupport_fastrtps_c.h
[2.553s] -- Up-to-date: /home/k/Desktop/Zeb05/Zebulon05/ros_packages_full/install/maestro_interfaces/include/maestro_interfaces/maestro_interfaces/msg/detail/current_positions__rosidl_typesupport_fastrtps_c.h
[2.555s] -- Up-to-date: /home/k/Desktop/Zeb05/Zebulon05/ros_packages_full/install/maestro_interfaces/lib/libmaestro_interfaces__rosidl_typesupport_fastrtps_c.so
[2.557s] -- Up-to-date: /home/k/Desktop/Zeb05/Zebulon05/ros_packages_full/install/maestro_interfaces/include/maestro_interfaces/maestro_interfaces
[2.557s] -- Up-to-date: /home/k/Desktop/Zeb05/Zebulon05/ros_packages_full/install/maestro_interfaces/include/maestro_interfaces/maestro_interfaces/msg
[2.558s] -- Up-to-date: /home/k/Desktop/Zeb05/Zebulon05/ros_packages_full/install/maestro_interfaces/include/maestro_interfaces/maestro_interfaces/msg/current_positions.hpp
[2.558s] -- Up-to-date: /home/k/Desktop/Zeb05/Zebulon05/ros_packages_full/install/maestro_interfaces/include/maestro_interfaces/maestro_interfaces/msg/maestro_target.hpp
[2.559s] -- Up-to-date: /home/k/Desktop/Zeb05/Zebulon05/ros_packages_full/install/maestro_interfaces/include/maestro_interfaces/maestro_interfaces/msg/detail
[2.559s] -- Up-to-date: /home/k/Desktop/Zeb05/Zebulon05/ros_packages_full/install/maestro_interfaces/include/maestro_interfaces/maestro_interfaces/msg/detail/current_positions__struct.hpp
[2.560s] -- Up-to-date: /home/k/Desktop/Zeb05/Zebulon05/ros_packages_full/install/maestro_interfaces/include/maestro_interfaces/maestro_interfaces/msg/detail/maestro_target__builder.hpp
[2.560s] -- Up-to-date: /home/k/Desktop/Zeb05/Zebulon05/ros_packages_full/install/maestro_interfaces/include/maestro_interfaces/maestro_interfaces/msg/detail/current_positions__traits.hpp
[2.560s] -- Up-to-date: /home/k/Desktop/Zeb05/Zebulon05/ros_packages_full/install/maestro_interfaces/include/maestro_interfaces/maestro_interfaces/msg/detail/maestro_target__traits.hpp
[2.561s] -- Up-to-date: /home/k/Desktop/Zeb05/Zebulon05/ros_packages_full/install/maestro_interfaces/include/maestro_interfaces/maestro_interfaces/msg/detail/current_positions__builder.hpp
[2.561s] -- Up-to-date: /home/k/Desktop/Zeb05/Zebulon05/ros_packages_full/install/maestro_interfaces/include/maestro_interfaces/maestro_interfaces/msg/detail/maestro_target__struct.hpp
[2.562s] -- Up-to-date: /home/k/Desktop/Zeb05/Zebulon05/ros_packages_full/install/maestro_interfaces/include/maestro_interfaces/maestro_interfaces
[2.562s] -- Up-to-date: /home/k/Desktop/Zeb05/Zebulon05/ros_packages_full/install/maestro_interfaces/include/maestro_interfaces/maestro_interfaces/msg
[2.563s] -- Up-to-date: /home/k/Desktop/Zeb05/Zebulon05/ros_packages_full/install/maestro_interfaces/include/maestro_interfaces/maestro_interfaces/msg/rosidl_typesupport_fastrtps_cpp__visibility_control.h
[2.563s] -- Up-to-date: /home/k/Desktop/Zeb05/Zebulon05/ros_packages_full/install/maestro_interfaces/include/maestro_interfaces/maestro_interfaces/msg/detail
[2.564s] -- Up-to-date: /home/k/Desktop/Zeb05/Zebulon05/ros_packages_full/install/maestro_interfaces/include/maestro_interfaces/maestro_interfaces/msg/detail/maestro_target__rosidl_typesupport_fastrtps_cpp.hpp
[2.564s] -- Up-to-date: /home/k/Desktop/Zeb05/Zebulon05/ros_packages_full/install/maestro_interfaces/include/maestro_interfaces/maestro_interfaces/msg/detail/current_positions__rosidl_typesupport_fastrtps_cpp.hpp
[2.565s] -- Up-to-date: /home/k/Desktop/Zeb05/Zebulon05/ros_packages_full/install/maestro_interfaces/include/maestro_interfaces/maestro_interfaces/msg/detail/dds_fastrtps
[2.566s] -- Up-to-date: /home/k/Desktop/Zeb05/Zebulon05/ros_packages_full/install/maestro_interfaces/lib/libmaestro_interfaces__rosidl_typesupport_fastrtps_cpp.so
[2.568s] -- Up-to-date: /home/k/Desktop/Zeb05/Zebulon05/ros_packages_full/install/maestro_interfaces/include/maestro_interfaces/maestro_interfaces
[2.568s] -- Up-to-date: /home/k/Desktop/Zeb05/Zebulon05/ros_packages_full/install/maestro_interfaces/include/maestro_interfaces/maestro_interfaces/msg
[2.569s] -- Up-to-date: /home/k/Desktop/Zeb05/Zebulon05/ros_packages_full/install/maestro_interfaces/include/maestro_interfaces/maestro_interfaces/msg/rosidl_typesupport_introspection_c__visibility_control.h
[2.569s] -- Up-to-date: /home/k/Desktop/Zeb05/Zebulon05/ros_packages_full/install/maestro_interfaces/include/maestro_interfaces/maestro_interfaces/msg/detail
[2.570s] -- Up-to-date: /home/k/Desktop/Zeb05/Zebulon05/ros_packages_full/install/maestro_interfaces/include/maestro_interfaces/maestro_interfaces/msg/detail/current_positions__type_support.c
[2.570s] -- Up-to-date: /home/k/Desktop/Zeb05/Zebulon05/ros_packages_full/install/maestro_interfaces/include/maestro_interfaces/maestro_interfaces/msg/detail/current_positions__rosidl_typesupport_introspection_c.h
[2.571s] -- Up-to-date: /home/k/Desktop/Zeb05/Zebulon05/ros_packages_full/install/maestro_interfaces/include/maestro_interfaces/maestro_interfaces/msg/detail/maestro_target__rosidl_typesupport_introspection_c.h
[2.571s] -- Up-to-date: /home/k/Desktop/Zeb05/Zebulon05/ros_packages_full/install/maestro_interfaces/include/maestro_interfaces/maestro_interfaces/msg/detail/maestro_target__type_support.c
[2.573s] -- Up-to-date: /home/k/Desktop/Zeb05/Zebulon05/ros_packages_full/install/maestro_interfaces/lib/libmaestro_interfaces__rosidl_typesupport_introspection_c.so
[2.575s] -- Up-to-date: /home/k/Desktop/Zeb05/Zebulon05/ros_packages_full/install/maestro_interfaces/lib/libmaestro_interfaces__rosidl_typesupport_c.so
[2.576s] -- Up-to-date: /home/k/Desktop/Zeb05/Zebulon05/ros_packages_full/install/maestro_interfaces/include/maestro_interfaces/maestro_interfaces
[2.577s] -- Up-to-date: /home/k/Desktop/Zeb05/Zebulon05/ros_packages_full/install/maestro_interfaces/include/maestro_interfaces/maestro_interfaces/msg
[2.577s] -- Up-to-date: /home/k/Desktop/Zeb05/Zebulon05/ros_packages_full/install/maestro_interfaces/include/maestro_interfaces/maestro_interfaces/msg/detail
[2.578s] -- Up-to-date: /home/k/Desktop/Zeb05/Zebulon05/ros_packages_full/install/maestro_interfaces/include/maestro_interfaces/maestro_interfaces/msg/detail/maestro_target__rosidl_typesupport_introspection_cpp.hpp
[2.579s] -- Up-to-date: /home/k/Desktop/Zeb05/Zebulon05/ros_packages_full/install/maestro_interfaces/include/maestro_interfaces/maestro_interfaces/msg/detail/maestro_target__type_support.cpp
[2.579s] -- Up-to-date: /home/k/Desktop/Zeb05/Zebulon05/ros_packages_full/install/maestro_interfaces/include/maestro_interfaces/maestro_interfaces/msg/detail/current_positions__type_support.cpp
[2.580s] -- Up-to-date: /home/k/Desktop/Zeb05/Zebulon05/ros_packages_full/install/maestro_interfaces/include/maestro_interfaces/maestro_interfaces/msg/detail/current_positions__rosidl_typesupport_introspection_cpp.hpp
[2.581s] -- Up-to-date: /home/k/Desktop/Zeb05/Zebulon05/ros_packages_full/install/maestro_interfaces/lib/libmaestro_interfaces__rosidl_typesupport_introspection_cpp.so
[2.584s] -- Up-to-date: /home/k/Desktop/Zeb05/Zebulon05/ros_packages_full/install/maestro_interfaces/lib/libmaestro_interfaces__rosidl_typesupport_cpp.so
[2.585s] -- Up-to-date: /home/k/Desktop/Zeb05/Zebulon05/ros_packages_full/install/maestro_interfaces/share/maestro_interfaces/environment/pythonpath.sh
[2.586s] -- Up-to-date: /home/k/Desktop/Zeb05/Zebulon05/ros_packages_full/install/maestro_interfaces/share/maestro_interfaces/environment/pythonpath.dsv
[2.586s] -- Up-to-date: /home/k/Desktop/Zeb05/Zebulon05/ros_packages_full/install/maestro_interfaces/local/lib/python3.10/dist-packages/maestro_interfaces-0.0.0-py3.10.egg-info
[2.587s] -- Installing: /home/k/Desktop/Zeb05/Zebulon05/ros_packages_full/install/maestro_interfaces/local/lib/python3.10/dist-packages/maestro_interfaces-0.0.0-py3.10.egg-info/PKG-INFO
[2.588s] -- Installing: /home/k/Desktop/Zeb05/Zebulon05/ros_packages_full/install/maestro_interfaces/local/lib/python3.10/dist-packages/maestro_interfaces-0.0.0-py3.10.egg-info/top_level.txt
[2.590s] -- Installing: /home/k/Desktop/Zeb05/Zebulon05/ros_packages_full/install/maestro_interfaces/local/lib/python3.10/dist-packages/maestro_interfaces-0.0.0-py3.10.egg-info/SOURCES.txt
[2.592s] -- Installing: /home/k/Desktop/Zeb05/Zebulon05/ros_packages_full/install/maestro_interfaces/local/lib/python3.10/dist-packages/maestro_interfaces-0.0.0-py3.10.egg-info/dependency_links.txt
[2.594s] -- Up-to-date: /home/k/Desktop/Zeb05/Zebulon05/ros_packages_full/install/maestro_interfaces/local/lib/python3.10/dist-packages/maestro_interfaces
[2.594s] -- Up-to-date: /home/k/Desktop/Zeb05/Zebulon05/ros_packages_full/install/maestro_interfaces/local/lib/python3.10/dist-packages/maestro_interfaces/maestro_interfaces_s__rosidl_typesupport_fastrtps_c.cpython-310-aarch64-linux-gnu.so
[2.595s] -- Up-to-date: /home/k/Desktop/Zeb05/Zebulon05/ros_packages_full/install/maestro_interfaces/local/lib/python3.10/dist-packages/maestro_interfaces/_maestro_interfaces_s.ep.rosidl_typesupport_introspection_c.c
[2.595s] -- Up-to-date: /home/k/Desktop/Zeb05/Zebulon05/ros_packages_full/install/maestro_interfaces/local/lib/python3.10/dist-packages/maestro_interfaces/_maestro_interfaces_s.ep.rosidl_typesupport_c.c
[2.596s] -- Up-to-date: /home/k/Desktop/Zeb05/Zebulon05/ros_packages_full/install/maestro_interfaces/local/lib/python3.10/dist-packages/maestro_interfaces/msg
[2.596s] -- Up-to-date: /home/k/Desktop/Zeb05/Zebulon05/ros_packages_full/install/maestro_interfaces/local/lib/python3.10/dist-packages/maestro_interfaces/msg/_current_positions_s.c
[2.597s] -- Up-to-date: /home/k/Desktop/Zeb05/Zebulon05/ros_packages_full/install/maestro_interfaces/local/lib/python3.10/dist-packages/maestro_interfaces/msg/_current_positions.py
[2.597s] -- Up-to-date: /home/k/Desktop/Zeb05/Zebulon05/ros_packages_full/install/maestro_interfaces/local/lib/python3.10/dist-packages/maestro_interfaces/msg/__init__.py
[2.597s] -- Up-to-date: /home/k/Desktop/Zeb05/Zebulon05/ros_packages_full/install/maestro_interfaces/local/lib/python3.10/dist-packages/maestro_interfaces/msg/_maestro_target_s.c
[2.598s] -- Up-to-date: /home/k/Desktop/Zeb05/Zebulon05/ros_packages_full/install/maestro_interfaces/local/lib/python3.10/dist-packages/maestro_interfaces/msg/_maestro_target.py
[2.598s] -- Up-to-date: /home/k/Desktop/Zeb05/Zebulon05/ros_packages_full/install/maestro_interfaces/local/lib/python3.10/dist-packages/maestro_interfaces/__init__.py
[2.599s] -- Up-to-date: /home/k/Desktop/Zeb05/Zebulon05/ros_packages_full/install/maestro_interfaces/local/lib/python3.10/dist-packages/maestro_interfaces/maestro_interfaces_s__rosidl_typesupport_c.cpython-310-aarch64-linux-gnu.so
[2.599s] -- Up-to-date: /home/k/Desktop/Zeb05/Zebulon05/ros_packages_full/install/maestro_interfaces/local/lib/python3.10/dist-packages/maestro_interfaces/libmaestro_interfaces__rosidl_generator_py.so
[2.600s] -- Up-to-date: /home/k/Desktop/Zeb05/Zebulon05/ros_packages_full/install/maestro_interfaces/local/lib/python3.10/dist-packages/maestro_interfaces/maestro_interfaces_s__rosidl_typesupport_introspection_c.cpython-310-aarch64-linux-gnu.so
[2.600s] -- Up-to-date: /home/k/Desktop/Zeb05/Zebulon05/ros_packages_full/install/maestro_interfaces/local/lib/python3.10/dist-packages/maestro_interfaces/_maestro_interfaces_s.ep.rosidl_typesupport_fastrtps_c.c
[2.752s] Listing '/home/k/Desktop/Zeb05/Zebulon05/ros_packages_full/install/maestro_interfaces/local/lib/python3.10/dist-packages/maestro_interfaces'...
[2.753s] Listing '/home/k/Desktop/Zeb05/Zebulon05/ros_packages_full/install/maestro_interfaces/local/lib/python3.10/dist-packages/maestro_interfaces/msg'...
[2.776s] -- Up-to-date: /home/k/Desktop/Zeb05/Zebulon05/ros_packages_full/install/maestro_interfaces/local/lib/python3.10/dist-packages/maestro_interfaces/maestro_interfaces_s__rosidl_typesupport_fastrtps_c.cpython-310-aarch64-linux-gnu.so
[2.779s] -- Up-to-date: /home/k/Desktop/Zeb05/Zebulon05/ros_packages_full/install/maestro_interfaces/local/lib/python3.10/dist-packages/maestro_interfaces/maestro_interfaces_s__rosidl_typesupport_introspection_c.cpython-310-aarch64-linux-gnu.so
[2.782s] -- Up-to-date: /home/k/Desktop/Zeb05/Zebulon05/ros_packages_full/install/maestro_interfaces/local/lib/python3.10/dist-packages/maestro_interfaces/maestro_interfaces_s__rosidl_typesupport_c.cpython-310-aarch64-linux-gnu.so
[2.786s] -- Up-to-date: /home/k/Desktop/Zeb05/Zebulon05/ros_packages_full/install/maestro_interfaces/lib/libmaestro_interfaces__rosidl_generator_py.so
[2.788s] -- Up-to-date: /home/k/Desktop/Zeb05/Zebulon05/ros_packages_full/install/maestro_interfaces/share/maestro_interfaces/msg/CurrentPositions.idl
[2.788s] -- Up-to-date: /home/k/Desktop/Zeb05/Zebulon05/ros_packages_full/install/maestro_interfaces/share/maestro_interfaces/msg/MaestroTarget.idl
[2.789s] -- Up-to-date: /home/k/Desktop/Zeb05/Zebulon05/ros_packages_full/install/maestro_interfaces/share/maestro_interfaces/msg/CurrentPositions.msg
[2.790s] -- Up-to-date: /home/k/Desktop/Zeb05/Zebulon05/ros_packages_full/install/maestro_interfaces/share/maestro_interfaces/msg/MaestroTarget.msg
[2.791s] -- Up-to-date: /home/k/Desktop/Zeb05/Zebulon05/ros_packages_full/install/maestro_interfaces/share/ament_index/resource_index/package_run_dependencies/maestro_interfaces
[2.791s] -- Up-to-date: /home/k/Desktop/Zeb05/Zebulon05/ros_packages_full/install/maestro_interfaces/share/ament_index/resource_index/parent_prefix_path/maestro_interfaces
[2.792s] -- Up-to-date: /home/k/Desktop/Zeb05/Zebulon05/ros_packages_full/install/maestro_interfaces/share/maestro_interfaces/environment/ament_prefix_path.sh
[2.792s] -- Up-to-date: /home/k/Desktop/Zeb05/Zebulon05/ros_packages_full/install/maestro_interfaces/share/maestro_interfaces/environment/ament_prefix_path.dsv
[2.793s] -- Up-to-date: /home/k/Desktop/Zeb05/Zebulon05/ros_packages_full/install/maestro_interfaces/share/maestro_interfaces/environment/path.sh
[2.793s] -- Up-to-date: /home/k/Desktop/Zeb05/Zebulon05/ros_packages_full/install/maestro_interfaces/share/maestro_interfaces/environment/path.dsv
[2.794s] -- Up-to-date: /home/k/Desktop/Zeb05/Zebulon05/ros_packages_full/install/maestro_interfaces/share/maestro_interfaces/local_setup.bash
[2.794s] -- Up-to-date: /home/k/Desktop/Zeb05/Zebulon05/ros_packages_full/install/maestro_interfaces/share/maestro_interfaces/local_setup.sh
[2.795s] -- Up-to-date: /home/k/Desktop/Zeb05/Zebulon05/ros_packages_full/install/maestro_interfaces/share/maestro_interfaces/local_setup.zsh
[2.795s] -- Up-to-date: /home/k/Desktop/Zeb05/Zebulon05/ros_packages_full/install/maestro_interfaces/share/maestro_interfaces/local_setup.dsv
[2.796s] -- Installing: /home/k/Desktop/Zeb05/Zebulon05/ros_packages_full/install/maestro_interfaces/share/maestro_interfaces/package.dsv
[2.798s] -- Up-to-date: /home/k/Desktop/Zeb05/Zebulon05/ros_packages_full/install/maestro_interfaces/share/ament_index/resource_index/packages/maestro_interfaces
[2.799s] -- Up-to-date: /home/k/Desktop/Zeb05/Zebulon05/ros_packages_full/install/maestro_interfaces/share/maestro_interfaces/cmake/export_maestro_interfaces__rosidl_generator_cExport.cmake
[2.799s] -- Up-to-date: /home/k/Desktop/Zeb05/Zebulon05/ros_packages_full/install/maestro_interfaces/share/maestro_interfaces/cmake/export_maestro_interfaces__rosidl_generator_cExport-noconfig.cmake
[2.801s] -- Up-to-date: /home/k/Desktop/Zeb05/Zebulon05/ros_packages_full/install/maestro_interfaces/share/maestro_interfaces/cmake/export_maestro_interfaces__rosidl_typesupport_fastrtps_cExport.cmake
[2.801s] -- Up-to-date: /home/k/Desktop/Zeb05/Zebulon05/ros_packages_full/install/maestro_interfaces/share/maestro_interfaces/cmake/export_maestro_interfaces__rosidl_typesupport_fastrtps_cExport-noconfig.cmake
[2.802s] -- Up-to-date: /home/k/Desktop/Zeb05/Zebulon05/ros_packages_full/install/maestro_interfaces/share/maestro_interfaces/cmake/export_maestro_interfaces__rosidl_generator_cppExport.cmake
[2.803s] -- Up-to-date: /home/k/Desktop/Zeb05/Zebulon05/ros_packages_full/install/maestro_interfaces/share/maestro_interfaces/cmake/export_maestro_interfaces__rosidl_typesupport_fastrtps_cppExport.cmake
[2.804s] -- Up-to-date: /home/k/Desktop/Zeb05/Zebulon05/ros_packages_full/install/maestro_interfaces/share/maestro_interfaces/cmake/export_maestro_interfaces__rosidl_typesupport_fastrtps_cppExport-noconfig.cmake
[2.805s] -- Up-to-date: /home/k/Desktop/Zeb05/Zebulon05/ros_packages_full/install/maestro_interfaces/share/maestro_interfaces/cmake/maestro_interfaces__rosidl_typesupport_introspection_cExport.cmake
[2.806s] -- Up-to-date: /home/k/Desktop/Zeb05/Zebulon05/ros_packages_full/install/maestro_interfaces/share/maestro_interfaces/cmake/maestro_interfaces__rosidl_typesupport_introspection_cExport-noconfig.cmake
[2.807s] -- Up-to-date: /home/k/Desktop/Zeb05/Zebulon05/ros_packages_full/install/maestro_interfaces/share/maestro_interfaces/cmake/maestro_interfaces__rosidl_typesupport_cExport.cmake
[2.807s] -- Up-to-date: /home/k/Desktop/Zeb05/Zebulon05/ros_packages_full/install/maestro_interfaces/share/maestro_interfaces/cmake/maestro_interfaces__rosidl_typesupport_cExport-noconfig.cmake
[2.809s] -- Up-to-date: /home/k/Desktop/Zeb05/Zebulon05/ros_packages_full/install/maestro_interfaces/share/maestro_interfaces/cmake/maestro_interfaces__rosidl_typesupport_introspection_cppExport.cmake
[2.809s] -- Up-to-date: /home/k/Desktop/Zeb05/Zebulon05/ros_packages_full/install/maestro_interfaces/share/maestro_interfaces/cmake/maestro_interfaces__rosidl_typesupport_introspection_cppExport-noconfig.cmake
[2.810s] -- Up-to-date: /home/k/Desktop/Zeb05/Zebulon05/ros_packages_full/install/maestro_interfaces/share/maestro_interfaces/cmake/maestro_interfaces__rosidl_typesupport_cppExport.cmake
[2.811s] -- Up-to-date: /home/k/Desktop/Zeb05/Zebulon05/ros_packages_full/install/maestro_interfaces/share/maestro_interfaces/cmake/maestro_interfaces__rosidl_typesupport_cppExport-noconfig.cmake
[2.812s] -- Up-to-date: /home/k/Desktop/Zeb05/Zebulon05/ros_packages_full/install/maestro_interfaces/share/maestro_interfaces/cmake/export_maestro_interfaces__rosidl_generator_pyExport.cmake
[2.813s] -- Up-to-date: /home/k/Desktop/Zeb05/Zebulon05/ros_packages_full/install/maestro_interfaces/share/maestro_interfaces/cmake/export_maestro_interfaces__rosidl_generator_pyExport-noconfig.cmake
[2.813s] -- Up-to-date: /home/k/Desktop/Zeb05/Zebulon05/ros_packages_full/install/maestro_interfaces/share/maestro_interfaces/cmake/rosidl_cmake-extras.cmake
[2.814s] -- Up-to-date: /home/k/Desktop/Zeb05/Zebulon05/ros_packages_full/install/maestro_interfaces/share/maestro_interfaces/cmake/ament_cmake_export_dependencies-extras.cmake
[2.815s] -- Up-to-date: /home/k/Desktop/Zeb05/Zebulon05/ros_packages_full/install/maestro_interfaces/share/maestro_interfaces/cmake/ament_cmake_export_include_directories-extras.cmake
[2.815s] -- Up-to-date: /home/k/Desktop/Zeb05/Zebulon05/ros_packages_full/install/maestro_interfaces/share/maestro_interfaces/cmake/ament_cmake_export_libraries-extras.cmake
[2.816s] -- Up-to-date: /home/k/Desktop/Zeb05/Zebulon05/ros_packages_full/install/maestro_interfaces/share/maestro_interfaces/cmake/ament_cmake_export_targets-extras.cmake
[2.816s] -- Up-to-date: /home/k/Desktop/Zeb05/Zebulon05/ros_packages_full/install/maestro_interfaces/share/maestro_interfaces/cmake/rosidl_cmake_export_typesupport_targets-extras.cmake
[2.817s] -- Up-to-date: /home/k/Desktop/Zeb05/Zebulon05/ros_packages_full/install/maestro_interfaces/share/maestro_interfaces/cmake/rosidl_cmake_export_typesupport_libraries-extras.cmake
[2.817s] -- Up-to-date: /home/k/Desktop/Zeb05/Zebulon05/ros_packages_full/install/maestro_interfaces/share/maestro_interfaces/cmake/maestro_interfacesConfig.cmake
[2.818s] -- Up-to-date: /home/k/Desktop/Zeb05/Zebulon05/ros_packages_full/install/maestro_interfaces/share/maestro_interfaces/cmake/maestro_interfacesConfig-version.cmake
[2.818s] -- Up-to-date: /home/k/Desktop/Zeb05/Zebulon05/ros_packages_full/install/maestro_interfaces/share/maestro_interfaces/package.xml
[2.827s] Invoked command in '/home/k/Desktop/Zeb05/Zebulon05/ros_packages_full/build/maestro_interfaces' returned '0': CMAKE_PREFIX_PATH=/opt/ros/humble /usr/bin/cmake --install /home/k/Desktop/Zeb05/Zebulon05/ros_packages_full/build/maestro_interfaces
