[0.081s] Invoking command in '/home/k/Desktop/Zeb05/Zebulon05/ros_packages_full/build/RobotLeg': CMAKE_PREFIX_PATH=/opt/ros/humble /usr/bin/cmake /home/k/Desktop/Zeb05/Zebulon05/ros_packages_full/src/RobotLeg -DCMAKE_INSTALL_PREFIX=/home/k/Desktop/Zeb05/Zebulon05/ros_packages_full/install/RobotLeg
[1.339s] -- The C compiler identification is GNU 11.2.0
[2.291s] -- The CXX compiler identification is GNU 11.2.0
[2.346s] -- Detecting C compiler ABI info
[2.751s] -- Detecting C compiler ABI info - done
[2.781s] -- Check for working C compiler: /usr/bin/cc - skipped
[2.784s] -- Detecting C compile features
[2.787s] -- Detecting C compile features - done
[2.805s] -- Detecting CXX compiler ABI info
[3.204s] -- Detecting CXX compiler ABI info - done
[3.235s] -- Check for working CXX compiler: /usr/bin/c++ - skipped
[3.237s] -- Detecting CXX compile features
[3.240s] -- Detecting CXX compile features - done
[3.271s] -- Found ament_cmake: 1.3.2 (/opt/ros/humble/share/ament_cmake/cmake)
[4.266s] -- Found Python3: /usr/bin/python3.10 (found version "3.10.6") found components: Interpreter 
[5.050s] -- Found rclcpp: 16.0.1 (/opt/ros/humble/share/rclcpp/cmake)
[5.598s] -- Found rosidl_generator_c: 3.1.3 (/opt/ros/humble/share/rosidl_generator_c/cmake)
[5.656s] -- Found rosidl_adapter: 3.1.3 (/opt/ros/humble/share/rosidl_adapter/cmake)
[5.753s] -- Found rosidl_generator_cpp: 3.1.3 (/opt/ros/humble/share/rosidl_generator_cpp/cmake)
[5.881s] -- Using all available rosidl_typesupport_c: rosidl_typesupport_fastrtps_c;rosidl_typesupport_introspection_c
[6.046s] -- Using all available rosidl_typesupport_cpp: rosidl_typesupport_fastrtps_cpp;rosidl_typesupport_introspection_cpp
[6.720s] -- Found rmw_implementation_cmake: 6.1.0 (/opt/ros/humble/share/rmw_implementation_cmake/cmake)
[7.172s] -- Found rmw_fastrtps_cpp: 6.2.1 (/opt/ros/humble/share/rmw_fastrtps_cpp/cmake)
[8.022s] -- Found OpenSSL: /usr/lib/aarch64-linux-gnu/libcrypto.so (found version "3.0.2")  
[8.326s] -- Found FastRTPS: /opt/ros/humble/include  
[8.831s] -- Using RMW implementation 'rmw_fastrtps_cpp' as default
[9.747s] [31mCMake Error at /opt/ros/humble/share/ament_cmake_target_dependencies/cmake/ament_target_dependencies.cmake:77 (message):
[9.748s]   ament_target_dependencies() the passed package name 'maestro_interfaces'
[9.748s]   was not found before
[9.748s] Call Stack (most recent call first):
[9.749s]   CMakeLists.txt:17 (ament_target_dependencies)
[9.749s] 
[9.750s] [0m
[9.750s] -- Configuring incomplete, errors occurred!
[9.750s] See also "/home/k/Desktop/Zeb05/Zebulon05/ros_packages_full/build/RobotLeg/CMakeFiles/CMakeOutput.log".
[9.780s] Invoked command in '/home/k/Desktop/Zeb05/Zebulon05/ros_packages_full/build/RobotLeg' returned '1': CMAKE_PREFIX_PATH=/opt/ros/humble /usr/bin/cmake /home/k/Desktop/Zeb05/Zebulon05/ros_packages_full/src/RobotLeg -DCMAKE_INSTALL_PREFIX=/home/k/Desktop/Zeb05/Zebulon05/ros_packages_full/install/RobotLeg
