[0.063s] Invoking command in '/home/k/Desktop/Zeb05/Zebulon05/ros_packages_full/build/maestro_interfaces': CMAKE_PREFIX_PATH=/opt/ros/humble /usr/bin/cmake --build /home/k/Desktop/Zeb05/Zebulon05/ros_packages_full/build/maestro_interfaces -- -j4 -l4
[0.305s] [  2%] Built target maestro_interfaces__cpp
[0.317s] [ 12%] Built target maestro_interfaces__rosidl_generator_c
[0.362s] [ 12%] Built target ament_cmake_python_copy_maestro_interfaces
[0.425s] [ 23%] Built target maestro_interfaces__rosidl_typesupport_cpp
[0.432s] [ 33%] Built target maestro_interfaces__rosidl_typesupport_fastrtps_cpp
[0.442s] [ 43%] Built target maestro_interfaces__rosidl_typesupport_introspection_cpp
[0.489s] [ 53%] Built target maestro_interfaces__rosidl_typesupport_fastrtps_c
[0.541s] [ 64%] Built target maestro_interfaces__rosidl_typesupport_introspection_c
[0.544s] [ 74%] Built target maestro_interfaces__rosidl_typesupport_c
[0.637s] [ 74%] Built target maestro_interfaces
[0.735s] [ 76%] Built target maestro_interfaces__py
[0.841s] [ 84%] Built target maestro_interfaces__rosidl_generator_py
[0.961s] [ 89%] Built target maestro_interfaces__rosidl_typesupport_fastrtps_c__pyext
[0.966s] [ 94%] Built target maestro_interfaces__rosidl_typesupport_c__pyext
[0.970s] [100%] Built target maestro_interfaces__rosidl_typesupport_introspection_c__pyext
[1.787s] running egg_info
[1.790s] writing maestro_interfaces.egg-info/PKG-INFO
[1.791s] writing dependency_links to maestro_interfaces.egg-info/dependency_links.txt
[1.792s] writing top-level names to maestro_interfaces.egg-info/top_level.txt
[1.803s] reading manifest file 'maestro_interfaces.egg-info/SOURCES.txt'
[1.806s] writing manifest file 'maestro_interfaces.egg-info/SOURCES.txt'
[1.937s] [100%] Built target ament_cmake_python_build_maestro_interfaces_egg
[1.984s] Invoked command in '/home/k/Desktop/Zeb05/Zebulon05/ros_packages_full/build/maestro_interfaces' returned '0': CMAKE_PREFIX_PATH=/opt/ros/humble /usr/bin/cmake --build /home/k/Desktop/Zeb05/Zebulon05/ros_packages_full/build/maestro_interfaces -- -j4 -l4
[2.504s] Invoking command in '/home/k/Desktop/Zeb05/Zebulon05/ros_packages_full/build/maestro_interfaces': CMAKE_PREFIX_PATH=/opt/ros/humble /usr/bin/cmake --install /home/k/Desktop/Zeb05/Zebulon05/ros_packages_full/build/maestro_interfaces
[2.538s] -- Install configuration: ""
[2.539s] -- Up-to-date: /home/k/Desktop/Zeb05/Zebulon05/ros_packages_full/install/maestro_interfaces/share/ament_index/resource_index/rosidl_interfaces/maestro_interfaces
[2.539s] -- Up-to-date: /home/k/Desktop/Zeb05/Zebulon05/ros_packages_full/install/maestro_interfaces/include/maestro_interfaces/maestro_interfaces
[2.540s] -- Up-to-date: /home/k/Desktop/Zeb05/Zebulon05/ros_packages_full/install/maestro_interfaces/include/maestro_interfaces/maestro_interfaces/msg
[2.540s] -- Up-to-date: /home/k/Desktop/Zeb05/Zebulon05/ros_packages_full/install/maestro_interfaces/include/maestro_interfaces/maestro_interfaces/msg/maestro_target.h
[2.541s] -- Up-to-date: /home/k/Desktop/Zeb05/Zebulon05/ros_packages_full/install/maestro_interfaces/include/maestro_interfaces/maestro_interfaces/msg/rosidl_generator_c__visibility_control.h
[2.541s] -- Up-to-date: /home/k/Desktop/Zeb05/Zebulon05/ros_packages_full/install/maestro_interfaces/include/maestro_interfaces/maestro_interfaces/msg/detail
[2.542s] -- Up-to-date: /home/k/Desktop/Zeb05/Zebulon05/ros_packages_full/install/maestro_interfaces/include/maestro_interfaces/maestro_interfaces/msg/detail/current_positions__functions.c
[2.542s] -- Up-to-date: /home/k/Desktop/Zeb05/Zebulon05/ros_packages_full/install/maestro_interfaces/include/maestro_interfaces/maestro_interfaces/msg/detail/maestro_target__functions.c
[2.543s] -- Up-to-date: /home/k/Desktop/Zeb05/Zebulon05/ros_packages_full/install/maestro_interfaces/include/maestro_interfaces/maestro_interfaces/msg/detail/current_positions__type_support.h
[2.543s] -- Up-to-date: /home/k/Desktop/Zeb05/Zebulon05/ros_packages_full/install/maestro_interfaces/include/maestro_interfaces/maestro_interfaces/msg/detail/current_positions__struct.h
[2.543s] -- Up-to-date: /home/k/Desktop/Zeb05/Zebulon05/ros_packages_full/install/maestro_interfaces/include/maestro_interfaces/maestro_interfaces/msg/detail/maestro_target__type_support.h
[2.544s] -- Up-to-date: /home/k/Desktop/Zeb05/Zebulon05/ros_packages_full/install/maestro_interfaces/include/maestro_interfaces/maestro_interfaces/msg/detail/maestro_target__struct.h
[2.544s] -- Up-to-date: /home/k/Desktop/Zeb05/Zebulon05/ros_packages_full/install/maestro_interfaces/include/maestro_interfaces/maestro_interfaces/msg/detail/maestro_target__functions.h
[2.545s] -- Up-to-date: /home/k/Desktop/Zeb05/Zebulon05/ros_packages_full/install/maestro_interfaces/include/maestro_interfaces/maestro_interfaces/msg/detail/current_positions__functions.h
[2.545s] -- Up-to-date: /home/k/Desktop/Zeb05/Zebulon05/ros_packages_full/install/maestro_interfaces/include/maestro_interfaces/maestro_interfaces/msg/current_positions.h
[2.546s] -- Up-to-date: /home/k/Desktop/Zeb05/Zebulon05/ros_packages_full/install/maestro_interfaces/share/maestro_interfaces/environment/library_path.sh
[2.546s] -- Up-to-date: /home/k/Desktop/Zeb05/Zebulon05/ros_packages_full/install/maestro_interfaces/share/maestro_interfaces/environment/library_path.dsv
[2.548s] -- Up-to-date: /home/k/Desktop/Zeb05/Zebulon05/ros_packages_full/install/maestro_interfaces/lib/libmaestro_interfaces__rosidl_generator_c.so
[2.549s] -- Up-to-date: /home/k/Desktop/Zeb05/Zebulon05/ros_packages_full/install/maestro_interfaces/include/maestro_interfaces/maestro_interfaces
[2.550s] -- Up-to-date: /home/k/Desktop/Zeb05/Zebulon05/ros_packages_full/install/maestro_interfaces/include/maestro_interfaces/maestro_interfaces/msg
[2.550s] -- Up-to-date: /home/k/Desktop/Zeb05/Zebulon05/ros_packages_full/install/maestro_interfaces/include/maestro_interfaces/maestro_interfaces/msg/rosidl_typesupport_fastrtps_c__visibility_control.h
[2.551s] -- Up-to-date: /home/k/Desktop/Zeb05/Zebulon05/ros_packages_full/install/maestro_interfaces/include/maestro_interfaces/maestro_interfaces/msg/detail
[2.551s] -- Up-to-date: /home/k/Desktop/Zeb05/Zebulon05/ros_packages_full/install/maestro_interfaces/include/maestro_interfaces/maestro_interfaces/msg/detail/maestro_target__rosidl_typesupport_fastrtps_c.h
[2.552s] -- Up-to-date: /home/k/Desktop/Zeb05/Zebulon05/ros_packages_full/install/maestro_interfaces/include/maestro_interfaces/maestro_interfaces/msg/detail/current_positions__rosidl_typesupport_fastrtps_c.h
[2.553s] -- Up-to-date: /home/k/Desktop/Zeb05/Zebulon05/ros_packages_full/install/maestro_interfaces/lib/libmaestro_interfaces__rosidl_typesupport_fastrtps_c.so
[2.555s] -- Up-to-date: /home/k/Desktop/Zeb05/Zebulon05/ros_packages_full/install/maestro_interfaces/include/maestro_interfaces/maestro_interfaces
[2.555s] -- Up-to-date: /home/k/Desktop/Zeb05/Zebulon05/ros_packages_full/install/maestro_interfaces/include/maestro_interfaces/maestro_interfaces/msg
[2.556s] -- Up-to-date: /home/k/Desktop/Zeb05/Zebulon05/ros_packages_full/install/maestro_interfaces/include/maestro_interfaces/maestro_interfaces/msg/current_positions.hpp
[2.557s] -- Up-to-date: /home/k/Desktop/Zeb05/Zebulon05/ros_packages_full/install/maestro_interfaces/include/maestro_interfaces/maestro_interfaces/msg/maestro_target.hpp
[2.557s] -- Up-to-date: /home/k/Desktop/Zeb05/Zebulon05/ros_packages_full/install/maestro_interfaces/include/maestro_interfaces/maestro_interfaces/msg/detail
[2.558s] -- Up-to-date: /home/k/Desktop/Zeb05/Zebulon05/ros_packages_full/install/maestro_interfaces/include/maestro_interfaces/maestro_interfaces/msg/detail/current_positions__struct.hpp
[2.558s] -- Up-to-date: /home/k/Desktop/Zeb05/Zebulon05/ros_packages_full/install/maestro_interfaces/include/maestro_interfaces/maestro_interfaces/msg/detail/maestro_target__builder.hpp
[2.559s] -- Up-to-date: /home/k/Desktop/Zeb05/Zebulon05/ros_packages_full/install/maestro_interfaces/include/maestro_interfaces/maestro_interfaces/msg/detail/current_positions__traits.hpp
[2.559s] -- Up-to-date: /home/k/Desktop/Zeb05/Zebulon05/ros_packages_full/install/maestro_interfaces/include/maestro_interfaces/maestro_interfaces/msg/detail/maestro_target__traits.hpp
[2.560s] -- Up-to-date: /home/k/Desktop/Zeb05/Zebulon05/ros_packages_full/install/maestro_interfaces/include/maestro_interfaces/maestro_interfaces/msg/detail/current_positions__builder.hpp
[2.560s] -- Up-to-date: /home/k/Desktop/Zeb05/Zebulon05/ros_packages_full/install/maestro_interfaces/include/maestro_interfaces/maestro_interfaces/msg/detail/maestro_target__struct.hpp
[2.560s] -- Up-to-date: /home/k/Desktop/Zeb05/Zebulon05/ros_packages_full/install/maestro_interfaces/include/maestro_interfaces/maestro_interfaces
[2.561s] -- Up-to-date: /home/k/Desktop/Zeb05/Zebulon05/ros_packages_full/install/maestro_interfaces/include/maestro_interfaces/maestro_interfaces/msg
[2.561s] -- Up-to-date: /home/k/Desktop/Zeb05/Zebulon05/ros_packages_full/install/maestro_interfaces/include/maestro_interfaces/maestro_interfaces/msg/rosidl_typesupport_fastrtps_cpp__visibility_control.h
[2.562s] -- Up-to-date: /home/k/Desktop/Zeb05/Zebulon05/ros_packages_full/install/maestro_interfaces/include/maestro_interfaces/maestro_interfaces/msg/detail
[2.562s] -- Up-to-date: /home/k/Desktop/Zeb05/Zebulon05/ros_packages_full/install/maestro_interfaces/include/maestro_interfaces/maestro_interfaces/msg/detail/maestro_target__rosidl_typesupport_fastrtps_cpp.hpp
[2.563s] -- Up-to-date: /home/k/Desktop/Zeb05/Zebulon05/ros_packages_full/install/maestro_interfaces/include/maestro_interfaces/maestro_interfaces/msg/detail/current_positions__rosidl_typesupport_fastrtps_cpp.hpp
[2.563s] -- Up-to-date: /home/k/Desktop/Zeb05/Zebulon05/ros_packages_full/install/maestro_interfaces/include/maestro_interfaces/maestro_interfaces/msg/detail/dds_fastrtps
[2.565s] -- Up-to-date: /home/k/Desktop/Zeb05/Zebulon05/ros_packages_full/install/maestro_interfaces/lib/libmaestro_interfaces__rosidl_typesupport_fastrtps_cpp.so
[2.566s] -- Up-to-date: /home/k/Desktop/Zeb05/Zebulon05/ros_packages_full/install/maestro_interfaces/include/maestro_interfaces/maestro_interfaces
[2.567s] -- Up-to-date: /home/k/Desktop/Zeb05/Zebulon05/ros_packages_full/install/maestro_interfaces/include/maestro_interfaces/maestro_interfaces/msg
[2.567s] -- Up-to-date: /home/k/Desktop/Zeb05/Zebulon05/ros_packages_full/install/maestro_interfaces/include/maestro_interfaces/maestro_interfaces/msg/rosidl_typesupport_introspection_c__visibility_control.h
[2.568s] -- Up-to-date: /home/k/Desktop/Zeb05/Zebulon05/ros_packages_full/install/maestro_interfaces/include/maestro_interfaces/maestro_interfaces/msg/detail
[2.568s] -- Up-to-date: /home/k/Desktop/Zeb05/Zebulon05/ros_packages_full/install/maestro_interfaces/include/maestro_interfaces/maestro_interfaces/msg/detail/current_positions__type_support.c
[2.569s] -- Up-to-date: /home/k/Desktop/Zeb05/Zebulon05/ros_packages_full/install/maestro_interfaces/include/maestro_interfaces/maestro_interfaces/msg/detail/current_positions__rosidl_typesupport_introspection_c.h
[2.569s] -- Up-to-date: /home/k/Desktop/Zeb05/Zebulon05/ros_packages_full/install/maestro_interfaces/include/maestro_interfaces/maestro_interfaces/msg/detail/maestro_target__rosidl_typesupport_introspection_c.h
[2.570s] -- Up-to-date: /home/k/Desktop/Zeb05/Zebulon05/ros_packages_full/install/maestro_interfaces/include/maestro_interfaces/maestro_interfaces/msg/detail/maestro_target__type_support.c
[2.571s] -- Up-to-date: /home/k/Desktop/Zeb05/Zebulon05/ros_packages_full/install/maestro_interfaces/lib/libmaestro_interfaces__rosidl_typesupport_introspection_c.so
[2.573s] -- Up-to-date: /home/k/Desktop/Zeb05/Zebulon05/ros_packages_full/install/maestro_interfaces/lib/libmaestro_interfaces__rosidl_typesupport_c.so
[2.575s] -- Up-to-date: /home/k/Desktop/Zeb05/Zebulon05/ros_packages_full/install/maestro_interfaces/include/maestro_interfaces/maestro_interfaces
[2.575s] -- Up-to-date: /home/k/Desktop/Zeb05/Zebulon05/ros_packages_full/install/maestro_interfaces/include/maestro_interfaces/maestro_interfaces/msg
[2.576s] -- Up-to-date: /home/k/Desktop/Zeb05/Zebulon05/ros_packages_full/install/maestro_interfaces/include/maestro_interfaces/maestro_interfaces/msg/detail
[2.576s] -- Up-to-date: /home/k/Desktop/Zeb05/Zebulon05/ros_packages_full/install/maestro_interfaces/include/maestro_interfaces/maestro_interfaces/msg/detail/maestro_target__rosidl_typesupport_introspection_cpp.hpp
[2.577s] -- Up-to-date: /home/k/Desktop/Zeb05/Zebulon05/ros_packages_full/install/maestro_interfaces/include/maestro_interfaces/maestro_interfaces/msg/detail/maestro_target__type_support.cpp
[2.577s] -- Up-to-date: /home/k/Desktop/Zeb05/Zebulon05/ros_packages_full/install/maestro_interfaces/include/maestro_interfaces/maestro_interfaces/msg/detail/current_positions__type_support.cpp
[2.578s] -- Up-to-date: /home/k/Desktop/Zeb05/Zebulon05/ros_packages_full/install/maestro_interfaces/include/maestro_interfaces/maestro_interfaces/msg/detail/current_positions__rosidl_typesupport_introspection_cpp.hpp
[2.580s] -- Up-to-date: /home/k/Desktop/Zeb05/Zebulon05/ros_packages_full/install/maestro_interfaces/lib/libmaestro_interfaces__rosidl_typesupport_introspection_cpp.so
[2.582s] -- Up-to-date: /home/k/Desktop/Zeb05/Zebulon05/ros_packages_full/install/maestro_interfaces/lib/libmaestro_interfaces__rosidl_typesupport_cpp.so
[2.583s] -- Up-to-date: /home/k/Desktop/Zeb05/Zebulon05/ros_packages_full/install/maestro_interfaces/share/maestro_interfaces/environment/pythonpath.sh
[2.584s] -- Up-to-date: /home/k/Desktop/Zeb05/Zebulon05/ros_packages_full/install/maestro_interfaces/share/maestro_interfaces/environment/pythonpath.dsv
[2.584s] -- Up-to-date: /home/k/Desktop/Zeb05/Zebulon05/ros_packages_full/install/maestro_interfaces/local/lib/python3.10/dist-packages/maestro_interfaces-0.0.0-py3.10.egg-info
[2.585s] -- Installing: /home/k/Desktop/Zeb05/Zebulon05/ros_packages_full/install/maestro_interfaces/local/lib/python3.10/dist-packages/maestro_interfaces-0.0.0-py3.10.egg-info/PKG-INFO
[2.587s] -- Installing: /home/k/Desktop/Zeb05/Zebulon05/ros_packages_full/install/maestro_interfaces/local/lib/python3.10/dist-packages/maestro_interfaces-0.0.0-py3.10.egg-info/top_level.txt
[2.588s] -- Installing: /home/k/Desktop/Zeb05/Zebulon05/ros_packages_full/install/maestro_interfaces/local/lib/python3.10/dist-packages/maestro_interfaces-0.0.0-py3.10.egg-info/SOURCES.txt
[2.590s] -- Installing: /home/k/Desktop/Zeb05/Zebulon05/ros_packages_full/install/maestro_interfaces/local/lib/python3.10/dist-packages/maestro_interfaces-0.0.0-py3.10.egg-info/dependency_links.txt
[2.592s] -- Up-to-date: /home/k/Desktop/Zeb05/Zebulon05/ros_packages_full/install/maestro_interfaces/local/lib/python3.10/dist-packages/maestro_interfaces
[2.593s] -- Up-to-date: /home/k/Desktop/Zeb05/Zebulon05/ros_packages_full/install/maestro_interfaces/local/lib/python3.10/dist-packages/maestro_interfaces/maestro_interfaces_s__rosidl_typesupport_fastrtps_c.cpython-310-aarch64-linux-gnu.so
[2.593s] -- Up-to-date: /home/k/Desktop/Zeb05/Zebulon05/ros_packages_full/install/maestro_interfaces/local/lib/python3.10/dist-packages/maestro_interfaces/_maestro_interfaces_s.ep.rosidl_typesupport_introspection_c.c
[2.594s] -- Up-to-date: /home/k/Desktop/Zeb05/Zebulon05/ros_packages_full/install/maestro_interfaces/local/lib/python3.10/dist-packages/maestro_interfaces/_maestro_interfaces_s.ep.rosidl_typesupport_c.c
[2.594s] -- Up-to-date: /home/k/Desktop/Zeb05/Zebulon05/ros_packages_full/install/maestro_interfaces/local/lib/python3.10/dist-packages/maestro_interfaces/msg
[2.594s] -- Up-to-date: /home/k/Desktop/Zeb05/Zebulon05/ros_packages_full/install/maestro_interfaces/local/lib/python3.10/dist-packages/maestro_interfaces/msg/_current_positions_s.c
[2.595s] -- Up-to-date: /home/k/Desktop/Zeb05/Zebulon05/ros_packages_full/install/maestro_interfaces/local/lib/python3.10/dist-packages/maestro_interfaces/msg/_current_positions.py
[2.595s] -- Up-to-date: /home/k/Desktop/Zeb05/Zebulon05/ros_packages_full/install/maestro_interfaces/local/lib/python3.10/dist-packages/maestro_interfaces/msg/__init__.py
[2.596s] -- Up-to-date: /home/k/Desktop/Zeb05/Zebulon05/ros_packages_full/install/maestro_interfaces/local/lib/python3.10/dist-packages/maestro_interfaces/msg/_maestro_target_s.c
[2.596s] -- Up-to-date: /home/k/Desktop/Zeb05/Zebulon05/ros_packages_full/install/maestro_interfaces/local/lib/python3.10/dist-packages/maestro_interfaces/msg/_maestro_target.py
[2.597s] -- Up-to-date: /home/k/Desktop/Zeb05/Zebulon05/ros_packages_full/install/maestro_interfaces/local/lib/python3.10/dist-packages/maestro_interfaces/__init__.py
[2.597s] -- Up-to-date: /home/k/Desktop/Zeb05/Zebulon05/ros_packages_full/install/maestro_interfaces/local/lib/python3.10/dist-packages/maestro_interfaces/maestro_interfaces_s__rosidl_typesupport_c.cpython-310-aarch64-linux-gnu.so
[2.597s] -- Up-to-date: /home/k/Desktop/Zeb05/Zebulon05/ros_packages_full/install/maestro_interfaces/local/lib/python3.10/dist-packages/maestro_interfaces/libmaestro_interfaces__rosidl_generator_py.so
[2.598s] -- Up-to-date: /home/k/Desktop/Zeb05/Zebulon05/ros_packages_full/install/maestro_interfaces/local/lib/python3.10/dist-packages/maestro_interfaces/maestro_interfaces_s__rosidl_typesupport_introspection_c.cpython-310-aarch64-linux-gnu.so
[2.598s] -- Up-to-date: /home/k/Desktop/Zeb05/Zebulon05/ros_packages_full/install/maestro_interfaces/local/lib/python3.10/dist-packages/maestro_interfaces/_maestro_interfaces_s.ep.rosidl_typesupport_fastrtps_c.c
[2.748s] Listing '/home/k/Desktop/Zeb05/Zebulon05/ros_packages_full/install/maestro_interfaces/local/lib/python3.10/dist-packages/maestro_interfaces'...
[2.749s] Listing '/home/k/Desktop/Zeb05/Zebulon05/ros_packages_full/install/maestro_interfaces/local/lib/python3.10/dist-packages/maestro_interfaces/msg'...
[2.772s] -- Up-to-date: /home/k/Desktop/Zeb05/Zebulon05/ros_packages_full/install/maestro_interfaces/local/lib/python3.10/dist-packages/maestro_interfaces/maestro_interfaces_s__rosidl_typesupport_fastrtps_c.cpython-310-aarch64-linux-gnu.so
[2.774s] -- Up-to-date: /home/k/Desktop/Zeb05/Zebulon05/ros_packages_full/install/maestro_interfaces/local/lib/python3.10/dist-packages/maestro_interfaces/maestro_interfaces_s__rosidl_typesupport_introspection_c.cpython-310-aarch64-linux-gnu.so
[2.777s] -- Up-to-date: /home/k/Desktop/Zeb05/Zebulon05/ros_packages_full/install/maestro_interfaces/local/lib/python3.10/dist-packages/maestro_interfaces/maestro_interfaces_s__rosidl_typesupport_c.cpython-310-aarch64-linux-gnu.so
[2.780s] -- Up-to-date: /home/k/Desktop/Zeb05/Zebulon05/ros_packages_full/install/maestro_interfaces/lib/libmaestro_interfaces__rosidl_generator_py.so
[2.781s] -- Up-to-date: /home/k/Desktop/Zeb05/Zebulon05/ros_packages_full/install/maestro_interfaces/share/maestro_interfaces/msg/CurrentPositions.idl
[2.782s] -- Up-to-date: /home/k/Desktop/Zeb05/Zebulon05/ros_packages_full/install/maestro_interfaces/share/maestro_interfaces/msg/MaestroTarget.idl
[2.782s] -- Up-to-date: /home/k/Desktop/Zeb05/Zebulon05/ros_packages_full/install/maestro_interfaces/share/maestro_interfaces/msg/CurrentPositions.msg
[2.783s] -- Up-to-date: /home/k/Desktop/Zeb05/Zebulon05/ros_packages_full/install/maestro_interfaces/share/maestro_interfaces/msg/MaestroTarget.msg
[2.783s] -- Up-to-date: /home/k/Desktop/Zeb05/Zebulon05/ros_packages_full/install/maestro_interfaces/share/ament_index/resource_index/package_run_dependencies/maestro_interfaces
[2.784s] -- Up-to-date: /home/k/Desktop/Zeb05/Zebulon05/ros_packages_full/install/maestro_interfaces/share/ament_index/resource_index/parent_prefix_path/maestro_interfaces
[2.784s] -- Up-to-date: /home/k/Desktop/Zeb05/Zebulon05/ros_packages_full/install/maestro_interfaces/share/maestro_interfaces/environment/ament_prefix_path.sh
[2.785s] -- Up-to-date: /home/k/Desktop/Zeb05/Zebulon05/ros_packages_full/install/maestro_interfaces/share/maestro_interfaces/environment/ament_prefix_path.dsv
[2.785s] -- Up-to-date: /home/k/Desktop/Zeb05/Zebulon05/ros_packages_full/install/maestro_interfaces/share/maestro_interfaces/environment/path.sh
[2.786s] -- Up-to-date: /home/k/Desktop/Zeb05/Zebulon05/ros_packages_full/install/maestro_interfaces/share/maestro_interfaces/environment/path.dsv
[2.786s] -- Up-to-date: /home/k/Desktop/Zeb05/Zebulon05/ros_packages_full/install/maestro_interfaces/share/maestro_interfaces/local_setup.bash
[2.787s] -- Up-to-date: /home/k/Desktop/Zeb05/Zebulon05/ros_packages_full/install/maestro_interfaces/share/maestro_interfaces/local_setup.sh
[2.787s] -- Up-to-date: /home/k/Desktop/Zeb05/Zebulon05/ros_packages_full/install/maestro_interfaces/share/maestro_interfaces/local_setup.zsh
[2.788s] -- Up-to-date: /home/k/Desktop/Zeb05/Zebulon05/ros_packages_full/install/maestro_interfaces/share/maestro_interfaces/local_setup.dsv
[2.788s] -- Installing: /home/k/Desktop/Zeb05/Zebulon05/ros_packages_full/install/maestro_interfaces/share/maestro_interfaces/package.dsv
[2.790s] -- Up-to-date: /home/k/Desktop/Zeb05/Zebulon05/ros_packages_full/install/maestro_interfaces/share/ament_index/resource_index/packages/maestro_interfaces
[2.791s] -- Up-to-date: /home/k/Desktop/Zeb05/Zebulon05/ros_packages_full/install/maestro_interfaces/share/maestro_interfaces/cmake/export_maestro_interfaces__rosidl_generator_cExport.cmake
[2.792s] -- Up-to-date: /home/k/Desktop/Zeb05/Zebulon05/ros_packages_full/install/maestro_interfaces/share/maestro_interfaces/cmake/export_maestro_interfaces__rosidl_generator_cExport-noconfig.cmake
[2.793s] -- Up-to-date: /home/k/Desktop/Zeb05/Zebulon05/ros_packages_full/install/maestro_interfaces/share/maestro_interfaces/cmake/export_maestro_interfaces__rosidl_typesupport_fastrtps_cExport.cmake
[2.794s] -- Up-to-date: /home/k/Desktop/Zeb05/Zebulon05/ros_packages_full/install/maestro_interfaces/share/maestro_interfaces/cmake/export_maestro_interfaces__rosidl_typesupport_fastrtps_cExport-noconfig.cmake
[2.795s] -- Up-to-date: /home/k/Desktop/Zeb05/Zebulon05/ros_packages_full/install/maestro_interfaces/share/maestro_interfaces/cmake/export_maestro_interfaces__rosidl_generator_cppExport.cmake
[2.796s] -- Up-to-date: /home/k/Desktop/Zeb05/Zebulon05/ros_packages_full/install/maestro_interfaces/share/maestro_interfaces/cmake/export_maestro_interfaces__rosidl_typesupport_fastrtps_cppExport.cmake
[2.796s] -- Up-to-date: /home/k/Desktop/Zeb05/Zebulon05/ros_packages_full/install/maestro_interfaces/share/maestro_interfaces/cmake/export_maestro_interfaces__rosidl_typesupport_fastrtps_cppExport-noconfig.cmake
[2.798s] -- Up-to-date: /home/k/Desktop/Zeb05/Zebulon05/ros_packages_full/install/maestro_interfaces/share/maestro_interfaces/cmake/maestro_interfaces__rosidl_typesupport_introspection_cExport.cmake
[2.798s] -- Up-to-date: /home/k/Desktop/Zeb05/Zebulon05/ros_packages_full/install/maestro_interfaces/share/maestro_interfaces/cmake/maestro_interfaces__rosidl_typesupport_introspection_cExport-noconfig.cmake
[2.799s] -- Up-to-date: /home/k/Desktop/Zeb05/Zebulon05/ros_packages_full/install/maestro_interfaces/share/maestro_interfaces/cmake/maestro_interfaces__rosidl_typesupport_cExport.cmake
[2.800s] -- Up-to-date: /home/k/Desktop/Zeb05/Zebulon05/ros_packages_full/install/maestro_interfaces/share/maestro_interfaces/cmake/maestro_interfaces__rosidl_typesupport_cExport-noconfig.cmake
[2.801s] -- Up-to-date: /home/k/Desktop/Zeb05/Zebulon05/ros_packages_full/install/maestro_interfaces/share/maestro_interfaces/cmake/maestro_interfaces__rosidl_typesupport_introspection_cppExport.cmake
[2.802s] -- Up-to-date: /home/k/Desktop/Zeb05/Zebulon05/ros_packages_full/install/maestro_interfaces/share/maestro_interfaces/cmake/maestro_interfaces__rosidl_typesupport_introspection_cppExport-noconfig.cmake
[2.803s] -- Up-to-date: /home/k/Desktop/Zeb05/Zebulon05/ros_packages_full/install/maestro_interfaces/share/maestro_interfaces/cmake/maestro_interfaces__rosidl_typesupport_cppExport.cmake
[2.803s] -- Up-to-date: /home/k/Desktop/Zeb05/Zebulon05/ros_packages_full/install/maestro_interfaces/share/maestro_interfaces/cmake/maestro_interfaces__rosidl_typesupport_cppExport-noconfig.cmake
[2.804s] -- Up-to-date: /home/k/Desktop/Zeb05/Zebulon05/ros_packages_full/install/maestro_interfaces/share/maestro_interfaces/cmake/export_maestro_interfaces__rosidl_generator_pyExport.cmake
[2.805s] -- Up-to-date: /home/k/Desktop/Zeb05/Zebulon05/ros_packages_full/install/maestro_interfaces/share/maestro_interfaces/cmake/export_maestro_interfaces__rosidl_generator_pyExport-noconfig.cmake
[2.806s] -- Up-to-date: /home/k/Desktop/Zeb05/Zebulon05/ros_packages_full/install/maestro_interfaces/share/maestro_interfaces/cmake/rosidl_cmake-extras.cmake
[2.806s] -- Up-to-date: /home/k/Desktop/Zeb05/Zebulon05/ros_packages_full/install/maestro_interfaces/share/maestro_interfaces/cmake/ament_cmake_export_dependencies-extras.cmake
[2.807s] -- Up-to-date: /home/k/Desktop/Zeb05/Zebulon05/ros_packages_full/install/maestro_interfaces/share/maestro_interfaces/cmake/ament_cmake_export_include_directories-extras.cmake
[2.807s] -- Up-to-date: /home/k/Desktop/Zeb05/Zebulon05/ros_packages_full/install/maestro_interfaces/share/maestro_interfaces/cmake/ament_cmake_export_libraries-extras.cmake
[2.808s] -- Up-to-date: /home/k/Desktop/Zeb05/Zebulon05/ros_packages_full/install/maestro_interfaces/share/maestro_interfaces/cmake/ament_cmake_export_targets-extras.cmake
[2.809s] -- Up-to-date: /home/k/Desktop/Zeb05/Zebulon05/ros_packages_full/install/maestro_interfaces/share/maestro_interfaces/cmake/rosidl_cmake_export_typesupport_targets-extras.cmake
[2.810s] -- Up-to-date: /home/k/Desktop/Zeb05/Zebulon05/ros_packages_full/install/maestro_interfaces/share/maestro_interfaces/cmake/rosidl_cmake_export_typesupport_libraries-extras.cmake
[2.810s] -- Up-to-date: /home/k/Desktop/Zeb05/Zebulon05/ros_packages_full/install/maestro_interfaces/share/maestro_interfaces/cmake/maestro_interfacesConfig.cmake
[2.811s] -- Up-to-date: /home/k/Desktop/Zeb05/Zebulon05/ros_packages_full/install/maestro_interfaces/share/maestro_interfaces/cmake/maestro_interfacesConfig-version.cmake
[2.811s] -- Up-to-date: /home/k/Desktop/Zeb05/Zebulon05/ros_packages_full/install/maestro_interfaces/share/maestro_interfaces/package.xml
[2.820s] Invoked command in '/home/k/Desktop/Zeb05/Zebulon05/ros_packages_full/build/maestro_interfaces' returned '0': CMAKE_PREFIX_PATH=/opt/ros/humble /usr/bin/cmake --install /home/k/Desktop/Zeb05/Zebulon05/ros_packages_full/build/maestro_interfaces
